mixbench/alternating (v0.03-1-g3ace732)
------------------------ Device specifications ------------------------
Device:              Tesla K80
CUDA driver version: 10.10
GPU clock rate:      823 MHz
Memory clock rate:   1252 MHz
Memory bus width:    384 bits
WarpSize:            32
L2 cache size:       1536 KB
Total global mem:    11441 MB
ECC enabled:         Yes
Compute Capability:  3.7
Total SPs:           2496 (13 MPs x 192 SPs/MP)
Compute throughput:  4110.91 GFlops (theoretical single precision FMAs)
Memory bandwidth:    240.48 GB/sec
-----------------------------------------------------------------------
Total GPU memory 11996954624, free 11926437888
Buffer size:          64MB
Trade-off type:       compute with global memory (block strided)
Warning:              Half precision computations are not supported
----------------------------------------------------------------------------- CSV data -----------------------------------------------------------------------------
Experiment ID, Single Precision ops,,,,              Double precision ops,,,,              Half precision ops,,,,                Integer operations,,, 
Compute iters, Flops/byte, ex.time,  GFLOPS, GB/sec, Flops/byte, ex.time,  GFLOPS, GB/sec, Flops/byte, ex.time,  GFLOPS, GB/sec, Iops/byte, ex.time,   GIOPS, GB/sec
            0,      0.000,   66.92,    0.00, 128.36,      0.000,  133.47,    0.00, 128.72,      0.000,    0.00,    -nan,    inf,     0.000,   57.83,    0.00, 148.55
            1,      0.129,   55.28,   19.43, 150.54,      0.065,  113.98,    9.42, 146.02,      0.258,    0.00,     inf,    inf,     0.129,   52.46,   20.47, 158.62
            2,      0.267,   51.03,   42.08, 157.82,      0.133,  110.41,   19.45, 145.88,      0.533,    0.00,     inf,    inf,     0.267,   51.26,   41.89, 157.09
            3,      0.414,   49.20,   65.47, 158.22,      0.207,  107.53,   29.96, 144.79,      0.828,    0.00,     inf,    inf,     0.414,   49.42,   65.19, 157.53
            4,      0.571,   48.00,   89.48, 156.59,      0.286,  103.89,   41.34, 144.69,      1.143,    0.00,     inf,    inf,     0.571,   48.27,   88.99, 155.73
            5,      0.741,   45.07,  119.13, 160.82,      0.370,  100.22,   53.57, 144.63,      1.481,    0.00,     inf,    inf,     0.741,   45.36,  118.35, 159.77
            6,      0.923,   43.32,  148.71, 161.11,      0.462,   96.28,   66.91, 144.98,      1.846,    0.00,     inf,    inf,     0.923,   43.59,  147.81, 160.13
            7,      1.120,   39.84,  188.65, 168.44,      0.560,   92.62,   81.15, 144.91,      2.240,    0.00,     inf,    inf,     1.120,   40.22,  186.89, 166.86
            8,      1.333,   38.66,  222.20, 166.65,      0.667,   88.78,   96.76, 145.14,      2.667,    0.00,     inf,    inf,     1.333,   39.18,  219.26, 164.44
            9,      1.565,   35.21,  274.47, 175.35,      0.783,   85.26,  113.34, 144.82,      3.130,    0.00,     inf,    inf,     1.565,   36.27,  266.47, 170.25
           10,      1.818,   34.43,  311.87, 171.53,      0.909,   81.15,  132.32, 145.56,      3.636,    0.00,     inf,    inf,     1.818,   35.01,  306.69, 168.68
           11,      2.095,   29.28,  403.40, 192.53,      1.048,   77.67,  152.07, 145.16,      4.190,    0.00,     inf,    inf,     2.095,   19.06,  619.73, 295.78
           12,      2.400,   28.73,  448.42, 186.84,      1.200,   73.50,  175.30, 146.08,      4.800,    0.00,     inf,    inf,     2.400,   20.21,  637.42, 265.59
           13,      2.737,   23.56,  592.44, 216.47,      1.368,   69.92,  199.63, 145.88,      5.474,    0.00,     inf,    inf,     2.737,   21.64,  645.03, 235.68
           14,      3.111,   22.38,  671.62, 215.88,      1.556,   65.77,  228.54, 146.92,      6.222,    0.00,     inf,    inf,     3.111,   23.05,  652.23, 209.64
           15,      3.529,   18.46,  872.60, 247.24,      1.765,   61.61,  261.44, 148.15,      7.059,    0.00,     inf,    inf,     3.529,   24.80,  649.42, 184.00
           16,      4.000,   28.02,  613.04, 153.26,      2.000,   59.37,  289.35, 144.68,      8.000,    0.00,     inf,    inf,     4.000,   26.50,  648.22, 162.06
           17,      4.533,   25.58,  713.65, 157.42,      2.267,   54.61,  334.23, 147.45,      9.067,    0.00,     inf,    inf,     4.533,   27.44,  665.13, 146.72
           18,      5.143,   24.30,  795.23, 154.63,      2.571,   52.08,  371.08, 144.31,     10.286,    0.00,     inf,    inf,     5.143,   29.56,  653.83, 127.13
           19,      5.846,   21.21,  961.71, 164.50,      2.923,   47.16,  432.56, 147.98,     11.692,    0.00,     inf,    inf,     5.846,   31.13,  655.32, 112.09
           20,      6.667,   19.77, 1085.98, 162.90,      3.333,   44.73,  480.05, 144.01,     13.333,    0.00,     inf,    inf,     6.667,   32.42,  662.41,  99.36
           21,      7.636,   17.12, 1317.00, 172.46,      3.818,   39.63,  569.02, 149.03,     15.273,    0.00,     inf,    inf,     7.636,   33.73,  668.46,  87.54
           22,      8.800,   17.69, 1335.18, 151.73,      4.400,   37.60,  628.32, 142.80,     17.600,    0.00,     inf,    inf,     8.800,   35.37,  667.85,  75.89
           23,     10.222,   14.50, 1703.38, 166.63,      5.111,   32.35,  763.43, 149.37,     20.444,    0.00,     inf,    inf,    10.222,   37.48,  658.87,  64.45
           24,     12.000,   14.39, 1791.22, 149.27,      6.000,   30.19,  853.57, 142.26,     24.000,    0.00,     inf,    inf,    12.000,   39.01,  660.64,  55.05
           25,     14.286,   11.57, 2320.29, 162.42,      7.143,   24.42, 1099.10, 153.87,     28.571,    0.00,     inf,    inf,    14.286,   38.91,  689.85,  48.29
           26,     17.333,   10.97, 2545.34, 146.85,      8.667,   22.73, 1228.25, 141.72,     34.667,    0.00,     inf,    inf,    17.333,   41.82,  667.56,  38.51
           27,     21.600,    9.36, 3095.73, 143.32,     10.800,   23.16, 1252.03, 115.93,     43.200,    0.00,     inf,    inf,    21.600,   42.34,  684.77,  31.70
           28,     28.000,    9.44, 3185.28, 113.76,     14.000,   23.47, 1280.93,  91.49,     56.000,    0.00,     inf,    inf,    28.000,   44.71,  672.47,  24.02
           29,     38.667,   10.02, 3109.06,  80.41,     19.333,   23.68, 1315.24,  68.03,     77.333,    0.00,     inf,    inf,    38.667,   45.02,  691.67,  17.89
           30,     60.000,    9.32, 3456.61,  57.61,     30.000,   23.80, 1353.66,  45.12,    120.000,    0.00,     inf,    inf,    60.000,   47.43,  679.12,  11.32
           31,    124.000,    9.64, 3451.40,  27.83,     62.000,   24.19, 1375.98,  22.19,    248.000,    0.00,     inf,    inf,   124.000,   48.14,  691.42,   5.58
           32,        inf,    9.42, 3646.74,   0.00,        inf,   24.74, 1388.56,   0.00,        inf,    0.00,     inf,   -nan,       inf,   49.09,  699.93,   0.00
--------------------------------------------------------------------------------------------------------------------------------------------------------------------
mixbench/alternating (v0.03-1-g3ace732)
------------------------ Device specifications ------------------------
Device:              Tesla K80
CUDA driver version: 10.10
GPU clock rate:      823 MHz
Memory clock rate:   1252 MHz
Memory bus width:    384 bits
WarpSize:            32
L2 cache size:       1536 KB
Total global mem:    11441 MB
ECC enabled:         Yes
Compute Capability:  3.7
Total SPs:           2496 (13 MPs x 192 SPs/MP)
Compute throughput:  4110.91 GFlops (theoretical single precision FMAs)
Memory bandwidth:    240.48 GB/sec
-----------------------------------------------------------------------
Total GPU memory 11996954624, free 11926437888
Buffer size:          64MB
Trade-off type:       compute with global memory (block strided)
Warning:              Half precision computations are not supported
----------------------------------------------------------------------------- CSV data -----------------------------------------------------------------------------
Experiment ID, Single Precision ops,,,,              Double precision ops,,,,              Half precision ops,,,,                Integer operations,,, 
Compute iters, Flops/byte, ex.time,  GFLOPS, GB/sec, Flops/byte, ex.time,  GFLOPS, GB/sec, Flops/byte, ex.time,  GFLOPS, GB/sec, Iops/byte, ex.time,   GIOPS, GB/sec
            0,      0.000,   56.16,    0.00, 152.96,      0.000,  118.90,    0.00, 144.50,      0.000,    0.00,    -nan,    inf,     0.000,   55.41,    0.00, 155.02
            1,      0.129,   53.85,   19.94, 154.53,      0.065,  115.16,    9.32, 144.52,      0.258,    0.00,     inf,    inf,     0.129,   53.78,   19.96, 154.73
            2,      0.267,   51.97,   41.32, 154.96,      0.133,  111.52,   19.26, 144.42,      0.533,    0.00,     inf,    inf,     0.267,   51.87,   41.40, 155.26
            3,      0.414,   49.14,   65.55, 158.40,      0.207,  107.74,   29.90, 144.50,      0.828,    0.00,     inf,    inf,     0.414,   49.54,   65.03, 157.14
            4,      0.571,   48.20,   89.11, 155.94,      0.286,  104.04,   41.28, 144.48,      1.143,    0.00,     inf,    inf,     0.571,   48.23,   89.05, 155.84
            5,      0.741,   45.06,  119.16, 160.86,      0.370,  100.60,   53.37, 144.09,      1.481,    0.00,     inf,    inf,     0.741,   45.39,  118.28, 159.67
            6,      0.923,   43.42,  148.37, 160.73,      0.462,   95.66,   67.35, 145.93,      1.846,    0.00,     inf,    inf,     0.923,   43.70,  147.41, 159.70
            7,      1.120,   39.98,  188.01, 167.86,      0.560,   92.72,   81.07, 144.76,      2.240,    0.00,     inf,    inf,     1.120,   40.01,  187.86, 167.73
            8,      1.333,   38.72,  221.87, 166.40,      0.667,   88.42,   97.15, 145.73,      2.667,    0.00,     inf,    inf,     1.333,   39.18,  219.22, 164.42
            9,      1.565,   35.29,  273.83, 174.95,      0.783,   85.12,  113.53, 145.07,      3.130,    0.00,     inf,    inf,     1.565,   36.15,  267.32, 170.79
           10,      1.818,   34.48,  311.44, 171.29,      0.909,   80.60,  133.22, 146.54,      3.636,    0.00,     inf,    inf,     1.818,   35.02,  306.64, 168.65
           11,      2.095,   29.24,  403.88, 192.76,      1.048,   77.34,  152.72, 145.78,      4.190,    0.00,     inf,    inf,     2.095,   19.05,  620.08, 295.95
           12,      2.400,   28.80,  447.46, 186.44,      1.200,   73.66,  174.93, 145.77,      4.800,    0.00,     inf,    inf,     2.400,   20.22,  637.28, 265.53
           13,      2.737,   23.46,  594.89, 217.37,      1.368,   69.90,  199.70, 145.93,      5.474,    0.00,     inf,    inf,     2.737,   21.61,  645.79, 235.96
           14,      3.111,   22.36,  672.33, 216.11,      1.556,   66.13,  227.31, 146.13,      6.222,    0.00,     inf,    inf,     3.111,   23.10,  650.69, 209.15
           15,      3.529,   18.54,  868.88, 246.18,      1.765,   61.97,  259.92, 147.29,      7.059,    0.00,     inf,    inf,     3.529,   24.98,  644.66, 182.65
           16,      4.000,   28.04,  612.65, 153.16,      2.000,   59.49,  288.80, 144.40,      8.000,    0.00,     inf,    inf,     4.000,   26.54,  647.35, 161.84
           17,      4.533,   25.61,  712.71, 157.22,      2.267,   54.66,  333.92, 147.32,      9.067,    0.00,     inf,    inf,     4.533,   27.47,  664.38, 146.55
           18,      5.143,   24.25,  796.91, 154.95,      2.571,   52.11,  370.92, 144.25,     10.286,    0.00,     inf,    inf,     5.143,   29.58,  653.41, 127.05
           19,      5.846,   21.26,  959.81, 164.18,      2.923,   47.24,  431.87, 147.74,     11.692,    0.00,     inf,    inf,     5.846,   31.09,  656.10, 112.23
           20,      6.667,   19.69, 1090.75, 163.61,      3.333,   44.78,  479.53, 143.86,     13.333,    0.00,     inf,    inf,     6.667,   32.46,  661.65,  99.25
           21,      7.636,   17.14, 1315.47, 172.26,      3.818,   39.62,  569.14, 149.06,     15.273,    0.00,     inf,    inf,     7.636,   33.90,  665.21,  87.11
           22,      8.800,   17.70, 1334.50, 151.65,      4.400,   37.48,  630.30, 143.25,     17.600,    0.00,     inf,    inf,     8.800,   35.41,  667.14,  75.81
           23,     10.222,   14.63, 1687.85, 165.12,      5.111,   32.29,  764.93, 149.66,     20.444,    0.00,     inf,    inf,    10.222,   37.50,  658.62,  64.43
           24,     12.000,   14.34, 1796.66, 149.72,      6.000,   29.99,  859.33, 143.22,     24.000,    0.00,     inf,    inf,    12.000,   38.88,  662.86,  55.24
           25,     14.286,   11.54, 2326.78, 162.87,      7.143,   24.68, 1087.60, 152.26,     28.571,    0.00,     inf,    inf,    14.286,   38.92,  689.67,  48.28
           26,     17.333,   10.89, 2563.45, 147.89,      8.667,   22.52, 1239.64, 143.04,     34.667,    0.00,     inf,    inf,    17.333,   41.69,  669.59,  38.63
           27,     21.600,    9.33, 3105.78, 143.79,     10.800,   23.12, 1254.19, 116.13,     43.200,    0.00,     inf,    inf,    21.600,   42.50,  682.18,  31.58
           28,     28.000,    9.42, 3192.80, 114.03,     14.000,   23.48, 1280.51,  91.47,     56.000,    0.00,     inf,    inf,    28.000,   44.74,  671.95,  24.00
           29,     38.667,   10.00, 3113.67,  80.53,     19.333,   23.88, 1304.19,  67.46,     77.333,    0.00,     inf,    inf,    38.667,   45.02,  691.71,  17.89
           30,     60.000,    9.34, 3448.14,  57.47,     30.000,   23.80, 1353.18,  45.11,    120.000,    0.00,     inf,    inf,    60.000,   47.45,  678.89,  11.31
           31,    124.000,    9.64, 3454.67,  27.86,     62.000,   24.18, 1376.69,  22.20,    248.000,    0.00,     inf,    inf,   124.000,   48.14,  691.42,   5.58
           32,        inf,    9.42, 3646.35,   0.00,        inf,   24.75, 1388.06,   0.00,        inf,    0.00,     inf,   -nan,       inf,   49.04,  700.62,   0.00
--------------------------------------------------------------------------------------------------------------------------------------------------------------------
mixbench/alternating (v0.03-1-g3ace732)
------------------------ Device specifications ------------------------
Device:              Tesla K80
CUDA driver version: 10.10
GPU clock rate:      823 MHz
Memory clock rate:   1252 MHz
Memory bus width:    384 bits
WarpSize:            32
L2 cache size:       1536 KB
Total global mem:    11441 MB
ECC enabled:         Yes
Compute Capability:  3.7
Total SPs:           2496 (13 MPs x 192 SPs/MP)
Compute throughput:  4110.91 GFlops (theoretical single precision FMAs)
Memory bandwidth:    240.48 GB/sec
-----------------------------------------------------------------------
Total GPU memory 11996954624, free 11926437888
Buffer size:          64MB
Trade-off type:       compute with global memory (block strided)
Warning:              Half precision computations are not supported
----------------------------------------------------------------------------- CSV data -----------------------------------------------------------------------------
Experiment ID, Single Precision ops,,,,              Double precision ops,,,,              Half precision ops,,,,                Integer operations,,, 
Compute iters, Flops/byte, ex.time,  GFLOPS, GB/sec, Flops/byte, ex.time,  GFLOPS, GB/sec, Flops/byte, ex.time,  GFLOPS, GB/sec, Iops/byte, ex.time,   GIOPS, GB/sec
            0,      0.000,   56.14,    0.00, 153.00,      0.000,  118.83,    0.00, 144.58,      0.000,    0.00,    -nan,    inf,     0.000,   55.57,    0.00, 154.57
            1,      0.129,   53.56,   20.05, 155.36,      0.065,  115.39,    9.31, 144.23,      0.258,    0.00,     inf,    inf,     0.129,   53.32,   20.14, 156.08
            2,      0.267,   51.92,   41.36, 155.10,      0.133,  111.26,   19.30, 144.77,      0.533,    0.00,     inf,    inf,     0.267,   51.80,   41.46, 155.47
            3,      0.414,   49.34,   65.29, 157.79,      0.207,  107.65,   29.92, 144.63,      0.828,    0.00,     inf,    inf,     0.414,   49.56,   64.99, 157.06
            4,      0.571,   48.05,   89.38, 156.41,      0.286,  104.02,   41.29, 144.52,      1.143,    0.00,     inf,    inf,     0.571,   48.15,   89.20, 156.10
            5,      0.741,   44.77,  119.92, 161.89,      0.370,  100.56,   53.39, 144.15,      1.481,    0.00,     inf,    inf,     0.741,   45.43,  118.18, 159.54
            6,      0.923,   43.17,  149.25, 161.69,      0.462,   96.38,   66.84, 144.82,      1.846,    0.00,     inf,    inf,     0.923,   43.70,  147.43, 159.72
            7,      1.120,   39.79,  188.88, 168.65,      0.560,   92.72,   81.07, 144.76,      2.240,    0.00,     inf,    inf,     1.120,   40.30,  186.49, 166.51
            8,      1.333,   38.76,  221.63, 166.23,      0.667,   88.62,   96.94, 145.40,      2.667,    0.00,     inf,    inf,     1.333,   39.04,  220.04, 165.03
            9,      1.565,   35.20,  274.51, 175.38,      0.783,   85.49,  113.04, 144.44,      3.130,    0.00,     inf,    inf,     1.565,   36.09,  267.78, 171.08
           10,      1.818,   34.26,  313.38, 172.36,      0.909,   81.23,  132.18, 145.40,      3.636,    0.00,     inf,    inf,     1.818,   35.03,  306.56, 168.61
           11,      2.095,   29.18,  404.77, 193.19,      1.048,   77.72,  151.98, 145.07,      4.190,    0.00,     inf,    inf,     2.095,   20.45,  577.65, 275.70
           12,      2.400,   28.74,  448.31, 186.80,      1.200,   73.73,  174.75, 145.63,      4.800,    0.00,     inf,    inf,     2.400,   20.22,  637.20, 265.50
           13,      2.737,   23.53,  593.19, 216.74,      1.368,   69.90,  199.69, 145.93,      5.474,    0.00,     inf,    inf,     2.737,   21.50,  649.19, 237.21
           14,      3.111,   22.27,  674.92, 216.94,      1.556,   65.72,  228.75, 147.05,      6.222,    0.00,     inf,    inf,     3.111,   22.98,  654.26, 210.30
           15,      3.529,   18.47,  872.22, 247.13,      1.765,   61.76,  260.79, 147.78,      7.059,    0.00,     inf,    inf,     3.529,   25.08,  642.31, 181.99
           16,      4.000,   28.10,  611.48, 152.87,      2.000,   59.48,  288.83, 144.41,      8.000,    0.00,     inf,    inf,     4.000,   26.51,  647.99, 162.00
           17,      4.533,   25.58,  713.52, 157.39,      2.267,   54.62,  334.21, 147.45,      9.067,    0.00,     inf,    inf,     4.533,   27.44,  665.12, 146.72
           18,      5.143,   24.26,  796.54, 154.88,      2.571,   52.00,  371.68, 144.54,     10.286,    0.00,     inf,    inf,     5.143,   29.86,  647.22, 125.85
           19,      5.846,   21.19,  962.92, 164.71,      2.923,   47.13,  432.84, 148.08,     11.692,    0.00,     inf,    inf,     5.846,   31.20,  653.91, 111.85
           20,      6.667,   19.72, 1088.81, 163.32,      3.333,   44.77,  479.64, 143.89,     13.333,    0.00,     inf,    inf,     6.667,   32.43,  662.15,  99.32
           21,      7.636,   17.10, 1318.75, 172.69,      3.818,   39.44,  571.73, 149.74,     15.273,    0.00,     inf,    inf,     7.636,   33.95,  664.08,  86.96
           22,      8.800,   17.71, 1334.07, 151.60,      4.400,   37.52,  629.54, 143.08,     17.600,    0.00,     inf,    inf,     8.800,   35.27,  669.72,  76.10
           23,     10.222,   14.70, 1680.30, 164.38,      5.111,   32.09,  769.65, 150.58,     20.444,    0.00,     inf,    inf,    10.222,   37.77,  653.88,  63.97
           24,     12.000,   14.36, 1794.08, 149.51,      6.000,   30.06,  857.31, 142.89,     24.000,    0.00,     inf,    inf,    12.000,   38.89,  662.63,  55.22
           25,     14.286,   11.67, 2299.41, 160.96,      7.143,   24.47, 1097.01, 153.58,     28.571,    0.00,     inf,    inf,    14.286,   38.93,  689.52,  48.27
           26,     17.333,   10.85, 2574.08, 148.50,      8.667,   22.56, 1237.36, 142.77,     34.667,    0.00,     inf,    inf,    17.333,   42.00,  664.77,  38.35
           27,     21.600,    9.36, 3096.78, 143.37,     10.800,   23.18, 1250.51, 115.79,     43.200,    0.00,     inf,    inf,    21.600,   42.61,  680.43,  31.50
           28,     28.000,    9.45, 3180.56, 113.59,     14.000,   23.50, 1279.56,  91.40,     56.000,    0.00,     inf,    inf,    28.000,   44.58,  674.41,  24.09
           29,     38.667,    9.91, 3141.35,  81.24,     19.333,   23.68, 1314.79,  68.01,     77.333,    0.00,     inf,    inf,    38.667,   45.04,  691.35,  17.88
           30,     60.000,    9.33, 3452.22,  57.54,     30.000,   23.81, 1352.62,  45.09,    120.000,    0.00,     inf,    inf,    60.000,   47.57,  677.18,  11.29
           31,    124.000,    9.67, 3443.23,  27.77,     62.000,   24.20, 1375.29,  22.18,    248.000,    0.00,     inf,    inf,   124.000,   48.22,  690.33,   5.57
           32,        inf,    9.42, 3646.97,   0.00,        inf,   24.81, 1384.89,   0.00,        inf,    0.00,     inf,   -nan,       inf,   49.16,  698.96,   0.00
--------------------------------------------------------------------------------------------------------------------------------------------------------------------
mixbench/alternating (v0.03-1-g3ace732)
------------------------ Device specifications ------------------------
Device:              Tesla K80
CUDA driver version: 10.10
GPU clock rate:      823 MHz
Memory clock rate:   1252 MHz
Memory bus width:    384 bits
WarpSize:            32
L2 cache size:       1536 KB
Total global mem:    11441 MB
ECC enabled:         Yes
Compute Capability:  3.7
Total SPs:           2496 (13 MPs x 192 SPs/MP)
Compute throughput:  4110.91 GFlops (theoretical single precision FMAs)
Memory bandwidth:    240.48 GB/sec
-----------------------------------------------------------------------
Total GPU memory 11996954624, free 11926437888
Buffer size:          64MB
Trade-off type:       compute with global memory (block strided)
Warning:              Half precision computations are not supported
----------------------------------------------------------------------------- CSV data -----------------------------------------------------------------------------
Experiment ID, Single Precision ops,,,,              Double precision ops,,,,              Half precision ops,,,,                Integer operations,,, 
Compute iters, Flops/byte, ex.time,  GFLOPS, GB/sec, Flops/byte, ex.time,  GFLOPS, GB/sec, Flops/byte, ex.time,  GFLOPS, GB/sec, Iops/byte, ex.time,   GIOPS, GB/sec
            0,      0.000,   57.29,    0.00, 149.95,      0.000,  118.95,    0.00, 144.43,      0.000,    0.00,    -nan,    inf,     0.000,   55.40,    0.00, 155.05
            1,      0.129,   53.34,   20.13, 156.00,      0.065,  115.17,    9.32, 144.50,      0.258,    0.00,     inf,    inf,     0.129,   53.64,   20.02, 155.14
            2,      0.267,   51.97,   41.32, 154.96,      0.133,  111.27,   19.30, 144.74,      0.533,    0.00,     inf,    inf,     0.267,   51.90,   41.38, 155.17
            3,      0.414,   49.47,   65.11, 157.35,      0.207,  107.97,   29.84, 144.21,      0.828,    0.00,     inf,    inf,     0.414,   49.50,   65.08, 157.27
            4,      0.571,   48.01,   89.46, 156.55,      0.286,  103.99,   41.30, 144.56,      1.143,    0.00,     inf,    inf,     0.571,   48.24,   89.03, 155.81
            5,      0.741,   44.99,  119.33, 161.10,      0.370,  100.56,   53.39, 144.14,      1.481,    0.00,     inf,    inf,     0.741,   45.47,  118.07, 159.39
            6,      0.923,   43.52,  148.03, 160.37,      0.462,   96.41,   66.82, 144.78,      1.846,    0.00,     inf,    inf,     0.923,   43.73,  147.32, 159.60
            7,      1.120,   39.89,  188.43, 168.24,      0.560,   92.81,   80.99, 144.62,      2.240,    0.00,     inf,    inf,     1.120,   40.23,  186.82, 166.80
            8,      1.333,   38.59,  222.59, 166.95,      0.667,   88.20,   97.39, 146.09,      2.667,    0.00,     inf,    inf,     1.333,   39.07,  219.88, 164.91
            9,      1.565,   35.35,  273.41, 174.68,      0.783,   85.39,  113.17, 144.60,      3.130,    0.00,     inf,    inf,     1.565,   36.25,  266.55, 170.30
           10,      1.818,   34.43,  311.86, 171.53,      0.909,   81.38,  131.95, 145.14,      3.636,    0.00,     inf,    inf,     1.818,   35.04,  306.41, 168.53
           11,      2.095,   29.27,  403.51, 192.59,      1.048,   77.83,  151.75, 144.85,      4.190,    0.00,     inf,    inf,     2.095,   19.06,  619.67, 295.75
           12,      2.400,   28.75,  448.23, 186.76,      1.200,   73.54,  175.20, 146.00,      4.800,    0.00,     inf,    inf,     2.400,   20.20,  637.80, 265.75
           13,      2.737,   23.44,  595.40, 217.55,      1.368,   69.90,  199.70, 145.93,      5.474,    0.00,     inf,    inf,     2.737,   21.64,  645.02, 235.68
           14,      3.111,   22.40,  671.09, 215.71,      1.556,   66.09,  227.45, 146.22,      6.222,    0.00,     inf,    inf,     3.111,   23.08,  651.36, 209.36
           15,      3.529,   18.48,  871.68, 246.98,      1.765,   61.72,  260.94, 147.86,      7.059,    0.00,     inf,    inf,     3.529,   25.01,  643.90, 182.44
           16,      4.000,   28.01,  613.38, 153.35,      2.000,   59.49,  288.78, 144.39,      8.000,    0.00,     inf,    inf,     4.000,   26.56,  646.76, 161.69
           17,      4.533,   25.65,  711.52, 156.95,      2.267,   54.70,  333.68, 147.21,      9.067,    0.00,     inf,    inf,     4.533,   27.51,  663.64, 146.39
           18,      5.143,   24.27,  796.43, 154.86,      2.571,   51.91,  372.30, 144.78,     10.286,    0.00,     inf,    inf,     5.143,   29.53,  654.40, 127.25
           19,      5.846,   21.20,  962.21, 164.59,      2.923,   47.15,  432.68, 148.02,     11.692,    0.00,     inf,    inf,     5.846,   31.10,  655.96, 112.20
           20,      6.667,   19.75, 1087.18, 163.08,      3.333,   44.73,  480.06, 144.02,     13.333,    0.00,     inf,    inf,     6.667,   32.42,  662.31,  99.35
           21,      7.636,   17.02, 1325.05, 173.52,      3.818,   39.56,  569.96, 149.27,     15.273,    0.00,     inf,    inf,     7.636,   33.96,  663.90,  86.94
           22,      8.800,   17.67, 1337.07, 151.94,      4.400,   37.59,  628.39, 142.82,     17.600,    0.00,     inf,    inf,     8.800,   35.26,  669.90,  76.13
           23,     10.222,   14.60, 1691.39, 165.46,      5.111,   32.04,  770.73, 150.79,     20.444,    0.00,     inf,    inf,    10.222,   37.43,  659.73,  64.54
           24,     12.000,   14.38, 1792.07, 149.34,      6.000,   30.16,  854.41, 142.40,     24.000,    0.00,     inf,    inf,    12.000,   39.19,  657.64,  54.80
           25,     14.286,   11.65, 2304.63, 161.32,      7.143,   24.45, 1098.09, 153.73,     28.571,    0.00,     inf,    inf,    14.286,   39.20,  684.71,  47.93
           26,     17.333,   10.90, 2560.33, 147.71,      8.667,   22.73, 1228.19, 141.71,     34.667,    0.00,     inf,    inf,    17.333,   41.72,  669.09,  38.60
           27,     21.600,    9.34, 3105.08, 143.75,     10.800,   23.14, 1252.58, 115.98,     43.200,    0.00,     inf,    inf,    21.600,   42.87,  676.25,  31.31
           28,     28.000,    9.42, 3192.10, 114.00,     14.000,   23.49, 1279.73,  91.41,     56.000,    0.00,     inf,    inf,    28.000,   44.58,  674.44,  24.09
           29,     38.667,    9.90, 3145.51,  81.35,     19.333,   23.67, 1315.52,  68.04,     77.333,    0.00,     inf,    inf,    38.667,   45.29,  687.56,  17.78
           30,     60.000,    9.34, 3447.18,  57.45,     30.000,   23.80, 1353.48,  45.12,    120.000,    0.00,     inf,    inf,    60.000,   47.34,  680.47,  11.34
           31,    124.000,    9.75, 3415.27,  27.54,     62.000,   24.19, 1375.77,  22.19,    248.000,    0.00,     inf,    inf,   124.000,   48.25,  689.80,   5.56
           32,        inf,    9.31, 3691.69,   0.00,        inf,   24.99, 1375.10,   0.00,        inf,    0.00,     inf,   -nan,       inf,   49.19,  698.55,   0.00
--------------------------------------------------------------------------------------------------------------------------------------------------------------------
mixbench/alternating (v0.03-1-g3ace732)
------------------------ Device specifications ------------------------
Device:              Tesla K80
CUDA driver version: 10.10
GPU clock rate:      823 MHz
Memory clock rate:   1252 MHz
Memory bus width:    384 bits
WarpSize:            32
L2 cache size:       1536 KB
Total global mem:    11441 MB
ECC enabled:         Yes
Compute Capability:  3.7
Total SPs:           2496 (13 MPs x 192 SPs/MP)
Compute throughput:  4110.91 GFlops (theoretical single precision FMAs)
Memory bandwidth:    240.48 GB/sec
-----------------------------------------------------------------------
Total GPU memory 11996954624, free 11926437888
Buffer size:          64MB
Trade-off type:       compute with global memory (block strided)
Warning:              Half precision computations are not supported
----------------------------------------------------------------------------- CSV data -----------------------------------------------------------------------------
Experiment ID, Single Precision ops,,,,              Double precision ops,,,,              Half precision ops,,,,                Integer operations,,, 
Compute iters, Flops/byte, ex.time,  GFLOPS, GB/sec, Flops/byte, ex.time,  GFLOPS, GB/sec, Flops/byte, ex.time,  GFLOPS, GB/sec, Iops/byte, ex.time,   GIOPS, GB/sec
            0,      0.000,   56.35,    0.00, 152.45,      0.000,  119.03,    0.00, 144.33,      0.000,    0.00,    -nan,    inf,     0.000,   55.57,    0.00, 154.58
            1,      0.129,   53.55,   20.05, 155.40,      0.065,  115.27,    9.31, 144.38,      0.258,    0.00,     inf,    inf,     0.129,   53.55,   20.05, 155.40
            2,      0.267,   51.74,   41.50, 155.64,      0.133,  111.41,   19.28, 144.56,      0.533,    0.00,     inf,    inf,     0.267,   51.91,   41.37, 155.13
            3,      0.414,   49.42,   65.18, 157.52,      0.207,  107.30,   30.02, 145.11,      0.828,    0.00,     inf,    inf,     0.414,   49.52,   65.05, 157.19
            4,      0.571,   48.15,   89.19, 156.09,      0.286,  103.95,   41.32, 144.61,      1.143,    0.00,     inf,    inf,     0.571,   48.24,   89.03, 155.80
            5,      0.741,   44.74,  120.00, 162.00,      0.370,   99.99,   53.69, 144.97,      1.481,    0.00,     inf,    inf,     0.741,   45.46,  118.09, 159.42
            6,      0.923,   43.42,  148.39, 160.76,      0.462,   96.57,   66.72, 144.55,      1.846,    0.00,     inf,    inf,     0.923,   43.73,  147.34, 159.61
            7,      1.120,   39.94,  188.18, 168.02,      0.560,   92.64,   81.14, 144.88,      2.240,    0.00,     inf,    inf,     1.120,   40.27,  186.62, 166.63
            8,      1.333,   38.56,  222.75, 167.06,      0.667,   88.50,   97.06, 145.59,      2.667,    0.00,     inf,    inf,     1.333,   39.09,  219.74, 164.80
            9,      1.565,   35.15,  274.90, 175.63,      0.783,   85.51,  113.01, 144.40,      3.130,    0.00,     inf,    inf,     1.565,   36.13,  267.50, 170.90
           10,      1.818,   34.43,  311.90, 171.55,      0.909,   80.71,  133.03, 146.33,      3.636,    0.00,     inf,    inf,     1.818,   35.09,  306.01, 168.30
           11,      2.095,   29.27,  403.56, 192.61,      1.048,   77.63,  152.14, 145.23,      4.190,    0.00,     inf,    inf,     2.095,   19.05,  620.06, 295.94
           12,      2.400,   28.71,  448.78, 186.99,      1.200,   73.54,  175.22, 146.01,      4.800,    0.00,     inf,    inf,     2.400,   20.27,  635.52, 264.80
           13,      2.737,   23.44,  595.52, 217.59,      1.368,   70.05,  199.27, 145.62,      5.474,    0.00,     inf,    inf,     2.737,   21.64,  644.96, 235.66
           14,      3.111,   22.41,  670.82, 215.62,      1.556,   65.79,  228.49, 146.88,      6.222,    0.00,     inf,    inf,     3.111,   23.08,  651.20, 209.32
           15,      3.529,   18.52,  869.81, 246.45,      1.765,   61.64,  261.30, 148.07,      7.059,    0.00,     inf,    inf,     3.529,   25.07,  642.37, 182.00
           16,      4.000,   27.93,  615.17, 153.79,      2.000,   59.39,  289.27, 144.64,      8.000,    0.00,     inf,    inf,     4.000,   26.54,  647.22, 161.81
           17,      4.533,   25.57,  713.93, 157.48,      2.267,   54.63,  334.16, 147.42,      9.067,    0.00,     inf,    inf,     4.533,   27.51,  663.57, 146.38
           18,      5.143,   24.39,  792.51, 154.10,      2.571,   52.04,  371.39, 144.43,     10.286,    0.00,     inf,    inf,     5.143,   29.61,  652.65, 126.90
           19,      5.846,   21.10,  966.79, 165.37,      2.923,   47.08,  433.35, 148.25,     11.692,    0.00,     inf,    inf,     5.846,   31.09,  656.14, 112.23
           20,      6.667,   19.65, 1093.01, 163.95,      3.333,   45.01,  477.15, 143.14,     13.333,    0.00,     inf,    inf,     6.667,   32.51,  660.62,  99.09
           21,      7.636,   17.15, 1314.81, 172.18,      3.818,   39.68,  568.22, 148.82,     15.273,    0.00,     inf,    inf,     7.636,   33.77,  667.79,  87.45
           22,      8.800,   17.68, 1336.34, 151.86,      4.400,   37.51,  629.78, 143.13,     17.600,    0.00,     inf,    inf,     8.800,   35.27,  669.74,  76.11
           23,     10.222,   14.63, 1688.34, 165.16,      5.111,   32.13,  768.70, 150.40,     20.444,    0.00,     inf,    inf,    10.222,   37.52,  658.15,  64.38
           24,     12.000,   14.35, 1795.30, 149.61,      6.000,   30.12,  855.48, 142.58,     24.000,    0.00,     inf,    inf,    12.000,   38.89,  662.58,  55.21
           25,     14.286,   11.71, 2291.45, 160.40,      7.143,   24.71, 1086.55, 152.12,     28.571,    0.00,     inf,    inf,    14.286,   38.93,  689.51,  48.27
           26,     17.333,   10.90, 2561.21, 147.76,      8.667,   22.58, 1236.14, 142.63,     34.667,    0.00,     inf,    inf,    17.333,   42.18,  661.93,  38.19
           27,     21.600,    9.34, 3103.01, 143.66,     10.800,   23.41, 1238.28, 114.66,     43.200,    0.00,     inf,    inf,    21.600,   42.36,  684.34,  31.68
           28,     28.000,    9.44, 3184.54, 113.73,     14.000,   23.76, 1265.56,  90.40,     56.000,    0.00,     inf,    inf,    28.000,   44.60,  674.16,  24.08
           29,     38.667,    9.99, 3116.25,  80.59,     19.333,   23.70, 1313.89,  67.96,     77.333,    0.00,     inf,    inf,    38.667,   45.03,  691.43,  17.88
           30,     60.000,    9.33, 3452.37,  57.54,     30.000,   23.83, 1351.85,  45.06,    120.000,    0.00,     inf,    inf,    60.000,   47.33,  680.66,  11.34
           31,    124.000,    9.65, 3450.22,  27.82,     62.000,   24.47, 1360.18,  21.94,    248.000,    0.00,     inf,    inf,   124.000,   48.09,  692.15,   5.58
           32,        inf,    9.42, 3647.25,   0.00,        inf,   24.84, 1383.11,   0.00,        inf,    0.00,     inf,   -nan,       inf,   49.05,  700.46,   0.00
--------------------------------------------------------------------------------------------------------------------------------------------------------------------
mixbench/alternating (v0.03-1-g3ace732)
------------------------ Device specifications ------------------------
Device:              Tesla K80
CUDA driver version: 10.10
GPU clock rate:      823 MHz
Memory clock rate:   1252 MHz
Memory bus width:    384 bits
WarpSize:            32
L2 cache size:       1536 KB
Total global mem:    11441 MB
ECC enabled:         Yes
Compute Capability:  3.7
Total SPs:           2496 (13 MPs x 192 SPs/MP)
Compute throughput:  4110.91 GFlops (theoretical single precision FMAs)
Memory bandwidth:    240.48 GB/sec
-----------------------------------------------------------------------
Total GPU memory 11996954624, free 11926437888
Buffer size:          64MB
Trade-off type:       compute with global memory (block strided)
Warning:              Half precision computations are not supported
----------------------------------------------------------------------------- CSV data -----------------------------------------------------------------------------
Experiment ID, Single Precision ops,,,,              Double precision ops,,,,              Half precision ops,,,,                Integer operations,,, 
Compute iters, Flops/byte, ex.time,  GFLOPS, GB/sec, Flops/byte, ex.time,  GFLOPS, GB/sec, Flops/byte, ex.time,  GFLOPS, GB/sec, Iops/byte, ex.time,   GIOPS, GB/sec
            0,      0.000,   56.30,    0.00, 152.56,      0.000,  118.77,    0.00, 144.64,      0.000,    0.00,    -nan,    inf,     0.000,   55.47,    0.00, 154.87
            1,      0.129,   53.45,   20.09, 155.69,      0.065,  115.31,    9.31, 144.33,      0.258,    0.00,     inf,    inf,     0.129,   53.32,   20.14, 156.05
            2,      0.267,   51.83,   41.43, 155.36,      0.133,  111.07,   19.33, 145.00,      0.533,    0.00,     inf,    inf,     0.267,   51.90,   41.38, 155.17
            3,      0.414,   49.21,   65.46, 158.19,      0.207,  107.87,   29.86, 144.33,      0.828,    0.00,     inf,    inf,     0.414,   49.63,   64.90, 156.85
            4,      0.571,   48.11,   89.28, 156.24,      0.286,  104.01,   41.29, 144.52,      1.143,    0.00,     inf,    inf,     0.571,   48.29,   88.94, 155.64
            5,      0.741,   45.16,  118.88, 160.49,      0.370,  100.43,   53.46, 144.34,      1.481,    0.00,     inf,    inf,     0.741,   45.33,  118.42, 159.87
            6,      0.923,   43.38,  148.51, 160.89,      0.462,   96.28,   66.92, 144.98,      1.846,    0.00,     inf,    inf,     0.923,   43.80,  147.09, 159.35
            7,      1.120,   39.99,  187.95, 167.81,      0.560,   92.72,   81.06, 144.76,      2.240,    0.00,     inf,    inf,     1.120,   40.12,  187.35, 167.27
            8,      1.333,   38.62,  222.44, 166.83,      0.667,   88.35,   97.23, 145.84,      2.667,    0.00,     inf,    inf,     1.333,   38.96,  220.45, 165.34
            9,      1.565,   35.23,  274.34, 175.27,      0.783,   85.38,  113.19, 144.63,      3.130,    0.00,     inf,    inf,     1.565,   36.14,  267.42, 170.85
           10,      1.818,   34.38,  312.31, 171.77,      0.909,   81.20,  132.23, 145.46,      3.636,    0.00,     inf,    inf,     1.818,   34.85,  308.07, 169.44
           11,      2.095,   29.22,  404.28, 192.95,      1.048,   77.75,  151.91, 145.01,      4.190,    0.00,     inf,    inf,     2.095,   19.09,  618.79, 295.33
           12,      2.400,   28.66,  449.62, 187.34,      1.200,   73.78,  174.63, 145.53,      4.800,    0.00,     inf,    inf,     2.400,   20.27,  635.59, 264.83
           13,      2.737,   23.46,  594.90, 217.37,      1.368,   69.91,  199.66, 145.90,      5.474,    0.00,     inf,    inf,     2.737,   21.63,  645.26, 235.77
           14,      3.111,   22.41,  670.85, 215.63,      1.556,   65.87,  228.22, 146.71,      6.222,    0.00,     inf,    inf,     3.111,   23.15,  649.41, 208.74
           15,      3.529,   18.49,  871.13, 246.82,      1.765,   61.69,  261.09, 147.95,      7.059,    0.00,     inf,    inf,     3.529,   25.07,  642.55, 182.06
           16,      4.000,   28.00,  613.67, 153.42,      2.000,   59.53,  288.61, 144.31,      8.000,    0.00,     inf,    inf,     4.000,   26.55,  647.02, 161.75
           17,      4.533,   25.53,  714.88, 157.69,      2.267,   54.62,  334.19, 147.44,      9.067,    0.00,     inf,    inf,     4.533,   27.45,  664.95, 146.68
           18,      5.143,   24.33,  794.39, 154.46,      2.571,   52.11,  370.89, 144.23,     10.286,    0.00,     inf,    inf,     5.143,   29.49,  655.39, 127.44
           19,      5.846,   21.24,  960.60, 164.31,      2.923,   47.21,  432.16, 147.84,     11.692,    0.00,     inf,    inf,     5.846,   31.25,  652.87, 111.68
           20,      6.667,   19.57, 1097.38, 164.61,      3.333,   44.43,  483.29, 144.99,     13.333,    0.00,     inf,    inf,     6.667,   32.40,  662.74,  99.41
           21,      7.636,   17.13, 1316.41, 172.39,      3.818,   39.72,  567.64, 148.67,     15.273,    0.00,     inf,    inf,     7.636,   33.78,  667.56,  87.42
           22,      8.800,   17.67, 1337.09, 151.94,      4.400,   37.50,  630.01, 143.18,     17.600,    0.00,     inf,    inf,     8.800,   35.28,  669.56,  76.09
           23,     10.222,   14.59, 1693.12, 165.63,      5.111,   32.07,  770.12, 150.67,     20.444,    0.00,     inf,    inf,    10.222,   37.47,  659.14,  64.48
           24,     12.000,   14.39, 1790.86, 149.24,      6.000,   30.12,  855.55, 142.59,     24.000,    0.00,     inf,    inf,    12.000,   38.92,  662.20,  55.18
           25,     14.286,   11.65, 2303.96, 161.28,      7.143,   24.66, 1088.51, 152.39,     28.571,    0.00,     inf,    inf,    14.286,   39.41,  681.12,  47.68
           26,     17.333,   10.90, 2561.57, 147.78,      8.667,   22.60, 1235.18, 142.52,     34.667,    0.00,     inf,    inf,    17.333,   42.55,  656.06,  37.85
           27,     21.600,    9.48, 3056.55, 141.51,     10.800,   23.78, 1219.12, 112.88,     43.200,    0.00,     inf,    inf,    21.600,   43.17,  671.54,  31.09
           28,     28.000,    9.59, 3136.42, 112.02,     14.000,   24.11, 1246.74,  89.05,     56.000,    0.00,     inf,    inf,    28.000,   45.47,  661.18,  23.61
           29,     38.667,   10.20, 3051.37,  78.91,     19.333,   24.35, 1278.96,  66.15,     77.333,    0.00,     inf,    inf,    38.667,   45.66,  681.93,  17.64
           30,     60.000,    9.33, 3453.81,  57.56,     30.000,   24.05, 1339.16,  44.64,    120.000,    0.00,     inf,    inf,    60.000,   47.34,  680.49,  11.34
           31,    124.000,    9.66, 3445.17,  27.78,     62.000,   24.19, 1375.83,  22.19,    248.000,    0.00,     inf,    inf,   124.000,   48.30,  689.18,   5.56
           32,        inf,    9.35, 3674.66,   0.00,        inf,   24.86, 1381.94,   0.00,        inf,    0.00,     inf,   -nan,       inf,   49.26,  697.52,   0.00
--------------------------------------------------------------------------------------------------------------------------------------------------------------------
mixbench/alternating (v0.03-1-g3ace732)
------------------------ Device specifications ------------------------
Device:              Tesla K80
CUDA driver version: 10.10
GPU clock rate:      823 MHz
Memory clock rate:   1252 MHz
Memory bus width:    384 bits
WarpSize:            32
L2 cache size:       1536 KB
Total global mem:    11441 MB
ECC enabled:         Yes
Compute Capability:  3.7
Total SPs:           2496 (13 MPs x 192 SPs/MP)
Compute throughput:  4110.91 GFlops (theoretical single precision FMAs)
Memory bandwidth:    240.48 GB/sec
-----------------------------------------------------------------------
Total GPU memory 11996954624, free 11926437888
Buffer size:          64MB
Trade-off type:       compute with global memory (block strided)
Warning:              Half precision computations are not supported
----------------------------------------------------------------------------- CSV data -----------------------------------------------------------------------------
Experiment ID, Single Precision ops,,,,              Double precision ops,,,,              Half precision ops,,,,                Integer operations,,, 
Compute iters, Flops/byte, ex.time,  GFLOPS, GB/sec, Flops/byte, ex.time,  GFLOPS, GB/sec, Flops/byte, ex.time,  GFLOPS, GB/sec, Iops/byte, ex.time,   GIOPS, GB/sec
            0,      0.000,   56.28,    0.00, 152.62,      0.000,  118.64,    0.00, 144.81,      0.000,    0.00,    -nan,    inf,     0.000,   55.51,    0.00, 154.73
            1,      0.129,   53.48,   20.08, 155.59,      0.065,  115.01,    9.34, 144.71,      0.258,    0.00,     inf,    inf,     0.129,   53.52,   20.06, 155.49
            2,      0.267,   51.73,   41.51, 155.66,      0.133,  111.40,   19.28, 144.58,      0.533,    0.00,     inf,    inf,     0.267,   51.85,   41.41, 155.30
            3,      0.414,   49.66,   64.86, 156.75,      0.207,  107.81,   29.88, 144.41,      0.828,    0.00,     inf,    inf,     0.414,   49.63,   64.90, 156.85
            4,      0.571,   48.20,   89.11, 155.94,      0.286,  103.88,   41.35, 144.72,      1.143,    0.00,     inf,    inf,     0.571,   48.26,   89.00, 155.75
            5,      0.741,   44.74,  119.99, 161.98,      0.370,  100.28,   53.54, 144.55,      1.481,    0.00,     inf,    inf,     0.741,   45.28,  118.56, 160.06
            6,      0.923,   43.44,  148.29, 160.65,      0.462,   96.27,   66.92, 145.00,      1.846,    0.00,     inf,    inf,     0.923,   43.58,  147.82, 160.14
            7,      1.120,   39.88,  188.48, 168.29,      0.560,   92.81,   80.98, 144.61,      2.240,    0.00,     inf,    inf,     1.120,   40.14,  187.27, 167.21
            8,      1.333,   38.59,  222.59, 166.95,      0.667,   88.93,   96.59, 144.89,      2.667,    0.00,     inf,    inf,     1.333,   38.97,  220.45, 165.33
            9,      1.565,   35.22,  274.42, 175.32,      0.783,   85.40,  113.16, 144.59,      3.130,    0.00,     inf,    inf,     1.565,   36.22,  266.81, 170.46
           10,      1.818,   34.25,  313.50, 172.42,      0.909,   80.95,  132.64, 145.90,      3.636,    0.00,     inf,    inf,     1.818,   34.88,  307.82, 169.30
           11,      2.095,   29.23,  404.02, 192.83,      1.048,   77.82,  151.77, 144.87,      4.190,    0.00,     inf,    inf,     2.095,   19.07,  619.51, 295.67
           12,      2.400,   28.71,  448.76, 186.99,      1.200,   73.92,  174.31, 145.25,      4.800,    0.00,     inf,    inf,     2.400,   20.28,  635.21, 264.67
           13,      2.737,   23.51,  593.74, 216.94,      1.368,   69.95,  199.56, 145.83,      5.474,    0.00,     inf,    inf,     2.737,   21.63,  645.22, 235.75
           14,      3.111,   22.30,  674.11, 216.68,      1.556,   65.62,  229.09, 147.27,      6.222,    0.00,     inf,    inf,     3.111,   23.15,  649.27, 208.69
           15,      3.529,   18.48,  871.56, 246.94,      1.765,   61.60,  261.47, 148.17,      7.059,    0.00,     inf,    inf,     3.529,   25.03,  643.59, 182.35
           16,      4.000,   28.05,  612.47, 153.12,      2.000,   59.67,  287.89, 143.95,      8.000,    0.00,     inf,    inf,     4.000,   26.56,  646.81, 161.70
           17,      4.533,   25.52,  715.34, 157.80,      2.267,   54.63,  334.15, 147.42,      9.067,    0.00,     inf,    inf,     4.533,   27.45,  664.88, 146.66
           18,      5.143,   24.30,  795.50, 154.68,      2.571,   52.17,  370.46, 144.07,     10.286,    0.00,     inf,    inf,     5.143,   29.63,  652.27, 126.83
           19,      5.846,   21.20,  962.34, 164.61,      2.923,   47.22,  432.08, 147.82,     11.692,    0.00,     inf,    inf,     5.846,   31.10,  655.92, 112.20
           20,      6.667,   19.70, 1090.13, 163.52,      3.333,   44.43,  483.38, 145.01,     13.333,    0.00,     inf,    inf,     6.667,   32.42,  662.38,  99.36
           21,      7.636,   17.13, 1316.23, 172.36,      3.818,   39.73,  567.50, 148.63,     15.273,    0.00,     inf,    inf,     7.636,   33.76,  667.84,  87.45
           22,      8.800,   17.72, 1332.93, 151.47,      4.400,   37.38,  632.03, 143.64,     17.600,    0.00,     inf,    inf,     8.800,   35.29,  669.29,  76.06
           23,     10.222,   14.62, 1688.62, 165.19,      5.111,   32.17,  767.68, 150.20,     20.444,    0.00,     inf,    inf,    10.222,   37.85,  652.55,  63.84
           24,     12.000,   14.36, 1795.09, 149.59,      6.000,   30.08,  856.78, 142.80,     24.000,    0.00,     inf,    inf,    12.000,   38.91,  662.36,  55.20
           25,     14.286,   11.59, 2316.57, 162.16,      7.143,   24.47, 1096.88, 153.56,     28.571,    0.00,     inf,    inf,    14.286,   38.95,  689.22,  48.25
           26,     17.333,   10.90, 2561.29, 147.77,      8.667,   22.68, 1230.99, 142.04,     34.667,    0.00,     inf,    inf,    17.333,   42.85,  651.59,  37.59
           27,     21.600,    9.48, 3056.97, 141.53,     10.800,   23.78, 1219.14, 112.88,     43.200,    0.00,     inf,    inf,    21.600,   43.54,  665.88,  30.83
           28,     28.000,    9.56, 3145.96, 112.36,     14.000,   24.09, 1247.79,  89.13,     56.000,    0.00,     inf,    inf,    28.000,   45.82,  656.15,  23.43
           29,     38.667,   10.17, 3063.17,  79.22,     19.333,   24.28, 1282.71,  66.35,     77.333,    0.00,     inf,    inf,    38.667,   45.75,  680.60,  17.60
           30,     60.000,    9.33, 3453.29,  57.55,     30.000,   23.86, 1349.95,  45.00,    120.000,    0.00,     inf,    inf,    60.000,   47.71,  675.17,  11.25
           31,    124.000,    9.67, 3442.68,  27.76,     62.000,   24.46, 1360.62,  21.95,    248.000,    0.00,     inf,    inf,   124.000,   48.11,  691.88,   5.58
           32,        inf,    9.44, 3638.26,   0.00,        inf,   24.89, 1380.35,   0.00,        inf,    0.00,     inf,   -nan,       inf,   49.30,  697.01,   0.00
--------------------------------------------------------------------------------------------------------------------------------------------------------------------
mixbench/alternating (v0.03-1-g3ace732)
------------------------ Device specifications ------------------------
Device:              Tesla K80
CUDA driver version: 10.10
GPU clock rate:      823 MHz
Memory clock rate:   1252 MHz
Memory bus width:    384 bits
WarpSize:            32
L2 cache size:       1536 KB
Total global mem:    11441 MB
ECC enabled:         Yes
Compute Capability:  3.7
Total SPs:           2496 (13 MPs x 192 SPs/MP)
Compute throughput:  4110.91 GFlops (theoretical single precision FMAs)
Memory bandwidth:    240.48 GB/sec
-----------------------------------------------------------------------
Total GPU memory 11996954624, free 11926437888
Buffer size:          64MB
Trade-off type:       compute with global memory (block strided)
Warning:              Half precision computations are not supported
----------------------------------------------------------------------------- CSV data -----------------------------------------------------------------------------
Experiment ID, Single Precision ops,,,,              Double precision ops,,,,              Half precision ops,,,,                Integer operations,,, 
Compute iters, Flops/byte, ex.time,  GFLOPS, GB/sec, Flops/byte, ex.time,  GFLOPS, GB/sec, Flops/byte, ex.time,  GFLOPS, GB/sec, Iops/byte, ex.time,   GIOPS, GB/sec
            0,      0.000,   56.12,    0.00, 153.06,      0.000,  118.85,    0.00, 144.55,      0.000,    0.00,    -nan,    inf,     0.000,   55.46,    0.00, 154.89
            1,      0.129,   53.74,   19.98, 154.85,      0.065,  115.10,    9.33, 144.60,      0.258,    0.00,     inf,    inf,     0.129,   53.46,   20.08, 155.65
            2,      0.267,   51.80,   41.46, 155.46,      0.133,  111.19,   19.31, 144.85,      0.533,    0.00,     inf,    inf,     0.267,   51.96,   41.33, 154.97
            3,      0.414,   49.48,   65.10, 157.32,      0.207,  107.91,   29.85, 144.28,      0.828,    0.00,     inf,    inf,     0.414,   49.71,   64.80, 156.59
            4,      0.571,   48.08,   89.33, 156.33,      0.286,  104.04,   41.28, 144.48,      1.143,    0.00,     inf,    inf,     0.571,   48.39,   88.76, 155.33
            5,      0.741,   44.84,  119.72, 161.62,      0.370,  100.23,   53.57, 144.63,      1.481,    0.00,     inf,    inf,     0.741,   45.33,  118.44, 159.89
            6,      0.923,   43.34,  148.64, 161.02,      0.462,   96.42,   66.82, 144.77,      1.846,    0.00,     inf,    inf,     0.923,   43.66,  147.57, 159.87
            7,      1.120,   40.02,  187.80, 167.68,      0.560,   92.63,   81.14, 144.90,      2.240,    0.00,     inf,    inf,     1.120,   40.29,  186.54, 166.55
            8,      1.333,   38.57,  222.72, 167.04,      0.667,   88.97,   96.54, 144.82,      2.667,    0.00,     inf,    inf,     1.333,   39.06,  219.93, 164.95
            9,      1.565,   35.13,  275.07, 175.74,      0.783,   85.85,  112.56, 143.83,      3.130,    0.00,     inf,    inf,     1.565,   36.23,  266.75, 170.43
           10,      1.818,   34.25,  313.52, 172.43,      0.909,   81.40,  131.90, 145.09,      3.636,    0.00,     inf,    inf,     1.818,   34.97,  307.06, 168.88
           11,      2.095,   29.24,  403.96, 192.80,      1.048,   77.23,  152.94, 145.98,      4.190,    0.00,     inf,    inf,     2.095,   19.03,  620.56, 296.17
           12,      2.400,   28.77,  447.81, 186.59,      1.200,   73.75,  174.71, 145.59,      4.800,    0.00,     inf,    inf,     2.400,   20.29,  635.05, 264.61
           13,      2.737,   23.53,  593.28, 216.77,      1.368,   69.68,  200.32, 146.39,      5.474,    0.00,     inf,    inf,     2.737,   21.65,  644.88, 235.63
           14,      3.111,   22.36,  672.17, 216.06,      1.556,   65.69,  228.83, 147.11,      6.222,    0.00,     inf,    inf,     3.111,   23.17,  648.86, 208.56
           15,      3.529,   18.47,  871.97, 247.06,      1.765,   61.43,  262.18, 148.57,      7.059,    0.00,     inf,    inf,     3.529,   24.99,  644.39, 182.58
           16,      4.000,   28.03,  612.92, 153.23,      2.000,   59.63,  288.11, 144.06,      8.000,    0.00,     inf,    inf,     4.000,   26.41,  650.49, 162.62
           17,      4.533,   25.56,  714.14, 157.53,      2.267,   54.63,  334.13, 147.41,      9.067,    0.00,     inf,    inf,     4.533,   27.44,  665.23, 146.74
           18,      5.143,   24.28,  796.04, 154.79,      2.571,   51.96,  371.99, 144.66,     10.286,    0.00,     inf,    inf,     5.143,   29.66,  651.52, 126.69
           19,      5.846,   21.19,  962.69, 164.67,      2.923,   47.01,  434.00, 148.47,     11.692,    0.00,     inf,    inf,     5.846,   31.10,  656.07, 112.22
           20,      6.667,   19.66, 1092.56, 163.88,      3.333,   44.60,  481.52, 144.46,     13.333,    0.00,     inf,    inf,     6.667,   32.77,  655.35,  98.30
           21,      7.636,   17.08, 1320.10, 172.87,      3.818,   39.74,  567.45, 148.62,     15.273,    0.00,     inf,    inf,     7.636,   33.78,  667.50,  87.41
           22,      8.800,   17.64, 1338.78, 152.13,      4.400,   37.57,  628.70, 142.89,     17.600,    0.00,     inf,    inf,     8.800,   35.30,  669.26,  76.05
           23,     10.222,   14.64, 1687.11, 165.04,      5.111,   32.26,  765.64, 149.80,     20.444,    0.00,     inf,    inf,    10.222,   37.55,  657.76,  64.35
           24,     12.000,   14.41, 1787.79, 148.98,      6.000,   29.96,  860.05, 143.34,     24.000,    0.00,     inf,    inf,    12.000,   38.92,  662.09,  55.17
           25,     14.286,   11.60, 2313.78, 161.96,      7.143,   24.42, 1099.35, 153.91,     28.571,    0.00,     inf,    inf,    14.286,   38.95,  689.11,  48.24
           26,     17.333,   10.97, 2544.38, 146.79,      8.667,   22.49, 1241.25, 143.22,     34.667,    0.00,     inf,    inf,    17.333,   41.74,  668.76,  38.58
           27,     21.600,    9.35, 3100.47, 143.54,     10.800,   23.26, 1246.24, 115.39,     43.200,    0.00,     inf,    inf,    21.600,   42.36,  684.44,  31.69
           28,     28.000,    9.46, 3179.19, 113.54,     14.000,   23.47, 1280.94,  91.50,     56.000,    0.00,     inf,    inf,    28.000,   44.61,  673.99,  24.07
           29,     38.667,   10.01, 3112.26,  80.49,     19.333,   23.72, 1312.77,  67.90,     77.333,    0.00,     inf,    inf,    38.667,   45.05,  691.19,  17.88
           30,     60.000,    9.30, 3462.98,  57.72,     30.000,   23.85, 1350.61,  45.02,    120.000,    0.00,     inf,    inf,    60.000,   47.34,  680.39,  11.34
           31,    124.000,    9.75, 3415.31,  27.54,     62.000,   24.20, 1375.50,  22.19,    248.000,    0.00,     inf,    inf,   124.000,   48.10,  691.99,   5.58
           32,        inf,    9.36, 3669.24,   0.00,        inf,   24.69, 1391.67,   0.00,        inf,    0.00,     inf,   -nan,       inf,   49.36,  696.08,   0.00
--------------------------------------------------------------------------------------------------------------------------------------------------------------------
mixbench/alternating (v0.03-1-g3ace732)
------------------------ Device specifications ------------------------
Device:              Tesla K80
CUDA driver version: 10.10
GPU clock rate:      823 MHz
Memory clock rate:   1252 MHz
Memory bus width:    384 bits
WarpSize:            32
L2 cache size:       1536 KB
Total global mem:    11441 MB
ECC enabled:         Yes
Compute Capability:  3.7
Total SPs:           2496 (13 MPs x 192 SPs/MP)
Compute throughput:  4110.91 GFlops (theoretical single precision FMAs)
Memory bandwidth:    240.48 GB/sec
-----------------------------------------------------------------------
Total GPU memory 11996954624, free 11926437888
Buffer size:          64MB
Trade-off type:       compute with global memory (block strided)
Warning:              Half precision computations are not supported
----------------------------------------------------------------------------- CSV data -----------------------------------------------------------------------------
Experiment ID, Single Precision ops,,,,              Double precision ops,,,,              Half precision ops,,,,                Integer operations,,, 
Compute iters, Flops/byte, ex.time,  GFLOPS, GB/sec, Flops/byte, ex.time,  GFLOPS, GB/sec, Flops/byte, ex.time,  GFLOPS, GB/sec, Iops/byte, ex.time,   GIOPS, GB/sec
            0,      0.000,   56.21,    0.00, 152.83,      0.000,  118.90,    0.00, 144.49,      0.000,    0.00,    -nan,    inf,     0.000,   55.55,    0.00, 154.63
            1,      0.129,   53.58,   20.04, 155.30,      0.065,  115.15,    9.32, 144.53,      0.258,    0.00,     inf,    inf,     0.129,   53.47,   20.08, 155.62
            2,      0.267,   51.72,   41.52, 155.71,      0.133,  111.07,   19.33, 145.01,      0.533,    0.00,     inf,    inf,     0.267,   52.04,   41.27, 154.76
            3,      0.414,   49.27,   65.38, 157.99,      0.207,  107.63,   29.93, 144.65,      0.828,    0.00,     inf,    inf,     0.414,   49.47,   65.12, 157.36
            4,      0.571,   48.30,   88.93, 155.62,      0.286,  103.78,   41.39, 144.85,      1.143,    0.00,     inf,    inf,     0.571,   48.20,   89.10, 155.92
            5,      0.741,   44.67,  120.19, 162.26,      0.370,  100.25,   53.55, 144.59,      1.481,    0.00,     inf,    inf,     0.741,   45.41,  118.23, 159.61
            6,      0.923,   43.40,  148.44, 160.81,      0.462,   96.67,   66.64, 144.39,      1.846,    0.00,     inf,    inf,     0.923,   43.75,  147.27, 159.54
            7,      1.120,   39.87,  188.49, 168.30,      0.560,   92.77,   81.02, 144.67,      2.240,    0.00,     inf,    inf,     1.120,   40.06,  187.61, 167.51
            8,      1.333,   38.63,  222.35, 166.76,      0.667,   88.82,   96.71, 145.07,      2.667,    0.00,     inf,    inf,     1.333,   38.88,  220.93, 165.70
            9,      1.565,   35.28,  273.90, 174.99,      0.783,   85.32,  113.26, 144.72,      3.130,    0.00,     inf,    inf,     1.565,   36.23,  266.72, 170.40
           10,      1.818,   34.30,  313.02, 172.16,      0.909,   81.10,  132.41, 145.65,      3.636,    0.00,     inf,    inf,     1.818,   34.91,  307.62, 169.19
           11,      2.095,   29.31,  403.00, 192.34,      1.048,   78.01,  151.42, 144.53,      4.190,    0.00,     inf,    inf,     2.095,   19.09,  618.77, 295.32
           12,      2.400,   28.72,  448.57, 186.90,      1.200,   73.61,  175.04, 145.86,      4.800,    0.00,     inf,    inf,     2.400,   20.30,  634.57, 264.40
           13,      2.737,   23.58,  592.03, 216.32,      1.368,   70.24,  198.74, 145.23,      5.474,    0.00,     inf,    inf,     2.737,   21.63,  645.37, 235.81
           14,      3.111,   22.39,  671.38, 215.80,      1.556,   66.06,  227.55, 146.28,      6.222,    0.00,     inf,    inf,     3.111,   23.18,  648.63, 208.49
           15,      3.529,   18.47,  871.80, 247.01,      1.765,   61.88,  260.28, 147.49,      7.059,    0.00,     inf,    inf,     3.529,   25.08,  642.12, 181.93
           16,      4.000,   28.05,  612.47, 153.12,      2.000,   59.47,  288.87, 144.43,      8.000,    0.00,     inf,    inf,     4.000,   26.57,  646.69, 161.67
           17,      4.533,   25.54,  714.60, 157.63,      2.267,   54.51,  334.87, 147.74,      9.067,    0.00,     inf,    inf,     4.533,   27.45,  665.02, 146.70
           18,      5.143,   24.27,  796.24, 154.83,      2.571,   52.12,  370.79, 144.20,     10.286,    0.00,     inf,    inf,     5.143,   29.68,  651.20, 126.62
           19,      5.846,   21.21,  961.80, 164.52,      2.923,   47.04,  433.74, 148.38,     11.692,    0.00,     inf,    inf,     5.846,   31.10,  655.98, 112.21
           20,      6.667,   19.57, 1097.24, 164.59,      3.333,   44.58,  481.76, 144.53,     13.333,    0.00,     inf,    inf,     6.667,   32.42,  662.32,  99.35
           21,      7.636,   17.14, 1315.61, 172.28,      3.818,   39.68,  568.26, 148.83,     15.273,    0.00,     inf,    inf,     7.636,   33.79,  667.25,  87.38
           22,      8.800,   17.71, 1333.78, 151.57,      4.400,   37.31,  633.10, 143.89,     17.600,    0.00,     inf,    inf,     8.800,   35.31,  669.07,  76.03
           23,     10.222,   14.58, 1693.73, 165.69,      5.111,   32.04,  770.87, 150.82,     20.444,    0.00,     inf,    inf,    10.222,   37.52,  658.17,  64.39
           24,     12.000,   14.40, 1789.79, 149.15,      6.000,   30.09,  856.51, 142.75,     24.000,    0.00,     inf,    inf,    12.000,   38.93,  661.91,  55.16
           25,     14.286,   11.67, 2300.24, 161.02,      7.143,   24.47, 1097.11, 153.60,     28.571,    0.00,     inf,    inf,    14.286,   38.97,  688.86,  48.22
           26,     17.333,   10.90, 2561.96, 147.81,      8.667,   22.50, 1240.84, 143.17,     34.667,    0.00,     inf,    inf,    17.333,   41.75,  668.75,  38.58
           27,     21.600,    9.34, 3105.37, 143.77,     10.800,   23.29, 1244.81, 115.26,     43.200,    0.00,     inf,    inf,    21.600,   42.38,  684.07,  31.67
           28,     28.000,    9.45, 3181.70, 113.63,     14.000,   23.77, 1264.94,  90.35,     56.000,    0.00,     inf,    inf,    28.000,   44.62,  673.85,  24.07
           29,     38.667,    9.95, 3129.46,  80.93,     19.333,   23.68, 1314.99,  68.02,     77.333,    0.00,     inf,    inf,    38.667,   45.06,  691.07,  17.87
           30,     60.000,    9.30, 3462.62,  57.71,     30.000,   23.87, 1349.51,  44.98,    120.000,    0.00,     inf,    inf,    60.000,   47.36,  680.22,  11.34
           31,    124.000,    9.74, 3416.23,  27.55,     62.000,   24.49, 1359.29,  21.92,    248.000,    0.00,     inf,    inf,   124.000,   48.11,  691.83,   5.58
           32,        inf,    9.38, 3662.07,   0.00,        inf,   25.00, 1374.21,   0.00,        inf,    0.00,     inf,   -nan,       inf,   49.08,  700.07,   0.00
--------------------------------------------------------------------------------------------------------------------------------------------------------------------
mixbench/alternating (v0.03-1-g3ace732)
------------------------ Device specifications ------------------------
Device:              Tesla K80
CUDA driver version: 10.10
GPU clock rate:      823 MHz
Memory clock rate:   1252 MHz
Memory bus width:    384 bits
WarpSize:            32
L2 cache size:       1536 KB
Total global mem:    11441 MB
ECC enabled:         Yes
Compute Capability:  3.7
Total SPs:           2496 (13 MPs x 192 SPs/MP)
Compute throughput:  4110.91 GFlops (theoretical single precision FMAs)
Memory bandwidth:    240.48 GB/sec
-----------------------------------------------------------------------
Total GPU memory 11996954624, free 11926437888
Buffer size:          64MB
Trade-off type:       compute with global memory (block strided)
Warning:              Half precision computations are not supported
----------------------------------------------------------------------------- CSV data -----------------------------------------------------------------------------
Experiment ID, Single Precision ops,,,,              Double precision ops,,,,              Half precision ops,,,,                Integer operations,,, 
Compute iters, Flops/byte, ex.time,  GFLOPS, GB/sec, Flops/byte, ex.time,  GFLOPS, GB/sec, Flops/byte, ex.time,  GFLOPS, GB/sec, Iops/byte, ex.time,   GIOPS, GB/sec
            0,      0.000,   57.26,    0.00, 150.03,      0.000,  119.00,    0.00, 144.36,      0.000,    0.00,    -nan,    inf,     0.000,   55.54,    0.00, 154.66
            1,      0.129,   53.65,   20.01, 155.11,      0.065,  115.16,    9.32, 144.52,      0.258,    0.00,     inf,    inf,     0.129,   53.48,   20.08, 155.61
            2,      0.267,   51.91,   41.37, 155.14,      0.133,  111.11,   19.33, 144.96,      0.533,    0.00,     inf,    inf,     0.267,   51.96,   41.33, 154.99
            3,      0.414,   49.20,   65.47, 158.21,      0.207,  107.55,   29.95, 144.77,      0.828,    0.00,     inf,    inf,     0.414,   49.46,   65.12, 157.38
            4,      0.571,   48.16,   89.17, 156.05,      0.286,  103.89,   41.34, 144.70,      1.143,    0.00,     inf,    inf,     0.571,   48.10,   89.29, 156.27
            5,      0.741,   44.86,  119.67, 161.55,      0.370,  100.29,   53.53, 144.53,      1.481,    0.00,     inf,    inf,     0.741,   45.52,  117.94, 159.21
            6,      0.923,   43.30,  148.79, 161.19,      0.462,   96.20,   66.97, 145.10,      1.846,    0.00,     inf,    inf,     0.923,   43.56,  147.91, 160.23
            7,      1.120,   40.02,  187.82, 167.69,      0.560,   92.90,   80.91, 144.48,      2.240,    0.00,     inf,    inf,     1.120,   40.13,  187.32, 167.25
            8,      1.333,   38.61,  222.51, 166.88,      0.667,   88.70,   96.85, 145.27,      2.667,    0.00,     inf,    inf,     1.333,   38.81,  221.33, 165.99
            9,      1.565,   35.18,  274.72, 175.51,      0.783,   85.39,  113.17, 144.61,      3.130,    0.00,     inf,    inf,     1.565,   36.30,  266.25, 170.10
           10,      1.818,   34.50,  311.22, 171.17,      0.909,   81.17,  132.29, 145.51,      3.636,    0.00,     inf,    inf,     1.818,   35.01,  306.66, 168.66
           11,      2.095,   29.12,  405.64, 193.60,      1.048,   77.53,  152.35, 145.43,      4.190,    0.00,     inf,    inf,     2.095,   19.04,  620.33, 296.07
           12,      2.400,   28.72,  448.71, 186.96,      1.200,   73.64,  174.97, 145.81,      4.800,    0.00,     inf,    inf,     2.400,   20.23,  636.96, 265.40
           13,      2.737,   23.52,  593.59, 216.89,      1.368,   69.87,  199.78, 145.99,      5.474,    0.00,     inf,    inf,     2.737,   21.66,  644.48, 235.48
           14,      3.111,   22.31,  673.77, 216.57,      1.556,   65.78,  228.54, 146.92,      6.222,    0.00,     inf,    inf,     3.111,   23.19,  648.12, 208.32
           15,      3.529,   18.52,  869.58, 246.38,      1.765,   61.87,  260.32, 147.51,      7.059,    0.00,     inf,    inf,     3.529,   25.06,  642.78, 182.12
           16,      4.000,   28.09,  611.61, 152.90,      2.000,   59.56,  288.45, 144.23,      8.000,    0.00,     inf,    inf,     4.000,   26.45,  649.51, 162.38
           17,      4.533,   25.53,  714.97, 157.71,      2.267,   54.57,  334.48, 147.57,      9.067,    0.00,     inf,    inf,     4.533,   27.59,  661.55, 145.93
           18,      5.143,   24.36,  793.27, 154.25,      2.571,   52.11,  370.92, 144.25,     10.286,    0.00,     inf,    inf,     5.143,   29.56,  653.85, 127.14
           19,      5.846,   21.22,  961.56, 164.48,      2.923,   47.43,  430.11, 147.14,     11.692,    0.00,     inf,    inf,     5.846,   31.11,  655.75, 112.17
           20,      6.667,   19.72, 1089.02, 163.35,      3.333,   44.73,  480.13, 144.04,     13.333,    0.00,     inf,    inf,     6.667,   32.66,  657.56,  98.63
           21,      7.636,   17.14, 1315.31, 172.24,      3.818,   39.87,  565.59, 148.13,     15.273,    0.00,     inf,    inf,     7.636,   33.80,  667.13,  87.36
           22,      8.800,   17.70, 1334.49, 151.65,      4.400,   37.63,  627.76, 142.67,     17.600,    0.00,     inf,    inf,     8.800,   35.31,  668.95,  76.02
           23,     10.222,   14.67, 1682.88, 164.63,      5.111,   32.06,  770.30, 150.71,     20.444,    0.00,     inf,    inf,    10.222,   37.54,  657.79,  64.35
           24,     12.000,   14.39, 1790.51, 149.21,      6.000,   30.14,  854.90, 142.48,     24.000,    0.00,     inf,    inf,    12.000,   38.93,  661.95,  55.16
           25,     14.286,   11.57, 2320.58, 162.44,      7.143,   24.44, 1098.30, 153.76,     28.571,    0.00,     inf,    inf,    14.286,   38.96,  688.93,  48.22
           26,     17.333,   10.93, 2554.88, 147.40,      8.667,   22.49, 1241.28, 143.22,     34.667,    0.00,     inf,    inf,    17.333,   41.74,  668.89,  38.59
           27,     21.600,    9.33, 3108.06, 143.89,     10.800,   23.15, 1252.51, 115.97,     43.200,    0.00,     inf,    inf,    21.600,   42.37,  684.16,  31.67
           28,     28.000,    9.43, 3188.20, 113.86,     14.000,   23.59, 1274.43,  91.03,     56.000,    0.00,     inf,    inf,    28.000,   45.14,  666.09,  23.79
           29,     38.667,   10.01, 3110.77,  80.45,     19.333,   23.95, 1300.31,  67.26,     77.333,    0.00,     inf,    inf,    38.667,   45.51,  684.19,  17.69
           30,     60.000,    9.33, 3451.81,  57.53,     30.000,   23.89, 1348.62,  44.95,    120.000,    0.00,     inf,    inf,    60.000,   47.36,  680.22,  11.34
           31,    124.000,    9.76, 3410.99,  27.51,     62.000,   24.22, 1374.14,  22.16,    248.000,    0.00,     inf,    inf,   124.000,   48.11,  691.80,   5.58
           32,        inf,    9.39, 3659.68,   0.00,        inf,   24.71, 1390.60,   0.00,        inf,    0.00,     inf,   -nan,       inf,   49.08,  700.13,   0.00
--------------------------------------------------------------------------------------------------------------------------------------------------------------------
