sysbench 1.0.19 (using bundled LuaJIT 2.1.0-beta2)

Running the test with following options:
Number of threads: 16
Validation checks: on.

Initializing random number generator from current time


Prime numbers limit: 1000000

Initializing worker threads...

Threads started!

Latency histogram (values are in milliseconds)
       value  ------------- distribution ------------- count
     580.017 |                                         1
     590.556 |*                                        8
     601.286 |**************************************** 256
     612.211 |*                                        4
     623.335 |                                         2
     634.661 |                                         1
 
CPU speed:
    events per second:    26.57

General statistics:
    total time:                          10.2377s
    total number of events:              272

Latency (ms):
         min:                                  580.79
         avg:                                  600.69
         max:                                  632.53
         95th percentile:                      601.29
         sum:                               163386.57

Threads fairness:
    events (avg/stddev):           17.0000/0.00
    execution time (avg/stddev):   10.2117/0.01

sysbench 1.0.19 (using bundled LuaJIT 2.1.0-beta2)

Running the test with following options:
Number of threads: 16
Validation checks: on.

Initializing random number generator from current time


Prime numbers limit: 1000000

Initializing worker threads...

Threads started!

Latency histogram (values are in milliseconds)
       value  ------------- distribution ------------- count
     580.017 |                                         2
     590.556 |*                                        9
     601.286 |**************************************** 253
     612.211 |*                                        4
     623.335 |                                         3
     634.661 |                                         1
 
CPU speed:
    events per second:    26.55

General statistics:
    total time:                          10.2450s
    total number of events:              272

Latency (ms):
         min:                                  581.26
         avg:                                  600.69
         max:                                  632.64
         95th percentile:                      601.29
         sum:                               163388.54

Threads fairness:
    events (avg/stddev):           17.0000/0.00
    execution time (avg/stddev):   10.2118/0.01

sysbench 1.0.19 (using bundled LuaJIT 2.1.0-beta2)

Running the test with following options:
Number of threads: 16
Validation checks: on.

Initializing random number generator from current time


Prime numbers limit: 1000000

Initializing worker threads...

Threads started!

Latency histogram (values are in milliseconds)
       value  ------------- distribution ------------- count
     580.017 |                                         1
     590.556 |*                                        7
     601.286 |**************************************** 261
     612.211 |                                         3
 
CPU speed:
    events per second:    26.54

General statistics:
    total time:                          10.2486s
    total number of events:              272

Latency (ms):
         min:                                  581.12
         avg:                                  600.33
         max:                                  616.57
         95th percentile:                      601.29
         sum:                               163290.45

Threads fairness:
    events (avg/stddev):           17.0000/0.00
    execution time (avg/stddev):   10.2057/0.01

sysbench 1.0.19 (using bundled LuaJIT 2.1.0-beta2)

Running the test with following options:
Number of threads: 16
Validation checks: on.

Initializing random number generator from current time


Prime numbers limit: 1000000

Initializing worker threads...

Threads started!

Latency histogram (values are in milliseconds)
       value  ------------- distribution ------------- count
     569.667 |                                         1
     580.017 |                                         2
     590.556 |**                                       10
     601.286 |**************************************** 253
     612.211 |                                         3
     634.661 |                                         2
     646.192 |                                         1
 
CPU speed:
    events per second:    26.55

General statistics:
    total time:                          10.2448s
    total number of events:              272

Latency (ms):
         min:                                  572.23
         avg:                                  600.39
         max:                                  644.57
         95th percentile:                      601.29
         sum:                               163305.65

Threads fairness:
    events (avg/stddev):           17.0000/0.00
    execution time (avg/stddev):   10.2066/0.01

sysbench 1.0.19 (using bundled LuaJIT 2.1.0-beta2)

Running the test with following options:
Number of threads: 16
Validation checks: on.

Initializing random number generator from current time


Prime numbers limit: 1000000

Initializing worker threads...

Threads started!

Latency histogram (values are in milliseconds)
       value  ------------- distribution ------------- count
     580.017 |                                         1
     590.556 |*                                        8
     601.286 |**************************************** 259
     612.211 |                                         3
     623.335 |                                         1
 
CPU speed:
    events per second:    26.52

General statistics:
    total time:                          10.2547s
    total number of events:              272

Latency (ms):
         min:                                  582.34
         avg:                                  600.47
         max:                                  628.44
         95th percentile:                      601.29
         sum:                               163327.62

Threads fairness:
    events (avg/stddev):           17.0000/0.00
    execution time (avg/stddev):   10.2080/0.01

sysbench 1.0.19 (using bundled LuaJIT 2.1.0-beta2)

Running the test with following options:
Number of threads: 16
Validation checks: on.

Initializing random number generator from current time


Prime numbers limit: 1000000

Initializing worker threads...

Threads started!

Latency histogram (values are in milliseconds)
       value  ------------- distribution ------------- count
     580.017 |*                                        4
     590.556 |*                                        7
     601.286 |**************************************** 256
     612.211 |                                         1
     623.335 |                                         1
     634.661 |                                         2
     669.888 |                                         1
 
CPU speed:
    events per second:    26.51

General statistics:
    total time:                          10.2607s
    total number of events:              272

Latency (ms):
         min:                                  575.58
         avg:                                  600.68
         max:                                  665.67
         95th percentile:                      601.29
         sum:                               163385.82

Threads fairness:
    events (avg/stddev):           17.0000/0.00
    execution time (avg/stddev):   10.2116/0.02

sysbench 1.0.19 (using bundled LuaJIT 2.1.0-beta2)

Running the test with following options:
Number of threads: 16
Validation checks: on.

Initializing random number generator from current time


Prime numbers limit: 1000000

Initializing worker threads...

Threads started!

Latency histogram (values are in milliseconds)
       value  ------------- distribution ------------- count
     580.017 |                                         3
     590.556 |*                                        8
     601.286 |**************************************** 255
     612.211 |                                         3
     623.335 |                                         2
     646.192 |                                         1
 
CPU speed:
    events per second:    26.50

General statistics:
    total time:                          10.2615s
    total number of events:              272

Latency (ms):
         min:                                  580.18
         avg:                                  600.58
         max:                                  640.54
         95th percentile:                      601.29
         sum:                               163358.95

Threads fairness:
    events (avg/stddev):           17.0000/0.00
    execution time (avg/stddev):   10.2099/0.02

sysbench 1.0.19 (using bundled LuaJIT 2.1.0-beta2)

Running the test with following options:
Number of threads: 16
Validation checks: on.

Initializing random number generator from current time


Prime numbers limit: 1000000

Initializing worker threads...

Threads started!

Latency histogram (values are in milliseconds)
       value  ------------- distribution ------------- count
     580.017 |                                         3
     590.556 |*                                        6
     601.286 |**************************************** 257
     612.211 |*                                        5
     646.192 |                                         1
 
CPU speed:
    events per second:    26.49

General statistics:
    total time:                          10.2664s
    total number of events:              272

Latency (ms):
         min:                                  579.69
         avg:                                  600.54
         max:                                  644.45
         95th percentile:                      601.29
         sum:                               163346.44

Threads fairness:
    events (avg/stddev):           17.0000/0.00
    execution time (avg/stddev):   10.2092/0.01

sysbench 1.0.19 (using bundled LuaJIT 2.1.0-beta2)

Running the test with following options:
Number of threads: 16
Validation checks: on.

Initializing random number generator from current time


Prime numbers limit: 1000000

Initializing worker threads...

Threads started!

Latency histogram (values are in milliseconds)
       value  ------------- distribution ------------- count
     580.017 |*                                        4
     590.556 |*                                        7
     601.286 |**************************************** 254
     612.211 |*                                        4
     623.335 |                                         1
     634.661 |                                         1
     646.192 |                                         1
 
CPU speed:
    events per second:    26.52

General statistics:
    total time:                          10.2562s
    total number of events:              272

Latency (ms):
         min:                                  581.21
         avg:                                  600.47
         max:                                  644.39
         95th percentile:                      601.29
         sum:                               163329.17

Threads fairness:
    events (avg/stddev):           17.0000/0.00
    execution time (avg/stddev):   10.2081/0.02

sysbench 1.0.19 (using bundled LuaJIT 2.1.0-beta2)

Running the test with following options:
Number of threads: 16
Validation checks: on.

Initializing random number generator from current time


Prime numbers limit: 1000000

Initializing worker threads...

Threads started!

Latency histogram (values are in milliseconds)
       value  ------------- distribution ------------- count
     580.017 |                                         2
     590.556 |**                                       10
     601.286 |**************************************** 257
     612.211 |                                         2
     634.661 |                                         1
 
CPU speed:
    events per second:    26.55

General statistics:
    total time:                          10.2420s
    total number of events:              272

Latency (ms):
         min:                                  583.27
         avg:                                  600.14
         max:                                  632.43
         95th percentile:                      601.29
         sum:                               163237.47

Threads fairness:
    events (avg/stddev):           17.0000/0.00
    execution time (avg/stddev):   10.2023/0.01

