sysbench 1.0.19 (using bundled LuaJIT 2.1.0-beta2)

Running the test with following options:
Number of threads: 36
Validation checks: on.

Initializing random number generator from current time


Prime numbers limit: 1000000

Initializing worker threads...

Threads started!

Latency histogram (values are in milliseconds)
       value  ------------- distribution ------------- count
     580.017 |                                         3
     590.556 |                                         3
     601.286 |                                         3
     612.211 |*                                        14
     623.335 |                                         5
     634.661 |**************************************** 531
     646.192 |                                         5
     657.933 |                                         2
     682.059 |                                         2
     694.452 |                                         2
     707.070 |                                         2
     719.917 |                                         1
     732.998 |                                         1
     759.876 |                                         2
 
CPU speed:
    events per second:    55.75

General statistics:
    total time:                          10.3312s
    total number of events:              576

Latency (ms):
         min:                                  578.57
         avg:                                  636.35
         max:                                  764.36
         95th percentile:                      634.66
         sum:                               366540.20

Threads fairness:
    events (avg/stddev):           16.0000/0.00
    execution time (avg/stddev):   10.1817/0.04

sysbench 1.0.19 (using bundled LuaJIT 2.1.0-beta2)

Running the test with following options:
Number of threads: 36
Validation checks: on.

Initializing random number generator from current time


Prime numbers limit: 1000000

Initializing worker threads...

Threads started!

Latency histogram (values are in milliseconds)
       value  ------------- distribution ------------- count
     580.017 |                                         2
     590.556 |                                         2
     601.286 |*                                        8
     612.211 |                                         6
     623.335 |*                                        8
     634.661 |**************************************** 537
     646.192 |                                         1
     657.933 |                                         3
     669.888 |                                         1
     682.059 |                                         3
     694.452 |                                         3
     707.070 |                                         2
 
CPU speed:
    events per second:    56.06

General statistics:
    total time:                          10.2730s
    total number of events:              576

Latency (ms):
         min:                                  575.54
         avg:                                  635.93
         max:                                  712.67
         95th percentile:                      634.66
         sum:                               366294.94

Threads fairness:
    events (avg/stddev):           16.0000/0.00
    execution time (avg/stddev):   10.1749/0.03

sysbench 1.0.19 (using bundled LuaJIT 2.1.0-beta2)

Running the test with following options:
Number of threads: 36
Validation checks: on.

Initializing random number generator from current time


Prime numbers limit: 1000000

Initializing worker threads...

Threads started!

Latency histogram (values are in milliseconds)
       value  ------------- distribution ------------- count
     580.017 |                                         1
     590.556 |                                         3
     601.286 |                                         3
     612.211 |*                                        11
     623.335 |*                                        9
     634.661 |**************************************** 532
     646.192 |                                         2
     657.933 |*                                        7
     669.888 |                                         3
     682.059 |                                         1
     694.452 |                                         4
 
CPU speed:
    events per second:    56.09

General statistics:
    total time:                          10.2679s
    total number of events:              576

Latency (ms):
         min:                                  581.13
         avg:                                  635.94
         max:                                  700.29
         95th percentile:                      634.66
         sum:                               366300.76

Threads fairness:
    events (avg/stddev):           16.0000/0.00
    execution time (avg/stddev):   10.1750/0.02

sysbench 1.0.19 (using bundled LuaJIT 2.1.0-beta2)

Running the test with following options:
Number of threads: 36
Validation checks: on.

Initializing random number generator from current time


Prime numbers limit: 1000000

Initializing worker threads...

Threads started!

Latency histogram (values are in milliseconds)
       value  ------------- distribution ------------- count
     590.556 |                                         1
     601.286 |                                         4
     612.211 |*                                        12
     623.335 |*                                        13
     634.661 |**************************************** 534
     646.192 |                                         4
     657.933 |                                         2
     669.888 |                                         3
     682.059 |                                         1
     694.452 |                                         2
 
CPU speed:
    events per second:    56.08

General statistics:
    total time:                          10.2701s
    total number of events:              576

Latency (ms):
         min:                                  595.68
         avg:                                  635.75
         max:                                  696.36
         95th percentile:                      634.66
         sum:                               366193.52

Threads fairness:
    events (avg/stddev):           16.0000/0.00
    execution time (avg/stddev):   10.1720/0.02

sysbench 1.0.19 (using bundled LuaJIT 2.1.0-beta2)

Running the test with following options:
Number of threads: 36
Validation checks: on.

Initializing random number generator from current time


Prime numbers limit: 1000000

Initializing worker threads...

Threads started!

Latency histogram (values are in milliseconds)
       value  ------------- distribution ------------- count
     580.017 |                                         1
     601.286 |*                                        7
     612.211 |*                                        11
     623.335 |*                                        9
     634.661 |**************************************** 534
     646.192 |                                         5
     657.933 |                                         2
     669.888 |                                         3
     682.059 |                                         3
     707.070 |                                         1
 
CPU speed:
    events per second:    56.04

General statistics:
    total time:                          10.2765s
    total number of events:              576

Latency (ms):
         min:                                  580.51
         avg:                                  635.74
         max:                                  708.14
         95th percentile:                      634.66
         sum:                               366184.54

Threads fairness:
    events (avg/stddev):           16.0000/0.00
    execution time (avg/stddev):   10.1718/0.02

sysbench 1.0.19 (using bundled LuaJIT 2.1.0-beta2)

Running the test with following options:
Number of threads: 36
Validation checks: on.

Initializing random number generator from current time


Prime numbers limit: 1000000

Initializing worker threads...

Threads started!

Latency histogram (values are in milliseconds)
       value  ------------- distribution ------------- count
     569.667 |                                         1
     601.286 |                                         6
     612.211 |*                                        9
     623.335 |*                                        12
     634.661 |**************************************** 534
     646.192 |                                         3
     657.933 |                                         3
     669.888 |                                         2
     682.059 |                                         3
     694.452 |                                         1
     719.917 |                                         1
     732.998 |                                         1
 
CPU speed:
    events per second:    55.96

General statistics:
    total time:                          10.2914s
    total number of events:              576

Latency (ms):
         min:                                  567.81
         avg:                                  636.06
         max:                                  728.32
         95th percentile:                      634.66
         sum:                               366368.35

Threads fairness:
    events (avg/stddev):           16.0000/0.00
    execution time (avg/stddev):   10.1769/0.03

sysbench 1.0.19 (using bundled LuaJIT 2.1.0-beta2)

Running the test with following options:
Number of threads: 36
Validation checks: on.

Initializing random number generator from current time


Prime numbers limit: 1000000

Initializing worker threads...

Threads started!

Latency histogram (values are in milliseconds)
       value  ------------- distribution ------------- count
     569.667 |                                         1
     590.556 |                                         1
     601.286 |*                                        7
     612.211 |*                                        9
     623.335 |*                                        14
     634.661 |**************************************** 527
     646.192 |                                         2
     657.933 |                                         4
     669.888 |                                         3
     682.059 |                                         2
     694.452 |                                         2
     707.070 |                                         2
     719.917 |                                         1
     732.998 |                                         1
 
CPU speed:
    events per second:    56.01

General statistics:
    total time:                          10.2824s
    total number of events:              576

Latency (ms):
         min:                                  571.07
         avg:                                  636.00
         max:                                  736.26
         95th percentile:                      634.66
         sum:                               366337.23

Threads fairness:
    events (avg/stddev):           16.0000/0.00
    execution time (avg/stddev):   10.1760/0.03

sysbench 1.0.19 (using bundled LuaJIT 2.1.0-beta2)

Running the test with following options:
Number of threads: 36
Validation checks: on.

Initializing random number generator from current time


Prime numbers limit: 1000000

Initializing worker threads...

Threads started!

Latency histogram (values are in milliseconds)
       value  ------------- distribution ------------- count
     569.667 |                                         1
     590.556 |                                         4
     601.286 |*                                        8
     612.211 |                                         5
     623.335 |*                                        10
     634.661 |**************************************** 537
     646.192 |                                         3
     657.933 |                                         2
     669.888 |                                         1
     682.059 |                                         2
     694.452 |                                         1
     707.070 |                                         2
 
CPU speed:
    events per second:    55.97

General statistics:
    total time:                          10.2906s
    total number of events:              576

Latency (ms):
         min:                                  570.29
         avg:                                  635.65
         max:                                  712.25
         95th percentile:                      634.66
         sum:                               366135.40

Threads fairness:
    events (avg/stddev):           16.0000/0.00
    execution time (avg/stddev):   10.1704/0.03

sysbench 1.0.19 (using bundled LuaJIT 2.1.0-beta2)

Running the test with following options:
Number of threads: 36
Validation checks: on.

Initializing random number generator from current time


Prime numbers limit: 1000000

Initializing worker threads...

Threads started!

Latency histogram (values are in milliseconds)
       value  ------------- distribution ------------- count
     569.667 |                                         1
     590.556 |                                         1
     601.286 |                                         5
     612.211 |*                                        14
     623.335 |*                                        11
     634.661 |**************************************** 526
     646.192 |*                                        8
     657.933 |                                         4
     669.888 |                                         3
     682.059 |                                         1
     694.452 |                                         1
     707.070 |                                         1
 
CPU speed:
    events per second:    56.01

General statistics:
    total time:                          10.2818s
    total number of events:              576

Latency (ms):
         min:                                  570.98
         avg:                                  635.63
         max:                                  704.18
         95th percentile:                      634.66
         sum:                               366125.50

Threads fairness:
    events (avg/stddev):           16.0000/0.00
    execution time (avg/stddev):   10.1702/0.02

sysbench 1.0.19 (using bundled LuaJIT 2.1.0-beta2)

Running the test with following options:
Number of threads: 36
Validation checks: on.

Initializing random number generator from current time


Prime numbers limit: 1000000

Initializing worker threads...

Threads started!

Latency histogram (values are in milliseconds)
       value  ------------- distribution ------------- count
     580.017 |                                         1
     590.556 |                                         2
     601.286 |                                         5
     612.211 |*                                        14
     623.335 |*                                        10
     634.661 |**************************************** 524
     646.192 |                                         2
     657.933 |                                         3
     669.888 |                                         3
     682.059 |                                         3
     694.452 |                                         4
     707.070 |                                         1
     719.917 |                                         1
     732.998 |                                         2
     773.683 |                                         1
 
CPU speed:
    events per second:    55.74

General statistics:
    total time:                          10.3326s
    total number of events:              576

Latency (ms):
         min:                                  578.64
         avg:                                  636.61
         max:                                  776.71
         95th percentile:                      634.66
         sum:                               366688.01

Threads fairness:
    events (avg/stddev):           16.0000/0.00
    execution time (avg/stddev):   10.1858/0.04

