mixbench/read-only (v0.03-1-g3ace732)
------------------------ Device specifications ------------------------
Device:              Tesla K80
CUDA driver version: 10.10
GPU clock rate:      823 MHz
Memory clock rate:   1252 MHz
Memory bus width:    384 bits
WarpSize:            32
L2 cache size:       1536 KB
Total global mem:    11441 MB
ECC enabled:         Yes
Compute Capability:  3.7
Total SPs:           2496 (13 MPs x 192 SPs/MP)
Compute throughput:  4110.91 GFlops (theoretical single precision FMAs)
Memory bandwidth:    240.48 GB/sec
-----------------------------------------------------------------------
Total GPU memory 11996954624, free 11926437888
Buffer size:          256MB
Trade-off type:       compute with global memory (block strided)
Elements per thread:  8
Thread fusion degree: 4
Warning:              Half precision computations are not supported
----------------------------------------------------------------------------- CSV data -----------------------------------------------------------------------------
Experiment ID, Single Precision ops,,,,              Double precision ops,,,,              Half precision ops,,,,                Integer operations,,, 
Compute iters, Flops/byte, ex.time,  GFLOPS, GB/sec, Flops/byte, ex.time,  GFLOPS, GB/sec, Flops/byte, ex.time,  GFLOPS, GB/sec, Iops/byte, ex.time,   GIOPS, GB/sec
            0,      0.250,    0.81,   41.18, 164.73,      0.125,    1.67,   20.13, 161.03,      0.500,    0.00,     inf,    inf,     0.250,    0.81,   41.18, 164.73
            1,      0.750,    0.82,  123.19, 164.25,      0.375,    1.66,   60.47, 161.26,      1.500,    0.00,     inf,    inf,     0.750,    0.82,  123.19, 164.26
            2,      1.250,    0.81,  205.98, 164.79,      0.625,    1.67,  100.56, 160.90,      2.500,    0.00,     inf,    inf,     1.250,    0.81,  205.97, 164.78
            3,      1.750,    0.82,  287.90, 164.51,      0.875,    1.67,  140.78, 160.89,      3.500,    0.00,     inf,    inf,     1.750,    0.82,  287.91, 164.52
            4,      2.250,    0.81,  371.02, 164.90,      1.125,    1.67,  181.36, 161.21,      4.500,    0.00,     inf,    inf,     2.250,    0.82,  367.46, 163.32
            5,      2.750,    0.81,  453.66, 164.97,      1.375,    1.67,  221.37, 160.99,      5.500,    0.00,     inf,    inf,     2.750,    0.83,  444.28, 161.56
            6,      3.250,    0.82,  534.38, 164.42,      1.625,    1.67,  261.96, 161.21,      6.500,    0.00,     inf,    inf,     3.250,    0.84,  518.98, 159.69
            7,      3.750,    0.82,  615.43, 164.12,      1.875,    1.66,  302.53, 161.35,      7.500,    0.00,     inf,    inf,     3.750,    0.89,  566.65, 151.11
            8,      4.250,    0.81,  700.34, 164.79,      2.125,    1.67,  342.38, 161.12,      8.500,    0.00,     inf,    inf,     4.250,    1.11,  513.30, 120.78
            9,      4.750,    0.82,  778.79, 163.96,      2.375,    1.67,  382.38, 161.00,      9.500,    0.00,     inf,    inf,     4.750,    1.01,  630.95, 132.83
           10,      5.250,    0.82,  861.91, 164.17,      2.625,    1.67,  422.76, 161.05,     10.500,    0.00,     inf,    inf,     5.250,    1.09,  644.58, 122.78
           11,      5.750,    0.82,  941.71, 163.78,      2.875,    1.67,  463.32, 161.16,     11.500,    0.00,     inf,    inf,     5.750,    1.19,  647.70, 112.64
           12,      6.250,    0.82, 1020.93, 163.35,      3.125,    1.67,  503.35, 161.07,     12.500,    0.00,     inf,    inf,     6.250,    1.47,  570.08,  91.21
           13,      6.750,    0.82, 1107.04, 164.01,      3.375,    1.67,  543.76, 161.11,     13.500,    0.00,     inf,    inf,     6.750,    1.38,  654.84,  97.01
           14,      7.250,    0.82, 1189.61, 164.08,      3.625,    1.67,  583.10, 160.86,     14.500,    0.00,     inf,    inf,     7.250,    1.47,  661.13,  91.19
           15,      7.750,    0.82, 1268.32, 163.65,      3.875,    1.67,  624.33, 161.12,     15.500,    0.00,     inf,    inf,     7.750,    1.56,  666.81,  86.04
           16,      8.250,    0.82, 1356.66, 164.44,      4.125,    1.67,  663.20, 160.78,     16.500,    0.00,     inf,    inf,     8.250,    1.85,  597.89,  72.47
           17,      8.750,    0.82, 1426.08, 162.98,      4.375,    1.67,  701.24, 160.28,     17.500,    0.00,     inf,    inf,     8.750,    1.75,  672.47,  76.85
           18,      9.250,    0.82, 1512.57, 163.52,      4.625,    1.67,  742.87, 160.62,     18.500,    0.00,     inf,    inf,     9.250,    1.84,  676.26,  73.11
           20,     10.250,    0.82, 1669.71, 162.90,      5.125,    1.68,  819.57, 159.92,     20.500,    0.00,     inf,    inf,    10.250,    2.23,  617.23,  60.22
           22,     11.250,    0.83, 1824.10, 162.14,      5.625,    1.68,  896.85, 159.44,     22.500,    0.00,     inf,    inf,    11.250,    2.20,  684.84,  60.87
           24,     12.250,    0.83, 1991.56, 162.58,      6.125,    1.69,  975.72, 159.30,     24.500,    0.00,     inf,    inf,    12.250,    2.61,  629.97,  51.43
           28,     14.250,    0.83, 2292.98, 160.91,      7.125,    1.73, 1103.23, 154.84,     28.500,    0.00,     inf,    inf,    14.250,    2.99,  639.25,  44.86
           32,     16.250,    0.85, 2579.47, 158.74,      8.125,    1.81, 1202.26, 147.97,     32.500,    0.00,     inf,    inf,    16.250,    3.36,  648.35,  39.90
           40,     20.250,    0.93, 2935.56, 144.97,     10.125,    2.09, 1302.66, 128.66,     40.500,    0.00,     inf,    inf,    20.250,    4.13,  658.56,  32.52
           48,     24.250,    1.03, 3161.40, 130.37,     12.125,    2.45, 1327.17, 109.46,     48.500,    0.00,     inf,    inf,    24.250,    4.89,  665.53,  27.44
           56,     28.250,    1.18, 3208.91, 113.59,     14.125,    2.84, 1335.54,  94.55,     56.500,    0.00,     inf,    inf,    28.250,    5.66,  670.40,  23.73
           64,     32.250,    1.33, 3259.27, 101.06,     16.125,    3.22, 1345.59,  83.45,     64.500,    0.00,     inf,    inf,    32.250,    6.40,  676.68,  20.98
           80,     40.250,    1.63, 3312.16,  82.29,     20.125,    3.98, 1358.63,  67.51,     80.500,    0.00,     inf,    inf,    40.250,    7.93,  680.92,  16.92
           96,     48.250,    1.93, 3349.47,  69.42,     24.125,    4.74, 1367.40,  56.68,     96.500,    0.00,     inf,    inf,    48.250,    9.45,  685.03,  14.20
          128,     64.250,    2.54, 3397.26,  52.88,     32.125,    6.26, 1377.14,  42.87,    128.500,    0.00,     inf,    inf,    64.250,   12.52,  689.01,  10.72
          192,     96.250,    3.89, 3317.76,  34.47,     48.125,    9.32, 1386.81,  28.82,    192.500,    0.00,     inf,    inf,    96.250,   18.52,  697.49,   7.25
          256,    128.250,    6.40, 2691.39,  20.99,     64.125,   12.71, 1354.71,  21.13,    256.500,    0.00,     inf,    inf,   128.250,   24.63,  698.96,   5.45
--------------------------------------------------------------------------------------------------------------------------------------------------------------------
mixbench/read-only (v0.03-1-g3ace732)
------------------------ Device specifications ------------------------
Device:              Tesla K80
CUDA driver version: 10.10
GPU clock rate:      823 MHz
Memory clock rate:   1252 MHz
Memory bus width:    384 bits
WarpSize:            32
L2 cache size:       1536 KB
Total global mem:    11441 MB
ECC enabled:         Yes
Compute Capability:  3.7
Total SPs:           2496 (13 MPs x 192 SPs/MP)
Compute throughput:  4110.91 GFlops (theoretical single precision FMAs)
Memory bandwidth:    240.48 GB/sec
-----------------------------------------------------------------------
Total GPU memory 11996954624, free 11926437888
Buffer size:          256MB
Trade-off type:       compute with global memory (block strided)
Elements per thread:  8
Thread fusion degree: 4
Warning:              Half precision computations are not supported
----------------------------------------------------------------------------- CSV data -----------------------------------------------------------------------------
Experiment ID, Single Precision ops,,,,              Double precision ops,,,,              Half precision ops,,,,                Integer operations,,, 
Compute iters, Flops/byte, ex.time,  GFLOPS, GB/sec, Flops/byte, ex.time,  GFLOPS, GB/sec, Flops/byte, ex.time,  GFLOPS, GB/sec, Iops/byte, ex.time,   GIOPS, GB/sec
            0,      0.250,    0.82,   41.03, 164.12,      0.125,    1.67,   20.14, 161.11,      0.500,    0.00,     inf,    inf,     0.250,    0.82,   40.99, 163.95
            1,      0.750,    0.82,  123.18, 164.24,      0.375,    1.66,   60.50, 161.33,      1.500,    0.00,     inf,    inf,     0.750,    0.81,  123.60, 164.81
            2,      1.250,    0.81,  206.10, 164.88,      0.625,    1.67,  100.76, 161.21,      2.500,    0.00,     inf,    inf,     1.250,    0.82,  205.63, 164.50
            3,      1.750,    0.82,  287.66, 164.38,      0.875,    1.66,  141.15, 161.31,      3.500,    0.00,     inf,    inf,     1.750,    0.82,  287.60, 164.34
            4,      2.250,    0.81,  371.28, 165.01,      1.125,    1.67,  181.06, 160.94,      4.500,    0.00,     inf,    inf,     2.250,    0.82,  367.55, 163.36
            5,      2.750,    0.81,  454.73, 165.36,      1.375,    1.66,  221.69, 161.23,      5.500,    0.00,     inf,    inf,     2.750,    0.83,  444.21, 161.53
            6,      3.250,    0.82,  534.51, 164.46,      1.625,    1.67,  261.94, 161.19,      6.500,    0.00,     inf,    inf,     3.250,    0.84,  521.08, 160.33
            7,      3.750,    0.82,  616.33, 164.35,      1.875,    1.67,  302.09, 161.11,      7.500,    0.00,     inf,    inf,     3.750,    0.88,  568.87, 151.70
            8,      4.250,    0.82,  699.87, 164.68,      2.125,    1.66,  342.61, 161.23,      8.500,    0.00,     inf,    inf,     4.250,    1.11,  513.16, 120.74
            9,      4.750,    0.82,  781.54, 164.53,      2.375,    1.67,  382.82, 161.19,      9.500,    0.00,     inf,    inf,     4.750,    1.00,  634.53, 133.59
           10,      5.250,    0.82,  863.47, 164.47,      2.625,    1.66,  423.62, 161.38,     10.500,    0.00,     inf,    inf,     5.250,    1.09,  643.67, 122.60
           11,      5.750,    0.82,  945.92, 164.51,      2.875,    1.66,  464.02, 161.40,     11.500,    0.00,     inf,    inf,     5.750,    1.19,  649.40, 112.94
           12,      6.250,    0.82, 1029.06, 164.65,      3.125,    1.66,  504.56, 161.46,     12.500,    0.00,     inf,    inf,     6.250,    1.47,  571.77,  91.48
           13,      6.750,    0.81, 1111.70, 164.70,      3.375,    1.66,  544.66, 161.38,     13.500,    0.00,     inf,    inf,     6.750,    1.38,  656.70,  97.29
           14,      7.250,    0.82, 1190.68, 164.23,      3.625,    1.67,  583.30, 160.91,     14.500,    0.00,     inf,    inf,     7.250,    1.47,  662.70,  91.41
           15,      7.750,    0.82, 1268.72, 163.71,      3.875,    1.67,  622.65, 160.68,     15.500,    0.00,     inf,    inf,     7.750,    1.56,  665.93,  85.93
           16,      8.250,    0.82, 1354.17, 164.14,      4.125,    1.67,  663.31, 160.80,     16.500,    0.00,     inf,    inf,     8.250,    1.85,  598.73,  72.57
           17,      8.750,    0.82, 1431.70, 163.62,      4.375,    1.67,  701.76, 160.40,     17.500,    0.00,     inf,    inf,     8.750,    1.75,  671.52,  76.75
           18,      9.250,    0.82, 1514.63, 163.74,      4.625,    1.67,  744.30, 160.93,     18.500,    0.00,     inf,    inf,     9.250,    1.84,  676.14,  73.10
           20,     10.250,    0.82, 1678.31, 163.74,      5.125,    1.68,  820.31, 160.06,     20.500,    0.00,     inf,    inf,    10.250,    2.23,  616.76,  60.17
           22,     11.250,    0.82, 1834.17, 163.04,      5.625,    1.68,  897.22, 159.51,     22.500,    0.00,     inf,    inf,    11.250,    2.20,  685.90,  60.97
           24,     12.250,    0.82, 1997.52, 163.06,      6.125,    1.69,  974.70, 159.13,     24.500,    0.00,     inf,    inf,    12.250,    2.61,  630.96,  51.51
           28,     14.250,    0.83, 2296.95, 161.19,      7.125,    1.73, 1104.48, 155.01,     28.500,    0.00,     inf,    inf,    14.250,    2.99,  639.21,  44.86
           32,     16.250,    0.84, 2582.01, 158.89,      8.125,    1.81, 1206.54, 148.50,     32.500,    0.00,     inf,    inf,    16.250,    3.37,  646.94,  39.81
           40,     20.250,    0.93, 2930.09, 144.70,     10.125,    2.08, 1306.29, 129.02,     40.500,    0.00,     inf,    inf,    20.250,    4.13,  658.20,  32.50
           48,     24.250,    1.04, 3138.00, 129.40,     12.125,    2.45, 1326.72, 109.42,     48.500,    0.00,     inf,    inf,    24.250,    4.89,  665.24,  27.43
           56,     28.250,    1.19, 3190.34, 112.93,     14.125,    2.84, 1335.43,  94.54,     56.500,    0.00,     inf,    inf,    28.250,    5.66,  669.83,  23.71
           64,     32.250,    1.33, 3255.27, 100.94,     16.125,    3.21, 1346.46,  83.50,     64.500,    0.00,     inf,    inf,    32.250,    6.40,  676.18,  20.97
           80,     40.250,    1.63, 3314.04,  82.34,     20.125,    3.98, 1357.19,  67.44,     80.500,    0.00,     inf,    inf,    40.250,    7.93,  681.66,  16.94
           96,     48.250,    1.93, 3359.43,  69.63,     24.125,    4.74, 1366.42,  56.64,     96.500,    0.00,     inf,    inf,    48.250,    9.45,  685.10,  14.20
          128,     64.250,    2.54, 3394.26,  52.83,     32.125,    6.26, 1377.34,  42.87,    128.500,    0.00,     inf,    inf,    64.250,   12.56,  686.53,  10.69
          192,     96.250,    3.90, 3313.89,  34.43,     48.125,    9.32, 1385.68,  28.79,    192.500,    0.00,     inf,    inf,    96.250,   18.58,  695.27,   7.22
          256,    128.250,    6.38, 2696.80,  21.03,     64.125,   12.72, 1353.35,  21.10,    256.500,    0.00,     inf,    inf,   128.250,   24.68,  697.35,   5.44
--------------------------------------------------------------------------------------------------------------------------------------------------------------------
mixbench/read-only (v0.03-1-g3ace732)
------------------------ Device specifications ------------------------
Device:              Tesla K80
CUDA driver version: 10.10
GPU clock rate:      823 MHz
Memory clock rate:   1252 MHz
Memory bus width:    384 bits
WarpSize:            32
L2 cache size:       1536 KB
Total global mem:    11441 MB
ECC enabled:         Yes
Compute Capability:  3.7
Total SPs:           2496 (13 MPs x 192 SPs/MP)
Compute throughput:  4110.91 GFlops (theoretical single precision FMAs)
Memory bandwidth:    240.48 GB/sec
-----------------------------------------------------------------------
Total GPU memory 11996954624, free 11926437888
Buffer size:          256MB
Trade-off type:       compute with global memory (block strided)
Elements per thread:  8
Thread fusion degree: 4
Warning:              Half precision computations are not supported
----------------------------------------------------------------------------- CSV data -----------------------------------------------------------------------------
Experiment ID, Single Precision ops,,,,              Double precision ops,,,,              Half precision ops,,,,                Integer operations,,, 
Compute iters, Flops/byte, ex.time,  GFLOPS, GB/sec, Flops/byte, ex.time,  GFLOPS, GB/sec, Flops/byte, ex.time,  GFLOPS, GB/sec, Iops/byte, ex.time,   GIOPS, GB/sec
            0,      0.250,    0.82,   41.12, 164.49,      0.125,    1.67,   20.13, 161.05,      0.500,    0.00,     inf,    inf,     0.250,    0.82,   40.84, 163.34
            1,      0.750,    0.82,  122.31, 163.08,      0.375,    1.67,   60.23, 160.61,      1.500,    0.00,     inf,    inf,     0.750,    0.82,  122.89, 163.85
            2,      1.250,    0.82,  204.65, 163.72,      0.625,    1.67,  100.40, 160.63,      2.500,    0.00,     inf,    inf,     1.250,    0.82,  203.37, 162.70
            3,      1.750,    0.82,  286.69, 163.82,      0.875,    1.67,  140.67, 160.77,      3.500,    0.00,     inf,    inf,     1.750,    0.82,  284.72, 162.70
            4,      2.250,    0.82,  368.70, 163.87,      1.125,    1.67,  180.95, 160.85,      4.500,    0.00,     inf,    inf,     2.250,    0.83,  364.27, 161.90
            5,      2.750,    0.82,  451.46, 164.17,      1.375,    1.67,  221.28, 160.93,      5.500,    0.00,     inf,    inf,     2.750,    0.83,  442.81, 161.02
            6,      3.250,    0.82,  530.82, 163.33,      1.625,    1.67,  261.80, 161.11,      6.500,    0.00,     inf,    inf,     3.250,    0.84,  517.11, 159.11
            7,      3.750,    0.82,  610.73, 162.86,      1.875,    1.67,  301.75, 160.94,      7.500,    0.00,     inf,    inf,     3.750,    0.89,  565.82, 150.89
            8,      4.250,    0.82,  698.34, 164.31,      2.125,    1.67,  341.69, 160.80,      8.500,    0.00,     inf,    inf,     4.250,    1.12,  510.59, 120.14
            9,      4.750,    0.82,  777.84, 163.76,      2.375,    1.67,  382.56, 161.08,      9.500,    0.00,     inf,    inf,     4.750,    1.01,  630.99, 132.84
           10,      5.250,    0.82,  861.88, 164.17,      2.625,    1.67,  422.87, 161.09,     10.500,    0.00,     inf,    inf,     5.250,    1.10,  641.11, 122.12
           11,      5.750,    0.82,  940.57, 163.58,      2.875,    1.66,  463.73, 161.30,     11.500,    0.00,     inf,    inf,     5.750,    1.19,  648.21, 112.73
           12,      6.250,    0.82, 1026.00, 164.16,      3.125,    1.67,  503.27, 161.05,     12.500,    0.00,     inf,    inf,     6.250,    1.47,  570.92,  91.35
           13,      6.750,    0.82, 1108.21, 164.18,      3.375,    1.67,  543.10, 160.92,     13.500,    0.00,     inf,    inf,     6.750,    1.39,  653.85,  96.87
           14,      7.250,    0.82, 1184.32, 163.36,      3.625,    1.67,  583.35, 160.92,     14.500,    0.00,     inf,    inf,     7.250,    1.47,  662.31,  91.35
           15,      7.750,    0.82, 1266.25, 163.39,      3.875,    1.67,  623.70, 160.95,     15.500,    0.00,     inf,    inf,     7.750,    1.56,  664.85,  85.79
           16,      8.250,    0.82, 1351.05, 163.76,      4.125,    1.67,  662.35, 160.57,     16.500,    0.00,     inf,    inf,     8.250,    1.85,  597.69,  72.45
           17,      8.750,    0.83, 1416.99, 161.94,      4.375,    1.68,  700.93, 160.21,     17.500,    0.00,     inf,    inf,     8.750,    1.75,  670.33,  76.61
           18,      9.250,    0.82, 1518.31, 164.14,      4.625,    1.67,  742.56, 160.55,     18.500,    0.00,     inf,    inf,     9.250,    1.84,  675.66,  73.04
           20,     10.250,    0.82, 1674.72, 163.39,      5.125,    1.68,  820.00, 160.00,     20.500,    0.00,     inf,    inf,    10.250,    2.23,  616.54,  60.15
           22,     11.250,    0.83, 1826.36, 162.34,      5.625,    1.68,  896.61, 159.40,     22.500,    0.00,     inf,    inf,    11.250,    2.21,  684.65,  60.86
           24,     12.250,    0.83, 1977.00, 161.39,      6.125,    1.69,  971.22, 158.57,     24.500,    0.00,     inf,    inf,    12.250,    2.61,  629.82,  51.41
           28,     14.250,    0.84, 2281.86, 160.13,      7.125,    1.74, 1100.07, 154.40,     28.500,    0.00,     inf,    inf,    14.250,    2.99,  638.77,  44.83
           32,     16.250,    0.86, 2547.75, 156.78,      8.125,    1.81, 1203.60, 148.14,     32.500,    0.00,     inf,    inf,    16.250,    3.38,  645.31,  39.71
           40,     20.250,    0.94, 2888.64, 142.65,     10.125,    2.09, 1302.12, 128.60,     40.500,    0.00,     inf,    inf,    20.250,    4.14,  656.58,  32.42
           48,     24.250,    1.04, 3115.60, 128.48,     12.125,    2.46, 1322.24, 109.05,     48.500,    0.00,     inf,    inf,    24.250,    4.90,  664.88,  27.42
           56,     28.250,    1.20, 3170.11, 112.22,     14.125,    2.85, 1332.00,  94.30,     56.500,    0.00,     inf,    inf,    28.250,    5.67,  669.27,  23.69
           64,     32.250,    1.34, 3228.08, 100.10,     16.125,    3.23, 1339.15,  83.05,     64.500,    0.00,     inf,    inf,    32.250,    6.42,  674.58,  20.92
           80,     40.250,    1.65, 3282.79,  81.56,     20.125,    3.99, 1354.83,  67.32,     80.500,    0.00,     inf,    inf,    40.250,    7.96,  679.01,  16.87
           96,     48.250,    1.95, 3327.44,  68.96,     24.125,    4.75, 1362.14,  56.46,     96.500,    0.00,     inf,    inf,    48.250,    9.47,  683.78,  14.17
          128,     64.250,    2.55, 3386.07,  52.70,     32.125,    6.28, 1373.55,  42.76,    128.500,    0.00,     inf,    inf,    64.250,   12.60,  684.18,  10.65
          192,     96.250,    3.91, 3303.86,  34.33,     48.125,    9.33, 1383.99,  28.76,    192.500,    0.00,     inf,    inf,    96.250,   18.58,  695.11,   7.22
          256,    128.250,    6.40, 2689.03,  20.97,     64.125,   12.70, 1355.18,  21.13,    256.500,    0.00,     inf,    inf,   128.250,   24.71,  696.75,   5.43
--------------------------------------------------------------------------------------------------------------------------------------------------------------------
mixbench/read-only (v0.03-1-g3ace732)
------------------------ Device specifications ------------------------
Device:              Tesla K80
CUDA driver version: 10.10
GPU clock rate:      823 MHz
Memory clock rate:   1252 MHz
Memory bus width:    384 bits
WarpSize:            32
L2 cache size:       1536 KB
Total global mem:    11441 MB
ECC enabled:         Yes
Compute Capability:  3.7
Total SPs:           2496 (13 MPs x 192 SPs/MP)
Compute throughput:  4110.91 GFlops (theoretical single precision FMAs)
Memory bandwidth:    240.48 GB/sec
-----------------------------------------------------------------------
Total GPU memory 11996954624, free 11926437888
Buffer size:          256MB
Trade-off type:       compute with global memory (block strided)
Elements per thread:  8
Thread fusion degree: 4
Warning:              Half precision computations are not supported
----------------------------------------------------------------------------- CSV data -----------------------------------------------------------------------------
Experiment ID, Single Precision ops,,,,              Double precision ops,,,,              Half precision ops,,,,                Integer operations,,, 
Compute iters, Flops/byte, ex.time,  GFLOPS, GB/sec, Flops/byte, ex.time,  GFLOPS, GB/sec, Flops/byte, ex.time,  GFLOPS, GB/sec, Iops/byte, ex.time,   GIOPS, GB/sec
            0,      0.250,    0.82,   41.10, 164.42,      0.125,    1.67,   20.13, 161.07,      0.500,    0.00,     inf,    inf,     0.250,    0.82,   41.02, 164.06
            1,      0.750,    0.82,  122.60, 163.46,      0.375,    1.66,   60.49, 161.30,      1.500,    0.00,     inf,    inf,     0.750,    0.82,  123.14, 164.19
            2,      1.250,    0.82,  205.61, 164.49,      0.625,    1.66,  100.77, 161.24,      2.500,    0.00,     inf,    inf,     1.250,    0.82,  205.29, 164.23
            3,      1.750,    0.82,  287.89, 164.51,      0.875,    1.66,  141.25, 161.43,      3.500,    0.00,     inf,    inf,     1.750,    0.82,  286.72, 163.84
            4,      2.250,    0.82,  369.25, 164.11,      1.125,    1.66,  181.42, 161.26,      4.500,    0.00,     inf,    inf,     2.250,    0.82,  367.92, 163.52
            5,      2.750,    0.82,  450.65, 163.87,      1.375,    1.67,  221.44, 161.05,      5.500,    0.00,     inf,    inf,     2.750,    0.83,  444.45, 161.62
            6,      3.250,    0.82,  534.32, 164.41,      1.625,    1.67,  261.78, 161.09,      6.500,    0.00,     inf,    inf,     3.250,    0.84,  520.94, 160.29
            7,      3.750,    0.82,  616.23, 164.33,      1.875,    1.67,  301.75, 160.94,      7.500,    0.00,     inf,    inf,     3.750,    0.89,  566.68, 151.11
            8,      4.250,    0.82,  699.41, 164.57,      2.125,    1.67,  342.39, 161.12,      8.500,    0.00,     inf,    inf,     4.250,    1.11,  511.88, 120.44
            9,      4.750,    0.82,  778.21, 163.83,      2.375,    1.66,  382.97, 161.25,      9.500,    0.00,     inf,    inf,     4.750,    1.01,  632.51, 133.16
           10,      5.250,    0.82,  863.60, 164.50,      2.625,    1.66,  423.70, 161.41,     10.500,    0.00,     inf,    inf,     5.250,    1.10,  641.93, 122.27
           11,      5.750,    0.82,  945.37, 164.41,      2.875,    1.66,  464.19, 161.46,     11.500,    0.00,     inf,    inf,     5.750,    1.19,  649.15, 112.90
           12,      6.250,    0.81, 1030.16, 164.83,      3.125,    1.67,  503.65, 161.17,     12.500,    0.00,     inf,    inf,     6.250,    1.47,  571.02,  91.36
           13,      6.750,    0.82, 1101.70, 163.22,      3.375,    1.67,  542.95, 160.87,     13.500,    0.00,     inf,    inf,     6.750,    1.38,  654.62,  96.98
           14,      7.250,    0.82, 1190.91, 164.26,      3.625,    1.67,  584.33, 161.20,     14.500,    0.00,     inf,    inf,     7.250,    1.47,  663.57,  91.53
           15,      7.750,    0.82, 1267.48, 163.55,      3.875,    1.67,  624.15, 161.07,     15.500,    0.00,     inf,    inf,     7.750,    1.56,  667.68,  86.15
           16,      8.250,    0.82, 1351.15, 163.78,      4.125,    1.67,  663.68, 160.89,     16.500,    0.00,     inf,    inf,     8.250,    1.85,  598.62,  72.56
           17,      8.750,    0.82, 1435.39, 164.05,      4.375,    1.67,  702.15, 160.49,     17.500,    0.00,     inf,    inf,     8.750,    1.75,  671.01,  76.69
           18,      9.250,    0.82, 1517.06, 164.01,      4.625,    1.67,  743.78, 160.82,     18.500,    0.00,     inf,    inf,     9.250,    1.84,  676.28,  73.11
           20,     10.250,    0.82, 1674.78, 163.39,      5.125,    1.68,  821.00, 160.19,     20.500,    0.00,     inf,    inf,    10.250,    2.23,  617.56,  60.25
           22,     11.250,    0.82, 1836.67, 163.26,      5.625,    1.68,  898.11, 159.66,     22.500,    0.00,     inf,    inf,    11.250,    2.20,  684.89,  60.88
           24,     12.250,    0.82, 1993.49, 162.73,      6.125,    1.69,  974.44, 159.09,     24.500,    0.00,     inf,    inf,    12.250,    2.61,  630.44,  51.46
           28,     14.250,    0.83, 2297.48, 161.23,      7.125,    1.73, 1102.66, 154.76,     28.500,    0.00,     inf,    inf,    14.250,    2.99,  640.36,  44.94
           32,     16.250,    0.84, 2587.60, 159.24,      8.125,    1.81, 1203.37, 148.11,     32.500,    0.00,     inf,    inf,    16.250,    3.37,  646.74,  39.80
           40,     20.250,    0.93, 2934.85, 144.93,     10.125,    2.09, 1302.52, 128.64,     40.500,    0.00,     inf,    inf,    20.250,    4.13,  657.30,  32.46
           48,     24.250,    1.03, 3163.17, 130.44,     12.125,    2.46, 1325.10, 109.29,     48.500,    0.00,     inf,    inf,    24.250,    4.89,  666.03,  27.47
           56,     28.250,    1.18, 3207.87, 113.55,     14.125,    2.84, 1334.92,  94.51,     56.500,    0.00,     inf,    inf,    28.250,    5.66,  670.04,  23.72
           64,     32.250,    1.34, 3229.24, 100.13,     16.125,    3.22, 1344.02,  83.35,     64.500,    0.00,     inf,    inf,    32.250,    6.42,  674.33,  20.91
           80,     40.250,    1.64, 3289.95,  81.74,     20.125,    3.98, 1358.29,  67.49,     80.500,    0.00,     inf,    inf,    40.250,    7.93,  681.24,  16.93
           96,     48.250,    1.95, 3329.25,  69.00,     24.125,    4.75, 1363.92,  56.54,     96.500,    0.00,     inf,    inf,    48.250,    9.47,  683.61,  14.17
          128,     64.250,    2.55, 3383.69,  52.66,     32.125,    6.27, 1374.67,  42.79,    128.500,    0.00,     inf,    inf,    64.250,   12.54,  687.88,  10.71
          192,     96.250,    3.90, 3312.37,  34.41,     48.125,    9.36, 1379.62,  28.67,    192.500,    0.00,     inf,    inf,    96.250,   18.53,  697.28,   7.24
          256,    128.250,    6.41, 2684.71,  20.93,     64.125,   12.71, 1354.66,  21.13,    256.500,    0.00,     inf,    inf,   128.250,   24.66,  697.92,   5.44
--------------------------------------------------------------------------------------------------------------------------------------------------------------------
mixbench/read-only (v0.03-1-g3ace732)
------------------------ Device specifications ------------------------
Device:              Tesla K80
CUDA driver version: 10.10
GPU clock rate:      823 MHz
Memory clock rate:   1252 MHz
Memory bus width:    384 bits
WarpSize:            32
L2 cache size:       1536 KB
Total global mem:    11441 MB
ECC enabled:         Yes
Compute Capability:  3.7
Total SPs:           2496 (13 MPs x 192 SPs/MP)
Compute throughput:  4110.91 GFlops (theoretical single precision FMAs)
Memory bandwidth:    240.48 GB/sec
-----------------------------------------------------------------------
Total GPU memory 11996954624, free 11926437888
Buffer size:          256MB
Trade-off type:       compute with global memory (block strided)
Elements per thread:  8
Thread fusion degree: 4
Warning:              Half precision computations are not supported
----------------------------------------------------------------------------- CSV data -----------------------------------------------------------------------------
Experiment ID, Single Precision ops,,,,              Double precision ops,,,,              Half precision ops,,,,                Integer operations,,, 
Compute iters, Flops/byte, ex.time,  GFLOPS, GB/sec, Flops/byte, ex.time,  GFLOPS, GB/sec, Flops/byte, ex.time,  GFLOPS, GB/sec, Iops/byte, ex.time,   GIOPS, GB/sec
            0,      0.250,    0.82,   41.14, 164.58,      0.125,    1.67,   20.13, 161.01,      0.500,    0.00,     inf,    inf,     0.250,    0.81,   41.23, 164.94
            1,      0.750,    0.82,  123.25, 164.33,      0.375,    1.66,   60.50, 161.34,      1.500,    0.00,     inf,    inf,     0.750,    0.82,  122.73, 163.64
            2,      1.250,    0.82,  204.84, 163.87,      0.625,    1.67,  100.60, 160.96,      2.500,    0.00,     inf,    inf,     1.250,    0.82,  204.42, 163.53
            3,      1.750,    0.82,  286.87, 163.92,      0.875,    1.67,  140.55, 160.62,      3.500,    0.00,     inf,    inf,     1.750,    0.82,  286.69, 163.82
            4,      2.250,    0.82,  369.93, 164.41,      1.125,    1.67,  181.02, 160.91,      4.500,    0.00,     inf,    inf,     2.250,    0.82,  367.18, 163.19
            5,      2.750,    0.82,  451.35, 164.13,      1.375,    1.67,  221.24, 160.90,      5.500,    0.00,     inf,    inf,     2.750,    0.83,  445.34, 161.94
            6,      3.250,    0.82,  534.59, 164.49,      1.625,    1.67,  261.33, 160.82,      6.500,    0.00,     inf,    inf,     3.250,    0.84,  519.89, 159.97
            7,      3.750,    0.82,  615.17, 164.05,      1.875,    1.67,  301.73, 160.92,      7.500,    0.00,     inf,    inf,     3.750,    0.89,  566.80, 151.15
            8,      4.250,    0.82,  697.96, 164.22,      2.125,    1.67,  342.41, 161.13,      8.500,    0.00,     inf,    inf,     4.250,    1.12,  511.16, 120.27
            9,      4.750,    0.82,  779.73, 164.15,      2.375,    1.67,  382.79, 161.17,      9.500,    0.00,     inf,    inf,     4.750,    1.01,  633.06, 133.28
           10,      5.250,    0.82,  863.50, 164.48,      2.625,    1.67,  422.78, 161.06,     10.500,    0.00,     inf,    inf,     5.250,    1.09,  643.52, 122.58
           11,      5.750,    0.82,  946.18, 164.55,      2.875,    1.67,  463.29, 161.14,     11.500,    0.00,     inf,    inf,     5.750,    1.19,  648.03, 112.70
           12,      6.250,    0.82, 1025.52, 164.08,      3.125,    1.67,  502.95, 160.94,     12.500,    0.00,     inf,    inf,     6.250,    1.47,  571.56,  91.45
           13,      6.750,    0.82, 1109.47, 164.37,      3.375,    1.67,  544.07, 161.20,     13.500,    0.00,     inf,    inf,     6.750,    1.38,  655.77,  97.15
           14,      7.250,    0.82, 1188.40, 163.92,      3.625,    1.67,  583.74, 161.03,     14.500,    0.00,     inf,    inf,     7.250,    1.47,  662.11,  91.33
           15,      7.750,    0.82, 1269.86, 163.85,      3.875,    1.67,  623.48, 160.90,     15.500,    0.00,     inf,    inf,     7.750,    1.56,  666.28,  85.97
           16,      8.250,    0.82, 1353.95, 164.12,      4.125,    1.67,  663.87, 160.94,     16.500,    0.00,     inf,    inf,     8.250,    1.85,  597.96,  72.48
           17,      8.750,    0.82, 1429.25, 163.34,      4.375,    1.67,  702.06, 160.47,     17.500,    0.00,     inf,    inf,     8.750,    1.75,  670.49,  76.63
           18,      9.250,    0.82, 1517.65, 164.07,      4.625,    1.67,  743.09, 160.67,     18.500,    0.00,     inf,    inf,     9.250,    1.84,  675.71,  73.05
           20,     10.250,    0.82, 1683.77, 164.27,      5.125,    1.68,  820.59, 160.12,     20.500,    0.00,     inf,    inf,    10.250,    2.23,  615.87,  60.09
           22,     11.250,    0.83, 1829.98, 162.66,      5.625,    1.68,  898.68, 159.76,     22.500,    0.00,     inf,    inf,    11.250,    2.21,  683.72,  60.77
           24,     12.250,    0.83, 1985.48, 162.08,      6.125,    1.69,  974.86, 159.16,     24.500,    0.00,     inf,    inf,    12.250,    2.61,  630.59,  51.48
           28,     14.250,    0.83, 2293.33, 160.94,      7.125,    1.74, 1102.14, 154.69,     28.500,    0.00,     inf,    inf,    14.250,    2.99,  639.60,  44.88
           32,     16.250,    0.84, 2592.33, 159.53,      8.125,    1.81, 1202.33, 147.98,     32.500,    0.00,     inf,    inf,    16.250,    3.37,  647.39,  39.84
           40,     20.250,    0.93, 2928.98, 144.64,     10.125,    2.09, 1302.62, 128.65,     40.500,    0.00,     inf,    inf,    20.250,    4.13,  657.90,  32.49
           48,     24.250,    1.04, 3125.56, 128.89,     12.125,    2.46, 1323.48, 109.15,     48.500,    0.00,     inf,    inf,    24.250,    4.90,  664.25,  27.39
           56,     28.250,    1.19, 3174.95, 112.39,     14.125,    2.84, 1335.89,  94.58,     56.500,    0.00,     inf,    inf,    28.250,    5.65,  671.33,  23.76
           64,     32.250,    1.34, 3239.68, 100.46,     16.125,    3.22, 1343.61,  83.32,     64.500,    0.00,     inf,    inf,    32.250,    6.44,  672.37,  20.85
           80,     40.250,    1.64, 3292.26,  81.80,     20.125,    3.99, 1353.89,  67.27,     80.500,    0.00,     inf,    inf,    40.250,    7.95,  679.70,  16.89
           96,     48.250,    1.95, 3327.55,  68.96,     24.125,    4.74, 1365.87,  56.62,     96.500,    0.00,     inf,    inf,    48.250,    9.46,  684.46,  14.19
          128,     64.250,    2.54, 3389.91,  52.76,     32.125,    6.27, 1376.37,  42.84,    128.500,    0.00,     inf,    inf,    64.250,   12.58,  685.44,  10.67
          192,     96.250,    3.91, 3306.02,  34.35,     48.125,    9.33, 1384.96,  28.78,    192.500,    0.00,     inf,    inf,    96.250,   18.57,  695.65,   7.23
          256,    128.250,    6.41, 2684.42,  20.93,     64.125,   12.73, 1351.89,  21.08,    256.500,    0.00,     inf,    inf,   128.250,   24.70,  696.80,   5.43
--------------------------------------------------------------------------------------------------------------------------------------------------------------------
mixbench/read-only (v0.03-1-g3ace732)
------------------------ Device specifications ------------------------
Device:              Tesla K80
CUDA driver version: 10.10
GPU clock rate:      823 MHz
Memory clock rate:   1252 MHz
Memory bus width:    384 bits
WarpSize:            32
L2 cache size:       1536 KB
Total global mem:    11441 MB
ECC enabled:         Yes
Compute Capability:  3.7
Total SPs:           2496 (13 MPs x 192 SPs/MP)
Compute throughput:  4110.91 GFlops (theoretical single precision FMAs)
Memory bandwidth:    240.48 GB/sec
-----------------------------------------------------------------------
Total GPU memory 11996954624, free 11926437888
Buffer size:          256MB
Trade-off type:       compute with global memory (block strided)
Elements per thread:  8
Thread fusion degree: 4
Warning:              Half precision computations are not supported
----------------------------------------------------------------------------- CSV data -----------------------------------------------------------------------------
Experiment ID, Single Precision ops,,,,              Double precision ops,,,,              Half precision ops,,,,                Integer operations,,, 
Compute iters, Flops/byte, ex.time,  GFLOPS, GB/sec, Flops/byte, ex.time,  GFLOPS, GB/sec, Flops/byte, ex.time,  GFLOPS, GB/sec, Iops/byte, ex.time,   GIOPS, GB/sec
            0,      0.250,    0.82,   40.95, 163.81,      0.125,    1.67,   20.14, 161.10,      0.500,    0.00,     inf,    inf,     0.250,    0.82,   40.96, 163.83
            1,      0.750,    0.82,  123.21, 164.28,      0.375,    1.67,   60.40, 161.08,      1.500,    0.00,     inf,    inf,     0.750,    0.82,  122.64, 163.51
            2,      1.250,    0.82,  203.56, 162.85,      0.625,    1.67,  100.55, 160.87,      2.500,    0.00,     inf,    inf,     1.250,    0.82,  205.32, 164.26
            3,      1.750,    0.82,  286.11, 163.49,      0.875,    1.67,  140.56, 160.64,      3.500,    0.00,     inf,    inf,     1.750,    0.82,  286.96, 163.97
            4,      2.250,    0.82,  369.74, 164.33,      1.125,    1.67,  180.98, 160.87,      4.500,    0.00,     inf,    inf,     2.250,    0.82,  367.25, 163.22
            5,      2.750,    0.82,  450.26, 163.73,      1.375,    1.67,  221.27, 160.92,      5.500,    0.00,     inf,    inf,     2.750,    0.83,  442.08, 160.76
            6,      3.250,    0.82,  532.23, 163.76,      1.625,    1.67,  261.53, 160.94,      6.500,    0.00,     inf,    inf,     3.250,    0.84,  516.23, 158.84
            7,      3.750,    0.82,  616.91, 164.51,      1.875,    1.67,  301.89, 161.01,      7.500,    0.00,     inf,    inf,     3.750,    0.89,  567.72, 151.39
            8,      4.250,    0.82,  699.22, 164.52,      2.125,    1.67,  342.37, 161.11,      8.500,    0.00,     inf,    inf,     4.250,    1.12,  511.41, 120.33
            9,      4.750,    0.82,  775.69, 163.30,      2.375,    1.67,  382.77, 161.16,      9.500,    0.00,     inf,    inf,     4.750,    1.01,  629.87, 132.61
           10,      5.250,    0.82,  860.56, 163.92,      2.625,    1.67,  422.51, 160.96,     10.500,    0.00,     inf,    inf,     5.250,    1.10,  643.37, 122.55
           11,      5.750,    0.82,  942.12, 163.85,      2.875,    1.67,  463.17, 161.10,     11.500,    0.00,     inf,    inf,     5.750,    1.20,  645.42, 112.25
           12,      6.250,    0.82, 1022.68, 163.63,      3.125,    1.67,  502.64, 160.85,     12.500,    0.00,     inf,    inf,     6.250,    1.47,  569.99,  91.20
           13,      6.750,    0.82, 1103.51, 163.48,      3.375,    1.67,  543.22, 160.95,     13.500,    0.00,     inf,    inf,     6.750,    1.39,  653.97,  96.88
           14,      7.250,    0.82, 1190.30, 164.18,      3.625,    1.67,  584.28, 161.18,     14.500,    0.00,     inf,    inf,     7.250,    1.47,  663.87,  91.57
           15,      7.750,    0.82, 1268.22, 163.64,      3.875,    1.67,  623.60, 160.93,     15.500,    0.00,     inf,    inf,     7.750,    1.56,  666.68,  86.02
           16,      8.250,    0.82, 1346.42, 163.20,      4.125,    1.67,  661.94, 160.47,     16.500,    0.00,     inf,    inf,     8.250,    1.85,  598.53,  72.55
           17,      8.750,    0.82, 1433.88, 163.87,      4.375,    1.67,  704.40, 161.01,     17.500,    0.00,     inf,    inf,     8.750,    1.75,  670.91,  76.68
           18,      9.250,    0.82, 1513.98, 163.67,      4.625,    1.67,  743.46, 160.75,     18.500,    0.00,     inf,    inf,     9.250,    1.84,  673.62,  72.82
           20,     10.250,    0.83, 1665.63, 162.50,      5.125,    1.68,  819.54, 159.91,     20.500,    0.00,     inf,    inf,    10.250,    2.23,  616.46,  60.14
           22,     11.250,    0.82, 1831.82, 162.83,      5.625,    1.68,  897.19, 159.50,     22.500,    0.00,     inf,    inf,    11.250,    2.21,  682.45,  60.66
           24,     12.250,    0.83, 1976.62, 161.36,      6.125,    1.69,  975.31, 159.23,     24.500,    0.00,     inf,    inf,    12.250,    2.61,  629.31,  51.37
           28,     14.250,    0.83, 2293.33, 160.94,      7.125,    1.74, 1098.45, 154.17,     28.500,    0.00,     inf,    inf,    14.250,    2.99,  638.79,  44.83
           32,     16.250,    0.85, 2558.08, 157.42,      8.125,    1.81, 1204.17, 148.21,     32.500,    0.00,     inf,    inf,    16.250,    3.38,  645.98,  39.75
           40,     20.250,    0.93, 2926.06, 144.50,     10.125,    2.10, 1295.55, 127.96,     40.500,    0.00,     inf,    inf,    20.250,    4.13,  657.76,  32.48
           48,     24.250,    1.03, 3150.54, 129.92,     12.125,    2.46, 1324.80, 109.26,     48.500,    0.00,     inf,    inf,    24.250,    4.91,  663.21,  27.35
           56,     28.250,    1.19, 3191.88, 112.99,     14.125,    2.84, 1335.25,  94.53,     56.500,    0.00,     inf,    inf,    28.250,    5.65,  670.62,  23.74
           64,     32.250,    1.33, 3249.17, 100.75,     16.125,    3.22, 1343.43,  83.31,     64.500,    0.00,     inf,    inf,    32.250,    6.41,  674.90,  20.93
           80,     40.250,    1.64, 3300.70,  82.00,     20.125,    3.99, 1354.78,  67.32,     80.500,    0.00,     inf,    inf,    40.250,    7.94,  680.38,  16.90
           96,     48.250,    1.94, 3330.51,  69.03,     24.125,    4.74, 1366.46,  56.64,     96.500,    0.00,     inf,    inf,    48.250,    9.47,  684.08,  14.18
          128,     64.250,    2.54, 3394.30,  52.83,     32.125,    6.26, 1377.72,  42.89,    128.500,    0.00,     inf,    inf,    64.250,   12.57,  686.30,  10.68
          192,     96.250,    3.90, 3316.40,  34.46,     48.125,    9.33, 1385.12,  28.78,    192.500,    0.00,     inf,    inf,    96.250,   18.59,  694.84,   7.22
          256,    128.250,    6.41, 2683.67,  20.93,     64.125,   12.73, 1352.23,  21.09,    256.500,    0.00,     inf,    inf,   128.250,   24.77,  694.91,   5.42
--------------------------------------------------------------------------------------------------------------------------------------------------------------------
mixbench/read-only (v0.03-1-g3ace732)
------------------------ Device specifications ------------------------
Device:              Tesla K80
CUDA driver version: 10.10
GPU clock rate:      823 MHz
Memory clock rate:   1252 MHz
Memory bus width:    384 bits
WarpSize:            32
L2 cache size:       1536 KB
Total global mem:    11441 MB
ECC enabled:         Yes
Compute Capability:  3.7
Total SPs:           2496 (13 MPs x 192 SPs/MP)
Compute throughput:  4110.91 GFlops (theoretical single precision FMAs)
Memory bandwidth:    240.48 GB/sec
-----------------------------------------------------------------------
Total GPU memory 11996954624, free 11926437888
Buffer size:          256MB
Trade-off type:       compute with global memory (block strided)
Elements per thread:  8
Thread fusion degree: 4
Warning:              Half precision computations are not supported
----------------------------------------------------------------------------- CSV data -----------------------------------------------------------------------------
Experiment ID, Single Precision ops,,,,              Double precision ops,,,,              Half precision ops,,,,                Integer operations,,, 
Compute iters, Flops/byte, ex.time,  GFLOPS, GB/sec, Flops/byte, ex.time,  GFLOPS, GB/sec, Flops/byte, ex.time,  GFLOPS, GB/sec, Iops/byte, ex.time,   GIOPS, GB/sec
            0,      0.250,    0.82,   41.09, 164.38,      0.125,    1.67,   20.14, 161.15,      0.500,    0.00,     inf,    inf,     0.250,    0.81,   41.20, 164.79
            1,      0.750,    0.82,  123.49, 164.65,      0.375,    1.66,   60.48, 161.29,      1.500,    0.00,     inf,    inf,     0.750,    0.82,  123.38, 164.51
            2,      1.250,    0.82,  205.78, 164.62,      0.625,    1.67,  100.75, 161.20,      2.500,    0.00,     inf,    inf,     1.250,    0.82,  205.50, 164.40
            3,      1.750,    0.81,  288.26, 164.72,      0.875,    1.66,  141.14, 161.30,      3.500,    0.00,     inf,    inf,     1.750,    0.82,  288.07, 164.61
            4,      2.250,    0.82,  370.51, 164.67,      1.125,    1.67,  181.25, 161.11,      4.500,    0.00,     inf,    inf,     2.250,    0.82,  369.33, 164.15
            5,      2.750,    0.81,  454.09, 165.12,      1.375,    1.67,  221.57, 161.14,      5.500,    0.00,     inf,    inf,     2.750,    0.83,  446.12, 162.22
            6,      3.250,    0.82,  535.18, 164.67,      1.625,    1.66,  262.00, 161.23,      6.500,    0.00,     inf,    inf,     3.250,    0.84,  520.94, 160.29
            7,      3.750,    0.81,  618.99, 165.07,      1.875,    1.66,  302.59, 161.38,      7.500,    0.00,     inf,    inf,     3.750,    0.89,  566.59, 151.09
            8,      4.250,    0.82,  699.76, 164.65,      2.125,    1.66,  342.69, 161.27,      8.500,    0.00,     inf,    inf,     4.250,    1.11,  512.19, 120.52
            9,      4.750,    0.81,  782.73, 164.79,      2.375,    1.66,  383.20, 161.35,      9.500,    0.00,     inf,    inf,     4.750,    1.01,  632.21, 133.10
           10,      5.250,    0.82,  864.28, 164.62,      2.625,    1.66,  423.35, 161.28,     10.500,    0.00,     inf,    inf,     5.250,    1.10,  642.17, 122.32
           11,      5.750,    0.82,  945.37, 164.41,      2.875,    1.66,  464.25, 161.48,     11.500,    0.00,     inf,    inf,     5.750,    1.19,  646.66, 112.46
           12,      6.250,    0.81, 1029.63, 164.74,      3.125,    1.66,  503.95, 161.26,     12.500,    0.00,     inf,    inf,     6.250,    1.47,  571.79,  91.49
           13,      6.750,    0.82, 1107.78, 164.12,      3.375,    1.67,  543.20, 160.95,     13.500,    0.00,     inf,    inf,     6.750,    1.38,  654.28,  96.93
           14,      7.250,    0.82, 1188.07, 163.87,      3.625,    1.67,  583.92, 161.08,     14.500,    0.00,     inf,    inf,     7.250,    1.47,  660.69,  91.13
           15,      7.750,    0.82, 1273.79, 164.36,      3.875,    1.67,  623.47, 160.90,     15.500,    0.00,     inf,    inf,     7.750,    1.56,  665.93,  85.93
           16,      8.250,    0.82, 1354.96, 164.24,      4.125,    1.67,  663.67, 160.89,     16.500,    0.00,     inf,    inf,     8.250,    1.85,  599.25,  72.64
           17,      8.750,    0.82, 1434.83, 163.98,      4.375,    1.67,  703.38, 160.77,     17.500,    0.00,     inf,    inf,     8.750,    1.75,  670.15,  76.59
           18,      9.250,    0.82, 1520.75, 164.41,      4.625,    1.67,  744.28, 160.93,     18.500,    0.00,     inf,    inf,     9.250,    1.84,  675.48,  73.02
           20,     10.250,    0.82, 1680.48, 163.95,      5.125,    1.68,  820.44, 160.08,     20.500,    0.00,     inf,    inf,    10.250,    2.23,  615.97,  60.09
           22,     11.250,    0.82, 1839.03, 163.47,      5.625,    1.68,  898.10, 159.66,     22.500,    0.00,     inf,    inf,    11.250,    2.21,  683.34,  60.74
           24,     12.250,    0.82, 1999.46, 163.22,      6.125,    1.68,  976.62, 159.45,     24.500,    0.00,     inf,    inf,    12.250,    2.61,  630.04,  51.43
           28,     14.250,    0.84, 2288.85, 160.62,      7.125,    1.74, 1101.81, 154.64,     28.500,    0.00,     inf,    inf,    14.250,    2.99,  638.82,  44.83
           32,     16.250,    0.84, 2585.44, 159.10,      8.125,    1.81, 1202.75, 148.03,     32.500,    0.00,     inf,    inf,    16.250,    3.37,  647.23,  39.83
           40,     20.250,    0.92, 2943.09, 145.34,     10.125,    2.08, 1304.36, 128.83,     40.500,    0.00,     inf,    inf,    20.250,    4.13,  658.07,  32.50
           48,     24.250,    1.03, 3158.75, 130.26,     12.125,    2.46, 1324.91, 109.27,     48.500,    0.00,     inf,    inf,    24.250,    4.90,  664.68,  27.41
           56,     28.250,    1.18, 3201.98, 113.34,     14.125,    2.84, 1334.58,  94.48,     56.500,    0.00,     inf,    inf,    28.250,    5.67,  669.05,  23.68
           64,     32.250,    1.33, 3249.56, 100.76,     16.125,    3.23, 1341.34,  83.18,     64.500,    0.00,     inf,    inf,    32.250,    6.43,  673.67,  20.89
           80,     40.250,    1.63, 3308.91,  82.21,     20.125,    3.99, 1353.67,  67.26,     80.500,    0.00,     inf,    inf,    40.250,    7.94,  679.99,  16.89
           96,     48.250,    1.93, 3349.14,  69.41,     24.125,    4.74, 1365.18,  56.59,     96.500,    0.00,     inf,    inf,    48.250,    9.45,  685.52,  14.21
          128,     64.250,    2.54, 3394.52,  52.83,     32.125,    6.27, 1375.17,  42.81,    128.500,    0.00,     inf,    inf,    64.250,   12.60,  684.66,  10.66
          192,     96.250,    3.89, 3321.31,  34.51,     48.125,    9.33, 1385.00,  28.78,    192.500,    0.00,     inf,    inf,    96.250,   18.57,  695.68,   7.23
          256,    128.250,    6.40, 2688.52,  20.96,     64.125,   12.73, 1351.78,  21.08,    256.500,    0.00,     inf,    inf,   128.250,   24.78,  694.74,   5.42
--------------------------------------------------------------------------------------------------------------------------------------------------------------------
mixbench/read-only (v0.03-1-g3ace732)
------------------------ Device specifications ------------------------
Device:              Tesla K80
CUDA driver version: 10.10
GPU clock rate:      823 MHz
Memory clock rate:   1252 MHz
Memory bus width:    384 bits
WarpSize:            32
L2 cache size:       1536 KB
Total global mem:    11441 MB
ECC enabled:         Yes
Compute Capability:  3.7
Total SPs:           2496 (13 MPs x 192 SPs/MP)
Compute throughput:  4110.91 GFlops (theoretical single precision FMAs)
Memory bandwidth:    240.48 GB/sec
-----------------------------------------------------------------------
Total GPU memory 11996954624, free 11926437888
Buffer size:          256MB
Trade-off type:       compute with global memory (block strided)
Elements per thread:  8
Thread fusion degree: 4
Warning:              Half precision computations are not supported
----------------------------------------------------------------------------- CSV data -----------------------------------------------------------------------------
Experiment ID, Single Precision ops,,,,              Double precision ops,,,,              Half precision ops,,,,                Integer operations,,, 
Compute iters, Flops/byte, ex.time,  GFLOPS, GB/sec, Flops/byte, ex.time,  GFLOPS, GB/sec, Flops/byte, ex.time,  GFLOPS, GB/sec, Iops/byte, ex.time,   GIOPS, GB/sec
            0,      0.250,    0.82,   41.03, 164.10,      0.125,    1.67,   20.11, 160.89,      0.500,    0.00,     inf,    inf,     0.250,    0.82,   40.95, 163.81
            1,      0.750,    0.82,  122.95, 163.93,      0.375,    1.67,   60.34, 160.90,      1.500,    0.00,     inf,    inf,     0.750,    0.82,  122.23, 162.97
            2,      1.250,    0.82,  204.81, 163.85,      0.625,    1.67,  100.38, 160.62,      2.500,    0.00,     inf,    inf,     1.250,    0.82,  204.08, 163.27
            3,      1.750,    0.82,  286.57, 163.76,      0.875,    1.67,  140.88, 161.00,      3.500,    0.00,     inf,    inf,     1.750,    0.83,  284.66, 162.66
            4,      2.250,    0.82,  369.09, 164.04,      1.125,    1.67,  180.92, 160.82,      4.500,    0.00,     inf,    inf,     2.250,    0.82,  366.52, 162.90
            5,      2.750,    0.82,  450.97, 163.99,      1.375,    1.67,  220.94, 160.69,      5.500,    0.00,     inf,    inf,     2.750,    0.83,  443.90, 161.42
            6,      3.250,    0.82,  533.25, 164.08,      1.625,    1.67,  261.53, 160.94,      6.500,    0.00,     inf,    inf,     3.250,    0.84,  518.82, 159.64
            7,      3.750,    0.82,  614.83, 163.96,      1.875,    1.67,  301.77, 160.94,      7.500,    0.00,     inf,    inf,     3.750,    0.89,  565.03, 150.67
            8,      4.250,    0.82,  697.46, 164.11,      2.125,    1.67,  342.06, 160.97,      8.500,    0.00,     inf,    inf,     4.250,    1.12,  510.58, 120.14
            9,      4.750,    0.82,  781.51, 164.53,      2.375,    1.67,  382.33, 160.98,      9.500,    0.00,     inf,    inf,     4.750,    1.01,  630.23, 132.68
           10,      5.250,    0.82,  862.11, 164.21,      2.625,    1.67,  423.07, 161.17,     10.500,    0.00,     inf,    inf,     5.250,    1.10,  642.02, 122.29
           11,      5.750,    0.82,  943.67, 164.12,      2.875,    1.67,  463.03, 161.05,     11.500,    0.00,     inf,    inf,     5.750,    1.20,  645.71, 112.30
           12,      6.250,    0.82, 1019.42, 163.11,      3.125,    1.67,  502.79, 160.89,     12.500,    0.00,     inf,    inf,     6.250,    1.48,  567.23,  90.76
           13,      6.750,    0.82, 1099.73, 162.92,      3.375,    1.67,  543.05, 160.90,     13.500,    0.00,     inf,    inf,     6.750,    1.39,  651.00,  96.45
           14,      7.250,    0.82, 1181.65, 162.99,      3.625,    1.67,  582.90, 160.80,     14.500,    0.00,     inf,    inf,     7.250,    1.48,  658.97,  90.89
           15,      7.750,    0.82, 1261.68, 162.80,      3.875,    1.67,  623.43, 160.89,     15.500,    0.00,     inf,    inf,     7.750,    1.56,  666.36,  85.98
           16,      8.250,    0.82, 1350.20, 163.66,      4.125,    1.67,  663.17, 160.77,     16.500,    0.00,     inf,    inf,     8.250,    1.86,  595.86,  72.23
           17,      8.750,    0.82, 1426.36, 163.01,      4.375,    1.67,  703.05, 160.70,     17.500,    0.00,     inf,    inf,     8.750,    1.75,  669.55,  76.52
           18,      9.250,    0.82, 1511.98, 163.46,      4.625,    1.68,  740.45, 160.10,     18.500,    0.00,     inf,    inf,     9.250,    1.84,  674.38,  72.91
           20,     10.250,    0.82, 1672.76, 163.20,      5.125,    1.68,  819.84, 159.97,     20.500,    0.00,     inf,    inf,    10.250,    2.24,  613.68,  59.87
           22,     11.250,    0.83, 1828.20, 162.51,      5.625,    1.68,  896.46, 159.37,     22.500,    0.00,     inf,    inf,    11.250,    2.22,  681.64,  60.59
           24,     12.250,    0.83, 1974.19, 161.16,      6.125,    1.69,  973.37, 158.92,     24.500,    0.00,     inf,    inf,    12.250,    2.62,  627.18,  51.20
           28,     14.250,    0.84, 2280.90, 160.06,      7.125,    1.74, 1101.57, 154.61,     28.500,    0.00,     inf,    inf,    14.250,    3.00,  636.99,  44.70
           32,     16.250,    0.86, 2543.66, 156.53,      8.125,    1.82, 1200.86, 147.80,     32.500,    0.00,     inf,    inf,    16.250,    3.38,  645.79,  39.74
           40,     20.250,    0.93, 2913.01, 143.85,     10.125,    2.09, 1300.60, 128.45,     40.500,    0.00,     inf,    inf,    20.250,    4.15,  655.44,  32.37
           48,     24.250,    1.05, 3114.36, 128.43,     12.125,    2.46, 1323.48, 109.15,     48.500,    0.00,     inf,    inf,    24.250,    4.91,  663.05,  27.34
           56,     28.250,    1.20, 3169.43, 112.19,     14.125,    2.84, 1333.93,  94.44,     56.500,    0.00,     inf,    inf,    28.250,    5.68,  667.91,  23.64
           64,     32.250,    1.34, 3223.01,  99.94,     16.125,    3.22, 1342.27,  83.24,     64.500,    0.00,     inf,    inf,    32.250,    6.44,  671.79,  20.83
           80,     40.250,    1.65, 3282.02,  81.54,     20.125,    3.98, 1356.06,  67.38,     80.500,    0.00,     inf,    inf,    40.250,    7.96,  678.68,  16.86
           96,     48.250,    1.95, 3325.64,  68.93,     24.125,    4.75, 1364.35,  56.55,     96.500,    0.00,     inf,    inf,    48.250,    9.50,  681.38,  14.12
          128,     64.250,    2.55, 3387.01,  52.72,     32.125,    6.27, 1376.36,  42.84,    128.500,    0.00,     inf,    inf,    64.250,   12.61,  683.98,  10.65
          192,     96.250,    3.90, 3310.71,  34.40,     48.125,    9.36, 1379.50,  28.66,    192.500,    0.00,     inf,    inf,    96.250,   18.61,  694.34,   7.21
          256,    128.250,    6.41, 2685.82,  20.94,     64.125,   12.71, 1354.05,  21.12,    256.500,    0.00,     inf,    inf,   128.250,   24.74,  695.78,   5.43
--------------------------------------------------------------------------------------------------------------------------------------------------------------------
mixbench/read-only (v0.03-1-g3ace732)
------------------------ Device specifications ------------------------
Device:              Tesla K80
CUDA driver version: 10.10
GPU clock rate:      823 MHz
Memory clock rate:   1252 MHz
Memory bus width:    384 bits
WarpSize:            32
L2 cache size:       1536 KB
Total global mem:    11441 MB
ECC enabled:         Yes
Compute Capability:  3.7
Total SPs:           2496 (13 MPs x 192 SPs/MP)
Compute throughput:  4110.91 GFlops (theoretical single precision FMAs)
Memory bandwidth:    240.48 GB/sec
-----------------------------------------------------------------------
Total GPU memory 11996954624, free 11926437888
Buffer size:          256MB
Trade-off type:       compute with global memory (block strided)
Elements per thread:  8
Thread fusion degree: 4
Warning:              Half precision computations are not supported
----------------------------------------------------------------------------- CSV data -----------------------------------------------------------------------------
Experiment ID, Single Precision ops,,,,              Double precision ops,,,,              Half precision ops,,,,                Integer operations,,, 
Compute iters, Flops/byte, ex.time,  GFLOPS, GB/sec, Flops/byte, ex.time,  GFLOPS, GB/sec, Flops/byte, ex.time,  GFLOPS, GB/sec, Iops/byte, ex.time,   GIOPS, GB/sec
            0,      0.250,    0.82,   41.11, 164.46,      0.125,    1.67,   20.14, 161.12,      0.500,    0.00,     inf,    inf,     0.250,    0.81,   41.22, 164.86
            1,      0.750,    0.82,  123.20, 164.27,      0.375,    1.66,   60.48, 161.28,      1.500,    0.00,     inf,    inf,     0.750,    0.82,  123.11, 164.14
            2,      1.250,    0.82,  205.07, 164.06,      0.625,    1.66,  100.81, 161.30,      2.500,    0.00,     inf,    inf,     1.250,    0.81,  206.31, 165.05
            3,      1.750,    0.82,  287.57, 164.33,      0.875,    1.67,  140.98, 161.12,      3.500,    0.00,     inf,    inf,     1.750,    0.81,  288.27, 164.73
            4,      2.250,    0.81,  371.29, 165.02,      1.125,    1.67,  181.36, 161.20,      4.500,    0.00,     inf,    inf,     2.250,    0.82,  369.19, 164.08
            5,      2.750,    0.81,  453.04, 164.74,      1.375,    1.67,  221.55, 161.13,      5.500,    0.00,     inf,    inf,     2.750,    0.83,  445.81, 162.11
            6,      3.250,    0.82,  535.16, 164.66,      1.625,    1.66,  262.10, 161.29,      6.500,    0.00,     inf,    inf,     3.250,    0.84,  520.54, 160.17
            7,      3.750,    0.82,  616.98, 164.53,      1.875,    1.67,  301.96, 161.04,      7.500,    0.00,     inf,    inf,     3.750,    0.88,  570.29, 152.08
            8,      4.250,    0.82,  699.16, 164.51,      2.125,    1.66,  342.67, 161.25,      8.500,    0.00,     inf,    inf,     4.250,    1.12,  511.41, 120.33
            9,      4.750,    0.82,  781.29, 164.48,      2.375,    1.67,  382.72, 161.15,      9.500,    0.00,     inf,    inf,     4.750,    1.01,  632.66, 133.19
           10,      5.250,    0.81,  865.03, 164.77,      2.625,    1.66,  423.33, 161.27,     10.500,    0.00,     inf,    inf,     5.250,    1.10,  641.26, 122.14
           11,      5.750,    0.82,  945.11, 164.37,      2.875,    1.66,  464.30, 161.50,     11.500,    0.00,     inf,    inf,     5.750,    1.19,  646.94, 112.51
           12,      6.250,    0.82, 1027.17, 164.35,      3.125,    1.66,  504.31, 161.38,     12.500,    0.00,     inf,    inf,     6.250,    1.47,  570.87,  91.34
           13,      6.750,    0.82, 1110.78, 164.56,      3.375,    1.66,  544.78, 161.42,     13.500,    0.00,     inf,    inf,     6.750,    1.39,  654.12,  96.91
           14,      7.250,    0.82, 1191.10, 164.29,      3.625,    1.67,  583.78, 161.04,     14.500,    0.00,     inf,    inf,     7.250,    1.47,  661.20,  91.20
           15,      7.750,    0.82, 1275.14, 164.53,      3.875,    1.67,  623.75, 160.97,     15.500,    0.00,     inf,    inf,     7.750,    1.57,  664.59,  85.75
           16,      8.250,    0.82, 1356.77, 164.46,      4.125,    1.67,  663.76, 160.91,     16.500,    0.00,     inf,    inf,     8.250,    1.85,  598.93,  72.60
           17,      8.750,    0.82, 1435.39, 164.05,      4.375,    1.68,  700.89, 160.20,     17.500,    0.00,     inf,    inf,     8.750,    1.75,  669.76,  76.54
           18,      9.250,    0.82, 1520.15, 164.34,      4.625,    1.67,  743.19, 160.69,     18.500,    0.00,     inf,    inf,     9.250,    1.84,  675.33,  73.01
           20,     10.250,    0.82, 1679.95, 163.90,      5.125,    1.68,  820.58, 160.11,     20.500,    0.00,     inf,    inf,    10.250,    2.23,  617.05,  60.20
           22,     11.250,    0.82, 1838.03, 163.38,      5.625,    1.68,  898.39, 159.71,     22.500,    0.00,     inf,    inf,    11.250,    2.21,  684.24,  60.82
           24,     12.250,    0.83, 1992.41, 162.65,      6.125,    1.69,  974.18, 159.05,     24.500,    0.00,     inf,    inf,    12.250,    2.61,  629.89,  51.42
           28,     14.250,    0.83, 2300.39, 161.43,      7.125,    1.73, 1104.78, 155.06,     28.500,    0.00,     inf,    inf,    14.250,    2.99,  639.46,  44.87
           32,     16.250,    0.84, 2588.29, 159.28,      8.125,    1.81, 1203.73, 148.15,     32.500,    0.00,     inf,    inf,    16.250,    3.38,  646.12,  39.76
           40,     20.250,    0.93, 2932.62, 144.82,     10.125,    2.09, 1300.68, 128.46,     40.500,    0.00,     inf,    inf,    20.250,    4.14,  656.79,  32.43
           48,     24.250,    1.03, 3158.36, 130.24,     12.125,    2.46, 1324.15, 109.21,     48.500,    0.00,     inf,    inf,    24.250,    4.90,  663.85,  27.38
           56,     28.250,    1.18, 3205.61, 113.47,     14.125,    2.84, 1334.79,  94.50,     56.500,    0.00,     inf,    inf,    28.250,    5.67,  668.91,  23.68
           64,     32.250,    1.33, 3251.59, 100.82,     16.125,    3.23, 1341.95,  83.22,     64.500,    0.00,     inf,    inf,    32.250,    6.42,  674.36,  20.91
           80,     40.250,    1.64, 3301.02,  82.01,     20.125,    3.98, 1355.78,  67.37,     80.500,    0.00,     inf,    inf,    40.250,    7.96,  678.80,  16.86
           96,     48.250,    1.94, 3344.05,  69.31,     24.125,    4.75, 1364.26,  56.55,     96.500,    0.00,     inf,    inf,    48.250,    9.47,  683.61,  14.17
          128,     64.250,    2.54, 3395.54,  52.85,     32.125,    6.27, 1375.44,  42.82,    128.500,    0.00,     inf,    inf,    64.250,   12.65,  681.95,  10.61
          192,     96.250,    3.90, 3311.61,  34.41,     48.125,    9.33, 1384.21,  28.76,    192.500,    0.00,     inf,    inf,    96.250,   18.60,  694.47,   7.22
          256,    128.250,    6.43, 2678.54,  20.89,     64.125,   12.73, 1352.49,  21.09,    256.500,    0.00,     inf,    inf,   128.250,   24.78,  694.70,   5.42
--------------------------------------------------------------------------------------------------------------------------------------------------------------------
mixbench/read-only (v0.03-1-g3ace732)
------------------------ Device specifications ------------------------
Device:              Tesla K80
CUDA driver version: 10.10
GPU clock rate:      823 MHz
Memory clock rate:   1252 MHz
Memory bus width:    384 bits
WarpSize:            32
L2 cache size:       1536 KB
Total global mem:    11441 MB
ECC enabled:         Yes
Compute Capability:  3.7
Total SPs:           2496 (13 MPs x 192 SPs/MP)
Compute throughput:  4110.91 GFlops (theoretical single precision FMAs)
Memory bandwidth:    240.48 GB/sec
-----------------------------------------------------------------------
Total GPU memory 11996954624, free 11926437888
Buffer size:          256MB
Trade-off type:       compute with global memory (block strided)
Elements per thread:  8
Thread fusion degree: 4
Warning:              Half precision computations are not supported
----------------------------------------------------------------------------- CSV data -----------------------------------------------------------------------------
Experiment ID, Single Precision ops,,,,              Double precision ops,,,,              Half precision ops,,,,                Integer operations,,, 
Compute iters, Flops/byte, ex.time,  GFLOPS, GB/sec, Flops/byte, ex.time,  GFLOPS, GB/sec, Flops/byte, ex.time,  GFLOPS, GB/sec, Iops/byte, ex.time,   GIOPS, GB/sec
            0,      0.250,    0.81,   41.20, 164.80,      0.125,    1.66,   20.16, 161.27,      0.500,    0.00,     inf,    inf,     0.250,    0.82,   41.08, 164.30
            1,      0.750,    0.81,  123.59, 164.79,      0.375,    1.66,   60.52, 161.38,      1.500,    0.00,     inf,    inf,     0.750,    0.82,  123.28, 164.38
            2,      1.250,    0.81,  206.08, 164.86,      0.625,    1.66,  100.76, 161.22,      2.500,    0.00,     inf,    inf,     1.250,    0.81,  206.06, 164.84
            3,      1.750,    0.82,  285.36, 163.06,      0.875,    1.67,  140.67, 160.77,      3.500,    0.00,     inf,    inf,     1.750,    0.82,  286.48, 163.71
            4,      2.250,    0.82,  369.00, 164.00,      1.125,    1.67,  180.72, 160.64,      4.500,    0.00,     inf,    inf,     2.250,    0.82,  367.69, 163.42
            5,      2.750,    0.81,  453.52, 164.92,      1.375,    1.67,  221.27, 160.92,      5.500,    0.00,     inf,    inf,     2.750,    0.83,  445.10, 161.85
            6,      3.250,    0.82,  534.00, 164.31,      1.625,    1.67,  261.66, 161.02,      6.500,    0.00,     inf,    inf,     3.250,    0.84,  519.14, 159.73
            7,      3.750,    0.82,  615.70, 164.19,      1.875,    1.67,  301.77, 160.94,      7.500,    0.00,     inf,    inf,     3.750,    0.89,  565.35, 150.76
            8,      4.250,    0.82,  698.67, 164.39,      2.125,    1.67,  342.59, 161.22,      8.500,    0.00,     inf,    inf,     4.250,    1.11,  511.78, 120.42
            9,      4.750,    0.82,  782.00, 164.63,      2.375,    1.67,  382.75, 161.16,      9.500,    0.00,     inf,    inf,     4.750,    1.01,  630.33, 132.70
           10,      5.250,    0.82,  860.33, 163.87,      2.625,    1.66,  423.27, 161.24,     10.500,    0.00,     inf,    inf,     5.250,    1.09,  643.69, 122.61
           11,      5.750,    0.82,  943.81, 164.14,      2.875,    1.67,  462.37, 160.82,     11.500,    0.00,     inf,    inf,     5.750,    1.19,  647.15, 112.55
           12,      6.250,    0.82, 1026.20, 164.19,      3.125,    1.67,  503.65, 161.17,     12.500,    0.00,     inf,    inf,     6.250,    1.47,  570.42,  91.27
           13,      6.750,    0.82, 1109.17, 164.32,      3.375,    1.67,  543.19, 160.94,     13.500,    0.00,     inf,    inf,     6.750,    1.39,  651.75,  96.56
           14,      7.250,    0.82, 1190.54, 164.21,      3.625,    1.67,  584.23, 161.17,     14.500,    0.00,     inf,    inf,     7.250,    1.47,  662.72,  91.41
           15,      7.750,    0.82, 1274.14, 164.41,      3.875,    1.67,  624.58, 161.18,     15.500,    0.00,     inf,    inf,     7.750,    1.56,  667.25,  86.10
           16,      8.250,    0.82, 1353.16, 164.02,      4.125,    1.67,  663.66, 160.89,     16.500,    0.00,     inf,    inf,     8.250,    1.85,  597.47,  72.42
           17,      8.750,    0.82, 1432.03, 163.66,      4.375,    1.67,  702.38, 160.54,     17.500,    0.00,     inf,    inf,     8.750,    1.75,  670.30,  76.61
           18,      9.250,    0.82, 1516.35, 163.93,      4.625,    1.67,  743.02, 160.65,     18.500,    0.00,     inf,    inf,     9.250,    1.84,  674.68,  72.94
           20,     10.250,    0.82, 1676.22, 163.53,      5.125,    1.68,  820.59, 160.12,     20.500,    0.00,     inf,    inf,    10.250,    2.23,  616.98,  60.19
           22,     11.250,    0.82, 1833.17, 162.95,      5.625,    1.69,  895.27, 159.16,     22.500,    0.00,     inf,    inf,    11.250,    2.22,  680.47,  60.49
           24,     12.250,    0.83, 1985.56, 162.09,      6.125,    1.68,  976.22, 159.38,     24.500,    0.00,     inf,    inf,    12.250,    2.61,  629.64,  51.40
           28,     14.250,    0.83, 2294.21, 161.00,      7.125,    1.74, 1102.24, 154.70,     28.500,    0.00,     inf,    inf,    14.250,    3.00,  637.54,  44.74
           32,     16.250,    0.85, 2563.37, 157.75,      8.125,    1.81, 1207.39, 148.60,     32.500,    0.00,     inf,    inf,    16.250,    3.37,  646.64,  39.79
           40,     20.250,    0.93, 2909.22, 143.67,     10.125,    2.09, 1302.74, 128.67,     40.500,    0.00,     inf,    inf,    20.250,    4.13,  657.84,  32.49
           48,     24.250,    1.03, 3152.98, 130.02,     12.125,    2.46, 1322.69, 109.09,     48.500,    0.00,     inf,    inf,    24.250,    4.90,  664.86,  27.42
           56,     28.250,    1.19, 3176.48, 112.44,     14.125,    2.84, 1334.35,  94.47,     56.500,    0.00,     inf,    inf,    28.250,    5.66,  669.58,  23.70
           64,     32.250,    1.34, 3229.93, 100.15,     16.125,    3.23, 1341.69,  83.21,     64.500,    0.00,     inf,    inf,    32.250,    6.43,  673.57,  20.89
           80,     40.250,    1.64, 3291.56,  81.78,     20.125,    3.99, 1355.21,  67.34,     80.500,    0.00,     inf,    inf,    40.250,    7.95,  679.58,  16.88
           96,     48.250,    1.94, 3337.71,  69.18,     24.125,    4.75, 1362.81,  56.49,     96.500,    0.00,     inf,    inf,    48.250,    9.47,  683.60,  14.17
          128,     64.250,    2.53, 3408.21,  53.05,     32.125,    6.26, 1376.74,  42.86,    128.500,    0.00,     inf,    inf,    64.250,   12.56,  686.40,  10.68
          192,     96.250,    3.91, 3307.46,  34.36,     48.125,    9.32, 1385.57,  28.79,    192.500,    0.00,     inf,    inf,    96.250,   18.61,  694.15,   7.21
          256,    128.250,    6.41, 2685.58,  20.94,     64.125,   12.75, 1350.16,  21.06,    256.500,    0.00,     inf,    inf,   128.250,   24.72,  696.26,   5.43
--------------------------------------------------------------------------------------------------------------------------------------------------------------------
