sysbench 1.0.19 (using bundled LuaJIT 2.1.0-beta2)

Running the test with following options:
Number of threads: 36
Validation checks: on.

Initializing random number generator from current time


Prime numbers limit: 1000000

Initializing worker threads...

Threads started!

Latency histogram (values are in milliseconds)
       value  ------------- distribution ------------- count
     580.017 |                                         5
     590.556 |                                         2
     601.286 |                                         5
     612.211 |*                                        10
     623.335 |*                                        10
     634.661 |**************************************** 521
     646.192 |                                         5
     657.933 |                                         4
     669.888 |                                         3
     682.059 |                                         2
     694.452 |                                         2
     707.070 |                                         1
     719.917 |                                         3
     732.998 |                                         1
     773.683 |                                         1
     802.053 |                                         1
 
CPU speed:
    events per second:    55.68

General statistics:
    total time:                          10.3428s
    total number of events:              576

Latency (ms):
         min:                                  581.17
         avg:                                  636.65
         max:                                  800.10
         95th percentile:                      634.66
         sum:                               366708.86

Threads fairness:
    events (avg/stddev):           16.0000/0.00
    execution time (avg/stddev):   10.1864/0.05

sysbench 1.0.19 (using bundled LuaJIT 2.1.0-beta2)

Running the test with following options:
Number of threads: 36
Validation checks: on.

Initializing random number generator from current time


Prime numbers limit: 1000000

Initializing worker threads...

Threads started!

Latency histogram (values are in milliseconds)
       value  ------------- distribution ------------- count
     580.017 |                                         1
     590.556 |                                         3
     601.286 |*                                        13
     612.211 |*                                        7
     623.335 |*                                        8
     634.661 |**************************************** 529
     646.192 |                                         4
     657.933 |                                         1
     669.888 |                                         1
     682.059 |                                         3
     694.452 |                                         1
     707.070 |                                         2
     719.917 |                                         2
     732.998 |                                         1
 
CPU speed:
    events per second:    55.87

General statistics:
    total time:                          10.3077s
    total number of events:              576

Latency (ms):
         min:                                  577.83
         avg:                                  635.75
         max:                                  728.05
         95th percentile:                      634.66
         sum:                               366190.94

Threads fairness:
    events (avg/stddev):           16.0000/0.00
    execution time (avg/stddev):   10.1720/0.03

sysbench 1.0.19 (using bundled LuaJIT 2.1.0-beta2)

Running the test with following options:
Number of threads: 36
Validation checks: on.

Initializing random number generator from current time


Prime numbers limit: 1000000

Initializing worker threads...

Threads started!

Latency histogram (values are in milliseconds)
       value  ------------- distribution ------------- count
     559.501 |                                         1
     580.017 |                                         2
     590.556 |                                         3
     601.286 |*                                        7
     612.211 |*                                        7
     623.335 |*                                        8
     634.661 |**************************************** 531
     646.192 |                                         2
     657.933 |                                         1
     669.888 |                                         2
     682.059 |                                         4
     694.452 |                                         5
     707.070 |                                         1
     719.917 |                                         1
     746.316 |                                         1
 
CPU speed:
    events per second:    55.93

General statistics:
    total time:                          10.2965s
    total number of events:              576

Latency (ms):
         min:                                  555.59
         avg:                                  636.10
         max:                                  744.09
         95th percentile:                      634.66
         sum:                               366390.93

Threads fairness:
    events (avg/stddev):           16.0000/0.00
    execution time (avg/stddev):   10.1775/0.04

sysbench 1.0.19 (using bundled LuaJIT 2.1.0-beta2)

Running the test with following options:
Number of threads: 36
Validation checks: on.

Initializing random number generator from current time


Prime numbers limit: 1000000

Initializing worker threads...

Threads started!

Latency histogram (values are in milliseconds)
       value  ------------- distribution ------------- count
     580.017 |                                         2
     590.556 |                                         3
     601.286 |*                                        7
     612.211 |*                                        10
     623.335 |                                         5
     634.661 |**************************************** 530
     646.192 |                                         1
     657.933 |                                         6
     669.888 |                                         5
     682.059 |                                         1
     694.452 |                                         4
     707.070 |                                         1
     719.917 |                                         1
 
CPU speed:
    events per second:    56.07

General statistics:
    total time:                          10.2711s
    total number of events:              576

Latency (ms):
         min:                                  576.95
         avg:                                  636.08
         max:                                  720.26
         95th percentile:                      634.66
         sum:                               366383.29

Threads fairness:
    events (avg/stddev):           16.0000/0.00
    execution time (avg/stddev):   10.1773/0.03

sysbench 1.0.19 (using bundled LuaJIT 2.1.0-beta2)

Running the test with following options:
Number of threads: 36
Validation checks: on.

Initializing random number generator from current time


Prime numbers limit: 1000000

Initializing worker threads...

Threads started!

Latency histogram (values are in milliseconds)
       value  ------------- distribution ------------- count
     580.017 |                                         1
     590.556 |                                         1
     601.286 |                                         6
     612.211 |*                                        7
     623.335 |*                                        10
     634.661 |**************************************** 536
     646.192 |                                         5
     657.933 |                                         4
     669.888 |                                         1
     682.059 |                                         3
     694.452 |                                         1
     707.070 |                                         1
 
CPU speed:
    events per second:    56.10

General statistics:
    total time:                          10.2664s
    total number of events:              576

Latency (ms):
         min:                                  581.40
         avg:                                  635.72
         max:                                  708.24
         95th percentile:                      634.66
         sum:                               366174.41

Threads fairness:
    events (avg/stddev):           16.0000/0.00
    execution time (avg/stddev):   10.1715/0.02

sysbench 1.0.19 (using bundled LuaJIT 2.1.0-beta2)

Running the test with following options:
Number of threads: 36
Validation checks: on.

Initializing random number generator from current time


Prime numbers limit: 1000000

Initializing worker threads...

Threads started!

Latency histogram (values are in milliseconds)
       value  ------------- distribution ------------- count
     590.556 |                                         5
     601.286 |                                         3
     612.211 |*                                        11
     623.335 |*                                        10
     634.661 |**************************************** 531
     646.192 |                                         5
     657.933 |                                         1
     669.888 |                                         5
     682.059 |                                         2
     707.070 |                                         1
     719.917 |                                         1
     746.316 |                                         1
 
CPU speed:
    events per second:    55.85

General statistics:
    total time:                          10.3129s
    total number of events:              576

Latency (ms):
         min:                                  591.73
         avg:                                  635.92
         max:                                  744.17
         95th percentile:                      634.66
         sum:                               366290.09

Threads fairness:
    events (avg/stddev):           16.0000/0.00
    execution time (avg/stddev):   10.1747/0.03

sysbench 1.0.19 (using bundled LuaJIT 2.1.0-beta2)

Running the test with following options:
Number of threads: 36
Validation checks: on.

Initializing random number generator from current time


Prime numbers limit: 1000000

Initializing worker threads...

Threads started!

Latency histogram (values are in milliseconds)
       value  ------------- distribution ------------- count
     559.501 |                                         1
     580.017 |                                         2
     590.556 |                                         3
     601.286 |*                                        12
     612.211 |*                                        7
     623.335 |*                                        7
     634.661 |**************************************** 528
     646.192 |                                         3
     657.933 |                                         2
     682.059 |                                         2
     694.452 |                                         5
     707.070 |                                         3
     759.876 |                                         1
 
CPU speed:
    events per second:    55.84

General statistics:
    total time:                          10.3131s
    total number of events:              576

Latency (ms):
         min:                                  556.51
         avg:                                  635.72
         max:                                  756.16
         95th percentile:                      634.66
         sum:                               366175.71

Threads fairness:
    events (avg/stddev):           16.0000/0.00
    execution time (avg/stddev):   10.1715/0.03

sysbench 1.0.19 (using bundled LuaJIT 2.1.0-beta2)

Running the test with following options:
Number of threads: 36
Validation checks: on.

Initializing random number generator from current time


Prime numbers limit: 1000000

Initializing worker threads...

Threads started!

Latency histogram (values are in milliseconds)
       value  ------------- distribution ------------- count
     580.017 |                                         2
     590.556 |                                         1
     601.286 |*                                        8
     612.211 |*                                        11
     623.335 |*                                        7
     634.661 |**************************************** 531
     646.192 |                                         4
     657.933 |                                         6
     669.888 |                                         1
     682.059 |                                         2
     694.452 |                                         1
     707.070 |                                         2
 
CPU speed:
    events per second:    56.00

General statistics:
    total time:                          10.2837s
    total number of events:              576

Latency (ms):
         min:                                  581.37
         avg:                                  635.70
         max:                                  708.49
         95th percentile:                      634.66
         sum:                               366162.92

Threads fairness:
    events (avg/stddev):           16.0000/0.00
    execution time (avg/stddev):   10.1712/0.03

sysbench 1.0.19 (using bundled LuaJIT 2.1.0-beta2)

Running the test with following options:
Number of threads: 36
Validation checks: on.

Initializing random number generator from current time


Prime numbers limit: 1000000

Initializing worker threads...

Threads started!

Latency histogram (values are in milliseconds)
       value  ------------- distribution ------------- count
     569.667 |                                         1
     580.017 |                                         2
     590.556 |                                         1
     601.286 |                                         4
     612.211 |*                                        15
     623.335 |                                         5
     634.661 |**************************************** 529
     646.192 |                                         1
     657.933 |                                         1
     669.888 |                                         5
     682.059 |                                         5
     694.452 |                                         2
     707.070 |                                         3
     732.998 |                                         1
     746.316 |                                         1
 
CPU speed:
    events per second:    56.10

General statistics:
    total time:                          10.2655s
    total number of events:              576

Latency (ms):
         min:                                  570.44
         avg:                                  636.50
         max:                                  740.18
         95th percentile:                      634.66
         sum:                               366621.82

Threads fairness:
    events (avg/stddev):           16.0000/0.00
    execution time (avg/stddev):   10.1839/0.03

sysbench 1.0.19 (using bundled LuaJIT 2.1.0-beta2)

Running the test with following options:
Number of threads: 36
Validation checks: on.

Initializing random number generator from current time


Prime numbers limit: 1000000

Initializing worker threads...

Threads started!

Latency histogram (values are in milliseconds)
       value  ------------- distribution ------------- count
     590.556 |                                         1
     601.286 |                                         5
     612.211 |*                                        12
     623.335 |*                                        13
     634.661 |**************************************** 532
     646.192 |                                         3
     657.933 |                                         5
     669.888 |                                         3
     694.452 |                                         1
     707.070 |                                         1
 
CPU speed:
    events per second:    55.98

General statistics:
    total time:                          10.2880s
    total number of events:              576

Latency (ms):
         min:                                  595.87
         avg:                                  635.51
         max:                                  704.02
         95th percentile:                      634.66
         sum:                               366056.01

Threads fairness:
    events (avg/stddev):           16.0000/0.00
    execution time (avg/stddev):   10.1682/0.02

sysbench 1.0.19 (using bundled LuaJIT 2.1.0-beta2)

Running the test with following options:
Number of threads: 36
Validation checks: on.

Initializing random number generator from current time


Prime numbers limit: 1000000

Initializing worker threads...

Threads started!

Latency histogram (values are in milliseconds)
       value  ------------- distribution ------------- count
     580.017 |                                         1
     590.556 |                                         2
     601.286 |                                         6
     612.211 |*                                        9
     623.335 |*                                        11
     634.661 |**************************************** 533
     646.192 |                                         4
     657.933 |                                         2
     669.888 |                                         1
     682.059 |                                         4
     694.452 |                                         2
     719.917 |                                         1
 
CPU speed:
    events per second:    56.02

General statistics:
    total time:                          10.2802s
    total number of events:              576

Latency (ms):
         min:                                  575.77
         avg:                                  635.86
         max:                                  716.67
         95th percentile:                      634.66
         sum:                               366253.52

Threads fairness:
    events (avg/stddev):           16.0000/0.00
    execution time (avg/stddev):   10.1737/0.03

sysbench 1.0.19 (using bundled LuaJIT 2.1.0-beta2)

Running the test with following options:
Number of threads: 36
Validation checks: on.

Initializing random number generator from current time


Prime numbers limit: 1000000

Initializing worker threads...

Threads started!

Latency histogram (values are in milliseconds)
       value  ------------- distribution ------------- count
     580.017 |                                         1
     590.556 |                                         4
     601.286 |*                                        10
     612.211 |                                         6
     623.335 |*                                        8
     634.661 |**************************************** 534
     646.192 |                                         3
     657.933 |                                         3
     669.888 |                                         4
     682.059 |                                         2
     694.452 |                                         1
 
CPU speed:
    events per second:    55.93

General statistics:
    total time:                          10.2982s
    total number of events:              576

Latency (ms):
         min:                                  584.38
         avg:                                  635.29
         max:                                  700.38
         95th percentile:                      634.66
         sum:                               365929.12

Threads fairness:
    events (avg/stddev):           16.0000/0.00
    execution time (avg/stddev):   10.1647/0.02

sysbench 1.0.19 (using bundled LuaJIT 2.1.0-beta2)

Running the test with following options:
Number of threads: 36
Validation checks: on.

Initializing random number generator from current time


Prime numbers limit: 1000000

Initializing worker threads...

Threads started!

Latency histogram (values are in milliseconds)
       value  ------------- distribution ------------- count
     580.017 |                                         1
     590.556 |                                         1
     601.286 |*                                        7
     612.211 |*                                        12
     623.335 |*                                        10
     634.661 |**************************************** 528
     646.192 |                                         6
     657.933 |                                         5
     669.888 |                                         1
     682.059 |                                         3
     694.452 |                                         2
 
CPU speed:
    events per second:    56.05

General statistics:
    total time:                          10.2745s
    total number of events:              576

Latency (ms):
         min:                                  579.16
         avg:                                  635.66
         max:                                  696.32
         95th percentile:                      634.66
         sum:                               366140.58

Threads fairness:
    events (avg/stddev):           16.0000/0.00
    execution time (avg/stddev):   10.1706/0.02

sysbench 1.0.19 (using bundled LuaJIT 2.1.0-beta2)

Running the test with following options:
Number of threads: 36
Validation checks: on.

Initializing random number generator from current time


Prime numbers limit: 1000000

Initializing worker threads...

Threads started!

Latency histogram (values are in milliseconds)
       value  ------------- distribution ------------- count
     590.556 |                                         1
     601.286 |*                                        7
     612.211 |*                                        13
     623.335 |*                                        9
     634.661 |**************************************** 532
     646.192 |                                         6
     657.933 |                                         5
     669.888 |                                         2
     694.452 |                                         1
 
CPU speed:
    events per second:    56.04

General statistics:
    total time:                          10.2765s
    total number of events:              576

Latency (ms):
         min:                                  592.11
         avg:                                  635.41
         max:                                  696.16
         95th percentile:                      634.66
         sum:                               365994.86

Threads fairness:
    events (avg/stddev):           16.0000/0.00
    execution time (avg/stddev):   10.1665/0.02

sysbench 1.0.19 (using bundled LuaJIT 2.1.0-beta2)

Running the test with following options:
Number of threads: 36
Validation checks: on.

Initializing random number generator from current time


Prime numbers limit: 1000000

Initializing worker threads...

Threads started!

Latency histogram (values are in milliseconds)
       value  ------------- distribution ------------- count
     569.667 |                                         1
     590.556 |                                         3
     601.286 |                                         2
     612.211 |*                                        17
     623.335 |                                         5
     634.661 |**************************************** 533
     646.192 |                                         1
     657.933 |                                         1
     669.888 |                                         3
     682.059 |                                         4
     694.452 |                                         3
     707.070 |                                         2
     719.917 |                                         1
 
CPU speed:
    events per second:    55.98

General statistics:
    total time:                          10.2879s
    total number of events:              576

Latency (ms):
         min:                                  567.84
         avg:                                  635.94
         max:                                  718.09
         95th percentile:                      634.66
         sum:                               366300.05

Threads fairness:
    events (avg/stddev):           16.0000/0.00
    execution time (avg/stddev):   10.1750/0.03

sysbench 1.0.19 (using bundled LuaJIT 2.1.0-beta2)

Running the test with following options:
Number of threads: 36
Validation checks: on.

Initializing random number generator from current time


Prime numbers limit: 1000000

Initializing worker threads...

Threads started!

Latency histogram (values are in milliseconds)
       value  ------------- distribution ------------- count
     580.017 |                                         1
     590.556 |                                         2
     601.286 |                                         4
     612.211 |*                                        11
     623.335 |*                                        8
     634.661 |**************************************** 533
     646.192 |                                         5
     657.933 |                                         3
     669.888 |                                         4
     682.059 |                                         4
     707.070 |                                         1
 
CPU speed:
    events per second:    56.08

General statistics:
    total time:                          10.2694s
    total number of events:              576

Latency (ms):
         min:                                  577.60
         avg:                                  635.80
         max:                                  704.04
         95th percentile:                      634.66
         sum:                               366221.24

Threads fairness:
    events (avg/stddev):           16.0000/0.00
    execution time (avg/stddev):   10.1728/0.02

sysbench 1.0.19 (using bundled LuaJIT 2.1.0-beta2)

Running the test with following options:
Number of threads: 36
Validation checks: on.

Initializing random number generator from current time


Prime numbers limit: 1000000

Initializing worker threads...

Threads started!

Latency histogram (values are in milliseconds)
       value  ------------- distribution ------------- count
     590.556 |                                         3
     601.286 |*                                        12
     612.211 |*                                        9
     623.335 |*                                        8
     634.661 |**************************************** 528
     646.192 |                                         2
     657.933 |                                         4
     669.888 |                                         2
     682.059 |                                         5
     694.452 |                                         1
     707.070 |                                         2
 
CPU speed:
    events per second:    55.89

General statistics:
    total time:                          10.3040s
    total number of events:              576

Latency (ms):
         min:                                  588.91
         avg:                                  635.63
         max:                                  712.24
         95th percentile:                      634.66
         sum:                               366121.78

Threads fairness:
    events (avg/stddev):           16.0000/0.00
    execution time (avg/stddev):   10.1700/0.03

sysbench 1.0.19 (using bundled LuaJIT 2.1.0-beta2)

Running the test with following options:
Number of threads: 36
Validation checks: on.

Initializing random number generator from current time


Prime numbers limit: 1000000

Initializing worker threads...

Threads started!

Latency histogram (values are in milliseconds)
       value  ------------- distribution ------------- count
     590.556 |                                         3
     601.286 |*                                        9
     612.211 |                                         6
     623.335 |*                                        10
     634.661 |**************************************** 533
     646.192 |                                         4
     657.933 |                                         3
     669.888 |                                         3
     682.059 |                                         3
     694.452 |                                         2
 
CPU speed:
    events per second:    56.00

General statistics:
    total time:                          10.2850s
    total number of events:              576

Latency (ms):
         min:                                  585.79
         avg:                                  635.65
         max:                                  700.29
         95th percentile:                      634.66
         sum:                               366134.76

Threads fairness:
    events (avg/stddev):           16.0000/0.00
    execution time (avg/stddev):   10.1704/0.02

sysbench 1.0.19 (using bundled LuaJIT 2.1.0-beta2)

Running the test with following options:
Number of threads: 36
Validation checks: on.

Initializing random number generator from current time


Prime numbers limit: 1000000

Initializing worker threads...

Threads started!

Latency histogram (values are in milliseconds)
       value  ------------- distribution ------------- count
     580.017 |                                         1
     590.556 |                                         1
     601.286 |                                         5
     612.211 |*                                        9
     623.335 |*                                        10
     634.661 |**************************************** 533
     646.192 |                                         4
     657.933 |                                         1
     669.888 |                                         2
     682.059 |                                         3
     694.452 |                                         4
     707.070 |                                         1
     719.917 |                                         1
     732.998 |                                         1
 
CPU speed:
    events per second:    56.06

General statistics:
    total time:                          10.2733s
    total number of events:              576

Latency (ms):
         min:                                  580.74
         avg:                                  636.38
         max:                                  728.14
         95th percentile:                      634.66
         sum:                               366554.17

Threads fairness:
    events (avg/stddev):           16.0000/0.00
    execution time (avg/stddev):   10.1821/0.03

sysbench 1.0.19 (using bundled LuaJIT 2.1.0-beta2)

Running the test with following options:
Number of threads: 36
Validation checks: on.

Initializing random number generator from current time


Prime numbers limit: 1000000

Initializing worker threads...

Threads started!

Latency histogram (values are in milliseconds)
       value  ------------- distribution ------------- count
     569.667 |                                         1
     580.017 |                                         1
     590.556 |                                         4
     601.286 |                                         2
     612.211 |*                                        8
     623.335 |*                                        12
     634.661 |**************************************** 531
     646.192 |                                         3
     657.933 |                                         3
     669.888 |                                         2
     682.059 |                                         3
     694.452 |                                         2
     707.070 |                                         4
 
CPU speed:
    events per second:    56.01

General statistics:
    total time:                          10.2831s
    total number of events:              576

Latency (ms):
         min:                                  569.27
         avg:                                  636.04
         max:                                  712.18
         95th percentile:                      634.66
         sum:                               366357.99

Threads fairness:
    events (avg/stddev):           16.0000/0.00
    execution time (avg/stddev):   10.1766/0.03

