mixbench/alternating (v0.03-1-g3ace732)
------------------------ Device specifications ------------------------
Device:              Tesla K80
CUDA driver version: 10.10
GPU clock rate:      823 MHz
Memory clock rate:   1252 MHz
Memory bus width:    384 bits
WarpSize:            32
L2 cache size:       1536 KB
Total global mem:    11441 MB
ECC enabled:         Yes
Compute Capability:  3.7
Total SPs:           2496 (13 MPs x 192 SPs/MP)
Compute throughput:  4110.91 GFlops (theoretical single precision FMAs)
Memory bandwidth:    240.48 GB/sec
-----------------------------------------------------------------------
Total GPU memory 11996954624, free 11926437888
Buffer size:          64MB
Trade-off type:       compute with global memory (block strided)
Warning:              Half precision computations are not supported
----------------------------------------------------------------------------- CSV data -----------------------------------------------------------------------------
Experiment ID, Single Precision ops,,,,              Double precision ops,,,,              Half precision ops,,,,                Integer operations,,, 
Compute iters, Flops/byte, ex.time,  GFLOPS, GB/sec, Flops/byte, ex.time,  GFLOPS, GB/sec, Flops/byte, ex.time,  GFLOPS, GB/sec, Iops/byte, ex.time,   GIOPS, GB/sec
            0,      0.000,   67.21,    0.00, 127.81,      0.000,  136.61,    0.00, 125.76,      0.000,    0.00,    -nan,    inf,     0.000,   57.63,    0.00, 149.06
            1,      0.129,   55.35,   19.40, 150.35,      0.065,  115.12,    9.33, 144.56,      0.258,    0.00,     inf,    inf,     0.129,   52.87,   20.31, 157.40
            2,      0.267,   51.44,   41.74, 156.54,      0.133,  110.41,   19.45, 145.88,      0.533,    0.00,     inf,    inf,     0.267,   51.39,   41.79, 156.71
            3,      0.414,   48.90,   65.87, 159.19,      0.207,  107.67,   29.92, 144.61,      0.828,    0.00,     inf,    inf,     0.414,   49.67,   64.85, 156.72
            4,      0.571,   48.09,   89.31, 156.29,      0.286,  104.18,   41.23, 144.30,      1.143,    0.00,     inf,    inf,     0.571,   48.25,   89.01, 155.77
            5,      0.741,   44.91,  119.55, 161.39,      0.370,  100.54,   53.40, 144.18,      1.481,    0.00,     inf,    inf,     0.741,   45.45,  118.13, 159.47
            6,      0.923,   43.23,  149.01, 161.43,      0.462,   96.28,   66.91, 144.97,      1.846,    0.00,     inf,    inf,     0.923,   43.81,  147.06, 159.31
            7,      1.120,   39.78,  188.93, 168.69,      0.560,   92.75,   81.04, 144.71,      2.240,    0.00,     inf,    inf,     1.120,   40.09,  187.49, 167.40
            8,      1.333,   38.82,  221.25, 165.94,      0.667,   88.79,   96.75, 145.12,      2.667,    0.00,     inf,    inf,     1.333,   39.06,  219.89, 164.92
            9,      1.565,   35.22,  274.39, 175.30,      0.783,   85.33,  113.25, 144.71,      3.130,    0.00,     inf,    inf,     1.565,   36.17,  267.19, 170.71
           10,      1.818,   34.36,  312.49, 171.87,      0.909,   81.06,  132.46, 145.71,      3.636,    0.00,     inf,    inf,     1.818,   34.93,  307.40, 169.07
           11,      2.095,   29.23,  404.01, 192.82,      1.048,   77.67,  152.07, 145.15,      4.190,    0.00,     inf,    inf,     2.095,   19.09,  618.84, 295.36
           12,      2.400,   28.82,  447.16, 186.32,      1.200,   73.51,  175.29, 146.07,      4.800,    0.00,     inf,    inf,     2.400,   20.26,  635.91, 264.96
           13,      2.737,   23.49,  594.18, 217.11,      1.368,   69.88,  199.76, 145.98,      5.474,    0.00,     inf,    inf,     2.737,   21.64,  644.90, 235.64
           14,      3.111,   22.34,  672.87, 216.28,      1.556,   66.23,  226.96, 145.91,      6.222,    0.00,     inf,    inf,     3.111,   23.15,  649.28, 208.70
           15,      3.529,   18.46,  872.26, 247.14,      1.765,   61.83,  260.49, 147.61,      7.059,    0.00,     inf,    inf,     3.529,   25.06,  642.57, 182.06
           16,      4.000,   28.11,  611.15, 152.79,      2.000,   59.48,  288.82, 144.41,      8.000,    0.00,     inf,    inf,     4.000,   26.53,  647.52, 161.88
           17,      4.533,   25.58,  713.68, 157.43,      2.267,   54.70,  333.72, 147.23,      9.067,    0.00,     inf,    inf,     4.533,   27.42,  665.60, 146.82
           18,      5.143,   24.21,  798.41, 155.25,      2.571,   52.16,  370.54, 144.10,     10.286,    0.00,     inf,    inf,     5.143,   29.55,  654.01, 127.17
           19,      5.846,   21.14,  965.03, 165.07,      2.923,   47.15,  432.68, 148.02,     11.692,    0.00,     inf,    inf,     5.846,   31.09,  656.21, 112.25
           20,      6.667,   19.70, 1090.23, 163.53,      3.333,   44.62,  481.27, 144.38,     13.333,    0.00,     inf,    inf,     6.667,   32.43,  662.19,  99.33
           21,      7.636,   17.09, 1319.19, 172.75,      3.818,   39.67,  568.40, 148.87,     15.273,    0.00,     inf,    inf,     7.636,   34.17,  659.97,  86.42
           22,      8.800,   17.66, 1337.46, 151.98,      4.400,   37.28,  633.70, 144.02,     17.600,    0.00,     inf,    inf,     8.800,   35.28,  669.49,  76.08
           23,     10.222,   14.62, 1688.67, 165.20,      5.111,   32.02,  771.34, 150.91,     20.444,    0.00,     inf,    inf,    10.222,   37.52,  658.30,  64.40
           24,     12.000,   14.37, 1792.88, 149.41,      6.000,   30.07,  857.06, 142.84,     24.000,    0.00,     inf,    inf,    12.000,   39.23,  656.91,  54.74
           25,     14.286,   11.63, 2307.57, 161.53,      7.143,   24.46, 1097.48, 153.65,     28.571,    0.00,     inf,    inf,    14.286,   38.93,  689.49,  48.26
           26,     17.333,   10.90, 2560.96, 147.75,      8.667,   22.59, 1236.06, 142.62,     34.667,    0.00,     inf,    inf,    17.333,   42.78,  652.62,  37.65
           27,     21.600,    9.48, 3058.21, 141.58,     10.800,   23.77, 1219.85, 112.95,     43.200,    0.00,     inf,    inf,    21.600,   43.23,  670.61,  31.05
           28,     28.000,    9.59, 3134.56, 111.95,     14.000,   24.06, 1249.43,  89.25,     56.000,    0.00,     inf,    inf,    28.000,   45.51,  660.62,  23.59
           29,     38.667,   10.02, 3109.01,  80.41,     19.333,   23.71, 1313.39,  67.93,     77.333,    0.00,     inf,    inf,    38.667,   45.05,  691.16,  17.87
           30,     60.000,    9.33, 3453.00,  57.55,     30.000,   24.08, 1337.65,  44.59,    120.000,    0.00,     inf,    inf,    60.000,   47.69,  675.43,  11.26
           31,    124.000,    9.68, 3439.69,  27.74,     62.000,   24.20, 1375.60,  22.19,    248.000,    0.00,     inf,    inf,   124.000,   48.35,  688.47,   5.55
           32,        inf,    9.33, 3681.18,   0.00,        inf,   24.86, 1382.15,   0.00,        inf,    0.00,     inf,   -nan,       inf,   49.28,  697.27,   0.00
--------------------------------------------------------------------------------------------------------------------------------------------------------------------
mixbench/alternating (v0.03-1-g3ace732)
------------------------ Device specifications ------------------------
Device:              Tesla K80
CUDA driver version: 10.10
GPU clock rate:      823 MHz
Memory clock rate:   1252 MHz
Memory bus width:    384 bits
WarpSize:            32
L2 cache size:       1536 KB
Total global mem:    11441 MB
ECC enabled:         Yes
Compute Capability:  3.7
Total SPs:           2496 (13 MPs x 192 SPs/MP)
Compute throughput:  4110.91 GFlops (theoretical single precision FMAs)
Memory bandwidth:    240.48 GB/sec
-----------------------------------------------------------------------
Total GPU memory 11996954624, free 11926437888
Buffer size:          64MB
Trade-off type:       compute with global memory (block strided)
Warning:              Half precision computations are not supported
----------------------------------------------------------------------------- CSV data -----------------------------------------------------------------------------
Experiment ID, Single Precision ops,,,,              Double precision ops,,,,              Half precision ops,,,,                Integer operations,,, 
Compute iters, Flops/byte, ex.time,  GFLOPS, GB/sec, Flops/byte, ex.time,  GFLOPS, GB/sec, Flops/byte, ex.time,  GFLOPS, GB/sec, Iops/byte, ex.time,   GIOPS, GB/sec
            0,      0.000,   56.14,    0.00, 153.00,      0.000,  118.58,    0.00, 144.88,      0.000,    0.00,    -nan,    inf,     0.000,   55.41,    0.00, 155.02
            1,      0.129,   53.64,   20.02, 155.14,      0.065,  115.24,    9.32, 144.42,      0.258,    0.00,     inf,    inf,     0.129,   53.50,   20.07, 155.53
            2,      0.267,   51.66,   41.57, 155.89,      0.133,  111.63,   19.24, 144.29,      0.533,    0.00,     inf,    inf,     0.267,   51.97,   41.32, 154.94
            3,      0.414,   49.33,   65.30, 157.81,      0.207,  107.87,   29.86, 144.33,      0.828,    0.00,     inf,    inf,     0.414,   49.49,   65.09, 157.29
            4,      0.571,   47.97,   89.54, 156.70,      0.286,  103.92,   41.33, 144.66,      1.143,    0.00,     inf,    inf,     0.571,   48.35,   88.84, 155.47
            5,      0.741,   44.82,  119.78, 161.70,      0.370,  100.36,   53.49, 144.43,      1.481,    0.00,     inf,    inf,     0.741,   45.57,  117.80, 159.04
            6,      0.923,   43.48,  148.17, 160.52,      0.462,   96.30,   66.90, 144.94,      1.846,    0.00,     inf,    inf,     0.923,   43.61,  147.71, 160.02
            7,      1.120,   39.90,  188.37, 168.19,      0.560,   92.68,   81.10, 144.82,      2.240,    0.00,     inf,    inf,     1.120,   40.14,  187.23, 167.17
            8,      1.333,   38.56,  222.75, 167.06,      0.667,   88.74,   96.80, 145.19,      2.667,    0.00,     inf,    inf,     1.333,   39.00,  220.25, 165.19
            9,      1.565,   35.29,  273.80, 174.93,      0.783,   85.15,  113.49, 145.02,      3.130,    0.00,     inf,    inf,     1.565,   36.32,  266.11, 170.01
           10,      1.818,   34.38,  312.32, 171.77,      0.909,   81.04,  132.49, 145.74,      3.636,    0.00,     inf,    inf,     1.818,   34.98,  307.00, 168.85
           11,      2.095,   29.22,  404.25, 192.94,      1.048,   77.61,  152.18, 145.27,      4.190,    0.00,     inf,    inf,     2.095,   19.09,  618.62, 295.25
           12,      2.400,   28.80,  447.34, 186.39,      1.200,   73.63,  174.99, 145.82,      4.800,    0.00,     inf,    inf,     2.400,   20.28,  635.30, 264.71
           13,      2.737,   23.54,  593.00, 216.67,      1.368,   69.51,  200.81, 146.75,      5.474,    0.00,     inf,    inf,     2.737,   21.63,  645.31, 235.78
           14,      3.111,   22.30,  673.96, 216.63,      1.556,   66.23,  226.97, 145.91,      6.222,    0.00,     inf,    inf,     3.111,   23.17,  648.81, 208.54
           15,      3.529,   18.46,  872.61, 247.24,      1.765,   62.03,  259.67, 147.14,      7.059,    0.00,     inf,    inf,     3.529,   25.07,  642.55, 182.06
           16,      4.000,   28.08,  611.90, 152.98,      2.000,   59.43,  289.09, 144.54,      8.000,    0.00,     inf,    inf,     4.000,   26.38,  651.33, 162.83
           17,      4.533,   25.58,  713.66, 157.43,      2.267,   54.56,  334.54, 147.59,      9.067,    0.00,     inf,    inf,     4.533,   27.44,  665.27, 146.75
           18,      5.143,   24.17,  799.53, 155.46,      2.571,   52.11,  370.90, 144.24,     10.286,    0.00,     inf,    inf,     5.143,   29.65,  651.80, 126.74
           19,      5.846,   21.24,  960.38, 164.28,      2.923,   47.23,  431.99, 147.79,     11.692,    0.00,     inf,    inf,     5.846,   31.09,  656.19, 112.24
           20,      6.667,   19.65, 1092.99, 163.95,      3.333,   44.64,  481.09, 144.33,     13.333,    0.00,     inf,    inf,     6.667,   32.42,  662.36,  99.35
           21,      7.636,   17.11, 1318.06, 172.60,      3.818,   39.60,  569.42, 149.13,     15.273,    0.00,     inf,    inf,     7.636,   33.78,  667.47,  87.41
           22,      8.800,   17.72, 1333.28, 151.51,      4.400,   37.42,  631.22, 143.46,     17.600,    0.00,     inf,    inf,     8.800,   35.29,  669.32,  76.06
           23,     10.222,   14.60, 1691.41, 165.46,      5.111,   32.25,  765.84, 149.84,     20.444,    0.00,     inf,    inf,    10.222,   37.52,  658.22,  64.39
           24,     12.000,   14.33, 1797.88, 149.82,      6.000,   30.04,  857.88, 142.98,     24.000,    0.00,     inf,    inf,    12.000,   39.26,  656.44,  54.70
           25,     14.286,   11.64, 2305.39, 161.38,      7.143,   24.57, 1092.43, 152.94,     28.571,    0.00,     inf,    inf,    14.286,   38.94,  689.29,  48.25
           26,     17.333,   10.87, 2567.17, 148.11,      8.667,   22.49, 1241.47, 143.25,     34.667,    0.00,     inf,    inf,    17.333,   42.58,  655.64,  37.83
           27,     21.600,    9.57, 3028.23, 140.20,     10.800,   23.77, 1219.57, 112.92,     43.200,    0.00,     inf,    inf,    21.600,   43.06,  673.21,  31.17
           28,     28.000,    9.58, 3138.09, 112.07,     14.000,   24.16, 1244.64,  88.90,     56.000,    0.00,     inf,    inf,    28.000,   45.82,  656.12,  23.43
           29,     38.667,   10.16, 3065.11,  79.27,     19.333,   23.79, 1308.94,  67.70,     77.333,    0.00,     inf,    inf,    38.667,   45.05,  691.18,  17.88
           30,     60.000,    9.34, 3447.05,  57.45,     30.000,   24.05, 1339.14,  44.64,    120.000,    0.00,     inf,    inf,    60.000,   47.90,  672.46,  11.21
           31,    124.000,    9.66, 3445.16,  27.78,     62.000,   24.18, 1376.71,  22.21,    248.000,    0.00,     inf,    inf,   124.000,   48.45,  687.00,   5.54
           32,        inf,    9.38, 3663.54,   0.00,        inf,   24.93, 1378.02,   0.00,        inf,    0.00,     inf,   -nan,       inf,   49.40,  695.60,   0.00
--------------------------------------------------------------------------------------------------------------------------------------------------------------------
mixbench/alternating (v0.03-1-g3ace732)
------------------------ Device specifications ------------------------
Device:              Tesla K80
CUDA driver version: 10.10
GPU clock rate:      823 MHz
Memory clock rate:   1252 MHz
Memory bus width:    384 bits
WarpSize:            32
L2 cache size:       1536 KB
Total global mem:    11441 MB
ECC enabled:         Yes
Compute Capability:  3.7
Total SPs:           2496 (13 MPs x 192 SPs/MP)
Compute throughput:  4110.91 GFlops (theoretical single precision FMAs)
Memory bandwidth:    240.48 GB/sec
-----------------------------------------------------------------------
Total GPU memory 11996954624, free 11926437888
Buffer size:          64MB
Trade-off type:       compute with global memory (block strided)
Warning:              Half precision computations are not supported
----------------------------------------------------------------------------- CSV data -----------------------------------------------------------------------------
Experiment ID, Single Precision ops,,,,              Double precision ops,,,,              Half precision ops,,,,                Integer operations,,, 
Compute iters, Flops/byte, ex.time,  GFLOPS, GB/sec, Flops/byte, ex.time,  GFLOPS, GB/sec, Flops/byte, ex.time,  GFLOPS, GB/sec, Iops/byte, ex.time,   GIOPS, GB/sec
            0,      0.000,   56.18,    0.00, 152.90,      0.000,  118.91,    0.00, 144.47,      0.000,    0.00,    -nan,    inf,     0.000,   55.46,    0.00, 154.89
            1,      0.129,   53.59,   20.03, 155.27,      0.065,  115.49,    9.30, 144.11,      0.258,    0.00,     inf,    inf,     0.129,   53.20,   20.18, 156.43
            2,      0.267,   51.84,   41.43, 155.36,      0.133,  111.61,   19.24, 144.31,      0.533,    0.00,     inf,    inf,     0.267,   52.06,   41.25, 154.67
            3,      0.414,   49.28,   65.37, 157.98,      0.207,  107.80,   29.88, 144.42,      0.828,    0.00,     inf,    inf,     0.414,   49.66,   64.87, 156.77
            4,      0.571,   48.02,   89.45, 156.53,      0.286,  103.87,   41.35, 144.73,      1.143,    0.00,     inf,    inf,     0.571,   48.04,   89.40, 156.46
            5,      0.741,   44.99,  119.32, 161.08,      0.370,  100.56,   53.39, 144.15,      1.481,    0.00,     inf,    inf,     0.741,   45.27,  118.60, 160.11
            6,      0.923,   43.27,  148.88, 161.29,      0.462,   96.62,   66.68, 144.47,      1.846,    0.00,     inf,    inf,     0.923,   43.64,  147.63, 159.93
            7,      1.120,   39.97,  188.04, 167.89,      0.560,   92.87,   80.93, 144.52,      2.240,    0.00,     inf,    inf,     1.120,   40.19,  187.03, 166.99
            8,      1.333,   38.59,  222.59, 166.94,      0.667,   88.64,   96.91, 145.37,      2.667,    0.00,     inf,    inf,     1.333,   39.04,  220.02, 165.01
            9,      1.565,   35.29,  273.86, 174.97,      0.783,   85.22,  113.40, 144.90,      3.130,    0.00,     inf,    inf,     1.565,   36.23,  266.76, 170.43
           10,      1.818,   34.36,  312.46, 171.85,      0.909,   81.26,  132.13, 145.35,      3.636,    0.00,     inf,    inf,     1.818,   35.06,  306.30, 168.46
           11,      2.095,   29.22,  404.21, 192.92,      1.048,   77.66,  152.08, 145.17,      4.190,    0.00,     inf,    inf,     2.095,   19.04,  620.33, 296.07
           12,      2.400,   28.74,  448.28, 186.78,      1.200,   73.59,  175.09, 145.91,      4.800,    0.00,     inf,    inf,     2.400,   20.24,  636.47, 265.20
           13,      2.737,   23.49,  594.15, 217.09,      1.368,   69.96,  199.53, 145.81,      5.474,    0.00,     inf,    inf,     2.737,   21.87,  638.26, 233.21
           14,      3.111,   22.30,  674.04, 216.66,      1.556,   65.94,  227.96, 146.55,      6.222,    0.00,     inf,    inf,     3.111,   23.09,  651.06, 209.27
           15,      3.529,   18.51,  870.03, 246.51,      1.765,   61.91,  260.16, 147.43,      7.059,    0.00,     inf,    inf,     3.529,   25.00,  644.23, 182.53
           16,      4.000,   28.02,  613.23, 153.31,      2.000,   59.41,  289.17, 144.58,      8.000,    0.00,     inf,    inf,     4.000,   26.56,  646.88, 161.72
           17,      4.533,   25.55,  714.50, 157.61,      2.267,   54.54,  334.69, 147.66,      9.067,    0.00,     inf,    inf,     4.533,   27.58,  661.95, 146.02
           18,      5.143,   24.25,  796.99, 154.97,      2.571,   51.96,  371.96, 144.65,     10.286,    0.00,     inf,    inf,     5.143,   29.59,  653.14, 127.00
           19,      5.846,   21.27,  959.24, 164.08,      2.923,   47.32,  431.11, 147.48,     11.692,    0.00,     inf,    inf,     5.846,   31.28,  652.20, 111.56
           20,      6.667,   19.70, 1090.35, 163.55,      3.333,   44.82,  479.08, 143.73,     13.333,    0.00,     inf,    inf,     6.667,   32.41,  662.63,  99.39
           21,      7.636,   17.12, 1317.09, 172.48,      3.818,   39.72,  567.63, 148.66,     15.273,    0.00,     inf,    inf,     7.636,   34.09,  661.42,  86.61
           22,      8.800,   17.67, 1336.80, 151.91,      4.400,   37.27,  633.78, 144.04,     17.600,    0.00,     inf,    inf,     8.800,   35.28,  669.63,  76.09
           23,     10.222,   14.66, 1684.14, 164.75,      5.111,   32.02,  771.25, 150.90,     20.444,    0.00,     inf,    inf,    10.222,   37.50,  658.53,  64.42
           24,     12.000,   14.37, 1793.18, 149.43,      6.000,   30.30,  850.41, 141.74,     24.000,    0.00,     inf,    inf,    12.000,   38.90,  662.38,  55.20
           25,     14.286,   11.65, 2304.71, 161.33,      7.143,   24.91, 1077.83, 150.90,     28.571,    0.00,     inf,    inf,    14.286,   38.92,  689.66,  48.28
           26,     17.333,   10.90, 2561.65, 147.79,      8.667,   22.63, 1233.59, 142.34,     34.667,    0.00,     inf,    inf,    17.333,   42.66,  654.34,  37.75
           27,     21.600,    9.49, 3056.18, 141.49,     10.800,   23.78, 1218.92, 112.86,     43.200,    0.00,     inf,    inf,    21.600,   43.27,  669.98,  31.02
           28,     28.000,    9.60, 3133.27, 111.90,     14.000,   24.09, 1248.18,  89.16,     56.000,    0.00,     inf,    inf,    28.000,   45.55,  660.09,  23.57
           29,     38.667,   10.12, 3077.57,  79.59,     19.333,   24.10, 1292.18,  66.84,     77.333,    0.00,     inf,    inf,    38.667,   45.05,  691.14,  17.87
           30,     60.000,    9.34, 3450.47,  57.51,     30.000,   23.84, 1351.11,  45.04,    120.000,    0.00,     inf,    inf,    60.000,   47.35,  680.24,  11.34
           31,    124.000,    9.66, 3446.97,  27.80,     62.000,   24.46, 1360.59,  21.95,    248.000,    0.00,     inf,    inf,   124.000,   48.11,  691.90,   5.58
           32,        inf,    9.32, 3685.16,   0.00,        inf,   24.93, 1378.11,   0.00,        inf,    0.00,     inf,   -nan,       inf,   49.39,  695.62,   0.00
--------------------------------------------------------------------------------------------------------------------------------------------------------------------
mixbench/alternating (v0.03-1-g3ace732)
------------------------ Device specifications ------------------------
Device:              Tesla K80
CUDA driver version: 10.10
GPU clock rate:      823 MHz
Memory clock rate:   1252 MHz
Memory bus width:    384 bits
WarpSize:            32
L2 cache size:       1536 KB
Total global mem:    11441 MB
ECC enabled:         Yes
Compute Capability:  3.7
Total SPs:           2496 (13 MPs x 192 SPs/MP)
Compute throughput:  4110.91 GFlops (theoretical single precision FMAs)
Memory bandwidth:    240.48 GB/sec
-----------------------------------------------------------------------
Total GPU memory 11996954624, free 11926437888
Buffer size:          64MB
Trade-off type:       compute with global memory (block strided)
Warning:              Half precision computations are not supported
----------------------------------------------------------------------------- CSV data -----------------------------------------------------------------------------
Experiment ID, Single Precision ops,,,,              Double precision ops,,,,              Half precision ops,,,,                Integer operations,,, 
Compute iters, Flops/byte, ex.time,  GFLOPS, GB/sec, Flops/byte, ex.time,  GFLOPS, GB/sec, Flops/byte, ex.time,  GFLOPS, GB/sec, Iops/byte, ex.time,   GIOPS, GB/sec
            0,      0.000,   56.16,    0.00, 152.96,      0.000,  118.91,    0.00, 144.48,      0.000,    0.00,    -nan,    inf,     0.000,   55.57,    0.00, 154.58
            1,      0.129,   53.37,   20.12, 155.91,      0.065,  115.33,    9.31, 144.30,      0.258,    0.00,     inf,    inf,     0.129,   53.39,   20.11, 155.87
            2,      0.267,   51.60,   41.62, 156.08,      0.133,  111.51,   19.26, 144.43,      0.533,    0.00,     inf,    inf,     0.267,   51.92,   41.36, 155.11
            3,      0.414,   49.12,   65.58, 158.47,      0.207,  107.76,   29.89, 144.48,      0.828,    0.00,     inf,    inf,     0.414,   49.21,   65.46, 158.20
            4,      0.571,   48.03,   89.42, 156.49,      0.286,  103.74,   41.40, 144.90,      1.143,    0.00,     inf,    inf,     0.571,   48.29,   88.94, 155.64
            5,      0.741,   44.80,  119.84, 161.78,      0.370,  100.17,   53.60, 144.71,      1.481,    0.00,     inf,    inf,     0.741,   45.45,  118.12, 159.46
            6,      0.923,   43.30,  148.78, 161.18,      0.462,   96.18,   66.99, 145.14,      1.846,    0.00,     inf,    inf,     0.923,   43.67,  147.52, 159.81
            7,      1.120,   39.83,  188.71, 168.49,      0.560,   92.73,   81.05, 144.73,      2.240,    0.00,     inf,    inf,     1.120,   40.05,  187.65, 167.55
            8,      1.333,   38.67,  222.16, 166.62,      0.667,   88.64,   96.91, 145.36,      2.667,    0.00,     inf,    inf,     1.333,   38.98,  220.37, 165.28
            9,      1.565,   35.23,  274.32, 175.26,      0.783,   85.33,  113.24, 144.70,      3.130,    0.00,     inf,    inf,     1.565,   36.21,  266.88, 170.51
           10,      1.818,   34.42,  311.92, 171.56,      0.909,   81.60,  131.58, 144.74,      3.636,    0.00,     inf,    inf,     1.818,   34.95,  307.18, 168.95
           11,      2.095,   29.35,  402.38, 192.04,      1.048,   77.84,  151.74, 144.85,      4.190,    0.00,     inf,    inf,     2.095,   19.06,  619.82, 295.82
           12,      2.400,   28.65,  449.77, 187.41,      1.200,   73.35,  175.67, 146.39,      4.800,    0.00,     inf,    inf,     2.400,   20.22,  637.21, 265.50
           13,      2.737,   23.56,  592.55, 216.51,      1.368,   69.73,  200.18, 146.29,      5.474,    0.00,     inf,    inf,     2.737,   21.67,  644.21, 235.38
           14,      3.111,   22.33,  673.20, 216.39,      1.556,   66.01,  227.73, 146.40,      6.222,    0.00,     inf,    inf,     3.111,   23.17,  648.70, 208.51
           15,      3.529,   18.46,  872.64, 247.25,      1.765,   62.20,  258.94, 146.73,      7.059,    0.00,     inf,    inf,     3.529,   25.11,  641.41, 181.73
           16,      4.000,   28.05,  612.46, 153.11,      2.000,   59.47,  288.90, 144.45,      8.000,    0.00,     inf,    inf,     4.000,   26.55,  646.99, 161.75
           17,      4.533,   25.63,  712.22, 157.11,      2.267,   54.60,  334.33, 147.50,      9.067,    0.00,     inf,    inf,     4.533,   27.45,  665.03, 146.70
           18,      5.143,   24.22,  798.04, 155.17,      2.571,   52.04,  371.40, 144.43,     10.286,    0.00,     inf,    inf,     5.143,   29.54,  654.33, 127.23
           19,      5.846,   21.22,  961.49, 164.47,      2.923,   47.20,  432.18, 147.85,     11.692,    0.00,     inf,    inf,     5.846,   31.10,  655.88, 112.19
           20,      6.667,   19.69, 1090.88, 163.63,      3.333,   44.59,  481.57, 144.47,     13.333,    0.00,     inf,    inf,     6.667,   32.41,  662.67,  99.40
           21,      7.636,   17.10, 1318.52, 172.66,      3.818,   39.60,  569.41, 149.13,     15.273,    0.00,     inf,    inf,     7.636,   33.79,  667.30,  87.38
           22,      8.800,   17.69, 1335.38, 151.75,      4.400,   37.47,  630.37, 143.27,     17.600,    0.00,     inf,    inf,     8.800,   35.31,  668.95,  76.02
           23,     10.222,   14.61, 1690.68, 165.39,      5.111,   32.15,  768.21, 150.30,     20.444,    0.00,     inf,    inf,    10.222,   37.51,  658.45,  64.41
           24,     12.000,   14.34, 1796.90, 149.74,      6.000,   30.12,  855.45, 142.58,     24.000,    0.00,     inf,    inf,    12.000,   38.93,  661.99,  55.17
           25,     14.286,   11.65, 2305.09, 161.36,      7.143,   24.82, 1081.48, 151.41,     28.571,    0.00,     inf,    inf,    14.286,   38.96,  688.92,  48.22
           26,     17.333,   10.88, 2566.89, 148.09,      8.667,   22.50, 1240.75, 143.16,     34.667,    0.00,     inf,    inf,    17.333,   42.84,  651.70,  37.60
           27,     21.600,    9.50, 3053.06, 141.35,     10.800,   23.76, 1220.26, 112.99,     43.200,    0.00,     inf,    inf,    21.600,   43.54,  665.81,  30.82
           28,     28.000,    9.60, 3132.27, 111.87,     14.000,   24.11, 1246.81,  89.06,     56.000,    0.00,     inf,    inf,    28.000,   45.58,  659.56,  23.56
           29,     38.667,   10.16, 3064.91,  79.26,     19.333,   24.25, 1283.83,  66.40,     77.333,    0.00,     inf,    inf,    38.667,   45.06,  691.04,  17.87
           30,     60.000,    9.34, 3449.94,  57.50,     30.000,   23.81, 1352.90,  45.10,    120.000,    0.00,     inf,    inf,    60.000,   47.80,  673.90,  11.23
           31,    124.000,    9.66, 3446.33,  27.79,     62.000,   24.21, 1374.61,  22.17,    248.000,    0.00,     inf,    inf,   124.000,   48.11,  691.82,   5.58
           32,        inf,    9.42, 3646.34,   0.00,        inf,   24.71, 1390.71,   0.00,        inf,    0.00,     inf,   -nan,       inf,   49.08,  700.01,   0.00
--------------------------------------------------------------------------------------------------------------------------------------------------------------------
mixbench/alternating (v0.03-1-g3ace732)
------------------------ Device specifications ------------------------
Device:              Tesla K80
CUDA driver version: 10.10
GPU clock rate:      823 MHz
Memory clock rate:   1252 MHz
Memory bus width:    384 bits
WarpSize:            32
L2 cache size:       1536 KB
Total global mem:    11441 MB
ECC enabled:         Yes
Compute Capability:  3.7
Total SPs:           2496 (13 MPs x 192 SPs/MP)
Compute throughput:  4110.91 GFlops (theoretical single precision FMAs)
Memory bandwidth:    240.48 GB/sec
-----------------------------------------------------------------------
Total GPU memory 11996954624, free 11926437888
Buffer size:          64MB
Trade-off type:       compute with global memory (block strided)
Warning:              Half precision computations are not supported
----------------------------------------------------------------------------- CSV data -----------------------------------------------------------------------------
Experiment ID, Single Precision ops,,,,              Double precision ops,,,,              Half precision ops,,,,                Integer operations,,, 
Compute iters, Flops/byte, ex.time,  GFLOPS, GB/sec, Flops/byte, ex.time,  GFLOPS, GB/sec, Flops/byte, ex.time,  GFLOPS, GB/sec, Iops/byte, ex.time,   GIOPS, GB/sec
            0,      0.000,   56.23,    0.00, 152.77,      0.000,  118.68,    0.00, 144.76,      0.000,    0.00,    -nan,    inf,     0.000,   55.38,    0.00, 155.12
            1,      0.129,   53.65,   20.01, 155.11,      0.065,  115.21,    9.32, 144.46,      0.258,    0.00,     inf,    inf,     0.129,   53.31,   20.14, 156.11
            2,      0.267,   51.70,   41.54, 155.77,      0.133,  111.17,   19.32, 144.88,      0.533,    0.00,     inf,    inf,     0.267,   52.13,   41.20, 154.49
            3,      0.414,   49.23,   65.44, 158.14,      0.207,  107.50,   29.97, 144.83,      0.828,    0.00,     inf,    inf,     0.414,   49.72,   64.79, 156.57
            4,      0.571,   48.13,   89.23, 156.16,      0.286,  103.83,   41.37, 144.78,      1.143,    0.00,     inf,    inf,     0.571,   48.27,   88.97, 155.70
            5,      0.741,   44.76,  119.95, 161.93,      0.370,  100.21,   53.57, 144.65,      1.481,    0.00,     inf,    inf,     0.741,   45.41,  118.23, 159.61
            6,      0.923,   43.29,  148.81, 161.21,      0.462,   96.11,   67.03, 145.24,      1.846,    0.00,     inf,    inf,     0.923,   43.69,  147.45, 159.74
            7,      1.120,   39.86,  188.55, 168.34,      0.560,   93.08,   80.75, 144.20,      2.240,    0.00,     inf,    inf,     1.120,   40.18,  187.05, 167.01
            8,      1.333,   38.65,  222.25, 166.69,      0.667,   89.00,   96.52, 144.77,      2.667,    0.00,     inf,    inf,     1.333,   39.04,  220.03, 165.02
            9,      1.565,   35.05,  275.68, 176.13,      0.783,   85.57,  112.93, 144.30,      3.130,    0.00,     inf,    inf,     1.565,   36.27,  266.47, 170.25
           10,      1.818,   34.37,  312.41, 171.83,      0.909,   81.06,  132.46, 145.70,      3.636,    0.00,     inf,    inf,     1.818,   34.93,  307.39, 169.07
           11,      2.095,   29.23,  404.07, 192.85,      1.048,   77.45,  152.50, 145.56,      4.190,    0.00,     inf,    inf,     2.095,   19.05,  620.07, 295.94
           12,      2.400,   28.80,  447.43, 186.43,      1.200,   73.87,  174.42, 145.35,      4.800,    0.00,     inf,    inf,     2.400,   20.31,  634.38, 264.33
           13,      2.737,   23.51,  593.65, 216.91,      1.368,   70.10,  199.12, 145.51,      5.474,    0.00,     inf,    inf,     2.737,   21.62,  645.59, 235.89
           14,      3.111,   22.36,  672.40, 216.13,      1.556,   65.95,  227.94, 146.54,      6.222,    0.00,     inf,    inf,     3.111,   23.19,  648.18, 208.34
           15,      3.529,   18.44,  873.23, 247.41,      1.765,   61.83,  260.51, 147.62,      7.059,    0.00,     inf,    inf,     3.529,   25.07,  642.55, 182.05
           16,      4.000,   28.03,  613.00, 153.25,      2.000,   59.66,  287.94, 143.97,      8.000,    0.00,     inf,    inf,     4.000,   26.54,  647.24, 161.81
           17,      4.533,   25.60,  713.01, 157.28,      2.267,   54.48,  335.08, 147.83,      9.067,    0.00,     inf,    inf,     4.533,   27.46,  664.72, 146.63
           18,      5.143,   24.36,  793.40, 154.27,      2.571,   52.21,  370.17, 143.95,     10.286,    0.00,     inf,    inf,     5.143,   29.70,  650.67, 126.52
           19,      5.846,   21.26,  959.61, 164.14,      2.923,   47.33,  431.00, 147.45,     11.692,    0.00,     inf,    inf,     5.846,   31.11,  655.72, 112.16
           20,      6.667,   19.63, 1093.84, 164.08,      3.333,   44.75,  479.88, 143.96,     13.333,    0.00,     inf,    inf,     6.667,   32.42,  662.35,  99.35
           21,      7.636,   17.11, 1318.24, 172.63,      3.818,   39.74,  567.42, 148.61,     15.273,    0.00,     inf,    inf,     7.636,   34.16,  660.02,  86.43
           22,      8.800,   17.66, 1337.83, 152.03,      4.400,   37.34,  632.65, 143.78,     17.600,    0.00,     inf,    inf,     8.800,   35.63,  662.91,  75.33
           23,     10.222,   14.59, 1692.65, 165.58,      5.111,   32.20,  766.92, 150.05,     20.444,    0.00,     inf,    inf,    10.222,   37.55,  657.72,  64.34
           24,     12.000,   14.39, 1791.27, 149.27,      6.000,   30.14,  855.00, 142.50,     24.000,    0.00,     inf,    inf,    12.000,   38.93,  662.03,  55.17
           25,     14.286,   11.64, 2306.21, 161.43,      7.143,   24.52, 1094.66, 153.25,     28.571,    0.00,     inf,    inf,    14.286,   38.96,  688.96,  48.23
           26,     17.333,   10.99, 2540.72, 146.58,      8.667,   22.53, 1239.14, 142.98,     34.667,    0.00,     inf,    inf,    17.333,   42.69,  653.91,  37.73
           27,     21.600,    9.49, 3055.79, 141.47,     10.800,   23.72, 1222.15, 113.16,     43.200,    0.00,     inf,    inf,    21.600,   43.31,  669.37,  30.99
           28,     28.000,    9.58, 3137.05, 112.04,     14.000,   24.13, 1245.80,  88.99,     56.000,    0.00,     inf,    inf,    28.000,   45.84,  655.88,  23.42
           29,     38.667,   10.19, 3056.33,  79.04,     19.333,   24.25, 1284.05,  66.42,     77.333,    0.00,     inf,    inf,    38.667,   45.10,  690.51,  17.86
           30,     60.000,    9.37, 3438.81,  57.31,     30.000,   23.81, 1352.95,  45.10,    120.000,    0.00,     inf,    inf,    60.000,   47.36,  680.13,  11.34
           31,    124.000,    9.64, 3452.56,  27.84,     62.000,   24.49, 1359.29,  21.92,    248.000,    0.00,     inf,    inf,   124.000,   48.70,  683.55,   5.51
           32,        inf,    9.32, 3686.06,   0.00,        inf,   24.71, 1390.67,   0.00,        inf,    0.00,     inf,   -nan,       inf,   49.08,  700.13,   0.00
--------------------------------------------------------------------------------------------------------------------------------------------------------------------
mixbench/alternating (v0.03-1-g3ace732)
------------------------ Device specifications ------------------------
Device:              Tesla K80
CUDA driver version: 10.10
GPU clock rate:      823 MHz
Memory clock rate:   1252 MHz
Memory bus width:    384 bits
WarpSize:            32
L2 cache size:       1536 KB
Total global mem:    11441 MB
ECC enabled:         Yes
Compute Capability:  3.7
Total SPs:           2496 (13 MPs x 192 SPs/MP)
Compute throughput:  4110.91 GFlops (theoretical single precision FMAs)
Memory bandwidth:    240.48 GB/sec
-----------------------------------------------------------------------
Total GPU memory 11996954624, free 11926437888
Buffer size:          64MB
Trade-off type:       compute with global memory (block strided)
Warning:              Half precision computations are not supported
----------------------------------------------------------------------------- CSV data -----------------------------------------------------------------------------
Experiment ID, Single Precision ops,,,,              Double precision ops,,,,              Half precision ops,,,,                Integer operations,,, 
Compute iters, Flops/byte, ex.time,  GFLOPS, GB/sec, Flops/byte, ex.time,  GFLOPS, GB/sec, Flops/byte, ex.time,  GFLOPS, GB/sec, Iops/byte, ex.time,   GIOPS, GB/sec
            0,      0.000,   56.38,    0.00, 152.35,      0.000,  118.97,    0.00, 144.41,      0.000,    0.00,    -nan,    inf,     0.000,   55.63,    0.00, 154.42
            1,      0.129,   53.38,   20.11, 155.88,      0.065,  115.23,    9.32, 144.43,      0.258,    0.00,     inf,    inf,     0.129,   53.46,   20.08, 155.65
            2,      0.267,   51.79,   41.47, 155.51,      0.133,  111.50,   19.26, 144.46,      0.533,    0.00,     inf,    inf,     0.267,   51.70,   41.54, 155.76
            3,      0.414,   49.30,   65.33, 157.89,      0.207,  107.78,   29.89, 144.45,      0.828,    0.00,     inf,    inf,     0.414,   49.47,   65.12, 157.37
            4,      0.571,   48.23,   89.05, 155.84,      0.286,  104.14,   41.24, 144.35,      1.143,    0.00,     inf,    inf,     0.571,   48.22,   89.07, 155.87
            5,      0.741,   45.17,  118.86, 160.46,      0.370,  100.20,   53.58, 144.67,      1.481,    0.00,     inf,    inf,     0.741,   45.37,  118.34, 159.76
            6,      0.923,   43.47,  148.22, 160.57,      0.462,   96.19,   66.97, 145.11,      1.846,    0.00,     inf,    inf,     0.923,   43.60,  147.77, 160.09
            7,      1.120,   39.81,  188.81, 168.58,      0.560,   92.81,   80.99, 144.62,      2.240,    0.00,     inf,    inf,     1.120,   40.14,  187.23, 167.17
            8,      1.333,   38.69,  222.02, 166.52,      0.667,   88.59,   96.96, 145.44,      2.667,    0.00,     inf,    inf,     1.333,   39.18,  219.27, 164.45
            9,      1.565,   35.32,  273.63, 174.82,      0.783,   85.16,  113.48, 145.00,      3.130,    0.00,     inf,    inf,     1.565,   36.18,  267.12, 170.66
           10,      1.818,   34.50,  311.26, 171.19,      0.909,   80.93,  132.67, 145.94,      3.636,    0.00,     inf,    inf,     1.818,   35.00,  306.78, 168.73
           11,      2.095,   29.17,  404.87, 193.23,      1.048,   77.80,  151.81, 144.91,      4.190,    0.00,     inf,    inf,     2.095,   19.04,  620.23, 296.02
           12,      2.400,   28.75,  448.25, 186.77,      1.200,   73.64,  174.96, 145.80,      4.800,    0.00,     inf,    inf,     2.400,   20.23,  636.87, 265.36
           13,      2.737,   23.55,  592.79, 216.60,      1.368,   70.05,  199.26, 145.61,      5.474,    0.00,     inf,    inf,     2.737,   21.68,  643.75, 235.22
           14,      3.111,   22.40,  671.19, 215.74,      1.556,   66.09,  227.45, 146.21,      6.222,    0.00,     inf,    inf,     3.111,   23.12,  650.20, 208.99
           15,      3.529,   18.50,  870.52, 246.65,      1.765,   61.69,  261.07, 147.94,      7.059,    0.00,     inf,    inf,     3.529,   25.10,  641.63, 181.80
           16,      4.000,   28.07,  611.97, 152.99,      2.000,   59.46,  288.95, 144.48,      8.000,    0.00,     inf,    inf,     4.000,   26.56,  646.85, 161.71
           17,      4.533,   25.60,  713.14, 157.31,      2.267,   54.54,  334.69, 147.66,      9.067,    0.00,     inf,    inf,     4.533,   27.45,  664.87, 146.66
           18,      5.143,   24.25,  796.89, 154.95,      2.571,   52.18,  370.39, 144.04,     10.286,    0.00,     inf,    inf,     5.143,   29.56,  653.89, 127.14
           19,      5.846,   21.20,  962.52, 164.64,      2.923,   47.15,  432.66, 148.01,     11.692,    0.00,     inf,    inf,     5.846,   31.11,  655.83, 112.18
           20,      6.667,   19.70, 1090.08, 163.51,      3.333,   44.78,  479.58, 143.87,     13.333,    0.00,     inf,    inf,     6.667,   32.42,  662.36,  99.35
           21,      7.636,   17.09, 1319.67, 172.81,      3.818,   39.65,  568.67, 148.94,     15.273,    0.00,     inf,    inf,     7.636,   33.82,  666.70,  87.31
           22,      8.800,   17.68, 1335.87, 151.80,      4.400,   37.52,  629.64, 143.10,     17.600,    0.00,     inf,    inf,     8.800,   35.33,  668.68,  75.99
           23,     10.222,   14.62, 1689.17, 165.25,      5.111,   32.38,  762.58, 149.20,     20.444,    0.00,     inf,    inf,    10.222,   37.88,  652.02,  63.78
           24,     12.000,   14.40, 1789.01, 149.08,      6.000,   29.96,  860.26, 143.38,     24.000,    0.00,     inf,    inf,    12.000,   38.97,  661.25,  55.10
           25,     14.286,   11.65, 2304.68, 161.33,      7.143,   24.64, 1089.39, 152.51,     28.571,    0.00,     inf,    inf,    14.286,   38.99,  688.48,  48.19
           26,     17.333,   10.92, 2556.29, 147.48,      8.667,   22.76, 1226.74, 141.55,     34.667,    0.00,     inf,    inf,    17.333,   41.75,  668.67,  38.58
           27,     21.600,    9.34, 3105.16, 143.76,     10.800,   23.16, 1251.64, 115.89,     43.200,    0.00,     inf,    inf,    21.600,   42.39,  683.90,  31.66
           28,     28.000,    9.43, 3189.25, 113.90,     14.000,   23.65, 1271.19,  90.80,     56.000,    0.00,     inf,    inf,    28.000,   44.64,  673.50,  24.05
           29,     38.667,    9.95, 3129.73,  80.94,     19.333,   23.79, 1308.94,  67.70,     77.333,    0.00,     inf,    inf,    38.667,   45.07,  690.91,  17.87
           30,     60.000,    9.26, 3480.09,  58.00,     30.000,   23.92, 1346.71,  44.89,    120.000,    0.00,     inf,    inf,    60.000,   47.37,  680.08,  11.33
           31,    124.000,    9.66, 3446.15,  27.79,     62.000,   24.24, 1373.01,  22.15,    248.000,    0.00,     inf,    inf,   124.000,   48.12,  691.78,   5.58
           32,        inf,    9.42, 3646.25,   0.00,        inf,   24.71, 1390.72,   0.00,        inf,    0.00,     inf,   -nan,       inf,   49.08,  700.10,   0.00
--------------------------------------------------------------------------------------------------------------------------------------------------------------------
mixbench/alternating (v0.03-1-g3ace732)
------------------------ Device specifications ------------------------
Device:              Tesla K80
CUDA driver version: 10.10
GPU clock rate:      823 MHz
Memory clock rate:   1252 MHz
Memory bus width:    384 bits
WarpSize:            32
L2 cache size:       1536 KB
Total global mem:    11441 MB
ECC enabled:         Yes
Compute Capability:  3.7
Total SPs:           2496 (13 MPs x 192 SPs/MP)
Compute throughput:  4110.91 GFlops (theoretical single precision FMAs)
Memory bandwidth:    240.48 GB/sec
-----------------------------------------------------------------------
Total GPU memory 11996954624, free 11926437888
Buffer size:          64MB
Trade-off type:       compute with global memory (block strided)
Warning:              Half precision computations are not supported
----------------------------------------------------------------------------- CSV data -----------------------------------------------------------------------------
Experiment ID, Single Precision ops,,,,              Double precision ops,,,,              Half precision ops,,,,                Integer operations,,, 
Compute iters, Flops/byte, ex.time,  GFLOPS, GB/sec, Flops/byte, ex.time,  GFLOPS, GB/sec, Flops/byte, ex.time,  GFLOPS, GB/sec, Iops/byte, ex.time,   GIOPS, GB/sec
            0,      0.000,   56.15,    0.00, 152.99,      0.000,  118.87,    0.00, 144.53,      0.000,    0.00,    -nan,    inf,     0.000,   55.57,    0.00, 154.59
            1,      0.129,   53.60,   20.03, 155.24,      0.065,  115.12,    9.33, 144.58,      0.258,    0.00,     inf,    inf,     0.129,   53.52,   20.06, 155.49
            2,      0.267,   51.91,   41.37, 155.14,      0.133,  111.48,   19.26, 144.48,      0.533,    0.00,     inf,    inf,     0.267,   52.11,   41.21, 154.54
            3,      0.414,   49.28,   65.37, 157.97,      0.207,  107.82,   29.88, 144.40,      0.828,    0.00,     inf,    inf,     0.414,   49.71,   64.80, 156.61
            4,      0.571,   48.24,   89.03, 155.80,      0.286,  103.67,   41.43, 145.00,      1.143,    0.00,     inf,    inf,     0.571,   48.19,   89.12, 155.96
            5,      0.741,   44.88,  119.63, 161.50,      0.370,  100.48,   53.43, 144.26,      1.481,    0.00,     inf,    inf,     0.741,   45.27,  118.58, 160.09
            6,      0.923,   43.33,  148.68, 161.07,      0.462,   96.25,   66.94, 145.03,      1.846,    0.00,     inf,    inf,     0.923,   43.65,  147.59, 159.89
            7,      1.120,   39.87,  188.53, 168.33,      0.560,   92.77,   81.02, 144.68,      2.240,    0.00,     inf,    inf,     1.120,   40.20,  186.95, 166.92
            8,      1.333,   38.58,  222.68, 167.01,      0.667,   88.61,   96.94, 145.41,      2.667,    0.00,     inf,    inf,     1.333,   39.09,  219.75, 164.81
            9,      1.565,   35.16,  274.81, 175.57,      0.783,   85.50,  113.03, 144.43,      3.130,    0.00,     inf,    inf,     1.565,   36.23,  266.72, 170.40
           10,      1.818,   34.43,  311.84, 171.51,      0.909,   81.65,  131.50, 144.65,      3.636,    0.00,     inf,    inf,     1.818,   34.86,  308.00, 169.40
           11,      2.095,   29.23,  404.09, 192.86,      1.048,   77.58,  152.25, 145.33,      4.190,    0.00,     inf,    inf,     2.095,   19.11,  617.91, 294.91
           12,      2.400,   28.67,  449.44, 187.27,      1.200,   73.83,  174.52, 145.44,      4.800,    0.00,     inf,    inf,     2.400,   20.23,  636.88, 265.37
           13,      2.737,   23.57,  592.21, 216.38,      1.368,   69.85,  199.83, 146.03,      5.474,    0.00,     inf,    inf,     2.737,   21.63,  645.36, 235.80
           14,      3.111,   22.40,  671.20, 215.74,      1.556,   66.22,  227.00, 145.93,      6.222,    0.00,     inf,    inf,     3.111,   23.11,  650.52, 209.10
           15,      3.529,   18.46,  872.40, 247.18,      1.765,   61.98,  259.84, 147.24,      7.059,    0.00,     inf,    inf,     3.529,   24.97,  644.91, 182.73
           16,      4.000,   28.09,  611.52, 152.88,      2.000,   59.44,  289.02, 144.51,      8.000,    0.00,     inf,    inf,     4.000,   26.46,  649.22, 162.30
           17,      4.533,   25.62,  712.61, 157.19,      2.267,   54.38,  335.66, 148.08,      9.067,    0.00,     inf,    inf,     4.533,   27.45,  664.88, 146.66
           18,      5.143,   24.35,  793.72, 154.33,      2.571,   52.12,  370.84, 144.22,     10.286,    0.00,     inf,    inf,     5.143,   29.57,  653.65, 127.10
           19,      5.846,   21.30,  957.98, 163.87,      2.923,   47.27,  431.62, 147.66,     11.692,    0.00,     inf,    inf,     5.846,   31.12,  655.56, 112.13
           20,      6.667,   19.69, 1090.51, 163.58,      3.333,   44.66,  480.88, 144.26,     13.333,    0.00,     inf,    inf,     6.667,   32.65,  657.64,  98.65
           21,      7.636,   17.12, 1316.89, 172.45,      3.818,   39.75,  567.21, 148.56,     15.273,    0.00,     inf,    inf,     7.636,   33.83,  666.54,  87.29
           22,      8.800,   17.69, 1335.61, 151.77,      4.400,   37.49,  630.08, 143.20,     17.600,    0.00,     inf,    inf,     8.800,   35.70,  661.78,  75.20
           23,     10.222,   14.67, 1683.24, 164.66,      5.111,   32.09,  769.67, 150.59,     20.444,    0.00,     inf,    inf,    10.222,   37.53,  658.12,  64.38
           24,     12.000,   14.36, 1794.55, 149.55,      6.000,   30.11,  855.75, 142.63,     24.000,    0.00,     inf,    inf,    12.000,   38.95,  661.65,  55.14
           25,     14.286,   11.64, 2306.75, 161.47,      7.143,   24.61, 1090.87, 152.72,     28.571,    0.00,     inf,    inf,    14.286,   38.98,  688.65,  48.21
           26,     17.333,   11.00, 2538.91, 146.48,      8.667,   22.50, 1240.92, 143.18,     34.667,    0.00,     inf,    inf,    17.333,   41.78,  668.21,  38.55
           27,     21.600,    9.38, 3092.28, 143.16,     10.800,   23.42, 1237.78, 114.61,     43.200,    0.00,     inf,    inf,    21.600,   42.39,  683.89,  31.66
           28,     28.000,    9.43, 3188.24, 113.87,     14.000,   23.62, 1272.69,  90.91,     56.000,    0.00,     inf,    inf,    28.000,   44.62,  673.74,  24.06
           29,     38.667,    9.91, 3140.56,  81.22,     19.333,   23.79, 1308.96,  67.70,     77.333,    0.00,     inf,    inf,    38.667,   45.06,  690.99,  17.87
           30,     60.000,    9.34, 3448.53,  57.48,     30.000,   23.93, 1346.38,  44.88,    120.000,    0.00,     inf,    inf,    60.000,   47.37,  680.00,  11.33
           31,    124.000,    9.66, 3446.10,  27.79,     62.000,   24.25, 1372.53,  22.14,    248.000,    0.00,     inf,    inf,   124.000,   48.12,  691.79,   5.58
           32,        inf,    9.40, 3655.84,   0.00,        inf,   25.00, 1374.54,   0.00,        inf,    0.00,     inf,   -nan,       inf,   49.08,  700.07,   0.00
--------------------------------------------------------------------------------------------------------------------------------------------------------------------
mixbench/alternating (v0.03-1-g3ace732)
------------------------ Device specifications ------------------------
Device:              Tesla K80
CUDA driver version: 10.10
GPU clock rate:      823 MHz
Memory clock rate:   1252 MHz
Memory bus width:    384 bits
WarpSize:            32
L2 cache size:       1536 KB
Total global mem:    11441 MB
ECC enabled:         Yes
Compute Capability:  3.7
Total SPs:           2496 (13 MPs x 192 SPs/MP)
Compute throughput:  4110.91 GFlops (theoretical single precision FMAs)
Memory bandwidth:    240.48 GB/sec
-----------------------------------------------------------------------
Total GPU memory 11996954624, free 11926437888
Buffer size:          64MB
Trade-off type:       compute with global memory (block strided)
Warning:              Half precision computations are not supported
----------------------------------------------------------------------------- CSV data -----------------------------------------------------------------------------
Experiment ID, Single Precision ops,,,,              Double precision ops,,,,              Half precision ops,,,,                Integer operations,,, 
Compute iters, Flops/byte, ex.time,  GFLOPS, GB/sec, Flops/byte, ex.time,  GFLOPS, GB/sec, Flops/byte, ex.time,  GFLOPS, GB/sec, Iops/byte, ex.time,   GIOPS, GB/sec
            0,      0.000,   56.22,    0.00, 152.78,      0.000,  119.00,    0.00, 144.37,      0.000,    0.00,    -nan,    inf,     0.000,   55.61,    0.00, 154.48
            1,      0.129,   53.73,   19.98, 154.88,      0.065,  115.05,    9.33, 144.66,      0.258,    0.00,     inf,    inf,     0.129,   53.58,   20.04, 155.32
            2,      0.267,   51.65,   41.58, 155.91,      0.133,  111.59,   19.24, 144.33,      0.533,    0.00,     inf,    inf,     0.267,   51.81,   41.45, 155.44
            3,      0.414,   49.38,   65.24, 157.65,      0.207,  107.89,   29.86, 144.30,      0.828,    0.00,     inf,    inf,     0.414,   49.58,   64.98, 157.02
            4,      0.571,   47.98,   89.52, 156.66,      0.286,  103.93,   41.33, 144.64,      1.143,    0.00,     inf,    inf,     0.571,   48.29,   88.94, 155.65
            5,      0.741,   44.78,  119.89, 161.86,      0.370,  100.14,   53.61, 144.75,      1.481,    0.00,     inf,    inf,     0.741,   45.25,  118.65, 160.18
            6,      0.923,   43.42,  148.36, 160.72,      0.462,   96.22,   66.95, 145.07,      1.846,    0.00,     inf,    inf,     0.923,   43.67,  147.52, 159.81
            7,      1.120,   39.81,  188.80, 168.57,      0.560,   93.04,   80.78, 144.25,      2.240,    0.00,     inf,    inf,     1.120,   40.13,  187.28, 167.21
            8,      1.333,   38.60,  222.56, 166.92,      0.667,   88.86,   96.67, 145.01,      2.667,    0.00,     inf,    inf,     1.333,   38.91,  220.79, 165.59
            9,      1.565,   35.22,  274.36, 175.29,      0.783,   85.27,  113.33, 144.80,      3.130,    0.00,     inf,    inf,     1.565,   36.19,  267.01, 170.59
           10,      1.818,   34.36,  312.48, 171.87,      0.909,   80.61,  133.20, 146.52,      3.636,    0.00,     inf,    inf,     1.818,   34.80,  308.57, 169.72
           11,      2.095,   29.27,  403.57, 192.61,      1.048,   77.48,  152.45, 145.52,      4.190,    0.00,     inf,    inf,     2.095,   19.25,  613.46, 292.79
           12,      2.400,   28.74,  448.25, 186.77,      1.200,   73.70,  174.82, 145.68,      4.800,    0.00,     inf,    inf,     2.400,   20.23,  636.84, 265.35
           13,      2.737,   23.47,  594.66, 217.28,      1.368,   69.93,  199.59, 145.86,      5.474,    0.00,     inf,    inf,     2.737,   21.67,  644.08, 235.34
           14,      3.111,   22.25,  675.56, 217.14,      1.556,   66.13,  227.33, 146.14,      6.222,    0.00,     inf,    inf,     3.111,   23.12,  650.33, 209.03
           15,      3.529,   18.51,  870.16, 246.54,      1.765,   61.72,  260.97, 147.88,      7.059,    0.00,     inf,    inf,     3.529,   25.07,  642.43, 182.02
           16,      4.000,   28.04,  612.65, 153.16,      2.000,   59.51,  288.68, 144.34,      8.000,    0.00,     inf,    inf,     4.000,   26.56,  646.73, 161.68
           17,      4.533,   25.57,  713.92, 157.48,      2.267,   54.58,  334.46, 147.56,      9.067,    0.00,     inf,    inf,     4.533,   27.46,  664.65, 146.61
           18,      5.143,   24.27,  796.26, 154.83,      2.571,   51.94,  372.11, 144.71,     10.286,    0.00,     inf,    inf,     5.143,   29.73,  650.14, 126.42
           19,      5.846,   21.34,  956.18, 163.56,      2.923,   47.34,  430.93, 147.43,     11.692,    0.00,     inf,    inf,     5.846,   31.10,  655.97, 112.21
           20,      6.667,   19.75, 1087.40, 163.11,      3.333,   44.57,  481.79, 144.54,     13.333,    0.00,     inf,    inf,     6.667,   32.44,  661.99,  99.30
           21,      7.636,   17.10, 1318.58, 172.67,      3.818,   39.68,  568.29, 148.84,     15.273,    0.00,     inf,    inf,     7.636,   33.82,  666.70,  87.31
           22,      8.800,   17.67, 1336.74, 151.90,      4.400,   37.49,  630.15, 143.22,     17.600,    0.00,     inf,    inf,     8.800,   35.34,  668.36,  75.95
           23,     10.222,   14.65, 1685.59, 164.89,      5.111,   32.14,  768.44, 150.35,     20.444,    0.00,     inf,    inf,    10.222,   37.57,  657.30,  64.30
           24,     12.000,   14.36, 1794.30, 149.52,      6.000,   30.08,  856.65, 142.78,     24.000,    0.00,     inf,    inf,    12.000,   38.98,  661.03,  55.09
           25,     14.286,   11.61, 2312.42, 161.87,      7.143,   24.51, 1095.23, 153.33,     28.571,    0.00,     inf,    inf,    14.286,   39.38,  681.68,  47.72
           26,     17.333,   10.92, 2555.93, 147.46,      8.667,   22.49, 1241.19, 143.21,     34.667,    0.00,     inf,    inf,    17.333,   41.77,  668.36,  38.56
           27,     21.600,    9.37, 3093.81, 143.23,     10.800,   23.34, 1242.31, 115.03,     43.200,    0.00,     inf,    inf,    21.600,   43.28,  669.89,  31.01
           28,     28.000,    9.59, 3136.00, 112.00,     14.000,   24.14, 1245.37,  88.96,     56.000,    0.00,     inf,    inf,    28.000,   45.84,  655.85,  23.42
           29,     38.667,   10.17, 3063.25,  79.22,     19.333,   24.30, 1281.54,  66.29,     77.333,    0.00,     inf,    inf,    38.667,   45.34,  686.73,  17.76
           30,     60.000,    9.27, 3474.47,  57.91,     30.000,   23.80, 1353.30,  45.11,    120.000,    0.00,     inf,    inf,    60.000,   47.37,  680.01,  11.33
           31,    124.000,    9.65, 3449.10,  27.82,     62.000,   24.27, 1371.60,  22.12,    248.000,    0.00,     inf,    inf,   124.000,   48.12,  691.77,   5.58
           32,        inf,    9.42, 3646.50,   0.00,        inf,   24.71, 1390.30,   0.00,        inf,    0.00,     inf,   -nan,       inf,   49.09,  699.99,   0.00
--------------------------------------------------------------------------------------------------------------------------------------------------------------------
mixbench/alternating (v0.03-1-g3ace732)
------------------------ Device specifications ------------------------
Device:              Tesla K80
CUDA driver version: 10.10
GPU clock rate:      823 MHz
Memory clock rate:   1252 MHz
Memory bus width:    384 bits
WarpSize:            32
L2 cache size:       1536 KB
Total global mem:    11441 MB
ECC enabled:         Yes
Compute Capability:  3.7
Total SPs:           2496 (13 MPs x 192 SPs/MP)
Compute throughput:  4110.91 GFlops (theoretical single precision FMAs)
Memory bandwidth:    240.48 GB/sec
-----------------------------------------------------------------------
Total GPU memory 11996954624, free 11926437888
Buffer size:          64MB
Trade-off type:       compute with global memory (block strided)
Warning:              Half precision computations are not supported
----------------------------------------------------------------------------- CSV data -----------------------------------------------------------------------------
Experiment ID, Single Precision ops,,,,              Double precision ops,,,,              Half precision ops,,,,                Integer operations,,, 
Compute iters, Flops/byte, ex.time,  GFLOPS, GB/sec, Flops/byte, ex.time,  GFLOPS, GB/sec, Flops/byte, ex.time,  GFLOPS, GB/sec, Iops/byte, ex.time,   GIOPS, GB/sec
            0,      0.000,   56.16,    0.00, 152.95,      0.000,  118.80,    0.00, 144.61,      0.000,    0.00,    -nan,    inf,     0.000,   55.58,    0.00, 154.54
            1,      0.129,   53.51,   20.07, 155.51,      0.065,  115.09,    9.33, 144.60,      0.258,    0.00,     inf,    inf,     0.129,   53.47,   20.08, 155.63
            2,      0.267,   51.96,   41.33, 154.99,      0.133,  111.24,   19.31, 144.79,      0.533,    0.00,     inf,    inf,     0.267,   51.95,   41.34, 155.02
            3,      0.414,   49.53,   65.04, 157.18,      0.207,  107.87,   29.86, 144.34,      0.828,    0.00,     inf,    inf,     0.414,   49.52,   65.04, 157.19
            4,      0.571,   48.12,   89.26, 156.20,      0.286,  103.79,   41.38, 144.84,      1.143,    0.00,     inf,    inf,     0.571,   48.22,   89.07, 155.88
            5,      0.741,   45.04,  119.21, 160.93,      0.370,  100.25,   53.55, 144.60,      1.481,    0.00,     inf,    inf,     0.741,   45.38,  118.30, 159.70
            6,      0.923,   43.29,  148.83, 161.24,      0.462,   96.32,   66.89, 144.92,      1.846,    0.00,     inf,    inf,     0.923,   43.51,  148.05, 160.39
            7,      1.120,   39.94,  188.20, 168.03,      0.560,   92.88,   80.92, 144.50,      2.240,    0.00,     inf,    inf,     1.120,   40.29,  186.54, 166.55
            8,      1.333,   38.65,  222.22, 166.67,      0.667,   88.95,   96.57, 144.85,      2.667,    0.00,     inf,    inf,     1.333,   39.09,  219.74, 164.81
            9,      1.565,   35.23,  274.28, 175.23,      0.783,   85.16,  113.48, 145.01,      3.130,    0.00,     inf,    inf,     1.565,   36.24,  266.65, 170.36
           10,      1.818,   34.47,  311.49, 171.32,      0.909,   80.92,  132.68, 145.95,      3.636,    0.00,     inf,    inf,     1.818,   34.87,  307.91, 169.35
           11,      2.095,   29.32,  402.89, 192.29,      1.048,   77.88,  151.65, 144.76,      4.190,    0.00,     inf,    inf,     2.095,   19.14,  616.95, 294.45
           12,      2.400,   28.75,  448.13, 186.72,      1.200,   73.88,  174.41, 145.34,      4.800,    0.00,     inf,    inf,     2.400,   20.22,  637.32, 265.55
           13,      2.737,   23.48,  594.53, 217.23,      1.368,   70.13,  199.05, 145.46,      5.474,    0.00,     inf,    inf,     2.737,   21.87,  638.15, 233.17
           14,      3.111,   22.35,  672.69, 216.22,      1.556,   66.13,  227.30, 146.12,      6.222,    0.00,     inf,    inf,     3.111,   23.20,  648.02, 208.29
           15,      3.529,   18.42,  874.22, 247.70,      1.765,   61.72,  260.94, 147.86,      7.059,    0.00,     inf,    inf,     3.529,   25.13,  640.89, 181.58
           16,      4.000,   27.99,  613.77, 153.44,      2.000,   59.37,  289.37, 144.68,      8.000,    0.00,     inf,    inf,     4.000,   26.58,  646.37, 161.59
           17,      4.533,   25.54,  714.80, 157.68,      2.267,   54.60,  334.33, 147.50,      9.067,    0.00,     inf,    inf,     4.533,   27.63,  660.60, 145.72
           18,      5.143,   24.29,  795.69, 154.72,      2.571,   52.10,  370.93, 144.25,     10.286,    0.00,     inf,    inf,     5.143,   29.73,  650.15, 126.42
           19,      5.846,   21.31,  957.18, 163.73,      2.923,   47.29,  431.37, 147.57,     11.692,    0.00,     inf,    inf,     5.846,   31.14,  655.19, 112.07
           20,      6.667,   19.81, 1084.03, 162.60,      3.333,   44.53,  482.24, 144.67,     13.333,    0.00,     inf,    inf,     6.667,   32.43,  662.18,  99.33
           21,      7.636,   17.08, 1320.27, 172.89,      3.818,   39.58,  569.63, 149.19,     15.273,    0.00,     inf,    inf,     7.636,   33.84,  666.38,  87.26
           22,      8.800,   17.71, 1333.63, 151.55,      4.400,   37.57,  628.75, 142.90,     17.600,    0.00,     inf,    inf,     8.800,   35.36,  668.11,  75.92
           23,     10.222,   14.61, 1690.77, 165.40,      5.111,   32.01,  771.53, 150.95,     20.444,    0.00,     inf,    inf,    10.222,   38.49,  641.57,  62.76
           24,     12.000,   14.33, 1798.74, 149.89,      6.000,   30.05,  857.66, 142.94,     24.000,    0.00,     inf,    inf,    12.000,   39.97,  644.75,  53.73
           25,     14.286,   11.69, 2297.13, 160.80,      7.143,   24.60, 1091.04, 152.75,     28.571,    0.00,     inf,    inf,    14.286,   40.03,  670.63,  46.94
           26,     17.333,   10.89, 2563.39, 147.89,      8.667,   22.84, 1222.07, 141.01,     34.667,    0.00,     inf,    inf,    17.333,   42.89,  650.87,  37.55
           27,     21.600,    9.46, 3065.79, 141.93,     10.800,   23.78, 1219.10, 112.88,     43.200,    0.00,     inf,    inf,    21.600,   43.40,  668.04,  30.93
           28,     28.000,    9.59, 3136.22, 112.01,     14.000,   24.13, 1245.78,  88.98,     56.000,    0.00,     inf,    inf,    28.000,   45.86,  655.62,  23.41
           29,     38.667,   10.18, 3058.51,  79.10,     19.333,   24.30, 1281.42,  66.28,     77.333,    0.00,     inf,    inf,    38.667,   45.36,  686.51,  17.75
           30,     60.000,    9.37, 3437.48,  57.29,     30.000,   24.08, 1337.90,  44.60,    120.000,    0.00,     inf,    inf,    60.000,   47.38,  679.90,  11.33
           31,    124.000,    9.68, 3437.94,  27.73,     62.000,   24.26, 1371.79,  22.13,    248.000,    0.00,     inf,    inf,   124.000,   48.11,  691.89,   5.58
           32,        inf,    9.42, 3646.28,   0.00,        inf,   24.97, 1376.01,   0.00,        inf,    0.00,     inf,   -nan,       inf,   49.08,  700.12,   0.00
--------------------------------------------------------------------------------------------------------------------------------------------------------------------
mixbench/alternating (v0.03-1-g3ace732)
------------------------ Device specifications ------------------------
Device:              Tesla K80
CUDA driver version: 10.10
GPU clock rate:      823 MHz
Memory clock rate:   1252 MHz
Memory bus width:    384 bits
WarpSize:            32
L2 cache size:       1536 KB
Total global mem:    11441 MB
ECC enabled:         Yes
Compute Capability:  3.7
Total SPs:           2496 (13 MPs x 192 SPs/MP)
Compute throughput:  4110.91 GFlops (theoretical single precision FMAs)
Memory bandwidth:    240.48 GB/sec
-----------------------------------------------------------------------
Total GPU memory 11996954624, free 11926437888
Buffer size:          64MB
Trade-off type:       compute with global memory (block strided)
Warning:              Half precision computations are not supported
----------------------------------------------------------------------------- CSV data -----------------------------------------------------------------------------
Experiment ID, Single Precision ops,,,,              Double precision ops,,,,              Half precision ops,,,,                Integer operations,,, 
Compute iters, Flops/byte, ex.time,  GFLOPS, GB/sec, Flops/byte, ex.time,  GFLOPS, GB/sec, Flops/byte, ex.time,  GFLOPS, GB/sec, Iops/byte, ex.time,   GIOPS, GB/sec
            0,      0.000,   56.23,    0.00, 152.77,      0.000,  118.94,    0.00, 144.45,      0.000,    0.00,    -nan,    inf,     0.000,   55.52,    0.00, 154.72
            1,      0.129,   53.40,   20.11, 155.83,      0.065,  115.34,    9.31, 144.29,      0.258,    0.00,     inf,    inf,     0.129,   53.19,   20.19, 156.45
            2,      0.267,   51.65,   41.58, 155.91,      0.133,  111.33,   19.29, 144.66,      0.533,    0.00,     inf,    inf,     0.267,   52.10,   41.22, 154.57
            3,      0.414,   49.15,   65.54, 158.40,      0.207,  107.71,   29.91, 144.54,      0.828,    0.00,     inf,    inf,     0.414,   49.50,   65.08, 157.27
            4,      0.571,   48.15,   89.20, 156.10,      0.286,  103.52,   41.49, 145.21,      1.143,    0.00,     inf,    inf,     0.571,   48.16,   89.17, 156.05
            5,      0.741,   44.78,  119.88, 161.84,      0.370,  100.43,   53.46, 144.33,      1.481,    0.00,     inf,    inf,     0.741,   45.34,  118.40, 159.85
            6,      0.923,   43.26,  148.93, 161.34,      0.462,   96.36,   66.86, 144.86,      1.846,    0.00,     inf,    inf,     0.923,   43.72,  147.36, 159.63
            7,      1.120,   40.02,  187.81, 167.68,      0.560,   92.93,   80.88, 144.43,      2.240,    0.00,     inf,    inf,     1.120,   40.02,  187.80, 167.68
            8,      1.333,   38.60,  222.57, 166.92,      0.667,   88.86,   96.67, 145.01,      2.667,    0.00,     inf,    inf,     1.333,   38.98,  220.35, 165.26
            9,      1.565,   35.06,  275.62, 176.09,      0.783,   85.24,  113.37, 144.86,      3.130,    0.00,     inf,    inf,     1.565,   36.28,  266.38, 170.19
           10,      1.818,   34.51,  311.12, 171.12,      0.909,   81.27,  132.13, 145.34,      3.636,    0.00,     inf,    inf,     1.818,   34.88,  307.85, 169.32
           11,      2.095,   29.16,  405.07, 193.33,      1.048,   77.77,  151.88, 144.97,      4.190,    0.00,     inf,    inf,     2.095,   19.03,  620.69, 296.24
           12,      2.400,   28.74,  448.28, 186.78,      1.200,   73.58,  175.12, 145.93,      4.800,    0.00,     inf,    inf,     2.400,   20.23,  636.82, 265.34
           13,      2.737,   23.54,  593.05, 216.69,      1.368,   70.35,  198.41, 144.99,      5.474,    0.00,     inf,    inf,     2.737,   21.72,  642.73, 234.84
           14,      3.111,   22.32,  673.48, 216.48,      1.556,   66.11,  227.39, 146.18,      6.222,    0.00,     inf,    inf,     3.111,   23.25,  646.67, 207.86
           15,      3.529,   18.47,  871.86, 247.03,      1.765,   61.91,  260.17, 147.43,      7.059,    0.00,     inf,    inf,     3.529,   25.14,  640.71, 181.53
           16,      4.000,   28.07,  612.04, 153.01,      2.000,   59.59,  288.29, 144.15,      8.000,    0.00,     inf,    inf,     4.000,   26.58,  646.28, 161.57
           17,      4.533,   25.55,  714.32, 157.57,      2.267,   54.62,  334.21, 147.45,      9.067,    0.00,     inf,    inf,     4.533,   27.45,  664.99, 146.69
           18,      5.143,   24.15,  800.42, 155.64,      2.571,   52.06,  371.24, 144.37,     10.286,    0.00,     inf,    inf,     5.143,   29.56,  653.78, 127.12
           19,      5.846,   21.27,  959.32, 164.09,      2.923,   47.32,  431.15, 147.50,     11.692,    0.00,     inf,    inf,     5.846,   31.13,  655.36, 112.10
           20,      6.667,   19.70, 1090.29, 163.54,      3.333,   44.59,  481.60, 144.48,     13.333,    0.00,     inf,    inf,     6.667,   32.42,  662.43,  99.36
           21,      7.636,   17.05, 1322.76, 173.22,      3.818,   39.68,  568.32, 148.85,     15.273,    0.00,     inf,    inf,     7.636,   34.14,  660.51,  86.50
           22,      8.800,   17.65, 1338.21, 152.07,      4.400,   37.37,  632.12, 143.66,     17.600,    0.00,     inf,    inf,     8.800,   35.66,  662.46,  75.28
           23,     10.222,   14.58, 1693.68, 165.69,      5.111,   32.04,  770.75, 150.80,     20.444,    0.00,     inf,    inf,    10.222,   37.52,  658.14,  64.38
           24,     12.000,   14.35, 1795.68, 149.64,      6.000,   30.05,  857.53, 142.92,     24.000,    0.00,     inf,    inf,    12.000,   39.71,  648.99,  54.08
           25,     14.286,   11.67, 2299.70, 160.98,      7.143,   24.61, 1090.60, 152.68,     28.571,    0.00,     inf,    inf,    14.286,   39.77,  675.04,  47.25
           26,     17.333,   10.90, 2561.72, 147.79,      8.667,   23.08, 1209.61, 139.57,     34.667,    0.00,     inf,    inf,    17.333,   42.88,  651.09,  37.56
           27,     21.600,    9.47, 3059.91, 141.66,     10.800,   23.78, 1219.10, 112.88,     43.200,    0.00,     inf,    inf,    21.600,   43.23,  670.65,  31.05
           28,     28.000,    9.59, 3134.91, 111.96,     14.000,   24.13, 1245.73,  88.98,     56.000,    0.00,     inf,    inf,    28.000,   45.72,  657.57,  23.48
           29,     38.667,   10.17, 3060.88,  79.16,     19.333,   24.05, 1294.58,  66.96,     77.333,    0.00,     inf,    inf,    38.667,   45.36,  686.50,  17.75
           30,     60.000,    9.36, 3440.74,  57.35,     30.000,   23.81, 1352.85,  45.10,    120.000,    0.00,     inf,    inf,    60.000,   47.38,  679.80,  11.33
           31,    124.000,    9.76, 3412.20,  27.52,     62.000,   24.19, 1375.80,  22.19,    248.000,    0.00,     inf,    inf,   124.000,   48.12,  691.75,   5.58
           32,        inf,    9.44, 3639.36,   0.00,        inf,   24.71, 1390.66,   0.00,        inf,    0.00,     inf,   -nan,       inf,   49.08,  700.15,   0.00
--------------------------------------------------------------------------------------------------------------------------------------------------------------------
