mixbench/read-only (v0.03-1-g3ace732)
------------------------ Device specifications ------------------------
Device:              Tesla K80
CUDA driver version: 10.10
GPU clock rate:      823 MHz
Memory clock rate:   1252 MHz
Memory bus width:    384 bits
WarpSize:            32
L2 cache size:       1536 KB
Total global mem:    11441 MB
ECC enabled:         Yes
Compute Capability:  3.7
Total SPs:           2496 (13 MPs x 192 SPs/MP)
Compute throughput:  4110.91 GFlops (theoretical single precision FMAs)
Memory bandwidth:    240.48 GB/sec
-----------------------------------------------------------------------
Total GPU memory 11996954624, free 11926437888
Buffer size:          256MB
Trade-off type:       compute with global memory (block strided)
Elements per thread:  8
Thread fusion degree: 4
Warning:              Half precision computations are not supported
----------------------------------------------------------------------------- CSV data -----------------------------------------------------------------------------
Experiment ID, Single Precision ops,,,,              Double precision ops,,,,              Half precision ops,,,,                Integer operations,,, 
Compute iters, Flops/byte, ex.time,  GFLOPS, GB/sec, Flops/byte, ex.time,  GFLOPS, GB/sec, Flops/byte, ex.time,  GFLOPS, GB/sec, Iops/byte, ex.time,   GIOPS, GB/sec
            0,      0.250,    0.82,   41.05, 164.21,      0.125,    1.67,   20.14, 161.13,      0.500,    0.00,     inf,    inf,     0.250,    0.82,   41.09, 164.36
            1,      0.750,    0.82,  122.97, 163.96,      0.375,    1.66,   60.50, 161.33,      1.500,    0.00,     inf,    inf,     0.750,    0.82,  123.27, 164.37
            2,      1.250,    0.82,  205.06, 164.05,      0.625,    1.67,  100.35, 160.56,      2.500,    0.00,     inf,    inf,     1.250,    0.82,  205.00, 164.00
            3,      1.750,    0.82,  286.61, 163.78,      0.875,    1.67,  140.92, 161.05,      3.500,    0.00,     inf,    inf,     1.750,    0.82,  285.40, 163.09
            4,      2.250,    0.82,  369.39, 164.17,      1.125,    1.67,  181.02, 160.91,      4.500,    0.00,     inf,    inf,     2.250,    0.82,  366.08, 162.70
            5,      2.750,    0.82,  452.06, 164.39,      1.375,    1.67,  221.35, 160.98,      5.500,    0.00,     inf,    inf,     2.750,    0.83,  443.70, 161.34
            6,      3.250,    0.82,  533.58, 164.18,      1.625,    1.67,  261.51, 160.93,      6.500,    0.00,     inf,    inf,     3.250,    0.84,  520.07, 160.02
            7,      3.750,    0.82,  615.96, 164.26,      1.875,    1.66,  302.54, 161.35,      7.500,    0.00,     inf,    inf,     3.750,    0.89,  568.23, 151.53
            8,      4.250,    0.82,  698.61, 164.38,      2.125,    1.67,  341.71, 160.81,      8.500,    0.00,     inf,    inf,     4.250,    1.12,  511.19, 120.28
            9,      4.750,    0.82,  780.28, 164.27,      2.375,    1.67,  382.77, 161.17,      9.500,    0.00,     inf,    inf,     4.750,    1.01,  632.19, 133.09
           10,      5.250,    0.82,  863.16, 164.41,      2.625,    1.66,  423.32, 161.26,     10.500,    0.00,     inf,    inf,     5.250,    1.10,  643.28, 122.53
           11,      5.750,    0.82,  942.52, 163.92,      2.875,    1.66,  464.05, 161.41,     11.500,    0.00,     inf,    inf,     5.750,    1.19,  649.52, 112.96
           12,      6.250,    0.82, 1028.86, 164.62,      3.125,    1.67,  503.10, 160.99,     12.500,    0.00,     inf,    inf,     6.250,    1.47,  571.57,  91.45
           13,      6.750,    0.82, 1111.43, 164.66,      3.375,    1.67,  543.49, 161.03,     13.500,    0.00,     inf,    inf,     6.750,    1.38,  656.27,  97.23
           14,      7.250,    0.82, 1189.70, 164.10,      3.625,    1.67,  583.94, 161.09,     14.500,    0.00,     inf,    inf,     7.250,    1.47,  664.15,  91.61
           15,      7.750,    0.82, 1272.20, 164.15,      3.875,    1.67,  624.01, 161.03,     15.500,    0.00,     inf,    inf,     7.750,    1.56,  668.40,  86.25
           16,      8.250,    0.82, 1355.28, 164.28,      4.125,    1.67,  663.81, 160.92,     16.500,    0.00,     inf,    inf,     8.250,    1.85,  599.70,  72.69
           17,      8.750,    0.82, 1434.89, 163.99,      4.375,    1.67,  703.90, 160.89,     17.500,    0.00,     inf,    inf,     8.750,    1.75,  672.69,  76.88
           18,      9.250,    0.82, 1518.96, 164.21,      4.625,    1.67,  743.50, 160.76,     18.500,    0.00,     inf,    inf,     9.250,    1.83,  676.64,  73.15
           20,     10.250,    0.82, 1674.72, 163.39,      5.125,    1.68,  819.78, 159.96,     20.500,    0.00,     inf,    inf,    10.250,    2.23,  617.39,  60.23
           22,     11.250,    0.82, 1834.74, 163.09,      5.625,    1.68,  898.16, 159.67,     22.500,    0.00,     inf,    inf,    11.250,    2.20,  685.50,  60.93
           24,     12.250,    0.83, 1978.75, 161.53,      6.125,    1.69,  975.09, 159.20,     24.500,    0.00,     inf,    inf,    12.250,    2.61,  630.15,  51.44
           28,     14.250,    0.83, 2294.83, 161.04,      7.125,    1.73, 1104.97, 155.08,     28.500,    0.00,     inf,    inf,    14.250,    2.98,  640.77,  44.97
           32,     16.250,    0.85, 2573.92, 158.40,      8.125,    1.82, 1198.96, 147.56,     32.500,    0.00,     inf,    inf,    16.250,    3.36,  648.86,  39.93
           40,     20.250,    0.93, 2933.84, 144.88,     10.125,    2.08, 1305.30, 128.92,     40.500,    0.00,     inf,    inf,    20.250,    4.13,  658.82,  32.53
           48,     24.250,    1.03, 3158.75, 130.26,     12.125,    2.45, 1327.71, 109.50,     48.500,    0.00,     inf,    inf,    24.250,    4.88,  666.58,  27.49
           56,     28.250,    1.18, 3212.13, 113.70,     14.125,    2.83, 1338.15,  94.74,     56.500,    0.00,     inf,    inf,    28.250,    5.65,  671.17,  23.76
           64,     32.250,    1.33, 3258.96, 101.05,     16.125,    3.22, 1343.90,  83.34,     64.500,    0.00,     inf,    inf,    32.250,    6.40,  676.30,  20.97
           80,     40.250,    1.64, 3293.74,  81.83,     20.125,    3.98, 1356.82,  67.42,     80.500,    0.00,     inf,    inf,    40.250,    7.94,  680.40,  16.90
           96,     48.250,    1.94, 3338.81,  69.20,     24.125,    4.73, 1368.38,  56.72,     96.500,    0.00,     inf,    inf,    48.250,    9.45,  685.20,  14.20
          128,     64.250,    2.54, 3400.17,  52.92,     32.125,    6.27, 1375.92,  42.83,    128.500,    0.00,     inf,    inf,    64.250,   12.56,  686.40,  10.68
          192,     96.250,    3.89, 3316.94,  34.46,     48.125,    9.30, 1389.66,  28.88,    192.500,    0.00,     inf,    inf,    96.250,   18.54,  696.82,   7.24
          256,    128.250,    6.40, 2690.51,  20.98,     64.125,   12.72, 1352.83,  21.10,    256.500,    0.00,     inf,    inf,   128.250,   24.74,  695.90,   5.43
--------------------------------------------------------------------------------------------------------------------------------------------------------------------
mixbench/read-only (v0.03-1-g3ace732)
------------------------ Device specifications ------------------------
Device:              Tesla K80
CUDA driver version: 10.10
GPU clock rate:      823 MHz
Memory clock rate:   1252 MHz
Memory bus width:    384 bits
WarpSize:            32
L2 cache size:       1536 KB
Total global mem:    11441 MB
ECC enabled:         Yes
Compute Capability:  3.7
Total SPs:           2496 (13 MPs x 192 SPs/MP)
Compute throughput:  4110.91 GFlops (theoretical single precision FMAs)
Memory bandwidth:    240.48 GB/sec
-----------------------------------------------------------------------
Total GPU memory 11996954624, free 11926437888
Buffer size:          256MB
Trade-off type:       compute with global memory (block strided)
Elements per thread:  8
Thread fusion degree: 4
Warning:              Half precision computations are not supported
----------------------------------------------------------------------------- CSV data -----------------------------------------------------------------------------
Experiment ID, Single Precision ops,,,,              Double precision ops,,,,              Half precision ops,,,,                Integer operations,,, 
Compute iters, Flops/byte, ex.time,  GFLOPS, GB/sec, Flops/byte, ex.time,  GFLOPS, GB/sec, Flops/byte, ex.time,  GFLOPS, GB/sec, Iops/byte, ex.time,   GIOPS, GB/sec
            0,      0.250,    0.82,   41.13, 164.53,      0.125,    1.66,   20.17, 161.37,      0.500,    0.00,     inf,    inf,     0.250,    0.81,   41.28, 165.12
            1,      0.750,    0.81,  123.56, 164.74,      0.375,    1.67,   60.32, 160.86,      1.500,    0.00,     inf,    inf,     0.750,    0.81,  123.73, 164.97
            2,      1.250,    0.82,  205.73, 164.59,      0.625,    1.66,  100.82, 161.32,      2.500,    0.00,     inf,    inf,     1.250,    0.82,  205.51, 164.41
            3,      1.750,    0.82,  287.72, 164.41,      0.875,    1.66,  141.21, 161.38,      3.500,    0.00,     inf,    inf,     1.750,    0.82,  287.02, 164.01
            4,      2.250,    0.82,  370.33, 164.59,      1.125,    1.67,  181.00, 160.89,      4.500,    0.00,     inf,    inf,     2.250,    0.82,  368.50, 163.78
            5,      2.750,    0.81,  453.80, 165.02,      1.375,    1.66,  221.81, 161.32,      5.500,    0.00,     inf,    inf,     2.750,    0.83,  444.95, 161.80
            6,      3.250,    0.82,  534.27, 164.39,      1.625,    1.67,  261.98, 161.22,      6.500,    0.00,     inf,    inf,     3.250,    0.84,  520.19, 160.06
            7,      3.750,    0.81,  617.73, 164.73,      1.875,    1.67,  302.18, 161.16,      7.500,    0.00,     inf,    inf,     3.750,    0.88,  570.13, 152.03
            8,      4.250,    0.81,  700.15, 164.74,      2.125,    1.67,  342.26, 161.07,      8.500,    0.00,     inf,    inf,     4.250,    1.11,  512.69, 120.63
            9,      4.750,    0.81,  784.49, 165.16,      2.375,    1.66,  383.66, 161.54,      9.500,    0.00,     inf,    inf,     4.750,    1.01,  633.76, 133.42
           10,      5.250,    0.82,  859.72, 163.76,      2.625,    1.67,  422.95, 161.12,     10.500,    0.00,     inf,    inf,     5.250,    1.10,  642.90, 122.46
           11,      5.750,    0.82,  945.22, 164.39,      2.875,    1.66,  464.01, 161.39,     11.500,    0.00,     inf,    inf,     5.750,    1.19,  649.61, 112.97
           12,      6.250,    0.81, 1031.82, 165.09,      3.125,    1.67,  503.63, 161.16,     12.500,    0.00,     inf,    inf,     6.250,    1.47,  572.24,  91.56
           13,      6.750,    0.81, 1112.09, 164.75,      3.375,    1.66,  544.44, 161.32,     13.500,    0.00,     inf,    inf,     6.750,    1.38,  655.50,  97.11
           14,      7.250,    0.82, 1191.52, 164.35,      3.625,    1.67,  584.13, 161.14,     14.500,    0.00,     inf,    inf,     7.250,    1.46,  664.26,  91.62
           15,      7.750,    0.82, 1271.15, 164.02,      3.875,    1.67,  623.31, 160.86,     15.500,    0.00,     inf,    inf,     7.750,    1.56,  666.76,  86.03
           16,      8.250,    0.82, 1350.05, 163.64,      4.125,    1.67,  662.58, 160.62,     16.500,    0.00,     inf,    inf,     8.250,    1.85,  599.00,  72.61
           17,      8.750,    0.82, 1428.63, 163.27,      4.375,    1.67,  701.21, 160.28,     17.500,    0.00,     inf,    inf,     8.750,    1.75,  670.30,  76.61
           18,      9.250,    0.82, 1516.94, 163.99,      4.625,    1.67,  743.54, 160.77,     18.500,    0.00,     inf,    inf,     9.250,    1.84,  675.75,  73.05
           20,     10.250,    0.83, 1666.60, 162.60,      5.125,    1.68,  818.50, 159.71,     20.500,    0.00,     inf,    inf,    10.250,    2.23,  617.31,  60.23
           22,     11.250,    0.82, 1836.53, 163.25,      5.625,    1.68,  898.16, 159.67,     22.500,    0.00,     inf,    inf,    11.250,    2.20,  685.93,  60.97
           24,     12.250,    0.82, 1997.44, 163.06,      6.125,    1.69,  975.44, 159.26,     24.500,    0.00,     inf,    inf,    12.250,    2.61,  630.53,  51.47
           28,     14.250,    0.83, 2304.92, 161.75,      7.125,    1.73, 1105.50, 155.16,     28.500,    0.00,     inf,    inf,    14.250,    2.98,  640.97,  44.98
           32,     16.250,    0.84, 2583.48, 158.98,      8.125,    1.81, 1204.92, 148.30,     32.500,    0.00,     inf,    inf,    16.250,    3.36,  648.28,  39.89
           40,     20.250,    0.93, 2924.65, 144.43,     10.125,    2.08, 1305.62, 128.95,     40.500,    0.00,     inf,    inf,    20.250,    4.12,  659.33,  32.56
           48,     24.250,    1.03, 3169.58, 130.70,     12.125,    2.45, 1326.32, 109.39,     48.500,    0.00,     inf,    inf,    24.250,    4.89,  665.35,  27.44
           56,     28.250,    1.18, 3214.14, 113.77,     14.125,    2.83, 1338.63,  94.77,     56.500,    0.00,     inf,    inf,    28.250,    5.65,  671.51,  23.77
           64,     32.250,    1.33, 3264.54, 101.23,     16.125,    3.22, 1346.21,  83.49,     64.500,    0.00,     inf,    inf,    32.250,    6.41,  675.37,  20.94
           80,     40.250,    1.63, 3315.28,  82.37,     20.125,    3.98, 1356.76,  67.42,     80.500,    0.00,     inf,    inf,    40.250,    7.92,  682.49,  16.96
           96,     48.250,    1.93, 3350.36,  69.44,     24.125,    4.73, 1368.81,  56.74,     96.500,    0.00,     inf,    inf,    48.250,    9.44,  685.76,  14.21
          128,     64.250,    2.54, 3398.76,  52.90,     32.125,    6.26, 1377.63,  42.88,    128.500,    0.00,     inf,    inf,    64.250,   12.56,  686.71,  10.69
          192,     96.250,    3.89, 3319.64,  34.49,     48.125,    9.31, 1387.20,  28.82,    192.500,    0.00,     inf,    inf,    96.250,   18.57,  695.77,   7.23
          256,    128.250,    6.40, 2689.61,  20.97,     64.125,   12.72, 1353.43,  21.11,    256.500,    0.00,     inf,    inf,   128.250,   24.77,  695.05,   5.42
--------------------------------------------------------------------------------------------------------------------------------------------------------------------
mixbench/read-only (v0.03-1-g3ace732)
------------------------ Device specifications ------------------------
Device:              Tesla K80
CUDA driver version: 10.10
GPU clock rate:      823 MHz
Memory clock rate:   1252 MHz
Memory bus width:    384 bits
WarpSize:            32
L2 cache size:       1536 KB
Total global mem:    11441 MB
ECC enabled:         Yes
Compute Capability:  3.7
Total SPs:           2496 (13 MPs x 192 SPs/MP)
Compute throughput:  4110.91 GFlops (theoretical single precision FMAs)
Memory bandwidth:    240.48 GB/sec
-----------------------------------------------------------------------
Total GPU memory 11996954624, free 11926437888
Buffer size:          256MB
Trade-off type:       compute with global memory (block strided)
Elements per thread:  8
Thread fusion degree: 4
Warning:              Half precision computations are not supported
----------------------------------------------------------------------------- CSV data -----------------------------------------------------------------------------
Experiment ID, Single Precision ops,,,,              Double precision ops,,,,              Half precision ops,,,,                Integer operations,,, 
Compute iters, Flops/byte, ex.time,  GFLOPS, GB/sec, Flops/byte, ex.time,  GFLOPS, GB/sec, Flops/byte, ex.time,  GFLOPS, GB/sec, Iops/byte, ex.time,   GIOPS, GB/sec
            0,      0.250,    0.82,   41.06, 164.26,      0.125,    1.67,   20.15, 161.16,      0.500,    0.00,     inf,    inf,     0.250,    0.82,   41.06, 164.25
            1,      0.750,    0.81,  123.68, 164.90,      0.375,    1.66,   60.52, 161.38,      1.500,    0.00,     inf,    inf,     0.750,    0.82,  123.39, 164.51
            2,      1.250,    0.82,  205.78, 164.62,      0.625,    1.66,  100.85, 161.36,      2.500,    0.00,     inf,    inf,     1.250,    0.82,  205.69, 164.55
            3,      1.750,    0.82,  287.35, 164.20,      0.875,    1.66,  141.12, 161.29,      3.500,    0.00,     inf,    inf,     1.750,    0.81,  288.56, 164.89
            4,      2.250,    0.82,  369.72, 164.32,      1.125,    1.67,  180.95, 160.85,      4.500,    0.00,     inf,    inf,     2.250,    0.82,  368.70, 163.87
            5,      2.750,    0.82,  452.56, 164.57,      1.375,    1.67,  221.09, 160.79,      5.500,    0.00,     inf,    inf,     2.750,    0.83,  445.05, 161.84
            6,      3.250,    0.82,  533.92, 164.28,      1.625,    1.66,  262.10, 161.29,      6.500,    0.00,     inf,    inf,     3.250,    0.84,  520.58, 160.18
            7,      3.750,    0.82,  616.11, 164.30,      1.875,    1.66,  302.49, 161.33,      7.500,    0.00,     inf,    inf,     3.750,    0.89,  566.68, 151.11
            8,      4.250,    0.82,  699.32, 164.55,      2.125,    1.67,  341.89, 160.89,      8.500,    0.00,     inf,    inf,     4.250,    1.12,  510.46, 120.11
            9,      4.750,    0.82,  776.15, 163.40,      2.375,    1.67,  382.44, 161.03,      9.500,    0.00,     inf,    inf,     4.750,    1.01,  631.65, 132.98
           10,      5.250,    0.82,  862.42, 164.27,      2.625,    1.66,  423.42, 161.30,     10.500,    0.00,     inf,    inf,     5.250,    1.09,  644.22, 122.71
           11,      5.750,    0.82,  946.03, 164.53,      2.875,    1.66,  464.25, 161.48,     11.500,    0.00,     inf,    inf,     5.750,    1.19,  647.77, 112.66
           12,      6.250,    0.82, 1024.28, 163.88,      3.125,    1.67,  502.26, 160.72,     12.500,    0.00,     inf,    inf,     6.250,    1.47,  569.99,  91.20
           13,      6.750,    0.82, 1106.65, 163.95,      3.375,    1.67,  543.13, 160.93,     13.500,    0.00,     inf,    inf,     6.750,    1.39,  653.94,  96.88
           14,      7.250,    0.82, 1187.10, 163.74,      3.625,    1.67,  582.92, 160.81,     14.500,    0.00,     inf,    inf,     7.250,    1.47,  661.17,  91.20
           15,      7.750,    0.82, 1266.54, 163.43,      3.875,    1.67,  623.41, 160.88,     15.500,    0.00,     inf,    inf,     7.750,    1.56,  666.79,  86.04
           16,      8.250,    0.82, 1351.20, 163.78,      4.125,    1.67,  662.54, 160.62,     16.500,    0.00,     inf,    inf,     8.250,    1.85,  599.47,  72.66
           17,      8.750,    0.82, 1430.86, 163.53,      4.375,    1.67,  702.13, 160.49,     17.500,    0.00,     inf,    inf,     8.750,    1.75,  672.14,  76.82
           18,      9.250,    0.82, 1512.92, 163.56,      4.625,    1.67,  742.66, 160.58,     18.500,    0.00,     inf,    inf,     9.250,    1.84,  674.45,  72.91
           20,     10.250,    0.83, 1664.08, 162.35,      5.125,    1.68,  819.97, 159.99,     20.500,    0.00,     inf,    inf,    10.250,    2.23,  617.87,  60.28
           22,     11.250,    0.82, 1832.32, 162.87,      5.625,    1.68,  898.06, 159.66,     22.500,    0.00,     inf,    inf,    11.250,    2.21,  683.71,  60.77
           24,     12.250,    0.83, 1989.48, 162.41,      6.125,    1.69,  974.85, 159.16,     24.500,    0.00,     inf,    inf,    12.250,    2.61,  629.92,  51.42
           28,     14.250,    0.84, 2268.44, 159.19,      7.125,    1.74, 1099.97, 154.38,     28.500,    0.00,     inf,    inf,    14.250,    2.99,  640.70,  44.96
           32,     16.250,    0.84, 2591.34, 159.47,      8.125,    1.81, 1205.35, 148.35,     32.500,    0.00,     inf,    inf,    16.250,    3.37,  647.87,  39.87
           40,     20.250,    0.93, 2920.62, 144.23,     10.125,    2.08, 1305.62, 128.95,     40.500,    0.00,     inf,    inf,    20.250,    4.13,  658.84,  32.54
           48,     24.250,    1.03, 3155.03, 130.10,     12.125,    2.46, 1325.37, 109.31,     48.500,    0.00,     inf,    inf,    24.250,    4.90,  664.88,  27.42
           56,     28.250,    1.19, 3193.60, 113.05,     14.125,    2.84, 1334.56,  94.48,     56.500,    0.00,     inf,    inf,    28.250,    5.65,  670.62,  23.74
           64,     32.250,    1.34, 3240.77, 100.49,     16.125,    3.22, 1342.51,  83.26,     64.500,    0.00,     inf,    inf,    32.250,    6.42,  673.71,  20.89
           80,     40.250,    1.65, 3281.51,  81.53,     20.125,    3.98, 1357.28,  67.44,     80.500,    0.00,     inf,    inf,    40.250,    7.93,  681.60,  16.93
           96,     48.250,    1.94, 3335.67,  69.13,     24.125,    4.74, 1365.58,  56.60,     96.500,    0.00,     inf,    inf,    48.250,    9.47,  683.91,  14.17
          128,     64.250,    2.54, 3396.53,  52.86,     32.125,    6.26, 1377.63,  42.88,    128.500,    0.00,     inf,    inf,    64.250,   12.53,  688.01,  10.71
          192,     96.250,    3.90, 3313.95,  34.43,     48.125,    9.30, 1389.10,  28.86,    192.500,    0.00,     inf,    inf,    96.250,   18.58,  695.40,   7.22
          256,    128.250,    6.40, 2688.78,  20.97,     64.125,   12.64, 1361.49,  21.23,    256.500,    0.00,     inf,    inf,   128.250,   24.72,  696.37,   5.43
--------------------------------------------------------------------------------------------------------------------------------------------------------------------
mixbench/read-only (v0.03-1-g3ace732)
------------------------ Device specifications ------------------------
Device:              Tesla K80
CUDA driver version: 10.10
GPU clock rate:      823 MHz
Memory clock rate:   1252 MHz
Memory bus width:    384 bits
WarpSize:            32
L2 cache size:       1536 KB
Total global mem:    11441 MB
ECC enabled:         Yes
Compute Capability:  3.7
Total SPs:           2496 (13 MPs x 192 SPs/MP)
Compute throughput:  4110.91 GFlops (theoretical single precision FMAs)
Memory bandwidth:    240.48 GB/sec
-----------------------------------------------------------------------
Total GPU memory 11996954624, free 11926437888
Buffer size:          256MB
Trade-off type:       compute with global memory (block strided)
Elements per thread:  8
Thread fusion degree: 4
Warning:              Half precision computations are not supported
----------------------------------------------------------------------------- CSV data -----------------------------------------------------------------------------
Experiment ID, Single Precision ops,,,,              Double precision ops,,,,              Half precision ops,,,,                Integer operations,,, 
Compute iters, Flops/byte, ex.time,  GFLOPS, GB/sec, Flops/byte, ex.time,  GFLOPS, GB/sec, Flops/byte, ex.time,  GFLOPS, GB/sec, Iops/byte, ex.time,   GIOPS, GB/sec
            0,      0.250,    0.81,   41.20, 164.81,      0.125,    1.67,   20.13, 161.00,      0.500,    0.00,     inf,    inf,     0.250,    0.82,   40.84, 163.36
            1,      0.750,    0.82,  122.96, 163.94,      0.375,    1.67,   60.42, 161.13,      1.500,    0.00,     inf,    inf,     0.750,    0.82,  122.63, 163.51
            2,      1.250,    0.82,  205.11, 164.09,      0.625,    1.67,  100.66, 161.06,      2.500,    0.00,     inf,    inf,     1.250,    0.82,  205.18, 164.14
            3,      1.750,    0.82,  286.87, 163.92,      0.875,    1.67,  140.92, 161.05,      3.500,    0.00,     inf,    inf,     1.750,    0.82,  287.40, 164.23
            4,      2.250,    0.82,  369.09, 164.04,      1.125,    1.67,  180.94, 160.84,      4.500,    0.00,     inf,    inf,     2.250,    0.82,  366.52, 162.90
            5,      2.750,    0.81,  454.29, 165.20,      1.375,    1.67,  221.38, 161.01,      5.500,    0.00,     inf,    inf,     2.750,    0.83,  445.70, 162.07
            6,      3.250,    0.82,  535.03, 164.62,      1.625,    1.67,  261.92, 161.18,      6.500,    0.00,     inf,    inf,     3.250,    0.84,  520.56, 160.17
            7,      3.750,    0.82,  616.93, 164.51,      1.875,    1.67,  302.12, 161.13,      7.500,    0.00,     inf,    inf,     3.750,    0.88,  568.93, 151.71
            8,      4.250,    0.82,  699.74, 164.64,      2.125,    1.66,  343.01, 161.42,      8.500,    0.00,     inf,    inf,     4.250,    1.11,  512.75, 120.65
            9,      4.750,    0.82,  782.15, 164.66,      2.375,    1.66,  383.82, 161.61,      9.500,    0.00,     inf,    inf,     4.750,    1.01,  630.99, 132.84
           10,      5.250,    0.82,  863.16, 164.41,      2.625,    1.66,  424.12, 161.57,     10.500,    0.00,     inf,    inf,     5.250,    1.09,  644.73, 122.81
           11,      5.750,    0.82,  945.18, 164.38,      2.875,    1.66,  463.89, 161.35,     11.500,    0.00,     inf,    inf,     5.750,    1.19,  649.80, 113.01
           12,      6.250,    0.82, 1028.50, 164.56,      3.125,    1.67,  503.68, 161.18,     12.500,    0.00,     inf,    inf,     6.250,    1.47,  572.45,  91.59
           13,      6.750,    0.82, 1109.91, 164.43,      3.375,    1.66,  544.24, 161.26,     13.500,    0.00,     inf,    inf,     6.750,    1.38,  656.67,  97.28
           14,      7.250,    0.82, 1190.21, 164.17,      3.625,    1.67,  584.12, 161.14,     14.500,    0.00,     inf,    inf,     7.250,    1.46,  665.70,  91.82
           15,      7.750,    0.82, 1272.34, 164.17,      3.875,    1.67,  624.24, 161.09,     15.500,    0.00,     inf,    inf,     7.750,    1.56,  668.05,  86.20
           16,      8.250,    0.82, 1357.46, 164.54,      4.125,    1.67,  663.54, 160.86,     16.500,    0.00,     inf,    inf,     8.250,    1.85,  599.68,  72.69
           17,      8.750,    0.82, 1429.13, 163.33,      4.375,    1.68,  701.04, 160.24,     17.500,    0.00,     inf,    inf,     8.750,    1.75,  671.95,  76.79
           18,      9.250,    0.82, 1519.02, 164.22,      4.625,    1.67,  743.91, 160.85,     18.500,    0.00,     inf,    inf,     9.250,    1.83,  677.53,  73.25
           20,     10.250,    0.82, 1675.96, 163.51,      5.125,    1.68,  821.16, 160.23,     20.500,    0.00,     inf,    inf,    10.250,    2.23,  618.13,  60.31
           22,     11.250,    0.82, 1835.81, 163.18,      5.625,    1.68,  898.75, 159.78,     22.500,    0.00,     inf,    inf,    11.250,    2.20,  685.09,  60.90
           24,     12.250,    0.82, 1996.43, 162.97,      6.125,    1.68,  975.94, 159.34,     24.500,    0.00,     inf,    inf,    12.250,    2.61,  630.62,  51.48
           28,     14.250,    0.83, 2303.94, 161.68,      7.125,    1.73, 1103.87, 154.93,     28.500,    0.00,     inf,    inf,    14.250,    2.99,  639.39,  44.87
           32,     16.250,    0.84, 2591.34, 159.47,      8.125,    1.81, 1207.59, 148.63,     32.500,    0.00,     inf,    inf,    16.250,    3.37,  647.26,  39.83
           40,     20.250,    0.92, 2939.22, 145.15,     10.125,    2.08, 1305.10, 128.90,     40.500,    0.00,     inf,    inf,    20.250,    4.13,  658.48,  32.52
           48,     24.250,    1.03, 3164.26, 130.48,     12.125,    2.45, 1329.12, 109.62,     48.500,    0.00,     inf,    inf,    24.250,    4.89,  665.87,  27.46
           56,     28.250,    1.18, 3211.00, 113.66,     14.125,    2.84, 1335.55,  94.55,     56.500,    0.00,     inf,    inf,    28.250,    5.66,  670.05,  23.72
           64,     32.250,    1.33, 3260.61, 101.10,     16.125,    3.22, 1344.49,  83.38,     64.500,    0.00,     inf,    inf,    32.250,    6.41,  675.55,  20.95
           80,     40.250,    1.63, 3310.34,  82.24,     20.125,    3.98, 1358.70,  67.51,     80.500,    0.00,     inf,    inf,    40.250,    7.94,  680.34,  16.90
           96,     48.250,    1.93, 3351.36,  69.46,     24.125,    4.75, 1364.69,  56.57,     96.500,    0.00,     inf,    inf,    48.250,    9.45,  685.38,  14.20
          128,     64.250,    2.53, 3412.27,  53.11,     32.125,    6.26, 1377.84,  42.89,    128.500,    0.00,     inf,    inf,    64.250,   12.59,  685.00,  10.66
          192,     96.250,    3.89, 3323.33,  34.53,     48.125,    9.33, 1384.88,  28.78,    192.500,    0.00,     inf,    inf,    96.250,   18.56,  696.00,   7.23
          256,    128.250,    6.39, 2692.05,  20.99,     64.125,   12.65, 1360.85,  21.22,    256.500,    0.00,     inf,    inf,   128.250,   24.71,  696.59,   5.43
--------------------------------------------------------------------------------------------------------------------------------------------------------------------
mixbench/read-only (v0.03-1-g3ace732)
------------------------ Device specifications ------------------------
Device:              Tesla K80
CUDA driver version: 10.10
GPU clock rate:      823 MHz
Memory clock rate:   1252 MHz
Memory bus width:    384 bits
WarpSize:            32
L2 cache size:       1536 KB
Total global mem:    11441 MB
ECC enabled:         Yes
Compute Capability:  3.7
Total SPs:           2496 (13 MPs x 192 SPs/MP)
Compute throughput:  4110.91 GFlops (theoretical single precision FMAs)
Memory bandwidth:    240.48 GB/sec
-----------------------------------------------------------------------
Total GPU memory 11996954624, free 11926437888
Buffer size:          256MB
Trade-off type:       compute with global memory (block strided)
Elements per thread:  8
Thread fusion degree: 4
Warning:              Half precision computations are not supported
----------------------------------------------------------------------------- CSV data -----------------------------------------------------------------------------
Experiment ID, Single Precision ops,,,,              Double precision ops,,,,              Half precision ops,,,,                Integer operations,,, 
Compute iters, Flops/byte, ex.time,  GFLOPS, GB/sec, Flops/byte, ex.time,  GFLOPS, GB/sec, Flops/byte, ex.time,  GFLOPS, GB/sec, Iops/byte, ex.time,   GIOPS, GB/sec
            0,      0.250,    0.82,   41.14, 164.56,      0.125,    1.66,   20.17, 161.32,      0.500,    0.00,     inf,    inf,     0.250,    0.81,   41.22, 164.88
            1,      0.750,    0.81,  123.62, 164.83,      0.375,    1.67,   60.46, 161.21,      1.500,    0.00,     inf,    inf,     0.750,    0.81,  123.77, 165.03
            2,      1.250,    0.81,  205.89, 164.71,      0.625,    1.66,  100.89, 161.43,      2.500,    0.00,     inf,    inf,     1.250,    0.81,  206.27, 165.02
            3,      1.750,    0.82,  287.60, 164.34,      0.875,    1.66,  141.23, 161.40,      3.500,    0.00,     inf,    inf,     1.750,    0.82,  288.19, 164.68
            4,      2.250,    0.82,  370.45, 164.64,      1.125,    1.66,  181.39, 161.24,      4.500,    0.00,     inf,    inf,     2.250,    0.82,  368.68, 163.86
            5,      2.750,    0.81,  453.75, 165.00,      1.375,    1.66,  221.73, 161.26,      5.500,    0.00,     inf,    inf,     2.750,    0.83,  446.65, 162.42
            6,      3.250,    0.81,  536.93, 165.21,      1.625,    1.67,  261.94, 161.19,      6.500,    0.00,     inf,    inf,     3.250,    0.83,  522.68, 160.82
            7,      3.750,    0.81,  618.26, 164.87,      1.875,    1.66,  302.47, 161.32,      7.500,    0.00,     inf,    inf,     3.750,    0.88,  571.37, 152.37
            8,      4.250,    0.81,  701.28, 165.01,      2.125,    1.66,  343.12, 161.47,      8.500,    0.00,     inf,    inf,     4.250,    1.11,  514.44, 121.04
            9,      4.750,    0.81,  785.11, 165.29,      2.375,    1.66,  383.69, 161.55,      9.500,    0.00,     inf,    inf,     4.750,    1.01,  634.06, 133.49
           10,      5.250,    0.81,  866.59, 165.07,      2.625,    1.66,  423.67, 161.40,     10.500,    0.00,     inf,    inf,     5.250,    1.09,  646.51, 123.14
           11,      5.750,    0.81,  948.45, 164.95,      2.875,    1.66,  464.31, 161.50,     11.500,    0.00,     inf,    inf,     5.750,    1.19,  649.55, 112.97
           12,      6.250,    0.81, 1031.78, 165.08,      3.125,    1.66,  504.58, 161.47,     12.500,    0.00,     inf,    inf,     6.250,    1.46,  573.39,  91.74
           13,      6.750,    0.81, 1113.93, 165.03,      3.375,    1.66,  544.32, 161.28,     13.500,    0.00,     inf,    inf,     6.750,    1.38,  657.63,  97.43
           14,      7.250,    0.81, 1198.04, 165.25,      3.625,    1.66,  584.91, 161.35,     14.500,    0.00,     inf,    inf,     7.250,    1.46,  664.96,  91.72
           15,      7.750,    0.81, 1278.80, 165.01,      3.875,    1.66,  624.78, 161.23,     15.500,    0.00,     inf,    inf,     7.750,    1.56,  668.03,  86.20
           16,      8.250,    0.81, 1361.25, 165.00,      4.125,    1.67,  664.64, 161.12,     16.500,    0.00,     inf,    inf,     8.250,    1.84,  600.23,  72.75
           17,      8.750,    0.81, 1442.62, 164.87,      4.375,    1.67,  702.76, 160.63,     17.500,    0.00,     inf,    inf,     8.750,    1.75,  672.76,  76.89
           18,      9.250,    0.81, 1525.41, 164.91,      4.625,    1.67,  743.71, 160.80,     18.500,    0.00,     inf,    inf,     9.250,    1.83,  677.55,  73.25
           20,     10.250,    0.82, 1680.28, 163.93,      5.125,    1.67,  822.32, 160.45,     20.500,    0.00,     inf,    inf,    10.250,    2.23,  616.24,  60.12
           22,     11.250,    0.82, 1840.68, 163.62,      5.625,    1.68,  900.98, 160.17,     22.500,    0.00,     inf,    inf,    11.250,    2.20,  685.63,  60.95
           24,     12.250,    0.82, 1996.05, 162.94,      6.125,    1.69,  974.62, 159.12,     24.500,    0.00,     inf,    inf,    12.250,    2.61,  630.69,  51.48
           28,     14.250,    0.84, 2281.51, 160.11,      7.125,    1.74, 1101.91, 154.65,     28.500,    0.00,     inf,    inf,    14.250,    2.99,  638.99,  44.84
           32,     16.250,    0.84, 2586.52, 159.17,      8.125,    1.81, 1204.62, 148.26,     32.500,    0.00,     inf,    inf,    16.250,    3.37,  647.66,  39.86
           40,     20.250,    0.93, 2907.82, 143.60,     10.125,    2.09, 1301.72, 128.56,     40.500,    0.00,     inf,    inf,    20.250,    4.13,  657.48,  32.47
           48,     24.250,    1.03, 3161.21, 130.36,     12.125,    2.45, 1325.81, 109.34,     48.500,    0.00,     inf,    inf,    24.250,    4.90,  663.98,  27.38
           56,     28.250,    1.19, 3198.17, 113.21,     14.125,    2.84, 1333.35,  94.40,     56.500,    0.00,     inf,    inf,    28.250,    5.65,  670.77,  23.74
           64,     32.250,    1.33, 3256.84, 100.99,     16.125,    3.22, 1343.03,  83.29,     64.500,    0.00,     inf,    inf,    32.250,    6.42,  674.72,  20.92
           80,     40.250,    1.63, 3307.23,  82.17,     20.125,    3.98, 1358.71,  67.51,     80.500,    0.00,     inf,    inf,    40.250,    7.95,  679.48,  16.88
           96,     48.250,    1.94, 3341.18,  69.25,     24.125,    4.74, 1367.41,  56.68,     96.500,    0.00,     inf,    inf,    48.250,    9.48,  683.23,  14.16
          128,     64.250,    2.54, 3397.99,  52.89,     32.125,    6.26, 1377.07,  42.87,    128.500,    0.00,     inf,    inf,    64.250,   12.54,  687.76,  10.70
          192,     96.250,    3.89, 3318.88,  34.48,     48.125,    9.32, 1385.37,  28.79,    192.500,    0.00,     inf,    inf,    96.250,   18.59,  695.00,   7.22
          256,    128.250,    6.40, 2690.28,  20.98,     64.125,   12.74, 1351.57,  21.08,    256.500,    0.00,     inf,    inf,   128.250,   24.75,  695.52,   5.42
--------------------------------------------------------------------------------------------------------------------------------------------------------------------
mixbench/read-only (v0.03-1-g3ace732)
------------------------ Device specifications ------------------------
Device:              Tesla K80
CUDA driver version: 10.10
GPU clock rate:      823 MHz
Memory clock rate:   1252 MHz
Memory bus width:    384 bits
WarpSize:            32
L2 cache size:       1536 KB
Total global mem:    11441 MB
ECC enabled:         Yes
Compute Capability:  3.7
Total SPs:           2496 (13 MPs x 192 SPs/MP)
Compute throughput:  4110.91 GFlops (theoretical single precision FMAs)
Memory bandwidth:    240.48 GB/sec
-----------------------------------------------------------------------
Total GPU memory 11996954624, free 11926437888
Buffer size:          256MB
Trade-off type:       compute with global memory (block strided)
Elements per thread:  8
Thread fusion degree: 4
Warning:              Half precision computations are not supported
----------------------------------------------------------------------------- CSV data -----------------------------------------------------------------------------
Experiment ID, Single Precision ops,,,,              Double precision ops,,,,              Half precision ops,,,,                Integer operations,,, 
Compute iters, Flops/byte, ex.time,  GFLOPS, GB/sec, Flops/byte, ex.time,  GFLOPS, GB/sec, Flops/byte, ex.time,  GFLOPS, GB/sec, Iops/byte, ex.time,   GIOPS, GB/sec
            0,      0.250,    0.82,   41.14, 164.58,      0.125,    1.67,   20.15, 161.18,      0.500,    0.00,     inf,    inf,     0.250,    0.81,   41.19, 164.74
            1,      0.750,    0.81,  123.73, 164.97,      0.375,    1.67,   60.38, 161.01,      1.500,    0.00,     inf,    inf,     0.750,    0.81,  123.55, 164.73
            2,      1.250,    0.81,  205.94, 164.75,      0.625,    1.67,  100.68, 161.09,      2.500,    0.00,     inf,    inf,     1.250,    0.81,  206.04, 164.83
            3,      1.750,    0.81,  288.22, 164.70,      0.875,    1.66,  141.14, 161.31,      3.500,    0.00,     inf,    inf,     1.750,    0.82,  287.09, 164.05
            4,      2.250,    0.81,  370.96, 164.87,      1.125,    1.66,  181.39, 161.24,      4.500,    0.00,     inf,    inf,     2.250,    0.82,  368.47, 163.76
            5,      2.750,    0.81,  453.75, 165.00,      1.375,    1.66,  221.90, 161.38,      5.500,    0.00,     inf,    inf,     2.750,    0.83,  446.13, 162.23
            6,      3.250,    0.82,  534.82, 164.56,      1.625,    1.66,  262.45, 161.51,      6.500,    0.00,     inf,    inf,     3.250,    0.84,  520.07, 160.02
            7,      3.750,    0.81,  618.26, 164.87,      1.875,    1.66,  302.33, 161.24,      7.500,    0.00,     inf,    inf,     3.750,    0.89,  568.40, 151.57
            8,      4.250,    0.81,  701.58, 165.08,      2.125,    1.67,  342.55, 161.20,      8.500,    0.00,     inf,    inf,     4.250,    1.11,  513.55, 120.84
            9,      4.750,    0.81,  783.13, 164.87,      2.375,    1.66,  383.25, 161.37,      9.500,    0.00,     inf,    inf,     4.750,    1.01,  633.70, 133.41
           10,      5.250,    0.81,  866.86, 165.12,      2.625,    1.66,  424.16, 161.58,     10.500,    0.00,     inf,    inf,     5.250,    1.09,  644.20, 122.71
           11,      5.750,    0.82,  946.18, 164.55,      2.875,    1.66,  464.37, 161.52,     11.500,    0.00,     inf,    inf,     5.750,    1.19,  650.31, 113.10
           12,      6.250,    0.81, 1031.33, 165.01,      3.125,    1.66,  504.56, 161.46,     12.500,    0.00,     inf,    inf,     6.250,    1.47,  571.93,  91.51
           13,      6.750,    0.82, 1111.56, 164.68,      3.375,    1.66,  544.60, 161.36,     13.500,    0.00,     inf,    inf,     6.750,    1.38,  654.21,  96.92
           14,      7.250,    0.81, 1196.77, 165.07,      3.625,    1.66,  585.00, 161.38,     14.500,    0.00,     inf,    inf,     7.250,    1.47,  662.90,  91.43
           15,      7.750,    0.82, 1274.54, 164.46,      3.875,    1.66,  624.98, 161.29,     15.500,    0.00,     inf,    inf,     7.750,    1.56,  666.25,  85.97
           16,      8.250,    0.81, 1359.54, 164.79,      4.125,    1.67,  664.56, 161.11,     16.500,    0.00,     inf,    inf,     8.250,    1.85,  598.44,  72.54
           17,      8.750,    0.82, 1436.97, 164.22,      4.375,    1.67,  702.81, 160.64,     17.500,    0.00,     inf,    inf,     8.750,    1.75,  671.09,  76.70
           18,      9.250,    0.82, 1521.88, 164.53,      4.625,    1.67,  744.28, 160.93,     18.500,    0.00,     inf,    inf,     9.250,    1.84,  675.78,  73.06
           20,     10.250,    0.82, 1680.41, 163.94,      5.125,    1.67,  822.93, 160.57,     20.500,    0.00,     inf,    inf,    10.250,    2.23,  615.97,  60.09
           22,     11.250,    0.82, 1840.18, 163.57,      5.625,    1.68,  898.61, 159.75,     22.500,    0.00,     inf,    inf,    11.250,    2.20,  685.79,  60.96
           24,     12.250,    0.82, 1996.28, 162.96,      6.125,    1.69,  974.64, 159.13,     24.500,    0.00,     inf,    inf,    12.250,    2.61,  630.38,  51.46
           28,     14.250,    0.83, 2301.72, 161.52,      7.125,    1.73, 1107.36, 155.42,     28.500,    0.00,     inf,    inf,    14.250,    2.99,  639.72,  44.89
           32,     16.250,    0.84, 2592.92, 159.56,      8.125,    1.81, 1202.26, 147.97,     32.500,    0.00,     inf,    inf,    16.250,    3.37,  647.55,  39.85
           40,     20.250,    0.92, 2939.42, 145.16,     10.125,    2.09, 1301.38, 128.53,     40.500,    0.00,     inf,    inf,    20.250,    4.13,  658.36,  32.51
           48,     24.250,    1.03, 3159.83, 130.30,     12.125,    2.45, 1326.57, 109.41,     48.500,    0.00,     inf,    inf,    24.250,    4.90,  664.84,  27.42
           56,     28.250,    1.18, 3212.39, 113.71,     14.125,    2.83, 1338.07,  94.73,     56.500,    0.00,     inf,    inf,    28.250,    5.66,  669.88,  23.71
           64,     32.250,    1.33, 3258.57, 101.04,     16.125,    3.22, 1343.79,  83.34,     64.500,    0.00,     inf,    inf,    32.250,    6.41,  675.18,  20.94
           80,     40.250,    1.63, 3308.65,  82.20,     20.125,    3.98, 1356.43,  67.40,     80.500,    0.00,     inf,    inf,    40.250,    7.96,  678.90,  16.87
           96,     48.250,    1.93, 3350.58,  69.44,     24.125,    4.74, 1366.07,  56.62,     96.500,    0.00,     inf,    inf,    48.250,    9.50,  681.81,  14.13
          128,     64.250,    2.54, 3390.25,  52.77,     32.125,    6.26, 1377.12,  42.87,    128.500,    0.00,     inf,    inf,    64.250,   12.56,  686.45,  10.68
          192,     96.250,    3.90, 3315.28,  34.44,     48.125,    9.33, 1385.35,  28.79,    192.500,    0.00,     inf,    inf,    96.250,   18.55,  696.28,   7.23
          256,    128.250,    6.40, 2687.60,  20.96,     64.125,   12.70, 1355.47,  21.14,    256.500,    0.00,     inf,    inf,   128.250,   24.75,  695.48,   5.42
--------------------------------------------------------------------------------------------------------------------------------------------------------------------
mixbench/read-only (v0.03-1-g3ace732)
------------------------ Device specifications ------------------------
Device:              Tesla K80
CUDA driver version: 10.10
GPU clock rate:      823 MHz
Memory clock rate:   1252 MHz
Memory bus width:    384 bits
WarpSize:            32
L2 cache size:       1536 KB
Total global mem:    11441 MB
ECC enabled:         Yes
Compute Capability:  3.7
Total SPs:           2496 (13 MPs x 192 SPs/MP)
Compute throughput:  4110.91 GFlops (theoretical single precision FMAs)
Memory bandwidth:    240.48 GB/sec
-----------------------------------------------------------------------
Total GPU memory 11996954624, free 11926437888
Buffer size:          256MB
Trade-off type:       compute with global memory (block strided)
Elements per thread:  8
Thread fusion degree: 4
Warning:              Half precision computations are not supported
----------------------------------------------------------------------------- CSV data -----------------------------------------------------------------------------
Experiment ID, Single Precision ops,,,,              Double precision ops,,,,              Half precision ops,,,,                Integer operations,,, 
Compute iters, Flops/byte, ex.time,  GFLOPS, GB/sec, Flops/byte, ex.time,  GFLOPS, GB/sec, Flops/byte, ex.time,  GFLOPS, GB/sec, Iops/byte, ex.time,   GIOPS, GB/sec
            0,      0.250,    0.82,   41.07, 164.28,      0.125,    1.67,   20.12, 160.99,      0.500,    0.00,     inf,    inf,     0.250,    0.82,   40.75, 162.99
            1,      0.750,    0.82,  122.87, 163.83,      0.375,    1.67,   60.32, 160.86,      1.500,    0.00,     inf,    inf,     0.750,    0.82,  122.81, 163.75
            2,      1.250,    0.82,  204.81, 163.85,      0.625,    1.67,  100.54, 160.86,      2.500,    0.00,     inf,    inf,     1.250,    0.82,  204.98, 163.99
            3,      1.750,    0.82,  287.28, 164.16,      0.875,    1.67,  140.91, 161.04,      3.500,    0.00,     inf,    inf,     1.750,    0.82,  286.25, 163.57
            4,      2.250,    0.82,  369.88, 164.39,      1.125,    1.67,  181.18, 161.05,      4.500,    0.00,     inf,    inf,     2.250,    0.82,  367.09, 163.15
            5,      2.750,    0.81,  453.13, 164.77,      1.375,    1.67,  221.67, 161.22,      5.500,    0.00,     inf,    inf,     2.750,    0.83,  444.76, 161.73
            6,      3.250,    0.82,  533.44, 164.13,      1.625,    1.66,  262.19, 161.35,      6.500,    0.00,     inf,    inf,     3.250,    0.84,  520.46, 160.14
            7,      3.750,    0.82,  614.88, 163.97,      1.875,    1.67,  301.97, 161.05,      7.500,    0.00,     inf,    inf,     3.750,    0.89,  567.74, 151.40
            8,      4.250,    0.82,  698.75, 164.41,      2.125,    1.67,  342.22, 161.04,      8.500,    0.00,     inf,    inf,     4.250,    1.11,  512.41, 120.57
            9,      4.750,    0.81,  782.64, 164.77,      2.375,    1.67,  382.85, 161.20,      9.500,    0.00,     inf,    inf,     4.750,    1.01,  632.70, 133.20
           10,      5.250,    0.82,  862.65, 164.31,      2.625,    1.67,  422.55, 160.97,     10.500,    0.00,     inf,    inf,     5.250,    1.10,  642.62, 122.40
           11,      5.750,    0.82,  944.92, 164.33,      2.875,    1.66,  464.02, 161.40,     11.500,    0.00,     inf,    inf,     5.750,    1.19,  648.44, 112.77
           12,      6.250,    0.82, 1028.82, 164.61,      3.125,    1.67,  503.43, 161.10,     12.500,    0.00,     inf,    inf,     6.250,    1.47,  570.06,  91.21
           13,      6.750,    0.81, 1112.31, 164.79,      3.375,    1.66,  544.29, 161.27,     13.500,    0.00,     inf,    inf,     6.750,    1.39,  653.59,  96.83
           14,      7.250,    0.82, 1189.61, 164.08,      3.625,    1.67,  583.25, 160.90,     14.500,    0.00,     inf,    inf,     7.250,    1.47,  660.40,  91.09
           15,      7.750,    0.82, 1265.90, 163.34,      3.875,    1.67,  623.40, 160.88,     15.500,    0.00,     inf,    inf,     7.750,    1.56,  666.08,  85.95
           16,      8.250,    0.82, 1353.69, 164.08,      4.125,    1.67,  663.25, 160.79,     16.500,    0.00,     inf,    inf,     8.250,    1.85,  597.32,  72.40
           17,      8.750,    0.82, 1427.91, 163.19,      4.375,    1.67,  702.81, 160.64,     17.500,    0.00,     inf,    inf,     8.750,    1.75,  670.80,  76.66
           18,      9.250,    0.82, 1513.92, 163.67,      4.625,    1.67,  742.77, 160.60,     18.500,    0.00,     inf,    inf,     9.250,    1.84,  675.29,  73.00
           20,     10.250,    0.82, 1679.56, 163.86,      5.125,    1.68,  820.15, 160.03,     20.500,    0.00,     inf,    inf,    10.250,    2.23,  616.02,  60.10
           22,     11.250,    0.83, 1826.58, 162.36,      5.625,    1.68,  898.01, 159.65,     22.500,    0.00,     inf,    inf,    11.250,    2.21,  684.56,  60.85
           24,     12.250,    0.83, 1987.63, 162.26,      6.125,    1.69,  975.57, 159.28,     24.500,    0.00,     inf,    inf,    12.250,    2.62,  628.37,  51.30
           28,     14.250,    0.83, 2291.49, 160.81,      7.125,    1.73, 1104.56, 155.03,     28.500,    0.00,     inf,    inf,    14.250,    3.00,  638.18,  44.78
           32,     16.250,    0.85, 2574.89, 158.46,      8.125,    1.82, 1200.95, 147.81,     32.500,    0.00,     inf,    inf,    16.250,    3.37,  646.66,  39.79
           40,     20.250,    0.92, 2938.71, 145.12,     10.125,    2.09, 1303.26, 128.72,     40.500,    0.00,     inf,    inf,    20.250,    4.14,  656.99,  32.44
           48,     24.250,    1.04, 3144.20, 129.66,     12.125,    2.46, 1325.74, 109.34,     48.500,    0.00,     inf,    inf,    24.250,    4.90,  663.89,  27.38
           56,     28.250,    1.19, 3198.95, 113.24,     14.125,    2.84, 1335.72,  94.56,     56.500,    0.00,     inf,    inf,    28.250,    5.67,  668.56,  23.67
           64,     32.250,    1.33, 3243.49, 100.57,     16.125,    3.22, 1343.06,  83.29,     64.500,    0.00,     inf,    inf,    32.250,    6.43,  673.56,  20.89
           80,     40.250,    1.65, 3271.53,  81.28,     20.125,    3.98, 1356.69,  67.41,     80.500,    0.00,     inf,    inf,    40.250,    7.96,  678.86,  16.87
           96,     48.250,    1.94, 3336.61,  69.15,     24.125,    4.74, 1365.41,  56.60,     96.500,    0.00,     inf,    inf,    48.250,    9.48,  682.83,  14.15
          128,     64.250,    2.53, 3404.25,  52.98,     32.125,    6.26, 1377.36,  42.87,    128.500,    0.00,     inf,    inf,    64.250,   12.59,  684.85,  10.66
          192,     96.250,    3.90, 3316.59,  34.46,     48.125,    9.33, 1384.98,  28.78,    192.500,    0.00,     inf,    inf,    96.250,   18.56,  695.86,   7.23
          256,    128.250,    6.42, 2682.33,  20.91,     64.125,   12.77, 1348.28,  21.03,    256.500,    0.00,     inf,    inf,   128.250,   24.80,  693.98,   5.41
--------------------------------------------------------------------------------------------------------------------------------------------------------------------
mixbench/read-only (v0.03-1-g3ace732)
------------------------ Device specifications ------------------------
Device:              Tesla K80
CUDA driver version: 10.10
GPU clock rate:      823 MHz
Memory clock rate:   1252 MHz
Memory bus width:    384 bits
WarpSize:            32
L2 cache size:       1536 KB
Total global mem:    11441 MB
ECC enabled:         Yes
Compute Capability:  3.7
Total SPs:           2496 (13 MPs x 192 SPs/MP)
Compute throughput:  4110.91 GFlops (theoretical single precision FMAs)
Memory bandwidth:    240.48 GB/sec
-----------------------------------------------------------------------
Total GPU memory 11996954624, free 11926437888
Buffer size:          256MB
Trade-off type:       compute with global memory (block strided)
Elements per thread:  8
Thread fusion degree: 4
Warning:              Half precision computations are not supported
----------------------------------------------------------------------------- CSV data -----------------------------------------------------------------------------
Experiment ID, Single Precision ops,,,,              Double precision ops,,,,              Half precision ops,,,,                Integer operations,,, 
Compute iters, Flops/byte, ex.time,  GFLOPS, GB/sec, Flops/byte, ex.time,  GFLOPS, GB/sec, Flops/byte, ex.time,  GFLOPS, GB/sec, Iops/byte, ex.time,   GIOPS, GB/sec
            0,      0.250,    0.82,   41.10, 164.42,      0.125,    1.66,   20.18, 161.40,      0.500,    0.00,     inf,    inf,     0.250,    0.81,   41.25, 165.01
            1,      0.750,    0.82,  123.21, 164.28,      0.375,    1.66,   60.54, 161.44,      1.500,    0.00,     inf,    inf,     0.750,    0.81,  123.75, 165.01
            2,      1.250,    0.81,  205.93, 164.74,      0.625,    1.66,  100.77, 161.24,      2.500,    0.00,     inf,    inf,     1.250,    0.81,  205.96, 164.77
            3,      1.750,    0.82,  288.12, 164.64,      0.875,    1.66,  141.15, 161.32,      3.500,    0.00,     inf,    inf,     1.750,    0.82,  287.52, 164.30
            4,      2.250,    0.81,  370.97, 164.88,      1.125,    1.67,  181.30, 161.16,      4.500,    0.00,     inf,    inf,     2.250,    0.82,  368.08, 163.59
            5,      2.750,    0.81,  453.14, 164.78,      1.375,    1.67,  221.59, 161.16,      5.500,    0.00,     inf,    inf,     2.750,    0.83,  445.93, 162.16
            6,      3.250,    0.81,  536.08, 164.95,      1.625,    1.66,  262.41, 161.48,      6.500,    0.00,     inf,    inf,     3.250,    0.83,  522.48, 160.76
            7,      3.750,    0.82,  616.81, 164.48,      1.875,    1.66,  302.53, 161.35,      7.500,    0.00,     inf,    inf,     3.750,    0.88,  569.26, 151.80
            8,      4.250,    0.81,  702.22, 165.23,      2.125,    1.67,  342.52, 161.19,      8.500,    0.00,     inf,    inf,     4.250,    1.11,  512.15, 120.51
            9,      4.750,    0.81,  784.21, 165.10,      2.375,    1.66,  383.49, 161.47,      9.500,    0.00,     inf,    inf,     4.750,    1.01,  634.00, 133.47
           10,      5.250,    0.81,  867.24, 165.19,      2.625,    1.66,  424.37, 161.66,     10.500,    0.00,     inf,    inf,     5.250,    1.10,  642.98, 122.47
           11,      5.750,    0.82,  939.58, 163.41,      2.875,    1.67,  462.96, 161.03,     11.500,    0.00,     inf,    inf,     5.750,    1.19,  647.95, 112.69
           12,      6.250,    0.82, 1028.58, 164.57,      3.125,    1.66,  504.18, 161.34,     12.500,    0.00,     inf,    inf,     6.250,    1.47,  570.98,  91.36
           13,      6.750,    0.83, 1096.24, 162.41,      3.375,    1.66,  544.36, 161.29,     13.500,    0.00,     inf,    inf,     6.750,    1.38,  654.13,  96.91
           14,      7.250,    0.82, 1189.33, 164.05,      3.625,    1.67,  582.92, 160.81,     14.500,    0.00,     inf,    inf,     7.250,    1.47,  659.73,  91.00
           15,      7.750,    0.82, 1272.15, 164.15,      3.875,    1.67,  624.08, 161.05,     15.500,    0.00,     inf,    inf,     7.750,    1.56,  665.45,  85.86
           16,      8.250,    0.82, 1356.34, 164.41,      4.125,    1.67,  662.98, 160.72,     16.500,    0.00,     inf,    inf,     8.250,    1.86,  596.60,  72.32
           17,      8.750,    0.82, 1424.97, 162.85,      4.375,    1.67,  701.28, 160.29,     17.500,    0.00,     inf,    inf,     8.750,    1.75,  670.13,  76.59
           18,      9.250,    0.82, 1515.46, 163.83,      4.625,    1.67,  743.49, 160.75,     18.500,    0.00,     inf,    inf,     9.250,    1.84,  673.90,  72.85
           20,     10.250,    0.82, 1675.89, 163.50,      5.125,    1.68,  820.65, 160.13,     20.500,    0.00,     inf,    inf,    10.250,    2.23,  617.90,  60.28
           22,     11.250,    0.82, 1838.32, 163.41,      5.625,    1.68,  898.63, 159.76,     22.500,    0.00,     inf,    inf,    11.250,    2.21,  683.15,  60.72
           24,     12.250,    0.82, 1993.80, 162.76,      6.125,    1.68,  975.83, 159.32,     24.500,    0.00,     inf,    inf,    12.250,    2.61,  630.58,  51.48
           28,     14.250,    0.84, 2289.12, 160.64,      7.125,    1.73, 1106.24, 155.26,     28.500,    0.00,     inf,    inf,    14.250,    2.99,  639.57,  44.88
           32,     16.250,    0.84, 2586.72, 159.18,      8.125,    1.81, 1206.86, 148.54,     32.500,    0.00,     inf,    inf,    16.250,    3.37,  646.75,  39.80
           40,     20.250,    0.92, 2943.80, 145.37,     10.125,    2.09, 1303.02, 128.69,     40.500,    0.00,     inf,    inf,    20.250,    4.13,  657.31,  32.46
           48,     24.250,    1.03, 3160.91, 130.35,     12.125,    2.46, 1325.13, 109.29,     48.500,    0.00,     inf,    inf,    24.250,    4.90,  664.49,  27.40
           56,     28.250,    1.18, 3200.50, 113.29,     14.125,    2.84, 1333.11,  94.38,     56.500,    0.00,     inf,    inf,    28.250,    5.65,  670.74,  23.74
           64,     32.250,    1.33, 3262.26, 101.16,     16.125,    3.22, 1343.22,  83.30,     64.500,    0.00,     inf,    inf,    32.250,    6.42,  674.38,  20.91
           80,     40.250,    1.63, 3304.38,  82.10,     20.125,    3.98, 1355.89,  67.37,     80.500,    0.00,     inf,    inf,    40.250,    7.94,  680.26,  16.90
           96,     48.250,    1.93, 3348.25,  69.39,     24.125,    4.75, 1363.62,  56.52,     96.500,    0.00,     inf,    inf,    48.250,    9.46,  684.21,  14.18
          128,     64.250,    2.53, 3406.66,  53.02,     32.125,    6.26, 1377.59,  42.88,    128.500,    0.00,     inf,    inf,    64.250,   12.54,  687.48,  10.70
          192,     96.250,    3.89, 3325.11,  34.55,     48.125,    9.31, 1388.01,  28.84,    192.500,    0.00,     inf,    inf,    96.250,   18.58,  695.44,   7.23
          256,    128.250,    6.41, 2686.02,  20.94,     64.125,   12.72, 1353.27,  21.10,    256.500,    0.00,     inf,    inf,   128.250,   24.71,  696.68,   5.43
--------------------------------------------------------------------------------------------------------------------------------------------------------------------
mixbench/read-only (v0.03-1-g3ace732)
------------------------ Device specifications ------------------------
Device:              Tesla K80
CUDA driver version: 10.10
GPU clock rate:      823 MHz
Memory clock rate:   1252 MHz
Memory bus width:    384 bits
WarpSize:            32
L2 cache size:       1536 KB
Total global mem:    11441 MB
ECC enabled:         Yes
Compute Capability:  3.7
Total SPs:           2496 (13 MPs x 192 SPs/MP)
Compute throughput:  4110.91 GFlops (theoretical single precision FMAs)
Memory bandwidth:    240.48 GB/sec
-----------------------------------------------------------------------
Total GPU memory 11996954624, free 11926437888
Buffer size:          256MB
Trade-off type:       compute with global memory (block strided)
Elements per thread:  8
Thread fusion degree: 4
Warning:              Half precision computations are not supported
----------------------------------------------------------------------------- CSV data -----------------------------------------------------------------------------
Experiment ID, Single Precision ops,,,,              Double precision ops,,,,              Half precision ops,,,,                Integer operations,,, 
Compute iters, Flops/byte, ex.time,  GFLOPS, GB/sec, Flops/byte, ex.time,  GFLOPS, GB/sec, Flops/byte, ex.time,  GFLOPS, GB/sec, Iops/byte, ex.time,   GIOPS, GB/sec
            0,      0.250,    0.82,   41.13, 164.52,      0.125,    1.67,   20.13, 161.07,      0.500,    0.00,     inf,    inf,     0.250,    0.82,   40.96, 163.85
            1,      0.750,    0.82,  123.26, 164.34,      0.375,    1.67,   60.40, 161.07,      1.500,    0.00,     inf,    inf,     0.750,    0.82,  123.21, 164.28
            2,      1.250,    0.82,  204.44, 163.55,      0.625,    1.67,  100.63, 161.01,      2.500,    0.00,     inf,    inf,     1.250,    0.82,  205.40, 164.32
            3,      1.750,    0.82,  286.79, 163.88,      0.875,    1.67,  140.79, 160.90,      3.500,    0.00,     inf,    inf,     1.750,    0.82,  287.30, 164.17
            4,      2.250,    0.82,  369.58, 164.26,      1.125,    1.67,  180.69, 160.62,      4.500,    0.00,     inf,    inf,     2.250,    0.82,  367.46, 163.32
            5,      2.750,    0.82,  452.74, 164.63,      1.375,    1.67,  221.29, 160.94,      5.500,    0.00,     inf,    inf,     2.750,    0.83,  443.51, 161.28
            6,      3.250,    0.82,  534.55, 164.48,      1.625,    1.67,  261.55, 160.95,      6.500,    0.00,     inf,    inf,     3.250,    0.84,  519.08, 159.72
            7,      3.750,    0.82,  615.75, 164.20,      1.875,    1.67,  301.78, 160.95,      7.500,    0.00,     inf,    inf,     3.750,    0.89,  566.14, 150.97
            8,      4.250,    0.82,  694.88, 163.50,      2.125,    1.67,  341.80, 160.85,      8.500,    0.00,     inf,    inf,     4.250,    1.12,  509.63, 119.91
            9,      4.750,    0.82,  775.36, 163.23,      2.375,    1.67,  382.85, 161.20,      9.500,    0.00,     inf,    inf,     4.750,    1.01,  630.19, 132.67
           10,      5.250,    0.82,  857.58, 163.35,      2.625,    1.67,  423.02, 161.15,     10.500,    0.00,     inf,    inf,     5.250,    1.10,  642.12, 122.31
           11,      5.750,    0.82,  940.24, 163.52,      2.875,    1.67,  462.79, 160.97,     11.500,    0.00,     inf,    inf,     5.750,    1.19,  646.52, 112.44
           12,      6.250,    0.82, 1022.36, 163.58,      3.125,    1.67,  501.92, 160.62,     12.500,    0.00,     inf,    inf,     6.250,    1.48,  567.18,  90.75
           13,      6.750,    0.82, 1100.16, 162.99,      3.375,    1.67,  543.40, 161.01,     13.500,    0.00,     inf,    inf,     6.750,    1.39,  652.42,  96.65
           14,      7.250,    0.82, 1186.45, 163.65,      3.625,    1.67,  583.40, 160.94,     14.500,    0.00,     inf,    inf,     7.250,    1.47,  661.79,  91.28
           15,      7.750,    0.82, 1266.79, 163.46,      3.875,    1.67,  622.78, 160.72,     15.500,    0.00,     inf,    inf,     7.750,    1.56,  665.10,  85.82
           16,      8.250,    0.82, 1352.63, 163.96,      4.125,    1.67,  663.27, 160.79,     16.500,    0.00,     inf,    inf,     8.250,    1.85,  598.15,  72.50
           17,      8.750,    0.83, 1421.66, 162.48,      4.375,    1.67,  702.79, 160.64,     17.500,    0.00,     inf,    inf,     8.750,    1.75,  670.52,  76.63
           18,      9.250,    0.82, 1515.93, 163.88,      4.625,    1.67,  744.60, 160.99,     18.500,    0.00,     inf,    inf,     9.250,    1.83,  676.60,  73.15
           20,     10.250,    0.82, 1672.17, 163.14,      5.125,    1.68,  820.58, 160.11,     20.500,    0.00,     inf,    inf,    10.250,    2.23,  616.08,  60.11
           22,     11.250,    0.83, 1829.20, 162.60,      5.625,    1.68,  897.98, 159.64,     22.500,    0.00,     inf,    inf,    11.250,    2.21,  683.31,  60.74
           24,     12.250,    0.83, 1985.25, 162.06,      6.125,    1.69,  972.69, 158.81,     24.500,    0.00,     inf,    inf,    12.250,    2.61,  629.12,  51.36
           28,     14.250,    0.83, 2294.74, 161.03,      7.125,    1.74, 1100.33, 154.43,     28.500,    0.00,     inf,    inf,    14.250,    3.00,  638.39,  44.80
           32,     16.250,    0.85, 2559.62, 157.51,      8.125,    1.81, 1202.56, 148.01,     32.500,    0.00,     inf,    inf,    16.250,    3.38,  645.77,  39.74
           40,     20.250,    0.94, 2903.35, 143.38,     10.125,    2.09, 1300.76, 128.47,     40.500,    0.00,     inf,    inf,    20.250,    4.14,  657.09,  32.45
           48,     24.250,    1.04, 3124.79, 128.86,     12.125,    2.46, 1324.10, 109.20,     48.500,    0.00,     inf,    inf,    24.250,    4.91,  663.05,  27.34
           56,     28.250,    1.20, 3170.62, 112.23,     14.125,    2.84, 1334.64,  94.49,     56.500,    0.00,     inf,    inf,    28.250,    5.67,  668.20,  23.65
           64,     32.250,    1.34, 3224.16,  99.97,     16.125,    3.22, 1343.41,  83.31,     64.500,    0.00,     inf,    inf,    32.250,    6.44,  671.74,  20.83
           80,     40.250,    1.64, 3290.72,  81.76,     20.125,    3.99, 1355.10,  67.33,     80.500,    0.00,     inf,    inf,    40.250,    7.94,  680.62,  16.91
           96,     48.250,    1.95, 3318.06,  68.77,     24.125,    4.76, 1361.90,  56.45,     96.500,    0.00,     inf,    inf,    48.250,    9.49,  682.69,  14.15
          128,     64.250,    2.54, 3390.33,  52.77,     32.125,    6.29, 1371.39,  42.69,    128.500,    0.00,     inf,    inf,    64.250,   12.63,  682.52,  10.62
          192,     96.250,    3.90, 3312.48,  34.42,     48.125,    9.36, 1380.26,  28.68,    192.500,    0.00,     inf,    inf,    96.250,   18.59,  694.82,   7.22
          256,    128.250,    6.43, 2679.11,  20.89,     64.125,   12.73, 1352.66,  21.09,    256.500,    0.00,     inf,    inf,   128.250,   24.70,  696.94,   5.43
--------------------------------------------------------------------------------------------------------------------------------------------------------------------
mixbench/read-only (v0.03-1-g3ace732)
------------------------ Device specifications ------------------------
Device:              Tesla K80
CUDA driver version: 10.10
GPU clock rate:      823 MHz
Memory clock rate:   1252 MHz
Memory bus width:    384 bits
WarpSize:            32
L2 cache size:       1536 KB
Total global mem:    11441 MB
ECC enabled:         Yes
Compute Capability:  3.7
Total SPs:           2496 (13 MPs x 192 SPs/MP)
Compute throughput:  4110.91 GFlops (theoretical single precision FMAs)
Memory bandwidth:    240.48 GB/sec
-----------------------------------------------------------------------
Total GPU memory 11996954624, free 11926437888
Buffer size:          256MB
Trade-off type:       compute with global memory (block strided)
Elements per thread:  8
Thread fusion degree: 4
Warning:              Half precision computations are not supported
----------------------------------------------------------------------------- CSV data -----------------------------------------------------------------------------
Experiment ID, Single Precision ops,,,,              Double precision ops,,,,              Half precision ops,,,,                Integer operations,,, 
Compute iters, Flops/byte, ex.time,  GFLOPS, GB/sec, Flops/byte, ex.time,  GFLOPS, GB/sec, Flops/byte, ex.time,  GFLOPS, GB/sec, Iops/byte, ex.time,   GIOPS, GB/sec
            0,      0.250,    0.82,   41.01, 164.06,      0.125,    1.67,   20.13, 161.04,      0.500,    0.00,     inf,    inf,     0.250,    0.82,   40.88, 163.51
            1,      0.750,    0.82,  122.66, 163.55,      0.375,    1.67,   60.38, 161.01,      1.500,    0.00,     inf,    inf,     0.750,    0.82,  122.07, 162.77
            2,      1.250,    0.82,  204.91, 163.93,      0.625,    1.67,  100.52, 160.84,      2.500,    0.00,     inf,    inf,     1.250,    0.82,  204.33, 163.46
            3,      1.750,    0.83,  284.29, 162.45,      0.875,    1.67,  140.79, 160.90,      3.500,    0.00,     inf,    inf,     1.750,    0.82,  285.18, 162.96
            4,      2.250,    0.82,  367.35, 163.27,      1.125,    1.68,  180.14, 160.12,      4.500,    0.00,     inf,    inf,     2.250,    0.82,  366.32, 162.81
            5,      2.750,    0.82,  451.78, 164.28,      1.375,    1.67,  220.60, 160.44,      5.500,    0.00,     inf,    inf,     2.750,    0.83,  443.54, 161.29
            6,      3.250,    0.82,  535.07, 164.64,      1.625,    1.67,  261.59, 160.98,      6.500,    0.00,     inf,    inf,     3.250,    0.84,  517.95, 159.37
            7,      3.750,    0.82,  616.71, 164.46,      1.875,    1.67,  301.78, 160.95,      7.500,    0.00,     inf,    inf,     3.750,    0.89,  566.49, 151.06
            8,      4.250,    0.82,  699.19, 164.51,      2.125,    1.67,  342.30, 161.08,      8.500,    0.00,     inf,    inf,     4.250,    1.12,  509.88, 119.97
            9,      4.750,    0.82,  776.18, 163.41,      2.375,    1.67,  382.30, 160.97,      9.500,    0.00,     inf,    inf,     4.750,    1.01,  630.83, 132.81
           10,      5.250,    0.82,  861.03, 164.01,      2.625,    1.66,  423.39, 161.29,     10.500,    0.00,     inf,    inf,     5.250,    1.10,  641.09, 122.11
           11,      5.750,    0.82,  938.67, 163.25,      2.875,    1.66,  463.65, 161.27,     11.500,    0.00,     inf,    inf,     5.750,    1.19,  647.11, 112.54
           12,      6.250,    0.82, 1023.20, 163.71,      3.125,    1.67,  503.06, 160.98,     12.500,    0.00,     inf,    inf,     6.250,    1.47,  569.51,  91.12
           13,      6.750,    0.82, 1102.69, 163.36,      3.375,    1.67,  543.36, 160.99,     13.500,    0.00,     inf,    inf,     6.750,    1.39,  652.69,  96.69
           14,      7.250,    0.82, 1184.05, 163.32,      3.625,    1.67,  583.79, 161.05,     14.500,    0.00,     inf,    inf,     7.250,    1.47,  659.90,  91.02
           15,      7.750,    0.82, 1268.47, 163.67,      3.875,    1.67,  623.35, 160.86,     15.500,    0.00,     inf,    inf,     7.750,    1.57,  663.56,  85.62
           16,      8.250,    0.82, 1346.58, 163.22,      4.125,    1.67,  663.19, 160.77,     16.500,    0.00,     inf,    inf,     8.250,    1.85,  597.27,  72.40
           17,      8.750,    0.83, 1421.33, 162.44,      4.375,    1.67,  702.84, 160.65,     17.500,    0.00,     inf,    inf,     8.750,    1.75,  671.02,  76.69
           18,      9.250,    0.82, 1509.86, 163.23,      4.625,    1.67,  743.41, 160.74,     18.500,    0.00,     inf,    inf,     9.250,    1.84,  673.88,  72.85
           20,     10.250,    0.83, 1660.23, 161.97,      5.125,    1.68,  819.89, 159.98,     20.500,    0.00,     inf,    inf,    10.250,    2.23,  615.67,  60.07
           22,     11.250,    0.82, 1832.46, 162.89,      5.625,    1.68,  897.99, 159.64,     22.500,    0.00,     inf,    inf,    11.250,    2.22,  681.53,  60.58
           24,     12.250,    0.83, 1977.30, 161.41,      6.125,    1.69,  974.75, 159.14,     24.500,    0.00,     inf,    inf,    12.250,    2.62,  628.14,  51.28
           28,     14.250,    0.84, 2285.96, 160.42,      7.125,    1.73, 1102.44, 154.73,     28.500,    0.00,     inf,    inf,    14.250,    3.00,  638.39,  44.80
           32,     16.250,    0.85, 2551.38, 157.01,      8.125,    1.81, 1204.39, 148.23,     32.500,    0.00,     inf,    inf,    16.250,    3.38,  646.22,  39.77
           40,     20.250,    0.94, 2904.05, 143.41,     10.125,    2.09, 1303.34, 128.72,     40.500,    0.00,     inf,    inf,    20.250,    4.14,  657.26,  32.46
           48,     24.250,    1.04, 3134.61, 129.26,     12.125,    2.46, 1324.13, 109.21,     48.500,    0.00,     inf,    inf,    24.250,    4.90,  664.31,  27.39
           56,     28.250,    1.19, 3177.16, 112.47,     14.125,    2.84, 1334.43,  94.47,     56.500,    0.00,     inf,    inf,    28.250,    5.65,  670.85,  23.75
           64,     32.250,    1.34, 3235.96, 100.34,     16.125,    3.22, 1342.77,  83.27,     64.500,    0.00,     inf,    inf,    32.250,    6.43,  672.75,  20.86
           80,     40.250,    1.64, 3286.18,  81.64,     20.125,    3.99, 1352.77,  67.22,     80.500,    0.00,     inf,    inf,    40.250,    7.93,  681.03,  16.92
           96,     48.250,    1.94, 3330.51,  69.03,     24.125,    4.75, 1363.32,  56.51,     96.500,    0.00,     inf,    inf,    48.250,    9.47,  683.80,  14.17
          128,     64.250,    2.54, 3389.01,  52.75,     32.125,    6.27, 1375.25,  42.81,    128.500,    0.00,     inf,    inf,    64.250,   12.59,  685.04,  10.66
          192,     96.250,    3.90, 3309.79,  34.39,     48.125,    9.34, 1382.64,  28.73,    192.500,    0.00,     inf,    inf,    96.250,   18.62,  693.90,   7.21
          256,    128.250,    6.42, 2682.40,  20.92,     64.125,   12.77, 1348.37,  21.03,    256.500,    0.00,     inf,    inf,   128.250,   24.75,  695.57,   5.42
--------------------------------------------------------------------------------------------------------------------------------------------------------------------
