mixbench/alternating (v0.03-1-g3ace732)
------------------------ Device specifications ------------------------
Device:              Tesla K80
CUDA driver version: 10.10
GPU clock rate:      823 MHz
Memory clock rate:   1252 MHz
Memory bus width:    384 bits
WarpSize:            32
L2 cache size:       1536 KB
Total global mem:    11441 MB
ECC enabled:         Yes
Compute Capability:  3.7
Total SPs:           2496 (13 MPs x 192 SPs/MP)
Compute throughput:  4110.91 GFlops (theoretical single precision FMAs)
Memory bandwidth:    240.48 GB/sec
-----------------------------------------------------------------------
Total GPU memory 11996954624, free 11926437888
Buffer size:          64MB
Trade-off type:       compute with global memory (block strided)
Warning:              Half precision computations are not supported
----------------------------------------------------------------------------- CSV data -----------------------------------------------------------------------------
Experiment ID, Single Precision ops,,,,              Double precision ops,,,,              Half precision ops,,,,                Integer operations,,, 
Compute iters, Flops/byte, ex.time,  GFLOPS, GB/sec, Flops/byte, ex.time,  GFLOPS, GB/sec, Flops/byte, ex.time,  GFLOPS, GB/sec, Iops/byte, ex.time,   GIOPS, GB/sec
            0,      0.000,   67.26,    0.00, 127.72,      0.000,  130.82,    0.00, 131.33,      0.000,    0.00,    -nan,    inf,     0.000,   57.63,    0.00, 149.06
            1,      0.129,   55.02,   19.52, 151.26,      0.065,  113.18,    9.49, 147.05,      0.258,    0.00,     inf,    inf,     0.129,   52.68,   20.38, 157.96
            2,      0.267,   51.14,   41.99, 157.47,      0.133,  110.27,   19.48, 146.06,      0.533,    0.00,     inf,    inf,     0.267,   51.78,   41.48, 155.54
            3,      0.414,   49.21,   65.46, 158.19,      0.207,  107.68,   29.91, 144.59,      0.828,    0.00,     inf,    inf,     0.414,   49.51,   65.06, 157.22
            4,      0.571,   48.03,   89.42, 156.48,      0.286,  103.76,   41.39, 144.88,      1.143,    0.00,     inf,    inf,     0.571,   48.17,   89.16, 156.04
            5,      0.741,   45.04,  119.21, 160.93,      0.370,  100.18,   53.59, 144.69,      1.481,    0.00,     inf,    inf,     0.741,   45.28,  118.57, 160.07
            6,      0.923,   43.34,  148.65, 161.04,      0.462,   96.18,   66.98, 145.13,      1.846,    0.00,     inf,    inf,     0.923,   43.63,  147.67, 159.98
            7,      1.120,   39.95,  188.14, 167.98,      0.560,   92.94,   80.87, 144.42,      2.240,    0.00,     inf,    inf,     1.120,   40.17,  187.11, 167.06
            8,      1.333,   38.66,  222.22, 166.66,      0.667,   88.66,   96.89, 145.33,      2.667,    0.00,     inf,    inf,     1.333,   39.01,  220.19, 165.14
            9,      1.565,   35.26,  274.07, 175.10,      0.783,   85.41,  113.14, 144.57,      3.130,    0.00,     inf,    inf,     1.565,   36.29,  266.31, 170.14
           10,      1.818,   34.34,  312.67, 171.97,      0.909,   81.19,  132.25, 145.48,      3.636,    0.00,     inf,    inf,     1.818,   34.92,  307.50, 169.13
           11,      2.095,   29.23,  404.11, 192.87,      1.048,   77.48,  152.45, 145.52,      4.190,    0.00,     inf,    inf,     2.095,   19.04,  620.31, 296.06
           12,      2.400,   28.66,  449.52, 187.30,      1.200,   73.45,  175.42, 146.18,      4.800,    0.00,     inf,    inf,     2.400,   20.25,  636.25, 265.11
           13,      2.737,   23.42,  595.89, 217.73,      1.368,   69.97,  199.49, 145.78,      5.474,    0.00,     inf,    inf,     2.737,   21.45,  650.65, 237.74
           14,      3.111,   22.33,  673.06, 216.34,      1.556,   66.04,  227.61, 146.32,      6.222,    0.00,     inf,    inf,     3.111,   23.06,  651.91, 209.54
           15,      3.529,   18.48,  871.34, 246.88,      1.765,   61.78,  260.72, 147.74,      7.059,    0.00,     inf,    inf,     3.529,   25.07,  642.38, 182.01
           16,      4.000,   28.19,  609.45, 152.36,      2.000,   59.59,  288.30, 144.15,      8.000,    0.00,     inf,    inf,     4.000,   26.26,  654.21, 163.55
           17,      4.533,   25.57,  713.95, 157.49,      2.267,   54.64,  334.05, 147.38,      9.067,    0.00,     inf,    inf,     4.533,   27.44,  665.26, 146.75
           18,      5.143,   24.32,  794.75, 154.53,      2.571,   52.11,  370.91, 144.24,     10.286,    0.00,     inf,    inf,     5.143,   29.57,  653.57, 127.08
           19,      5.846,   21.30,  957.76, 163.83,      2.923,   47.22,  432.08, 147.82,     11.692,    0.00,     inf,    inf,     5.846,   31.00,  658.01, 112.55
           20,      6.667,   19.70, 1089.83, 163.47,      3.333,   44.60,  481.51, 144.45,     13.333,    0.00,     inf,    inf,     6.667,   32.41,  662.67,  99.40
           21,      7.636,   17.07, 1320.60, 172.94,      3.818,   39.80,  566.48, 148.36,     15.273,    0.00,     inf,    inf,     7.636,   33.75,  668.05,  87.48
           22,      8.800,   17.68, 1336.45, 151.87,      4.400,   37.57,  628.82, 142.91,     17.600,    0.00,     inf,    inf,     8.800,   35.26,  669.89,  76.12
           23,     10.222,   14.67, 1683.76, 164.72,      5.111,   32.27,  765.26, 149.72,     20.444,    0.00,     inf,    inf,    10.222,   37.46,  659.20,  64.49
           24,     12.000,   14.39, 1790.33, 149.19,      6.000,   30.15,  854.62, 142.44,     24.000,    0.00,     inf,    inf,    12.000,   38.88,  662.79,  55.23
           25,     14.286,   11.56, 2321.31, 162.49,      7.143,   24.73, 1085.57, 151.98,     28.571,    0.00,     inf,    inf,    14.286,   38.92,  689.67,  48.28
           26,     17.333,   10.90, 2562.19, 147.82,      8.667,   22.50, 1240.91, 143.18,     34.667,    0.00,     inf,    inf,    17.333,   41.71,  669.33,  38.62
           27,     21.600,    9.34, 3104.55, 143.73,     10.800,   23.16, 1251.81, 115.91,     43.200,    0.00,     inf,    inf,    21.600,   42.51,  682.02,  31.58
           28,     28.000,    9.34, 3220.42, 115.01,     14.000,   23.46, 1281.46,  91.53,     56.000,    0.00,     inf,    inf,    28.000,   44.75,  671.78,  23.99
           29,     38.667,    9.91, 3143.44,  81.30,     19.333,   23.95, 1300.07,  67.25,     77.333,    0.00,     inf,    inf,    38.667,   45.18,  689.26,  17.83
           30,     60.000,    9.33, 3451.88,  57.53,     30.000,   23.81, 1352.68,  45.09,    120.000,    0.00,     inf,    inf,    60.000,   47.49,  678.33,  11.31
           31,    124.000,    9.71, 3429.41,  27.66,     62.000,   24.20, 1375.43,  22.18,    248.000,    0.00,     inf,    inf,   124.000,   48.09,  692.15,   5.58
           32,        inf,    9.42, 3647.72,   0.00,        inf,   24.78, 1386.68,   0.00,        inf,    0.00,     inf,   -nan,       inf,   49.13,  699.33,   0.00
--------------------------------------------------------------------------------------------------------------------------------------------------------------------
mixbench/alternating (v0.03-1-g3ace732)
------------------------ Device specifications ------------------------
Device:              Tesla K80
CUDA driver version: 10.10
GPU clock rate:      823 MHz
Memory clock rate:   1252 MHz
Memory bus width:    384 bits
WarpSize:            32
L2 cache size:       1536 KB
Total global mem:    11441 MB
ECC enabled:         Yes
Compute Capability:  3.7
Total SPs:           2496 (13 MPs x 192 SPs/MP)
Compute throughput:  4110.91 GFlops (theoretical single precision FMAs)
Memory bandwidth:    240.48 GB/sec
-----------------------------------------------------------------------
Total GPU memory 11996954624, free 11926437888
Buffer size:          64MB
Trade-off type:       compute with global memory (block strided)
Warning:              Half precision computations are not supported
----------------------------------------------------------------------------- CSV data -----------------------------------------------------------------------------
Experiment ID, Single Precision ops,,,,              Double precision ops,,,,              Half precision ops,,,,                Integer operations,,, 
Compute iters, Flops/byte, ex.time,  GFLOPS, GB/sec, Flops/byte, ex.time,  GFLOPS, GB/sec, Flops/byte, ex.time,  GFLOPS, GB/sec, Iops/byte, ex.time,   GIOPS, GB/sec
            0,      0.000,   56.12,    0.00, 153.05,      0.000,  119.07,    0.00, 144.28,      0.000,    0.00,    -nan,    inf,     0.000,   55.56,    0.00, 154.60
            1,      0.129,   53.61,   20.03, 155.21,      0.065,  115.33,    9.31, 144.31,      0.258,    0.00,     inf,    inf,     0.129,   53.49,   20.07, 155.58
            2,      0.267,   51.95,   41.34, 155.03,      0.133,  111.54,   19.25, 144.39,      0.533,    0.00,     inf,    inf,     0.267,   51.92,   41.36, 155.11
            3,      0.414,   49.06,   65.66, 158.68,      0.207,  107.85,   29.87, 144.35,      0.828,    0.00,     inf,    inf,     0.414,   49.39,   65.22, 157.63
            4,      0.571,   47.89,   89.68, 156.94,      0.286,  103.88,   41.35, 144.71,      1.143,    0.00,     inf,    inf,     0.571,   48.24,   89.03, 155.80
            5,      0.741,   44.80,  119.84, 161.78,      0.370,   99.98,   53.70, 144.99,      1.481,    0.00,     inf,    inf,     0.741,   45.26,  118.63, 160.15
            6,      0.923,   43.24,  149.00, 161.42,      0.462,   95.99,   67.11, 145.41,      1.846,    0.00,     inf,    inf,     0.923,   43.57,  147.85, 160.17
            7,      1.120,   39.85,  188.61, 168.40,      0.560,   92.66,   81.12, 144.86,      2.240,    0.00,     inf,    inf,     1.120,   40.17,  187.12, 167.07
            8,      1.333,   38.64,  222.30, 166.72,      0.667,   88.47,   97.10, 145.64,      2.667,    0.00,     inf,    inf,     1.333,   38.85,  221.10, 165.82
            9,      1.565,   35.15,  274.94, 175.65,      0.783,   85.37,  113.20, 144.64,      3.130,    0.00,     inf,    inf,     1.565,   36.31,  266.13, 170.03
           10,      1.818,   34.44,  311.79, 171.48,      0.909,   80.84,  132.82, 146.10,      3.636,    0.00,     inf,    inf,     1.818,   34.84,  308.21, 169.52
           11,      2.095,   29.26,  403.66, 192.66,      1.048,   77.54,  152.33, 145.41,      4.190,    0.00,     inf,    inf,     2.095,   19.02,  620.94, 296.36
           12,      2.400,   28.74,  448.26, 186.77,      1.200,   73.63,  174.98, 145.82,      4.800,    0.00,     inf,    inf,     2.400,   20.14,  639.65, 266.52
           13,      2.737,   23.60,  591.50, 216.12,      1.368,   70.05,  199.26, 145.62,      5.474,    0.00,     inf,    inf,     2.737,   21.60,  646.16, 236.10
           14,      3.111,   22.37,  671.95, 215.98,      1.556,   66.16,  227.21, 146.06,      6.222,    0.00,     inf,    inf,     3.111,   23.13,  649.89, 208.89
           15,      3.529,   18.46,  872.71, 247.27,      1.765,   61.95,  259.97, 147.32,      7.059,    0.00,     inf,    inf,     3.529,   25.07,  642.33, 181.99
           16,      4.000,   28.04,  612.64, 153.16,      2.000,   59.64,  288.07, 144.03,      8.000,    0.00,     inf,    inf,     4.000,   26.53,  647.53, 161.88
           17,      4.533,   25.66,  711.43, 156.93,      2.267,   54.65,  333.98, 147.34,      9.067,    0.00,     inf,    inf,     4.533,   27.49,  664.09, 146.49
           18,      5.143,   24.30,  795.21, 154.62,      2.571,   52.10,  370.94, 144.26,     10.286,    0.00,     inf,    inf,     5.143,   29.58,  653.29, 127.03
           19,      5.846,   21.25,  959.83, 164.18,      2.923,   47.08,  433.32, 148.24,     11.692,    0.00,     inf,    inf,     5.846,   31.04,  657.29, 112.43
           20,      6.667,   19.64, 1093.28, 163.99,      3.333,   44.61,  481.36, 144.41,     13.333,    0.00,     inf,    inf,     6.667,   32.33,  664.15,  99.62
           21,      7.636,   17.17, 1313.40, 171.99,      3.818,   39.63,  568.99, 149.02,     15.273,    0.00,     inf,    inf,     7.636,   33.75,  668.12,  87.49
           22,      8.800,   17.69, 1335.67, 151.78,      4.400,   37.62,  627.89, 142.70,     17.600,    0.00,     inf,    inf,     8.800,   35.28,  669.63,  76.09
           23,     10.222,   14.67, 1683.51, 164.69,      5.111,   32.44,  761.37, 148.96,     20.444,    0.00,     inf,    inf,    10.222,   37.51,  658.37,  64.41
           24,     12.000,   14.37, 1793.48, 149.46,      6.000,   30.16,  854.41, 142.40,     24.000,    0.00,     inf,    inf,    12.000,   38.89,  662.69,  55.22
           25,     14.286,   11.56, 2321.35, 162.49,      7.143,   24.83, 1081.29, 151.38,     28.571,    0.00,     inf,    inf,    14.286,   38.93,  689.51,  48.27
           26,     17.333,   10.91, 2559.54, 147.67,      8.667,   22.48, 1241.66, 143.27,     34.667,    0.00,     inf,    inf,    17.333,   41.73,  669.06,  38.60
           27,     21.600,    9.34, 3103.78, 143.69,     10.800,   23.14, 1252.93, 116.01,     43.200,    0.00,     inf,    inf,    21.600,   42.36,  684.43,  31.69
           28,     28.000,    9.41, 3193.77, 114.06,     14.000,   23.49, 1279.84,  91.42,     56.000,    0.00,     inf,    inf,    28.000,   44.58,  674.42,  24.09
           29,     38.667,    9.91, 3142.42,  81.27,     19.333,   23.67, 1315.55,  68.05,     77.333,    0.00,     inf,    inf,    38.667,   45.23,  688.44,  17.80
           30,     60.000,    9.37, 3438.38,  57.31,     30.000,   23.81, 1352.76,  45.09,    120.000,    0.00,     inf,    inf,    60.000,   47.54,  677.51,  11.29
           31,    124.000,    9.65, 3449.62,  27.82,     62.000,   24.19, 1375.86,  22.19,    248.000,    0.00,     inf,    inf,   124.000,   48.19,  690.75,   5.57
           32,        inf,    9.42, 3645.65,   0.00,        inf,   24.80, 1385.31,   0.00,        inf,    0.00,     inf,   -nan,       inf,   49.04,  700.67,   0.00
--------------------------------------------------------------------------------------------------------------------------------------------------------------------
mixbench/alternating (v0.03-1-g3ace732)
------------------------ Device specifications ------------------------
Device:              Tesla K80
CUDA driver version: 10.10
GPU clock rate:      823 MHz
Memory clock rate:   1252 MHz
Memory bus width:    384 bits
WarpSize:            32
L2 cache size:       1536 KB
Total global mem:    11441 MB
ECC enabled:         Yes
Compute Capability:  3.7
Total SPs:           2496 (13 MPs x 192 SPs/MP)
Compute throughput:  4110.91 GFlops (theoretical single precision FMAs)
Memory bandwidth:    240.48 GB/sec
-----------------------------------------------------------------------
Total GPU memory 11996954624, free 11926437888
Buffer size:          64MB
Trade-off type:       compute with global memory (block strided)
Warning:              Half precision computations are not supported
----------------------------------------------------------------------------- CSV data -----------------------------------------------------------------------------
Experiment ID, Single Precision ops,,,,              Double precision ops,,,,              Half precision ops,,,,                Integer operations,,, 
Compute iters, Flops/byte, ex.time,  GFLOPS, GB/sec, Flops/byte, ex.time,  GFLOPS, GB/sec, Flops/byte, ex.time,  GFLOPS, GB/sec, Iops/byte, ex.time,   GIOPS, GB/sec
            0,      0.000,   56.13,    0.00, 153.05,      0.000,  119.04,    0.00, 144.32,      0.000,    0.00,    -nan,    inf,     0.000,   55.47,    0.00, 154.87
            1,      0.129,   53.51,   20.07, 155.51,      0.065,  115.46,    9.30, 144.15,      0.258,    0.00,     inf,    inf,     0.129,   53.42,   20.10, 155.78
            2,      0.267,   51.86,   41.41, 155.28,      0.133,  111.54,   19.25, 144.39,      0.533,    0.00,     inf,    inf,     0.267,   51.83,   41.43, 155.37
            3,      0.414,   49.37,   65.24, 157.66,      0.207,  107.83,   29.87, 144.39,      0.828,    0.00,     inf,    inf,     0.414,   49.47,   65.11, 157.36
            4,      0.571,   48.11,   89.28, 156.24,      0.286,  103.82,   41.37, 144.80,      1.143,    0.00,     inf,    inf,     0.571,   48.18,   89.15, 156.01
            5,      0.741,   44.96,  119.42, 161.22,      0.370,  100.32,   53.52, 144.49,      1.481,    0.00,     inf,    inf,     0.741,   45.19,  118.79, 160.37
            6,      0.923,   43.29,  148.83, 161.23,      0.462,   96.59,   66.70, 144.51,      1.846,    0.00,     inf,    inf,     0.923,   43.68,  147.50, 159.80
            7,      1.120,   39.92,  188.28, 168.11,      0.560,   93.07,   80.76, 144.21,      2.240,    0.00,     inf,    inf,     1.120,   40.32,  186.42, 166.45
            8,      1.333,   38.65,  222.22, 166.67,      0.667,   88.72,   96.82, 145.23,      2.667,    0.00,     inf,    inf,     1.333,   38.91,  220.76, 165.57
            9,      1.565,   35.28,  273.88, 174.98,      0.783,   85.28,  113.32, 144.79,      3.130,    0.00,     inf,    inf,     1.565,   36.30,  266.23, 170.09
           10,      1.818,   34.34,  312.64, 171.95,      0.909,   81.10,  132.40, 145.64,      3.636,    0.00,     inf,    inf,     1.818,   34.96,  307.15, 168.93
           11,      2.095,   29.24,  403.89, 192.77,      1.048,   77.52,  152.36, 145.44,      4.190,    0.00,     inf,    inf,     2.095,   19.03,  620.67, 296.23
           12,      2.400,   28.75,  448.19, 186.75,      1.200,   73.84,  174.49, 145.41,      4.800,    0.00,     inf,    inf,     2.400,   20.26,  636.13, 265.06
           13,      2.737,   23.50,  593.90, 217.00,      1.368,   69.74,  200.15, 146.27,      5.474,    0.00,     inf,    inf,     2.737,   21.59,  646.52, 236.23
           14,      3.111,   22.42,  670.39, 215.48,      1.556,   66.11,  227.39, 146.18,      6.222,    0.00,     inf,    inf,     3.111,   23.10,  650.68, 209.15
           15,      3.529,   18.48,  871.47, 246.92,      1.765,   61.53,  261.76, 148.33,      7.059,    0.00,     inf,    inf,     3.529,   25.05,  642.87, 182.15
           16,      4.000,   28.01,  613.30, 153.32,      2.000,   59.43,  289.07, 144.54,      8.000,    0.00,     inf,    inf,     4.000,   26.47,  648.95, 162.24
           17,      4.533,   25.56,  714.15, 157.53,      2.267,   54.60,  334.30, 147.49,      9.067,    0.00,     inf,    inf,     4.533,   27.51,  663.50, 146.36
           18,      5.143,   24.23,  797.82, 155.13,      2.571,   52.11,  370.88, 144.23,     10.286,    0.00,     inf,    inf,     5.143,   29.62,  652.58, 126.89
           19,      5.846,   21.21,  961.90, 164.54,      2.923,   47.15,  432.69, 148.02,     11.692,    0.00,     inf,    inf,     5.846,   31.08,  656.33, 112.27
           20,      6.667,   19.66, 1092.11, 163.82,      3.333,   44.51,  482.51, 144.75,     13.333,    0.00,     inf,    inf,     6.667,   32.41,  662.60,  99.39
           21,      7.636,   17.10, 1318.98, 172.72,      3.818,   39.68,  568.23, 148.82,     15.273,    0.00,     inf,    inf,     7.636,   34.01,  662.96,  86.82
           22,      8.800,   17.72, 1333.34, 151.52,      4.400,   37.48,  630.25, 143.24,     17.600,    0.00,     inf,    inf,     8.800,   35.28,  669.58,  76.09
           23,     10.222,   14.68, 1682.74, 164.62,      5.111,   32.19,  767.17, 150.10,     20.444,    0.00,     inf,    inf,    10.222,   37.52,  658.27,  64.40
           24,     12.000,   14.37, 1792.76, 149.40,      6.000,   30.06,  857.24, 142.87,     24.000,    0.00,     inf,    inf,    12.000,   38.90,  662.54,  55.21
           25,     14.286,   11.66, 2301.96, 161.14,      7.143,   24.72, 1085.91, 152.03,     28.571,    0.00,     inf,    inf,    14.286,   38.94,  689.31,  48.25
           26,     17.333,   10.92, 2556.90, 147.51,      8.667,   22.75, 1227.11, 141.59,     34.667,    0.00,     inf,    inf,    17.333,   41.72,  669.17,  38.61
           27,     21.600,    9.26, 3130.98, 144.95,     10.800,   23.43, 1237.13, 114.55,     43.200,    0.00,     inf,    inf,    21.600,   42.36,  684.40,  31.68
           28,     28.000,    9.44, 3186.43, 113.80,     14.000,   23.51, 1278.81,  91.34,     56.000,    0.00,     inf,    inf,    28.000,   44.90,  669.54,  23.91
           29,     38.667,    9.91, 3142.94,  81.28,     19.333,   23.69, 1314.30,  67.98,     77.333,    0.00,     inf,    inf,    38.667,   45.33,  686.97,  17.77
           30,     60.000,    9.32, 3455.28,  57.59,     30.000,   23.82, 1352.05,  45.07,    120.000,    0.00,     inf,    inf,    60.000,   47.63,  676.29,  11.27
           31,    124.000,    9.65, 3450.76,  27.83,     62.000,   24.20, 1375.69,  22.19,    248.000,    0.00,     inf,    inf,   124.000,   48.29,  689.28,   5.56
           32,        inf,    9.31, 3689.58,   0.00,        inf,   24.86, 1382.34,   0.00,        inf,    0.00,     inf,   -nan,       inf,   49.21,  698.19,   0.00
--------------------------------------------------------------------------------------------------------------------------------------------------------------------
mixbench/alternating (v0.03-1-g3ace732)
------------------------ Device specifications ------------------------
Device:              Tesla K80
CUDA driver version: 10.10
GPU clock rate:      823 MHz
Memory clock rate:   1252 MHz
Memory bus width:    384 bits
WarpSize:            32
L2 cache size:       1536 KB
Total global mem:    11441 MB
ECC enabled:         Yes
Compute Capability:  3.7
Total SPs:           2496 (13 MPs x 192 SPs/MP)
Compute throughput:  4110.91 GFlops (theoretical single precision FMAs)
Memory bandwidth:    240.48 GB/sec
-----------------------------------------------------------------------
Total GPU memory 11996954624, free 11926437888
Buffer size:          64MB
Trade-off type:       compute with global memory (block strided)
Warning:              Half precision computations are not supported
----------------------------------------------------------------------------- CSV data -----------------------------------------------------------------------------
Experiment ID, Single Precision ops,,,,              Double precision ops,,,,              Half precision ops,,,,                Integer operations,,, 
Compute iters, Flops/byte, ex.time,  GFLOPS, GB/sec, Flops/byte, ex.time,  GFLOPS, GB/sec, Flops/byte, ex.time,  GFLOPS, GB/sec, Iops/byte, ex.time,   GIOPS, GB/sec
            0,      0.000,   56.20,    0.00, 152.84,      0.000,  119.01,    0.00, 144.36,      0.000,    0.00,    -nan,    inf,     0.000,   55.62,    0.00, 154.45
            1,      0.129,   53.40,   20.11, 155.84,      0.065,  115.15,    9.32, 144.53,      0.258,    0.00,     inf,    inf,     0.129,   53.68,   20.00, 155.03
            2,      0.267,   51.74,   41.50, 155.64,      0.133,  111.47,   19.26, 144.49,      0.533,    0.00,     inf,    inf,     0.267,   51.86,   41.41, 155.30
            3,      0.414,   49.25,   65.41, 158.08,      0.207,  107.74,   29.90, 144.51,      0.828,    0.00,     inf,    inf,     0.414,   49.61,   64.93, 156.92
            4,      0.571,   48.13,   89.23, 156.15,      0.286,  103.89,   41.34, 144.69,      1.143,    0.00,     inf,    inf,     0.571,   48.25,   89.01, 155.76
            5,      0.741,   45.03,  119.22, 160.94,      0.370,  100.23,   53.56, 144.62,      1.481,    0.00,     inf,    inf,     0.741,   45.36,  118.36, 159.79
            6,      0.923,   43.42,  148.36, 160.72,      0.462,   96.30,   66.90, 144.96,      1.846,    0.00,     inf,    inf,     0.923,   43.69,  147.44, 159.73
            7,      1.120,   39.84,  188.66, 168.44,      0.560,   92.33,   81.40, 145.36,      2.240,    0.00,     inf,    inf,     1.120,   40.19,  187.00, 166.96
            8,      1.333,   38.39,  223.73, 167.80,      0.667,   88.90,   96.62, 144.94,      2.667,    0.00,     inf,    inf,     1.333,   38.95,  220.53, 165.40
            9,      1.565,   35.23,  274.27, 175.23,      0.783,   85.40,  113.15, 144.59,      3.130,    0.00,     inf,    inf,     1.565,   36.23,  266.70, 170.39
           10,      1.818,   34.41,  312.04, 171.62,      0.909,   81.43,  131.86, 145.05,      3.636,    0.00,     inf,    inf,     1.818,   34.98,  306.99, 168.84
           11,      2.095,   29.20,  404.55, 193.08,      1.048,   77.51,  152.37, 145.45,      4.190,    0.00,     inf,    inf,     2.095,   19.02,  621.12, 296.45
           12,      2.400,   28.66,  449.62, 187.34,      1.200,   73.45,  175.42, 146.18,      4.800,    0.00,     inf,    inf,     2.400,   20.22,  637.24, 265.51
           13,      2.737,   23.48,  594.42, 217.19,      1.368,   69.83,  199.88, 146.07,      5.474,    0.00,     inf,    inf,     2.737,   21.62,  645.54, 235.87
           14,      3.111,   22.41,  670.92, 215.65,      1.556,   66.10,  227.43, 146.21,      6.222,    0.00,     inf,    inf,     3.111,   23.08,  651.19, 209.31
           15,      3.529,   18.46,  872.35, 247.17,      1.765,   61.68,  261.12, 147.97,      7.059,    0.00,     inf,    inf,     3.529,   25.00,  644.27, 182.54
           16,      4.000,   28.07,  612.12, 153.03,      2.000,   59.56,  288.43, 144.21,      8.000,    0.00,     inf,    inf,     4.000,   26.54,  647.34, 161.84
           17,      4.533,   25.58,  713.67, 157.43,      2.267,   54.69,  333.77, 147.25,      9.067,    0.00,     inf,    inf,     4.533,   27.76,  657.52, 145.04
           18,      5.143,   24.40,  792.00, 154.00,      2.571,   52.20,  370.29, 144.00,     10.286,    0.00,     inf,    inf,     5.143,   29.62,  652.42, 126.86
           19,      5.846,   21.25,  959.93, 164.20,      2.923,   47.19,  432.31, 147.90,     11.692,    0.00,     inf,    inf,     5.846,   31.10,  655.90, 112.19
           20,      6.667,   19.83, 1083.04, 162.46,      3.333,   44.47,  482.89, 144.87,     13.333,    0.00,     inf,    inf,     6.667,   32.38,  663.23,  99.49
           21,      7.636,   17.01, 1325.70, 173.60,      3.818,   39.56,  570.02, 149.29,     15.273,    0.00,     inf,    inf,     7.636,   33.78,  667.50,  87.41
           22,      8.800,   17.66, 1337.74, 152.02,      4.400,   37.23,  634.53, 144.21,     17.600,    0.00,     inf,    inf,     8.800,   35.27,  669.75,  76.11
           23,     10.222,   14.62, 1689.17, 165.25,      5.111,   32.23,  766.21, 149.91,     20.444,    0.00,     inf,    inf,    10.222,   37.52,  658.18,  64.39
           24,     12.000,   14.37, 1793.31, 149.44,      6.000,   29.94,  860.68, 143.45,     24.000,    0.00,     inf,    inf,    12.000,   38.90,  662.43,  55.20
           25,     14.286,   11.72, 2289.70, 160.28,      7.143,   24.82, 1081.73, 151.44,     28.571,    0.00,     inf,    inf,    14.286,   38.94,  689.27,  48.25
           26,     17.333,   10.96, 2546.05, 146.89,      8.667,   22.59, 1236.08, 142.62,     34.667,    0.00,     inf,    inf,    17.333,   42.53,  656.37,  37.87
           27,     21.600,    9.47, 3059.77, 141.66,     10.800,   23.80, 1217.95, 112.77,     43.200,    0.00,     inf,    inf,    21.600,   43.52,  666.18,  30.84
           28,     28.000,    9.60, 3131.86, 111.85,     14.000,   23.94, 1255.88,  89.71,     56.000,    0.00,     inf,    inf,    28.000,   45.30,  663.61,  23.70
           29,     38.667,    9.93, 3137.14,  81.13,     19.333,   23.70, 1313.67,  67.95,     77.333,    0.00,     inf,    inf,    38.667,   45.05,  691.22,  17.88
           30,     60.000,    9.33, 3451.55,  57.53,     30.000,   23.82, 1352.13,  45.07,    120.000,    0.00,     inf,    inf,    60.000,   47.35,  680.33,  11.34
           31,    124.000,    9.76, 3411.79,  27.51,     62.000,   24.20, 1375.27,  22.18,    248.000,    0.00,     inf,    inf,   124.000,   48.39,  687.90,   5.55
           32,        inf,    9.37, 3667.39,   0.00,        inf,   24.90, 1380.18,   0.00,        inf,    0.00,     inf,   -nan,       inf,   49.07,  700.19,   0.00
--------------------------------------------------------------------------------------------------------------------------------------------------------------------
mixbench/alternating (v0.03-1-g3ace732)
------------------------ Device specifications ------------------------
Device:              Tesla K80
CUDA driver version: 10.10
GPU clock rate:      823 MHz
Memory clock rate:   1252 MHz
Memory bus width:    384 bits
WarpSize:            32
L2 cache size:       1536 KB
Total global mem:    11441 MB
ECC enabled:         Yes
Compute Capability:  3.7
Total SPs:           2496 (13 MPs x 192 SPs/MP)
Compute throughput:  4110.91 GFlops (theoretical single precision FMAs)
Memory bandwidth:    240.48 GB/sec
-----------------------------------------------------------------------
Total GPU memory 11996954624, free 11926437888
Buffer size:          64MB
Trade-off type:       compute with global memory (block strided)
Warning:              Half precision computations are not supported
----------------------------------------------------------------------------- CSV data -----------------------------------------------------------------------------
Experiment ID, Single Precision ops,,,,              Double precision ops,,,,              Half precision ops,,,,                Integer operations,,, 
Compute iters, Flops/byte, ex.time,  GFLOPS, GB/sec, Flops/byte, ex.time,  GFLOPS, GB/sec, Flops/byte, ex.time,  GFLOPS, GB/sec, Iops/byte, ex.time,   GIOPS, GB/sec
            0,      0.000,   56.10,    0.00, 153.11,      0.000,  118.77,    0.00, 144.64,      0.000,    0.00,    -nan,    inf,     0.000,   55.69,    0.00, 154.26
            1,      0.129,   53.11,   20.22, 156.69,      0.065,  115.40,    9.30, 144.21,      0.258,    0.00,     inf,    inf,     0.129,   53.31,   20.14, 156.10
            2,      0.267,   51.87,   41.40, 155.26,      0.133,  111.36,   19.28, 144.63,      0.533,    0.00,     inf,    inf,     0.267,   51.79,   41.47, 155.50
            3,      0.414,   49.34,   65.29, 157.79,      0.207,  107.63,   29.93, 144.66,      0.828,    0.00,     inf,    inf,     0.414,   49.86,   64.61, 156.13
            4,      0.571,   48.09,   89.32, 156.31,      0.286,  103.97,   41.31, 144.59,      1.143,    0.00,     inf,    inf,     0.571,   48.22,   89.07, 155.87
            5,      0.741,   45.04,  119.20, 160.92,      0.370,  100.18,   53.59, 144.69,      1.481,    0.00,     inf,    inf,     0.741,   45.35,  118.38, 159.81
            6,      0.923,   43.40,  148.43, 160.80,      0.462,   96.17,   66.99, 145.14,      1.846,    0.00,     inf,    inf,     0.923,   43.77,  147.19, 159.45
            7,      1.120,   40.00,  187.91, 167.78,      0.560,   92.66,   81.12, 144.86,      2.240,    0.00,     inf,    inf,     1.120,   40.07,  187.59, 167.49
            8,      1.333,   38.63,  222.39, 166.79,      0.667,   88.82,   96.71, 145.07,      2.667,    0.00,     inf,    inf,     1.333,   39.04,  220.02, 165.01
            9,      1.565,   35.16,  274.83, 175.59,      0.783,   85.31,  113.28, 144.75,      3.130,    0.00,     inf,    inf,     1.565,   36.19,  266.99, 170.58
           10,      1.818,   34.31,  312.92, 172.11,      0.909,   81.62,  131.56, 144.71,      3.636,    0.00,     inf,    inf,     1.818,   34.97,  307.07, 168.89
           11,      2.095,   29.18,  404.73, 193.17,      1.048,   77.32,  152.75, 145.81,      4.190,    0.00,     inf,    inf,     2.095,   19.04,  620.48, 296.14
           12,      2.400,   28.69,  449.12, 187.13,      1.200,   73.56,  175.16, 145.97,      4.800,    0.00,     inf,    inf,     2.400,   20.23,  636.77, 265.32
           13,      2.737,   23.47,  594.83, 217.34,      1.368,   69.82,  199.91, 146.09,      5.474,    0.00,     inf,    inf,     2.737,   21.60,  646.10, 236.08
           14,      3.111,   22.27,  675.15, 217.01,      1.556,   66.21,  227.04, 145.96,      6.222,    0.00,     inf,    inf,     3.111,   23.11,  650.53, 209.10
           15,      3.529,   18.46,  872.34, 247.16,      1.765,   61.86,  260.37, 147.54,      7.059,    0.00,     inf,    inf,     3.529,   25.08,  642.22, 181.96
           16,      4.000,   28.11,  611.25, 152.81,      2.000,   59.50,  288.74, 144.37,      8.000,    0.00,     inf,    inf,     4.000,   26.55,  647.15, 161.79
           17,      4.533,   25.56,  714.24, 157.55,      2.267,   54.56,  334.55, 147.59,      9.067,    0.00,     inf,    inf,     4.533,   27.45,  665.09, 146.71
           18,      5.143,   24.25,  796.90, 154.95,      2.571,   52.06,  371.26, 144.38,     10.286,    0.00,     inf,    inf,     5.143,   29.56,  653.94, 127.16
           19,      5.846,   21.17,  963.50, 164.81,      2.923,   47.25,  431.79, 147.72,     11.692,    0.00,     inf,    inf,     5.846,   31.09,  656.22, 112.25
           20,      6.667,   19.67, 1091.55, 163.73,      3.333,   44.74,  479.96, 143.99,     13.333,    0.00,     inf,    inf,     6.667,   32.61,  658.60,  98.79
           21,      7.636,   17.11, 1317.67, 172.55,      3.818,   39.74,  567.42, 148.61,     15.273,    0.00,     inf,    inf,     7.636,   34.07,  661.85,  86.67
           22,      8.800,   17.66, 1337.38, 151.98,      4.400,   37.36,  632.34, 143.71,     17.600,    0.00,     inf,    inf,     8.800,   35.29,  669.36,  76.06
           23,     10.222,   14.57, 1694.56, 165.77,      5.111,   32.05,  770.54, 150.76,     20.444,    0.00,     inf,    inf,    10.222,   37.55,  657.62,  64.33
           24,     12.000,   14.40, 1789.58, 149.13,      6.000,   30.13,  855.26, 142.54,     24.000,    0.00,     inf,    inf,    12.000,   39.35,  654.87,  54.57
           25,     14.286,   11.63, 2307.24, 161.51,      7.143,   24.81, 1081.88, 151.46,     28.571,    0.00,     inf,    inf,    14.286,   38.95,  689.25,  48.25
           26,     17.333,   10.91, 2557.96, 147.57,      8.667,   22.66, 1232.24, 142.18,     34.667,    0.00,     inf,    inf,    17.333,   42.86,  651.40,  37.58
           27,     21.600,    9.44, 3069.59, 142.11,     10.800,   23.68, 1224.29, 113.36,     43.200,    0.00,     inf,    inf,    21.600,   43.23,  670.59,  31.05
           28,     28.000,    9.58, 3137.27, 112.05,     14.000,   23.98, 1253.78,  89.56,     56.000,    0.00,     inf,    inf,    28.000,   45.38,  662.56,  23.66
           29,     38.667,   10.02, 3108.01,  80.38,     19.333,   23.70, 1313.84,  67.96,     77.333,    0.00,     inf,    inf,    38.667,   45.05,  691.20,  17.88
           30,     60.000,    9.28, 3469.80,  57.83,     30.000,   23.83, 1351.73,  45.06,    120.000,    0.00,     inf,    inf,    60.000,   47.34,  680.49,  11.34
           31,    124.000,    9.65, 3449.96,  27.82,     62.000,   24.47, 1360.48,  21.94,    248.000,    0.00,     inf,    inf,   124.000,   48.11,  691.87,   5.58
           32,        inf,    9.37, 3668.35,   0.00,        inf,   24.90, 1380.08,   0.00,        inf,    0.00,     inf,   -nan,       inf,   49.32,  696.66,   0.00
--------------------------------------------------------------------------------------------------------------------------------------------------------------------
mixbench/alternating (v0.03-1-g3ace732)
------------------------ Device specifications ------------------------
Device:              Tesla K80
CUDA driver version: 10.10
GPU clock rate:      823 MHz
Memory clock rate:   1252 MHz
Memory bus width:    384 bits
WarpSize:            32
L2 cache size:       1536 KB
Total global mem:    11441 MB
ECC enabled:         Yes
Compute Capability:  3.7
Total SPs:           2496 (13 MPs x 192 SPs/MP)
Compute throughput:  4110.91 GFlops (theoretical single precision FMAs)
Memory bandwidth:    240.48 GB/sec
-----------------------------------------------------------------------
Total GPU memory 11996954624, free 11926437888
Buffer size:          64MB
Trade-off type:       compute with global memory (block strided)
Warning:              Half precision computations are not supported
----------------------------------------------------------------------------- CSV data -----------------------------------------------------------------------------
Experiment ID, Single Precision ops,,,,              Double precision ops,,,,              Half precision ops,,,,                Integer operations,,, 
Compute iters, Flops/byte, ex.time,  GFLOPS, GB/sec, Flops/byte, ex.time,  GFLOPS, GB/sec, Flops/byte, ex.time,  GFLOPS, GB/sec, Iops/byte, ex.time,   GIOPS, GB/sec
            0,      0.000,   56.24,    0.00, 152.74,      0.000,  118.89,    0.00, 144.50,      0.000,    0.00,    -nan,    inf,     0.000,   55.44,    0.00, 154.95
            1,      0.129,   53.82,   19.95, 154.61,      0.065,  115.21,    9.32, 144.46,      0.258,    0.00,     inf,    inf,     0.129,   53.38,   20.12, 155.89
            2,      0.267,   51.75,   41.50, 155.61,      0.133,  111.43,   19.27, 144.54,      0.533,    0.00,     inf,    inf,     0.267,   51.85,   41.42, 155.31
            3,      0.414,   49.19,   65.49, 158.26,      0.207,  107.78,   29.89, 144.45,      0.828,    0.00,     inf,    inf,     0.414,   49.76,   64.74, 156.45
            4,      0.571,   48.04,   89.40, 156.45,      0.286,  104.00,   41.30, 144.54,      1.143,    0.00,     inf,    inf,     0.571,   48.11,   89.28, 156.24
            5,      0.741,   45.06,  119.16, 160.86,      0.370,  100.33,   53.51, 144.48,      1.481,    0.00,     inf,    inf,     0.741,   45.36,  118.35, 159.77
            6,      0.923,   43.44,  148.31, 160.67,      0.462,   96.36,   66.86, 144.86,      1.846,    0.00,     inf,    inf,     0.923,   43.65,  147.59, 159.88
            7,      1.120,   39.93,  188.25, 168.08,      0.560,   92.82,   80.98, 144.60,      2.240,    0.00,     inf,    inf,     1.120,   40.17,  187.11, 167.06
            8,      1.333,   38.60,  222.56, 166.92,      0.667,   88.66,   96.88, 145.32,      2.667,    0.00,     inf,    inf,     1.333,   39.10,  219.69, 164.77
            9,      1.565,   35.25,  274.14, 175.14,      0.783,   85.52,  113.00, 144.39,      3.130,    0.00,     inf,    inf,     1.565,   36.25,  266.55, 170.30
           10,      1.818,   34.39,  312.24, 171.73,      0.909,   81.09,  132.41, 145.65,      3.636,    0.00,     inf,    inf,     1.818,   35.02,  306.63, 168.65
           11,      2.095,   29.32,  402.80, 192.25,      1.048,   77.70,  152.01, 145.10,      4.190,    0.00,     inf,    inf,     2.095,   19.03,  620.69, 296.24
           12,      2.400,   28.71,  448.72, 186.97,      1.200,   73.51,  175.27, 146.06,      4.800,    0.00,     inf,    inf,     2.400,   20.23,  636.76, 265.32
           13,      2.737,   23.45,  595.24, 217.49,      1.368,   70.21,  198.81, 145.29,      5.474,    0.00,     inf,    inf,     2.737,   21.65,  644.75, 235.58
           14,      3.111,   22.43,  670.21, 215.42,      1.556,   66.06,  227.57, 146.30,      6.222,    0.00,     inf,    inf,     3.111,   23.08,  651.20, 209.32
           15,      3.529,   18.50,  870.77, 246.72,      1.765,   61.77,  260.72, 147.74,      7.059,    0.00,     inf,    inf,     3.529,   25.35,  635.37, 180.02
           16,      4.000,   28.04,  612.75, 153.19,      2.000,   59.51,  288.68, 144.34,      8.000,    0.00,     inf,    inf,     4.000,   26.55,  646.96, 161.74
           17,      4.533,   25.62,  712.49, 157.17,      2.267,   54.80,  333.09, 146.95,      9.067,    0.00,     inf,    inf,     4.533,   27.43,  665.52, 146.81
           18,      5.143,   24.34,  793.93, 154.38,      2.571,   51.93,  372.15, 144.73,     10.286,    0.00,     inf,    inf,     5.143,   29.68,  651.21, 126.62
           19,      5.846,   21.20,  962.13, 164.57,      2.923,   47.28,  431.53, 147.63,     11.692,    0.00,     inf,    inf,     5.846,   31.10,  655.90, 112.19
           20,      6.667,   19.69, 1090.48, 163.57,      3.333,   44.66,  480.85, 144.25,     13.333,    0.00,     inf,    inf,     6.667,   32.41,  662.66,  99.40
           21,      7.636,   17.06, 1321.99, 173.12,      3.818,   39.80,  566.53, 148.38,     15.273,    0.00,     inf,    inf,     7.636,   33.78,  667.51,  87.41
           22,      8.800,   17.71, 1334.13, 151.61,      4.400,   37.54,  629.29, 143.02,     17.600,    0.00,     inf,    inf,     8.800,   35.30,  669.19,  76.04
           23,     10.222,   14.66, 1684.17, 164.76,      5.111,   32.03,  770.95, 150.84,     20.444,    0.00,     inf,    inf,    10.222,   37.54,  657.83,  64.35
           24,     12.000,   14.35, 1795.78, 149.65,      6.000,   29.90,  861.80, 143.63,     24.000,    0.00,     inf,    inf,    12.000,   38.91,  662.35,  55.20
           25,     14.286,   11.75, 2285.43, 159.98,      7.143,   24.82, 1081.41, 151.40,     28.571,    0.00,     inf,    inf,    14.286,   38.95,  689.10,  48.24
           26,     17.333,   10.91, 2558.30, 147.59,      8.667,   22.63, 1233.39, 142.31,     34.667,    0.00,     inf,    inf,    17.333,   41.74,  668.89,  38.59
           27,     21.600,    9.35, 3100.89, 143.56,     10.800,   23.28, 1245.06, 115.28,     43.200,    0.00,     inf,    inf,    21.600,   42.37,  684.27,  31.68
           28,     28.000,    9.43, 3189.04, 113.89,     14.000,   23.55, 1276.80,  91.20,     56.000,    0.00,     inf,    inf,    28.000,   44.60,  674.13,  24.08
           29,     38.667,    9.92, 3137.61,  81.15,     19.333,   23.73, 1312.30,  67.88,     77.333,    0.00,     inf,    inf,    38.667,   45.05,  691.15,  17.87
           30,     60.000,    9.33, 3451.75,  57.53,     30.000,   23.85, 1350.82,  45.03,    120.000,    0.00,     inf,    inf,    60.000,   47.35,  680.31,  11.34
           31,    124.000,    9.64, 3451.19,  27.83,     62.000,   24.20, 1375.21,  22.18,    248.000,    0.00,     inf,    inf,   124.000,   48.46,  686.89,   5.54
           32,        inf,    9.42, 3645.62,   0.00,        inf,   24.70, 1390.84,   0.00,        inf,    0.00,     inf,   -nan,       inf,   49.08,  700.11,   0.00
--------------------------------------------------------------------------------------------------------------------------------------------------------------------
mixbench/alternating (v0.03-1-g3ace732)
------------------------ Device specifications ------------------------
Device:              Tesla K80
CUDA driver version: 10.10
GPU clock rate:      823 MHz
Memory clock rate:   1252 MHz
Memory bus width:    384 bits
WarpSize:            32
L2 cache size:       1536 KB
Total global mem:    11441 MB
ECC enabled:         Yes
Compute Capability:  3.7
Total SPs:           2496 (13 MPs x 192 SPs/MP)
Compute throughput:  4110.91 GFlops (theoretical single precision FMAs)
Memory bandwidth:    240.48 GB/sec
-----------------------------------------------------------------------
Total GPU memory 11996954624, free 11926437888
Buffer size:          64MB
Trade-off type:       compute with global memory (block strided)
Warning:              Half precision computations are not supported
----------------------------------------------------------------------------- CSV data -----------------------------------------------------------------------------
Experiment ID, Single Precision ops,,,,              Double precision ops,,,,              Half precision ops,,,,                Integer operations,,, 
Compute iters, Flops/byte, ex.time,  GFLOPS, GB/sec, Flops/byte, ex.time,  GFLOPS, GB/sec, Flops/byte, ex.time,  GFLOPS, GB/sec, Iops/byte, ex.time,   GIOPS, GB/sec
            0,      0.000,   56.17,    0.00, 152.92,      0.000,  119.20,    0.00, 144.12,      0.000,    0.00,    -nan,    inf,     0.000,   55.48,    0.00, 154.82
            1,      0.129,   53.69,   20.00, 154.99,      0.065,  115.25,    9.32, 144.41,      0.258,    0.00,     inf,    inf,     0.129,   53.20,   20.18, 156.41
            2,      0.267,   51.95,   41.34, 155.02,      0.133,  111.25,   19.30, 144.78,      0.533,    0.00,     inf,    inf,     0.267,   51.92,   41.36, 155.10
            3,      0.414,   49.13,   65.57, 158.45,      0.207,  107.96,   29.84, 144.22,      0.828,    0.00,     inf,    inf,     0.414,   49.53,   65.04, 157.17
            4,      0.571,   48.07,   89.35, 156.36,      0.286,  104.01,   41.29, 144.53,      1.143,    0.00,     inf,    inf,     0.571,   48.22,   89.07, 155.86
            5,      0.741,   44.98,  119.34, 161.12,      0.370,  100.17,   53.60, 144.71,      1.481,    0.00,     inf,    inf,     0.741,   45.56,  117.83, 159.08
            6,      0.923,   43.49,  148.13, 160.48,      0.462,   96.39,   66.84, 144.81,      1.846,    0.00,     inf,    inf,     0.923,   43.49,  148.14, 160.48
            7,      1.120,   39.86,  188.56, 168.36,      0.560,   92.87,   80.93, 144.53,      2.240,    0.00,     inf,    inf,     1.120,   40.20,  186.99, 166.95
            8,      1.333,   38.64,  222.30, 166.72,      0.667,   88.40,   97.17, 145.76,      2.667,    0.00,     inf,    inf,     1.333,   38.96,  220.50, 165.38
            9,      1.565,   35.22,  274.39, 175.31,      0.783,   85.44,  113.10, 144.52,      3.130,    0.00,     inf,    inf,     1.565,   36.21,  266.87, 170.50
           10,      1.818,   34.40,  312.11, 171.66,      0.909,   81.34,  132.00, 145.20,      3.636,    0.00,     inf,    inf,     1.818,   34.98,  306.98, 168.84
           11,      2.095,   29.29,  403.27, 192.47,      1.048,   77.72,  151.96, 145.06,      4.190,    0.00,     inf,    inf,     2.095,   19.04,  620.22, 296.02
           12,      2.400,   28.64,  449.88, 187.45,      1.200,   73.81,  174.57, 145.48,      4.800,    0.00,     inf,    inf,     2.400,   20.31,  634.31, 264.29
           13,      2.737,   23.58,  592.08, 216.34,      1.368,   70.00,  199.42, 145.73,      5.474,    0.00,     inf,    inf,     2.737,   21.87,  638.35, 233.24
           14,      3.111,   22.38,  671.79, 215.93,      1.556,   66.33,  226.63, 145.69,      6.222,    0.00,     inf,    inf,     3.111,   23.11,  650.42, 209.06
           15,      3.529,   18.49,  871.00, 246.78,      1.765,   61.72,  260.94, 147.87,      7.059,    0.00,     inf,    inf,     3.529,   25.05,  643.07, 182.20
           16,      4.000,   28.09,  611.54, 152.89,      2.000,   59.48,  288.82, 144.41,      8.000,    0.00,     inf,    inf,     4.000,   26.58,  646.46, 161.61
           17,      4.533,   25.57,  713.85, 157.47,      2.267,   54.24,  336.55, 148.48,      9.067,    0.00,     inf,    inf,     4.533,   27.58,  661.87, 146.00
           18,      5.143,   24.28,  796.16, 154.81,      2.571,   52.16,  370.51, 144.09,     10.286,    0.00,     inf,    inf,     5.143,   29.54,  654.21, 127.21
           19,      5.846,   21.19,  962.68, 164.67,      2.923,   47.06,  433.48, 148.29,     11.692,    0.00,     inf,    inf,     5.846,   31.10,  655.97, 112.21
           20,      6.667,   19.78, 1085.82, 162.87,      3.333,   44.50,  482.53, 144.76,     13.333,    0.00,     inf,    inf,     6.667,   32.42,  662.31,  99.35
           21,      7.636,   17.17, 1313.10, 171.95,      3.818,   39.90,  565.18, 148.02,     15.273,    0.00,     inf,    inf,     7.636,   33.81,  666.84,  87.32
           22,      8.800,   17.70, 1334.51, 151.65,      4.400,   37.47,  630.45, 143.28,     17.600,    0.00,     inf,    inf,     8.800,   35.30,  669.10,  76.03
           23,     10.222,   14.62, 1689.20, 165.25,      5.111,   32.08,  769.87, 150.63,     20.444,    0.00,     inf,    inf,    10.222,   37.47,  659.09,  64.48
           24,     12.000,   14.35, 1795.51, 149.63,      6.000,   30.05,  857.50, 142.92,     24.000,    0.00,     inf,    inf,    12.000,   38.92,  662.19,  55.18
           25,     14.286,   11.58, 2318.27, 162.28,      7.143,   24.87, 1079.26, 151.10,     28.571,    0.00,     inf,    inf,    14.286,   38.96,  688.99,  48.23
           26,     17.333,   10.90, 2561.61, 147.79,      8.667,   22.49, 1241.21, 143.22,     34.667,    0.00,     inf,    inf,    17.333,   41.73,  668.94,  38.59
           27,     21.600,    9.33, 3106.00, 143.80,     10.800,   23.27, 1245.99, 115.37,     43.200,    0.00,     inf,    inf,    21.600,   42.37,  684.16,  31.67
           28,     28.000,    9.43, 3188.78, 113.89,     14.000,   23.56, 1275.92,  91.14,     56.000,    0.00,     inf,    inf,    28.000,   44.61,  673.96,  24.07
           29,     38.667,   10.02, 3106.59,  80.34,     19.333,   23.75, 1310.89,  67.80,     77.333,    0.00,     inf,    inf,    38.667,   45.06,  691.10,  17.87
           30,     60.000,    9.33, 3452.91,  57.55,     30.000,   23.86, 1349.80,  44.99,    120.000,    0.00,     inf,    inf,    60.000,   47.37,  679.96,  11.33
           31,    124.000,    9.66, 3446.60,  27.80,     62.000,   24.49, 1359.36,  21.93,    248.000,    0.00,     inf,    inf,   124.000,   48.11,  691.86,   5.58
           32,        inf,    9.44, 3640.06,   0.00,        inf,   24.69, 1391.48,   0.00,        inf,    0.00,     inf,   -nan,       inf,   49.40,  695.50,   0.00
--------------------------------------------------------------------------------------------------------------------------------------------------------------------
mixbench/alternating (v0.03-1-g3ace732)
------------------------ Device specifications ------------------------
Device:              Tesla K80
CUDA driver version: 10.10
GPU clock rate:      823 MHz
Memory clock rate:   1252 MHz
Memory bus width:    384 bits
WarpSize:            32
L2 cache size:       1536 KB
Total global mem:    11441 MB
ECC enabled:         Yes
Compute Capability:  3.7
Total SPs:           2496 (13 MPs x 192 SPs/MP)
Compute throughput:  4110.91 GFlops (theoretical single precision FMAs)
Memory bandwidth:    240.48 GB/sec
-----------------------------------------------------------------------
Total GPU memory 11996954624, free 11926437888
Buffer size:          64MB
Trade-off type:       compute with global memory (block strided)
Warning:              Half precision computations are not supported
----------------------------------------------------------------------------- CSV data -----------------------------------------------------------------------------
Experiment ID, Single Precision ops,,,,              Double precision ops,,,,              Half precision ops,,,,                Integer operations,,, 
Compute iters, Flops/byte, ex.time,  GFLOPS, GB/sec, Flops/byte, ex.time,  GFLOPS, GB/sec, Flops/byte, ex.time,  GFLOPS, GB/sec, Iops/byte, ex.time,   GIOPS, GB/sec
            0,      0.000,   56.16,    0.00, 152.96,      0.000,  119.04,    0.00, 144.33,      0.000,    0.00,    -nan,    inf,     0.000,   55.41,    0.00, 155.03
            1,      0.129,   53.16,   20.20, 156.52,      0.065,  115.32,    9.31, 144.32,      0.258,    0.00,     inf,    inf,     0.129,   53.42,   20.10, 155.77
            2,      0.267,   51.83,   41.43, 155.36,      0.133,  111.40,   19.28, 144.58,      0.533,    0.00,     inf,    inf,     0.267,   52.06,   41.25, 154.70
            3,      0.414,   49.23,   65.43, 158.13,      0.207,  107.71,   29.91, 144.54,      0.828,    0.00,     inf,    inf,     0.414,   49.73,   64.78, 156.54
            4,      0.571,   47.98,   89.52, 156.66,      0.286,  104.00,   41.30, 144.54,      1.143,    0.00,     inf,    inf,     0.571,   48.32,   88.89, 155.56
            5,      0.741,   44.97,  119.39, 161.18,      0.370,  100.03,   53.67, 144.91,      1.481,    0.00,     inf,    inf,     0.741,   45.48,  118.06, 159.38
            6,      0.923,   43.46,  148.25, 160.60,      0.462,   96.25,   66.93, 145.02,      1.846,    0.00,     inf,    inf,     0.923,   43.67,  147.52, 159.81
            7,      1.120,   39.86,  188.58, 168.37,      0.560,   92.84,   80.96, 144.58,      2.240,    0.00,     inf,    inf,     1.120,   40.25,  186.74, 166.73
            8,      1.333,   38.66,  222.18, 166.64,      0.667,   88.57,   96.98, 145.47,      2.667,    0.00,     inf,    inf,     1.333,   39.05,  220.00, 165.00
            9,      1.565,   35.17,  274.76, 175.54,      0.783,   85.50,  113.03, 144.42,      3.130,    0.00,     inf,    inf,     1.565,   36.14,  267.37, 170.82
           10,      1.818,   34.31,  312.95, 172.12,      0.909,   81.50,  131.74, 144.92,      3.636,    0.00,     inf,    inf,     1.818,   34.93,  307.35, 169.04
           11,      2.095,   29.14,  405.33, 193.45,      1.048,   77.61,  152.18, 145.27,      4.190,    0.00,     inf,    inf,     2.095,   19.06,  619.83, 295.83
           12,      2.400,   28.68,  449.30, 187.21,      1.200,   73.53,  175.24, 146.04,      4.800,    0.00,     inf,    inf,     2.400,   20.45,  629.95, 262.48
           13,      2.737,   23.48,  594.46, 217.21,      1.368,   69.87,  199.79, 146.00,      5.474,    0.00,     inf,    inf,     2.737,   21.87,  638.40, 233.26
           14,      3.111,   22.34,  672.96, 216.31,      1.556,   65.73,  228.69, 147.01,      6.222,    0.00,     inf,    inf,     3.111,   23.21,  647.71, 208.19
           15,      3.529,   18.48,  871.67, 246.97,      1.765,   61.81,  260.56, 147.65,      7.059,    0.00,     inf,    inf,     3.529,   25.09,  641.89, 181.87
           16,      4.000,   28.13,  610.77, 152.69,      2.000,   59.47,  288.89, 144.45,      8.000,    0.00,     inf,    inf,     4.000,   26.51,  648.16, 162.04
           17,      4.533,   25.54,  714.80, 157.68,      2.267,   54.69,  333.75, 147.24,      9.067,    0.00,     inf,    inf,     4.533,   27.45,  664.91, 146.67
           18,      5.143,   24.27,  796.26, 154.83,      2.571,   52.16,  370.51, 144.09,     10.286,    0.00,     inf,    inf,     5.143,   29.55,  654.01, 127.17
           19,      5.846,   21.14,  965.02, 165.07,      2.923,   47.15,  432.69, 148.02,     11.692,    0.00,     inf,    inf,     5.846,   31.11,  655.73, 112.16
           20,      6.667,   19.62, 1094.28, 164.14,      3.333,   44.55,  482.01, 144.60,     13.333,    0.00,     inf,    inf,     6.667,   32.42,  662.33,  99.35
           21,      7.636,   17.08, 1320.25, 172.89,      3.818,   39.51,  570.74, 149.48,     15.273,    0.00,     inf,    inf,     7.636,   33.76,  667.93,  87.47
           22,      8.800,   17.70, 1334.79, 151.68,      4.400,   37.55,  629.08, 142.97,     17.600,    0.00,     inf,    inf,     8.800,   35.30,  669.26,  76.05
           23,     10.222,   14.65, 1686.00, 164.93,      5.111,   32.29,  764.86, 149.65,     20.444,    0.00,     inf,    inf,    10.222,   37.48,  658.83,  64.45
           24,     12.000,   14.40, 1790.04, 149.17,      6.000,   29.99,  859.37, 143.23,     24.000,    0.00,     inf,    inf,    12.000,   38.93,  661.99,  55.17
           25,     14.286,   11.55, 2323.36, 162.64,      7.143,   24.63, 1089.78, 152.57,     28.571,    0.00,     inf,    inf,    14.286,   38.96,  689.01,  48.23
           26,     17.333,   10.90, 2560.23, 147.71,      8.667,   22.51, 1240.41, 143.12,     34.667,    0.00,     inf,    inf,    17.333,   41.74,  668.81,  38.59
           27,     21.600,    9.31, 3115.12, 144.22,     10.800,   23.40, 1238.85, 114.71,     43.200,    0.00,     inf,    inf,    21.600,   42.38,  684.14,  31.67
           28,     28.000,    9.43, 3186.94, 113.82,     14.000,   23.76, 1265.39,  90.38,     56.000,    0.00,     inf,    inf,    28.000,   45.08,  666.95,  23.82
           29,     38.667,   10.01, 3109.99,  80.43,     19.333,   23.76, 1310.43,  67.78,     77.333,    0.00,     inf,    inf,    38.667,   45.06,  691.12,  17.87
           30,     60.000,    9.35, 3446.57,  57.44,     30.000,   23.87, 1349.28,  44.98,    120.000,    0.00,     inf,    inf,    60.000,   47.36,  680.17,  11.34
           31,    124.000,    9.66, 3446.92,  27.80,     62.000,   24.23, 1374.00,  22.16,    248.000,    0.00,     inf,    inf,   124.000,   48.11,  691.82,   5.58
           32,        inf,    9.43, 3644.71,   0.00,        inf,   24.71, 1390.74,   0.00,        inf,    0.00,     inf,   -nan,       inf,   49.51,  694.06,   0.00
--------------------------------------------------------------------------------------------------------------------------------------------------------------------
mixbench/alternating (v0.03-1-g3ace732)
------------------------ Device specifications ------------------------
Device:              Tesla K80
CUDA driver version: 10.10
GPU clock rate:      823 MHz
Memory clock rate:   1252 MHz
Memory bus width:    384 bits
WarpSize:            32
L2 cache size:       1536 KB
Total global mem:    11441 MB
ECC enabled:         Yes
Compute Capability:  3.7
Total SPs:           2496 (13 MPs x 192 SPs/MP)
Compute throughput:  4110.91 GFlops (theoretical single precision FMAs)
Memory bandwidth:    240.48 GB/sec
-----------------------------------------------------------------------
Total GPU memory 11996954624, free 11926437888
Buffer size:          64MB
Trade-off type:       compute with global memory (block strided)
Warning:              Half precision computations are not supported
----------------------------------------------------------------------------- CSV data -----------------------------------------------------------------------------
Experiment ID, Single Precision ops,,,,              Double precision ops,,,,              Half precision ops,,,,                Integer operations,,, 
Compute iters, Flops/byte, ex.time,  GFLOPS, GB/sec, Flops/byte, ex.time,  GFLOPS, GB/sec, Flops/byte, ex.time,  GFLOPS, GB/sec, Iops/byte, ex.time,   GIOPS, GB/sec
            0,      0.000,   56.27,    0.00, 152.65,      0.000,  118.78,    0.00, 144.63,      0.000,    0.00,    -nan,    inf,     0.000,   55.57,    0.00, 154.58
            1,      0.129,   53.40,   20.11, 155.84,      0.065,  115.35,    9.31, 144.29,      0.258,    0.00,     inf,    inf,     0.129,   53.56,   20.05, 155.38
            2,      0.267,   51.98,   41.32, 154.94,      0.133,  111.49,   19.26, 144.46,      0.533,    0.00,     inf,    inf,     0.267,   51.97,   41.32, 154.96
            3,      0.414,   49.24,   65.43, 158.11,      0.207,  107.75,   29.90, 144.49,      0.828,    0.00,     inf,    inf,     0.414,   49.50,   65.08, 157.27
            4,      0.571,   48.15,   89.19, 156.08,      0.286,  103.50,   41.50, 145.23,      1.143,    0.00,     inf,    inf,     0.571,   48.16,   89.18, 156.06
            5,      0.741,   44.89,  119.60, 161.46,      0.370,  100.39,   53.48, 144.40,      1.481,    0.00,     inf,    inf,     0.741,   45.40,  118.27, 159.66
            6,      0.923,   43.32,  148.72, 161.11,      0.462,   96.15,   67.00, 145.17,      1.846,    0.00,     inf,    inf,     0.923,   43.83,  146.99, 159.24
            7,      1.120,   39.81,  188.78, 168.55,      0.560,   92.70,   81.08, 144.79,      2.240,    0.00,     inf,    inf,     1.120,   40.15,  187.23, 167.17
            8,      1.333,   38.63,  222.37, 166.78,      0.667,   88.17,   97.43, 146.14,      2.667,    0.00,     inf,    inf,     1.333,   39.00,  220.28, 165.21
            9,      1.565,   35.21,  274.48, 175.36,      0.783,   85.41,  113.14, 144.57,      3.130,    0.00,     inf,    inf,     1.565,   36.26,  266.52, 170.28
           10,      1.818,   34.37,  312.38, 171.81,      0.909,   81.04,  132.49, 145.74,      3.636,    0.00,     inf,    inf,     1.818,   35.00,  306.81, 168.75
           11,      2.095,   29.25,  403.75, 192.70,      1.048,   77.58,  152.25, 145.33,      4.190,    0.00,     inf,    inf,     2.095,   19.15,  616.77, 294.37
           12,      2.400,   28.66,  449.65, 187.36,      1.200,   73.42,  175.49, 146.24,      4.800,    0.00,     inf,    inf,     2.400,   20.24,  636.59, 265.25
           13,      2.737,   23.47,  594.71, 217.30,      1.368,   69.91,  199.67, 145.92,      5.474,    0.00,     inf,    inf,     2.737,   21.63,  645.37, 235.81
           14,      3.111,   22.39,  671.30, 215.78,      1.556,   66.42,  226.33, 145.50,      6.222,    0.00,     inf,    inf,     3.111,   23.21,  647.69, 208.19
           15,      3.529,   18.48,  871.52, 246.93,      1.765,   61.97,  259.91, 147.28,      7.059,    0.00,     inf,    inf,     3.529,   25.10,  641.62, 181.79
           16,      4.000,   27.96,  614.48, 153.62,      2.000,   59.46,  288.95, 144.48,      8.000,    0.00,     inf,    inf,     4.000,   26.58,  646.23, 161.56
           17,      4.533,   25.58,  713.53, 157.40,      2.267,   54.57,  334.51, 147.58,      9.067,    0.00,     inf,    inf,     4.533,   27.78,  657.07, 144.94
           18,      5.143,   24.33,  794.42, 154.47,      2.571,   52.00,  371.69, 144.55,     10.286,    0.00,     inf,    inf,     5.143,   29.56,  653.79, 127.13
           19,      5.846,   21.22,  961.31, 164.43,      2.923,   47.24,  431.88, 147.75,     11.692,    0.00,     inf,    inf,     5.846,   31.10,  655.99, 112.21
           20,      6.667,   19.57, 1097.07, 164.56,      3.333,   44.68,  480.66, 144.20,     13.333,    0.00,     inf,    inf,     6.667,   32.42,  662.32,  99.35
           21,      7.636,   17.13, 1316.11, 172.35,      3.818,   39.58,  569.65, 149.20,     15.273,    0.00,     inf,    inf,     7.636,   33.81,  666.84,  87.32
           22,      8.800,   17.69, 1335.06, 151.71,      4.400,   37.54,  629.23, 143.01,     17.600,    0.00,     inf,    inf,     8.800,   35.32,  668.81,  76.00
           23,     10.222,   14.63, 1688.20, 165.15,      5.111,   32.01,  771.45, 150.94,     20.444,    0.00,     inf,    inf,    10.222,   37.51,  658.43,  64.41
           24,     12.000,   14.35, 1795.77, 149.65,      6.000,   29.97,  859.80, 143.30,     24.000,    0.00,     inf,    inf,    12.000,   38.96,  661.43,  55.12
           25,     14.286,   11.58, 2318.55, 162.30,      7.143,   24.43, 1098.86, 153.84,     28.571,    0.00,     inf,    inf,    14.286,   38.98,  688.71,  48.21
           26,     17.333,   10.93, 2555.07, 147.41,      8.667,   22.75, 1227.17, 141.60,     34.667,    0.00,     inf,    inf,    17.333,   41.78,  668.22,  38.55
           27,     21.600,    9.38, 3089.85, 143.05,     10.800,   23.32, 1242.94, 115.09,     43.200,    0.00,     inf,    inf,    21.600,   43.35,  668.73,  30.96
           28,     28.000,    9.59, 3134.78, 111.96,     14.000,   24.14, 1245.27,  88.95,     56.000,    0.00,     inf,    inf,    28.000,   45.85,  655.67,  23.42
           29,     38.667,   10.18, 3059.99,  79.14,     19.333,   23.79, 1308.86,  67.70,     77.333,    0.00,     inf,    inf,    38.667,   45.06,  691.01,  17.87
           30,     60.000,    9.36, 3441.43,  57.36,     30.000,   23.90, 1347.65,  44.92,    120.000,    0.00,     inf,    inf,    60.000,   47.36,  680.17,  11.34
           31,    124.000,    9.65, 3449.56,  27.82,     62.000,   24.24, 1373.19,  22.15,    248.000,    0.00,     inf,    inf,   124.000,   48.11,  691.80,   5.58
           32,        inf,    9.42, 3645.65,   0.00,        inf,   24.71, 1390.70,   0.00,        inf,    0.00,     inf,   -nan,       inf,   49.52,  693.87,   0.00
--------------------------------------------------------------------------------------------------------------------------------------------------------------------
mixbench/alternating (v0.03-1-g3ace732)
------------------------ Device specifications ------------------------
Device:              Tesla K80
CUDA driver version: 10.10
GPU clock rate:      823 MHz
Memory clock rate:   1252 MHz
Memory bus width:    384 bits
WarpSize:            32
L2 cache size:       1536 KB
Total global mem:    11441 MB
ECC enabled:         Yes
Compute Capability:  3.7
Total SPs:           2496 (13 MPs x 192 SPs/MP)
Compute throughput:  4110.91 GFlops (theoretical single precision FMAs)
Memory bandwidth:    240.48 GB/sec
-----------------------------------------------------------------------
Total GPU memory 11996954624, free 11926437888
Buffer size:          64MB
Trade-off type:       compute with global memory (block strided)
Warning:              Half precision computations are not supported
----------------------------------------------------------------------------- CSV data -----------------------------------------------------------------------------
Experiment ID, Single Precision ops,,,,              Double precision ops,,,,              Half precision ops,,,,                Integer operations,,, 
Compute iters, Flops/byte, ex.time,  GFLOPS, GB/sec, Flops/byte, ex.time,  GFLOPS, GB/sec, Flops/byte, ex.time,  GFLOPS, GB/sec, Iops/byte, ex.time,   GIOPS, GB/sec
            0,      0.000,   57.07,    0.00, 150.51,      0.000,  118.91,    0.00, 144.48,      0.000,    0.00,    -nan,    inf,     0.000,   55.34,    0.00, 155.21
            1,      0.129,   53.64,   20.02, 155.14,      0.065,  115.12,    9.33, 144.57,      0.258,    0.00,     inf,    inf,     0.129,   53.66,   20.01, 155.07
            2,      0.267,   51.84,   41.43, 155.36,      0.133,  111.45,   19.27, 144.52,      0.533,    0.00,     inf,    inf,     0.267,   52.02,   41.28, 154.79
            3,      0.414,   49.42,   65.18, 157.53,      0.207,  107.69,   29.91, 144.57,      0.828,    0.00,     inf,    inf,     0.414,   49.38,   65.24, 157.66
            4,      0.571,   48.17,   89.16, 156.03,      0.286,  103.74,   41.40, 144.90,      1.143,    0.00,     inf,    inf,     0.571,   48.29,   88.93, 155.63
            5,      0.741,   45.01,  119.27, 161.01,      0.370,   99.73,   53.83, 145.35,      1.481,    0.00,     inf,    inf,     0.741,   45.19,  118.79, 160.37
            6,      0.923,   43.42,  148.38, 160.74,      0.462,   96.01,   67.10, 145.39,      1.846,    0.00,     inf,    inf,     0.923,   43.65,  147.60, 159.90
            7,      1.120,   39.81,  188.82, 168.59,      0.560,   92.76,   81.02, 144.69,      2.240,    0.00,     inf,    inf,     1.120,   40.20,  186.97, 166.93
            8,      1.333,   38.64,  222.30, 166.73,      0.667,   88.88,   96.64, 144.96,      2.667,    0.00,     inf,    inf,     1.333,   39.03,  220.11, 165.08
            9,      1.565,   35.27,  274.00, 175.05,      0.783,   85.49,  113.03, 144.43,      3.130,    0.00,     inf,    inf,     1.565,   36.20,  266.97, 170.57
           10,      1.818,   34.37,  312.39, 171.82,      0.909,   81.37,  131.96, 145.16,      3.636,    0.00,     inf,    inf,     1.818,   34.87,  307.91, 169.35
           11,      2.095,   29.24,  403.96, 192.80,      1.048,   78.25,  150.94, 144.08,      4.190,    0.00,     inf,    inf,     2.095,   19.14,  617.25, 294.60
           12,      2.400,   28.58,  450.82, 187.84,      1.200,   73.96,  174.21, 145.18,      4.800,    0.00,     inf,    inf,     2.400,   20.24,  636.72, 265.30
           13,      2.737,   23.49,  594.19, 217.11,      1.368,   69.87,  199.79, 146.00,      5.474,    0.00,     inf,    inf,     2.737,   21.68,  643.75, 235.22
           14,      3.111,   22.27,  674.91, 216.94,      1.556,   66.16,  227.22, 146.07,      6.222,    0.00,     inf,    inf,     3.111,   23.10,  650.65, 209.14
           15,      3.529,   18.50,  870.73, 246.71,      1.765,   61.57,  261.58, 148.23,      7.059,    0.00,     inf,    inf,     3.529,   25.04,  643.10, 182.21
           16,      4.000,   28.07,  612.02, 153.00,      2.000,   59.56,  288.44, 144.22,      8.000,    0.00,     inf,    inf,     4.000,   26.56,  646.73, 161.68
           17,      4.533,   25.55,  714.48, 157.61,      2.267,   54.65,  334.01, 147.36,      9.067,    0.00,     inf,    inf,     4.533,   27.45,  665.07, 146.71
           18,      5.143,   24.15,  800.32, 155.62,      2.571,   52.11,  370.87, 144.23,     10.286,    0.00,     inf,    inf,     5.143,   29.56,  653.85, 127.14
           19,      5.846,   21.21,  962.05, 164.56,      2.923,   47.19,  432.29, 147.89,     11.692,    0.00,     inf,    inf,     5.846,   31.10,  655.90, 112.19
           20,      6.667,   19.64, 1093.24, 163.99,      3.333,   44.72,  480.22, 144.07,     13.333,    0.00,     inf,    inf,     6.667,   32.44,  662.06,  99.31
           21,      7.636,   17.06, 1321.82, 173.10,      3.818,   39.74,  567.42, 148.61,     15.273,    0.00,     inf,    inf,     7.636,   33.82,  666.76,  87.31
           22,      8.800,   17.74, 1331.80, 151.34,      4.400,   37.33,  632.85, 143.83,     17.600,    0.00,     inf,    inf,     8.800,   35.32,  668.82,  76.00
           23,     10.222,   14.62, 1688.95, 165.22,      5.111,   32.19,  767.13, 150.09,     20.444,    0.00,     inf,    inf,    10.222,   38.10,  648.24,  63.41
           24,     12.000,   14.32, 1799.72, 149.98,      6.000,   29.95,  860.46, 143.41,     24.000,    0.00,     inf,    inf,    12.000,   39.98,  644.52,  53.71
           25,     14.286,   11.56, 2322.29, 162.56,      7.143,   24.60, 1091.05, 152.75,     28.571,    0.00,     inf,    inf,    14.286,   39.90,  672.76,  47.09
           26,     17.333,   11.00, 2537.68, 146.40,      8.667,   23.13, 1207.14, 139.29,     34.667,    0.00,     inf,    inf,    17.333,   42.74,  653.18,  37.68
           27,     21.600,    9.37, 3093.63, 143.22,     10.800,   23.42, 1238.05, 114.63,     43.200,    0.00,     inf,    inf,    21.600,   42.38,  684.11,  31.67
           28,     28.000,    9.38, 3205.46, 114.48,     14.000,   23.61, 1273.17,  90.94,     56.000,    0.00,     inf,    inf,    28.000,   44.62,  673.76,  24.06
           29,     38.667,   10.03, 3104.11,  80.28,     19.333,   23.79, 1309.12,  67.71,     77.333,    0.00,     inf,    inf,    38.667,   45.06,  691.10,  17.87
           30,     60.000,    9.28, 3469.45,  57.82,     30.000,   23.81, 1353.00,  45.10,    120.000,    0.00,     inf,    inf,    60.000,   47.36,  680.18,  11.34
           31,    124.000,    9.65, 3448.13,  27.81,     62.000,   24.24, 1373.39,  22.15,    248.000,    0.00,     inf,    inf,   124.000,   48.11,  691.81,   5.58
           32,        inf,    9.42, 3646.51,   0.00,        inf,   24.70, 1391.30,   0.00,        inf,    0.00,     inf,   -nan,       inf,   49.55,  693.43,   0.00
--------------------------------------------------------------------------------------------------------------------------------------------------------------------
