mixbench/read-only (v0.03-1-g3ace732)
------------------------ Device specifications ------------------------
Device:              Tesla K80
CUDA driver version: 10.10
GPU clock rate:      823 MHz
Memory clock rate:   1252 MHz
Memory bus width:    384 bits
WarpSize:            32
L2 cache size:       1536 KB
Total global mem:    11441 MB
ECC enabled:         Yes
Compute Capability:  3.7
Total SPs:           2496 (13 MPs x 192 SPs/MP)
Compute throughput:  4110.91 GFlops (theoretical single precision FMAs)
Memory bandwidth:    240.48 GB/sec
-----------------------------------------------------------------------
Total GPU memory 11996954624, free 11926437888
Buffer size:          256MB
Trade-off type:       compute with global memory (block strided)
Elements per thread:  8
Thread fusion degree: 4
Warning:              Half precision computations are not supported
----------------------------------------------------------------------------- CSV data -----------------------------------------------------------------------------
Experiment ID, Single Precision ops,,,,              Double precision ops,,,,              Half precision ops,,,,                Integer operations,,, 
Compute iters, Flops/byte, ex.time,  GFLOPS, GB/sec, Flops/byte, ex.time,  GFLOPS, GB/sec, Flops/byte, ex.time,  GFLOPS, GB/sec, Iops/byte, ex.time,   GIOPS, GB/sec
            0,      0.250,    0.82,   41.16, 164.62,      0.125,    1.67,   20.14, 161.16,      0.500,    0.00,     inf,    inf,     0.250,    0.82,   41.17, 164.68
            1,      0.750,    0.82,  123.20, 164.27,      0.375,    1.66,   60.47, 161.25,      1.500,    0.00,     inf,    inf,     0.750,    0.81,  123.63, 164.84
            2,      1.250,    0.81,  206.02, 164.82,      0.625,    1.67,  100.57, 160.92,      2.500,    0.00,     inf,    inf,     1.250,    0.81,  206.00, 164.80
            3,      1.750,    0.81,  288.59, 164.91,      0.875,    1.66,  141.12, 161.29,      3.500,    0.00,     inf,    inf,     1.750,    0.82,  287.21, 164.12
            4,      2.250,    0.81,  371.10, 164.94,      1.125,    1.67,  181.32, 161.18,      4.500,    0.00,     inf,    inf,     2.250,    0.82,  368.15, 163.62
            5,      2.750,    0.81,  454.38, 165.23,      1.375,    1.66,  221.71, 161.24,      5.500,    0.00,     inf,    inf,     2.750,    0.83,  445.65, 162.05
            6,      3.250,    0.81,  536.55, 165.09,      1.625,    1.66,  262.33, 161.43,      6.500,    0.00,     inf,    inf,     3.250,    0.84,  522.06, 160.63
            7,      3.750,    0.82,  617.22, 164.59,      1.875,    1.66,  302.60, 161.38,      7.500,    0.00,     inf,    inf,     3.750,    0.88,  570.50, 152.13
            8,      4.250,    0.81,  701.09, 164.96,      2.125,    1.66,  342.61, 161.23,      8.500,    0.00,     inf,    inf,     4.250,    1.11,  514.50, 121.06
            9,      4.750,    0.81,  782.43, 164.72,      2.375,    1.66,  383.63, 161.53,      9.500,    0.00,     inf,    inf,     4.750,    1.00,  634.55, 133.59
           10,      5.250,    0.82,  863.94, 164.56,      2.625,    1.66,  423.81, 161.45,     10.500,    0.00,     inf,    inf,     5.250,    1.09,  645.28, 122.91
           11,      5.750,    0.82,  945.77, 164.48,      2.875,    1.66,  464.68, 161.63,     11.500,    0.00,     inf,    inf,     5.750,    1.19,  648.16, 112.72
           12,      6.250,    0.81, 1030.64, 164.90,      3.125,    1.66,  504.50, 161.44,     12.500,    0.00,     inf,    inf,     6.250,    1.46,  572.79,  91.65
           13,      6.750,    0.81, 1114.58, 165.12,      3.375,    1.66,  544.83, 161.43,     13.500,    0.00,     inf,    inf,     6.750,    1.38,  656.55,  97.27
           14,      7.250,    0.81, 1195.45, 164.89,      3.625,    1.66,  584.86, 161.34,     14.500,    0.00,     inf,    inf,     7.250,    1.47,  662.86,  91.43
           15,      7.750,    0.82, 1274.29, 164.42,      3.875,    1.66,  624.84, 161.25,     15.500,    0.00,     inf,    inf,     7.750,    1.56,  668.23,  86.22
           16,      8.250,    0.81, 1359.97, 164.84,      4.125,    1.67,  664.37, 161.06,     16.500,    0.00,     inf,    inf,     8.250,    1.85,  598.76,  72.58
           17,      8.750,    0.82, 1434.95, 163.99,      4.375,    1.67,  703.51, 160.80,     17.500,    0.00,     inf,    inf,     8.750,    1.75,  671.02,  76.69
           18,      9.250,    0.82, 1521.11, 164.44,      4.625,    1.67,  742.89, 160.62,     18.500,    0.00,     inf,    inf,     9.250,    1.84,  674.99,  72.97
           20,     10.250,    0.82, 1687.53, 164.64,      5.125,    1.67,  821.42, 160.28,     20.500,    0.00,     inf,    inf,    10.250,    2.22,  618.34,  60.33
           22,     11.250,    0.82, 1837.53, 163.34,      5.625,    1.68,  900.91, 160.16,     22.500,    0.00,     inf,    inf,    11.250,    2.20,  685.25,  60.91
           24,     12.250,    0.83, 1986.02, 162.12,      6.125,    1.68,  975.81, 159.32,     24.500,    0.00,     inf,    inf,    12.250,    2.60,  631.23,  51.53
           28,     14.250,    0.83, 2303.76, 161.67,      7.125,    1.73, 1102.58, 154.75,     28.500,    0.00,     inf,    inf,    14.250,    2.99,  639.98,  44.91
           32,     16.250,    0.84, 2590.95, 159.44,      8.125,    1.81, 1207.20, 148.58,     32.500,    0.00,     inf,    inf,    16.250,    3.37,  646.27,  39.77
           40,     20.250,    0.93, 2924.44, 144.42,     10.125,    2.08, 1305.14, 128.90,     40.500,    0.00,     inf,    inf,    20.250,    4.13,  658.44,  32.52
           48,     24.250,    1.03, 3167.02, 130.60,     12.125,    2.45, 1326.53, 109.40,     48.500,    0.00,     inf,    inf,    24.250,    4.89,  664.96,  27.42
           56,     28.250,    1.18, 3210.30, 113.64,     14.125,    2.84, 1335.30,  94.53,     56.500,    0.00,     inf,    inf,    28.250,    5.66,  670.48,  23.73
           64,     32.250,    1.33, 3256.13, 100.97,     16.125,    3.22, 1344.38,  83.37,     64.500,    0.00,     inf,    inf,    32.250,    6.41,  675.79,  20.95
           80,     40.250,    1.63, 3307.03,  82.16,     20.125,    3.98, 1357.63,  67.46,     80.500,    0.00,     inf,    inf,    40.250,    7.94,  680.67,  16.91
           96,     48.250,    1.93, 3347.87,  69.39,     24.125,    4.74, 1365.75,  56.61,     96.500,    0.00,     inf,    inf,    48.250,    9.45,  684.94,  14.20
          128,     64.250,    2.53, 3408.82,  53.06,     32.125,    6.25, 1379.75,  42.95,    128.500,    0.00,     inf,    inf,    64.250,   12.52,  688.56,  10.72
          192,     96.250,    3.89, 3320.00,  34.49,     48.125,    9.32, 1386.36,  28.81,    192.500,    0.00,     inf,    inf,    96.250,   18.56,  696.06,   7.23
          256,    128.250,    6.38, 2696.18,  21.02,     64.125,   12.70, 1355.24,  21.13,    256.500,    0.00,     inf,    inf,   128.250,   24.72,  696.28,   5.43
--------------------------------------------------------------------------------------------------------------------------------------------------------------------
mixbench/read-only (v0.03-1-g3ace732)
------------------------ Device specifications ------------------------
Device:              Tesla K80
CUDA driver version: 10.10
GPU clock rate:      823 MHz
Memory clock rate:   1252 MHz
Memory bus width:    384 bits
WarpSize:            32
L2 cache size:       1536 KB
Total global mem:    11441 MB
ECC enabled:         Yes
Compute Capability:  3.7
Total SPs:           2496 (13 MPs x 192 SPs/MP)
Compute throughput:  4110.91 GFlops (theoretical single precision FMAs)
Memory bandwidth:    240.48 GB/sec
-----------------------------------------------------------------------
Total GPU memory 11996954624, free 11926437888
Buffer size:          256MB
Trade-off type:       compute with global memory (block strided)
Elements per thread:  8
Thread fusion degree: 4
Warning:              Half precision computations are not supported
----------------------------------------------------------------------------- CSV data -----------------------------------------------------------------------------
Experiment ID, Single Precision ops,,,,              Double precision ops,,,,              Half precision ops,,,,                Integer operations,,, 
Compute iters, Flops/byte, ex.time,  GFLOPS, GB/sec, Flops/byte, ex.time,  GFLOPS, GB/sec, Flops/byte, ex.time,  GFLOPS, GB/sec, Iops/byte, ex.time,   GIOPS, GB/sec
            0,      0.250,    0.82,   41.14, 164.54,      0.125,    1.66,   20.16, 161.27,      0.500,    0.00,     inf,    inf,     0.250,    0.82,   41.06, 164.22
            1,      0.750,    0.81,  123.87, 165.16,      0.375,    1.66,   60.47, 161.27,      1.500,    0.00,     inf,    inf,     0.750,    0.82,  123.38, 164.50
            2,      1.250,    0.81,  206.02, 164.82,      0.625,    1.66,  100.87, 161.38,      2.500,    0.00,     inf,    inf,     1.250,    0.81,  206.17, 164.94
            3,      1.750,    0.82,  288.05, 164.60,      0.875,    1.66,  141.17, 161.33,      3.500,    0.00,     inf,    inf,     1.750,    0.82,  287.86, 164.49
            4,      2.250,    0.81,  371.91, 165.29,      1.125,    1.67,  181.13, 161.00,      4.500,    0.00,     inf,    inf,     2.250,    0.82,  369.43, 164.19
            5,      2.750,    0.81,  454.39, 165.23,      1.375,    1.66,  221.75, 161.28,      5.500,    0.00,     inf,    inf,     2.750,    0.83,  444.84, 161.76
            6,      3.250,    0.82,  533.65, 164.20,      1.625,    1.67,  260.67, 160.41,      6.500,    0.00,     inf,    inf,     3.250,    0.84,  520.42, 160.13
            7,      3.750,    0.81,  618.58, 164.95,      1.875,    1.66,  302.30, 161.23,      7.500,    0.00,     inf,    inf,     3.750,    0.89,  567.29, 151.28
            8,      4.250,    0.82,  699.90, 164.68,      2.125,    1.66,  342.67, 161.25,      8.500,    0.00,     inf,    inf,     4.250,    1.11,  513.11, 120.73
            9,      4.750,    0.82,  781.35, 164.50,      2.375,    1.66,  382.92, 161.23,      9.500,    0.00,     inf,    inf,     4.750,    1.01,  629.26, 132.48
           10,      5.250,    0.82,  861.14, 164.03,      2.625,    1.67,  423.16, 161.20,     10.500,    0.00,     inf,    inf,     5.250,    1.10,  641.87, 122.26
           11,      5.750,    0.82,  937.98, 163.13,      2.875,    1.67,  462.92, 161.02,     11.500,    0.00,     inf,    inf,     5.750,    1.19,  646.59, 112.45
           12,      6.250,    0.82, 1026.53, 164.24,      3.125,    1.66,  504.05, 161.29,     12.500,    0.00,     inf,    inf,     6.250,    1.47,  571.06,  91.37
           13,      6.750,    0.82, 1108.39, 164.21,      3.375,    1.67,  543.43, 161.02,     13.500,    0.00,     inf,    inf,     6.750,    1.38,  655.60,  97.13
           14,      7.250,    0.82, 1192.83, 164.53,      3.625,    1.67,  583.41, 160.94,     14.500,    0.00,     inf,    inf,     7.250,    1.47,  662.53,  91.38
           15,      7.750,    0.82, 1270.80, 163.97,      3.875,    1.67,  624.15, 161.07,     15.500,    0.00,     inf,    inf,     7.750,    1.56,  666.12,  85.95
           16,      8.250,    0.82, 1348.68, 163.48,      4.125,    1.67,  663.13, 160.76,     16.500,    0.00,     inf,    inf,     8.250,    1.85,  598.77,  72.58
           17,      8.750,    0.83, 1421.44, 162.45,      4.375,    1.67,  701.64, 160.38,     17.500,    0.00,     inf,    inf,     8.750,    1.75,  671.03,  76.69
           18,      9.250,    0.82, 1517.65, 164.07,      4.625,    1.67,  743.16, 160.68,     18.500,    0.00,     inf,    inf,     9.250,    1.84,  675.70,  73.05
           20,     10.250,    0.82, 1674.13, 163.33,      5.125,    1.67,  821.71, 160.33,     20.500,    0.00,     inf,    inf,    10.250,    2.23,  615.77,  60.07
           22,     11.250,    0.83, 1826.50, 162.36,      5.625,    1.68,  898.03, 159.65,     22.500,    0.00,     inf,    inf,    11.250,    2.21,  683.63,  60.77
           24,     12.250,    0.83, 1990.02, 162.45,      6.125,    1.69,  973.24, 158.90,     24.500,    0.00,     inf,    inf,    12.250,    2.61,  629.45,  51.38
           28,     14.250,    0.84, 2282.91, 160.20,      7.125,    1.74, 1100.01, 154.39,     28.500,    0.00,     inf,    inf,    14.250,    2.99,  639.60,  44.88
           32,     16.250,    0.85, 2572.56, 158.31,      8.125,    1.81, 1205.24, 148.34,     32.500,    0.00,     inf,    inf,    16.250,    3.37,  647.07,  39.82
           40,     20.250,    0.93, 2933.54, 144.87,     10.125,    2.08, 1303.74, 128.76,     40.500,    0.00,     inf,    inf,    20.250,    4.13,  658.08,  32.50
           48,     24.250,    1.03, 3161.31, 130.36,     12.125,    2.46, 1325.43, 109.31,     48.500,    0.00,     inf,    inf,    24.250,    4.89,  664.94,  27.42
           56,     28.250,    1.18, 3206.31, 113.50,     14.125,    2.84, 1335.07,  94.52,     56.500,    0.00,     inf,    inf,    28.250,    5.66,  669.93,  23.71
           64,     32.250,    1.33, 3243.95, 100.59,     16.125,    3.22, 1343.23,  83.30,     64.500,    0.00,     inf,    inf,    32.250,    6.43,  673.26,  20.88
           80,     40.250,    1.63, 3306.13,  82.14,     20.125,    3.98, 1357.05,  67.43,     80.500,    0.00,     inf,    inf,    40.250,    7.93,  680.91,  16.92
           96,     48.250,    1.94, 3338.42,  69.19,     24.125,    4.75, 1364.31,  56.55,     96.500,    0.00,     inf,    inf,    48.250,    9.48,  682.89,  14.15
          128,     64.250,    2.54, 3396.57,  52.86,     32.125,    6.26, 1376.87,  42.86,    128.500,    0.00,     inf,    inf,    64.250,   12.58,  685.25,  10.67
          192,     96.250,    3.89, 3322.54,  34.52,     48.125,    9.33, 1384.16,  28.76,    192.500,    0.00,     inf,    inf,    96.250,   18.60,  694.41,   7.21
          256,    128.250,    6.39, 2693.11,  21.00,     64.125,   12.68, 1357.99,  21.18,    256.500,    0.00,     inf,    inf,   128.250,   24.78,  694.54,   5.42
--------------------------------------------------------------------------------------------------------------------------------------------------------------------
mixbench/read-only (v0.03-1-g3ace732)
------------------------ Device specifications ------------------------
Device:              Tesla K80
CUDA driver version: 10.10
GPU clock rate:      823 MHz
Memory clock rate:   1252 MHz
Memory bus width:    384 bits
WarpSize:            32
L2 cache size:       1536 KB
Total global mem:    11441 MB
ECC enabled:         Yes
Compute Capability:  3.7
Total SPs:           2496 (13 MPs x 192 SPs/MP)
Compute throughput:  4110.91 GFlops (theoretical single precision FMAs)
Memory bandwidth:    240.48 GB/sec
-----------------------------------------------------------------------
Total GPU memory 11996954624, free 11926437888
Buffer size:          256MB
Trade-off type:       compute with global memory (block strided)
Elements per thread:  8
Thread fusion degree: 4
Warning:              Half precision computations are not supported
----------------------------------------------------------------------------- CSV data -----------------------------------------------------------------------------
Experiment ID, Single Precision ops,,,,              Double precision ops,,,,              Half precision ops,,,,                Integer operations,,, 
Compute iters, Flops/byte, ex.time,  GFLOPS, GB/sec, Flops/byte, ex.time,  GFLOPS, GB/sec, Flops/byte, ex.time,  GFLOPS, GB/sec, Iops/byte, ex.time,   GIOPS, GB/sec
            0,      0.250,    0.81,   41.19, 164.78,      0.125,    1.66,   20.17, 161.33,      0.500,    0.00,     inf,    inf,     0.250,    0.81,   41.20, 164.79
            1,      0.750,    0.81,  123.77, 165.03,      0.375,    1.66,   60.50, 161.34,      1.500,    0.00,     inf,    inf,     0.750,    0.81,  123.60, 164.81
            2,      1.250,    0.81,  206.04, 164.83,      0.625,    1.66,  100.90, 161.44,      2.500,    0.00,     inf,    inf,     1.250,    0.81,  206.02, 164.81
            3,      1.750,    0.81,  288.83, 165.05,      0.875,    1.66,  141.25, 161.43,      3.500,    0.00,     inf,    inf,     1.750,    0.82,  287.52, 164.30
            4,      2.250,    0.81,  371.51, 165.12,      1.125,    1.66,  181.39, 161.23,      4.500,    0.00,     inf,    inf,     2.250,    0.82,  368.22, 163.65
            5,      2.750,    0.81,  454.13, 165.14,      1.375,    1.66,  221.76, 161.28,      5.500,    0.00,     inf,    inf,     2.750,    0.82,  447.69, 162.80
            6,      3.250,    0.82,  534.15, 164.35,      1.625,    1.66,  262.12, 161.30,      6.500,    0.00,     inf,    inf,     3.250,    0.84,  522.12, 160.65
            7,      3.750,    0.81,  618.65, 164.97,      1.875,    1.67,  302.15, 161.15,      7.500,    0.00,     inf,    inf,     3.750,    0.89,  567.04, 151.21
            8,      4.250,    0.81,  700.81, 164.90,      2.125,    1.66,  342.61, 161.23,      8.500,    0.00,     inf,    inf,     4.250,    1.11,  512.04, 120.48
            9,      4.750,    0.82,  782.03, 164.64,      2.375,    1.66,  383.88, 161.63,      9.500,    0.00,     inf,    inf,     4.750,    1.01,  632.25, 133.11
           10,      5.250,    0.82,  862.99, 164.38,      2.625,    1.66,  423.68, 161.40,     10.500,    0.00,     inf,    inf,     5.250,    1.10,  643.22, 122.52
           11,      5.750,    0.82,  944.89, 164.33,      2.875,    1.66,  464.37, 161.52,     11.500,    0.00,     inf,    inf,     5.750,    1.19,  647.67, 112.64
           12,      6.250,    0.81, 1032.39, 165.18,      3.125,    1.67,  503.73, 161.19,     12.500,    0.00,     inf,    inf,     6.250,    1.47,  571.79,  91.49
           13,      6.750,    0.81, 1112.92, 164.88,      3.375,    1.66,  544.63, 161.37,     13.500,    0.00,     inf,    inf,     6.750,    1.38,  655.79,  97.15
           14,      7.250,    0.82, 1192.45, 164.48,      3.625,    1.66,  584.96, 161.37,     14.500,    0.00,     inf,    inf,     7.250,    1.47,  662.92,  91.44
           15,      7.750,    0.82, 1271.95, 164.12,      3.875,    1.67,  624.57, 161.18,     15.500,    0.00,     inf,    inf,     7.750,    1.56,  667.25,  86.10
           16,      8.250,    0.82, 1354.75, 164.21,      4.125,    1.67,  663.99, 160.97,     16.500,    0.00,     inf,    inf,     8.250,    1.85,  598.28,  72.52
           17,      8.750,    0.82, 1437.47, 164.28,      4.375,    1.67,  704.27, 160.98,     17.500,    0.00,     inf,    inf,     8.750,    1.75,  670.85,  76.67
           18,      9.250,    0.82, 1519.38, 164.26,      4.625,    1.67,  743.19, 160.69,     18.500,    0.00,     inf,    inf,     9.250,    1.84,  676.31,  73.11
           20,     10.250,    0.82, 1680.80, 163.98,      5.125,    1.67,  821.78, 160.35,     20.500,    0.00,     inf,    inf,    10.250,    2.23,  616.46,  60.14
           22,     11.250,    0.82, 1843.06, 163.83,      5.625,    1.68,  898.23, 159.69,     22.500,    0.00,     inf,    inf,    11.250,    2.20,  684.87,  60.88
           24,     12.250,    0.82, 1997.21, 163.04,      6.125,    1.68,  977.11, 159.53,     24.500,    0.00,     inf,    inf,    12.250,    2.61,  629.20,  51.36
           28,     14.250,    0.83, 2306.88, 161.89,      7.125,    1.74, 1102.07, 154.68,     28.500,    0.00,     inf,    inf,    14.250,    2.99,  638.83,  44.83
           32,     16.250,    0.84, 2582.21, 158.91,      8.125,    1.81, 1206.05, 148.44,     32.500,    0.00,     inf,    inf,    16.250,    3.37,  647.18,  39.83
           40,     20.250,    0.92, 2942.68, 145.32,     10.125,    2.08, 1305.62, 128.95,     40.500,    0.00,     inf,    inf,    20.250,    4.13,  658.03,  32.50
           48,     24.250,    1.03, 3164.36, 130.49,     12.125,    2.46, 1324.89, 109.27,     48.500,    0.00,     inf,    inf,    24.250,    4.90,  664.49,  27.40
           56,     28.250,    1.18, 3210.13, 113.63,     14.125,    2.84, 1336.07,  94.59,     56.500,    0.00,     inf,    inf,    28.250,    5.65,  671.08,  23.75
           64,     32.250,    1.33, 3262.34, 101.16,     16.125,    3.22, 1343.26,  83.30,     64.500,    0.00,     inf,    inf,    32.250,    6.42,  674.45,  20.91
           80,     40.250,    1.63, 3311.25,  82.27,     20.125,    3.99, 1355.40,  67.35,     80.500,    0.00,     inf,    inf,    40.250,    7.94,  680.42,  16.90
           96,     48.250,    1.95, 3328.76,  68.99,     24.125,    4.75, 1363.90,  56.53,     96.500,    0.00,     inf,    inf,    48.250,    9.48,  683.01,  14.16
          128,     64.250,    2.54, 3394.60,  52.83,     32.125,    6.27, 1376.15,  42.84,    128.500,    0.00,     inf,    inf,    64.250,   12.55,  686.87,  10.69
          192,     96.250,    3.90, 3315.17,  34.44,     48.125,    9.34, 1383.29,  28.74,    192.500,    0.00,     inf,    inf,    96.250,   18.58,  695.42,   7.23
          256,    128.250,    6.42, 2681.79,  20.91,     64.125,   12.71, 1354.26,  21.12,    256.500,    0.00,     inf,    inf,   128.250,   24.80,  693.96,   5.41
--------------------------------------------------------------------------------------------------------------------------------------------------------------------
mixbench/read-only (v0.03-1-g3ace732)
------------------------ Device specifications ------------------------
Device:              Tesla K80
CUDA driver version: 10.10
GPU clock rate:      823 MHz
Memory clock rate:   1252 MHz
Memory bus width:    384 bits
WarpSize:            32
L2 cache size:       1536 KB
Total global mem:    11441 MB
ECC enabled:         Yes
Compute Capability:  3.7
Total SPs:           2496 (13 MPs x 192 SPs/MP)
Compute throughput:  4110.91 GFlops (theoretical single precision FMAs)
Memory bandwidth:    240.48 GB/sec
-----------------------------------------------------------------------
Total GPU memory 11996954624, free 11926437888
Buffer size:          256MB
Trade-off type:       compute with global memory (block strided)
Elements per thread:  8
Thread fusion degree: 4
Warning:              Half precision computations are not supported
----------------------------------------------------------------------------- CSV data -----------------------------------------------------------------------------
Experiment ID, Single Precision ops,,,,              Double precision ops,,,,              Half precision ops,,,,                Integer operations,,, 
Compute iters, Flops/byte, ex.time,  GFLOPS, GB/sec, Flops/byte, ex.time,  GFLOPS, GB/sec, Flops/byte, ex.time,  GFLOPS, GB/sec, Iops/byte, ex.time,   GIOPS, GB/sec
            0,      0.250,    0.81,   41.18, 164.73,      0.125,    1.67,   20.14, 161.15,      0.500,    0.00,     inf,    inf,     0.250,    0.81,   41.18, 164.70
            1,      0.750,    0.82,  123.40, 164.53,      0.375,    1.66,   60.48, 161.28,      1.500,    0.00,     inf,    inf,     0.750,    0.82,  123.51, 164.68
            2,      1.250,    0.81,  206.12, 164.90,      0.625,    1.67,  100.63, 161.01,      2.500,    0.00,     inf,    inf,     1.250,    0.82,  205.46, 164.37
            3,      1.750,    0.81,  288.33, 164.76,      0.875,    1.67,  141.01, 161.15,      3.500,    0.00,     inf,    inf,     1.750,    0.82,  286.66, 163.81
            4,      2.250,    0.81,  370.86, 164.83,      1.125,    1.67,  181.18, 161.05,      4.500,    0.00,     inf,    inf,     2.250,    0.82,  367.19, 163.20
            5,      2.750,    0.81,  454.11, 165.13,      1.375,    1.67,  221.30, 160.95,      5.500,    0.00,     inf,    inf,     2.750,    0.83,  444.91, 161.79
            6,      3.250,    0.82,  535.22, 164.68,      1.625,    1.67,  261.85, 161.14,      6.500,    0.00,     inf,    inf,     3.250,    0.84,  518.47, 159.53
            7,      3.750,    0.82,  616.64, 164.44,      1.875,    1.67,  302.06, 161.10,      7.500,    0.00,     inf,    inf,     3.750,    0.89,  567.37, 151.30
            8,      4.250,    0.82,  699.41, 164.57,      2.125,    1.67,  342.34, 161.10,      8.500,    0.00,     inf,    inf,     4.250,    1.11,  512.84, 120.67
            9,      4.750,    0.82,  782.21, 164.68,      2.375,    1.67,  382.77, 161.16,      9.500,    0.00,     inf,    inf,     4.750,    1.01,  632.01, 133.06
           10,      5.250,    0.82,  862.52, 164.29,      2.625,    1.66,  423.32, 161.27,     10.500,    0.00,     inf,    inf,     5.250,    1.10,  641.82, 122.25
           11,      5.750,    0.82,  944.96, 164.34,      2.875,    1.66,  463.80, 161.32,     11.500,    0.00,     inf,    inf,     5.750,    1.19,  646.82, 112.49
           12,      6.250,    0.82, 1028.22, 164.51,      3.125,    1.66,  504.38, 161.40,     12.500,    0.00,     inf,    inf,     6.250,    1.47,  571.17,  91.39
           13,      6.750,    0.82, 1111.35, 164.64,      3.375,    1.67,  543.98, 161.18,     13.500,    0.00,     inf,    inf,     6.750,    1.38,  654.60,  96.98
           14,      7.250,    0.82, 1190.21, 164.17,      3.625,    1.67,  583.86, 161.07,     14.500,    0.00,     inf,    inf,     7.250,    1.47,  663.19,  91.47
           15,      7.750,    0.82, 1271.65, 164.08,      3.875,    1.67,  624.18, 161.08,     15.500,    0.00,     inf,    inf,     7.750,    1.56,  666.75,  86.03
           16,      8.250,    0.82, 1353.64, 164.08,      4.125,    1.67,  663.76, 160.91,     16.500,    0.00,     inf,    inf,     8.250,    1.85,  598.38,  72.53
           17,      8.750,    0.83, 1422.32, 162.55,      4.375,    1.67,  701.23, 160.28,     17.500,    0.00,     inf,    inf,     8.750,    1.75,  671.32,  76.72
           18,      9.250,    0.82, 1517.77, 164.08,      4.625,    1.67,  742.36, 160.51,     18.500,    0.00,     inf,    inf,     9.250,    1.84,  676.12,  73.09
           20,     10.250,    0.83, 1664.99, 162.44,      5.125,    1.68,  817.97, 159.60,     20.500,    0.00,     inf,    inf,    10.250,    2.24,  615.33,  60.03
           22,     11.250,    0.83, 1827.35, 162.43,      5.625,    1.68,  898.45, 159.73,     22.500,    0.00,     inf,    inf,    11.250,    2.21,  683.17,  60.73
           24,     12.250,    0.83, 1981.57, 161.76,      6.125,    1.69,  974.11, 159.04,     24.500,    0.00,     inf,    inf,    12.250,    2.62,  628.26,  51.29
           28,     14.250,    0.84, 2274.05, 159.58,      7.125,    1.73, 1102.54, 154.74,     28.500,    0.00,     inf,    inf,    14.250,    2.99,  638.94,  44.84
           32,     16.250,    0.85, 2578.79, 158.69,      8.125,    1.81, 1203.49, 148.12,     32.500,    0.00,     inf,    inf,    16.250,    3.37,  646.32,  39.77
           40,     20.250,    0.94, 2902.95, 143.36,     10.125,    2.09, 1298.77, 128.27,     40.500,    0.00,     inf,    inf,    20.250,    4.14,  657.09,  32.45
           48,     24.250,    1.04, 3136.16, 129.33,     12.125,    2.46, 1321.59, 109.00,     48.500,    0.00,     inf,    inf,    24.250,    4.90,  664.14,  27.39
           56,     28.250,    1.19, 3179.72, 112.56,     14.125,    2.84, 1333.45,  94.40,     56.500,    0.00,     inf,    inf,    28.250,    5.68,  667.48,  23.63
           64,     32.250,    1.34, 3230.78, 100.18,     16.125,    3.23, 1341.28,  83.18,     64.500,    0.00,     inf,    inf,    32.250,    6.42,  674.70,  20.92
           80,     40.250,    1.65, 3278.14,  81.44,     20.125,    3.99, 1354.05,  67.28,     80.500,    0.00,     inf,    inf,    40.250,    7.94,  680.42,  16.90
           96,     48.250,    1.95, 3320.95,  68.83,     24.125,    4.75, 1362.84,  56.49,     96.500,    0.00,     inf,    inf,    48.250,    9.47,  683.57,  14.17
          128,     64.250,    2.54, 3388.80,  52.74,     32.125,    6.26, 1377.17,  42.87,    128.500,    0.00,     inf,    inf,    64.250,   12.55,  687.20,  10.70
          192,     96.250,    3.90, 3311.50,  34.41,     48.125,    9.32, 1385.43,  28.79,    192.500,    0.00,     inf,    inf,    96.250,   18.55,  696.53,   7.24
          256,    128.250,    6.41, 2686.36,  20.95,     64.125,   12.72, 1352.77,  21.10,    256.500,    0.00,     inf,    inf,   128.250,   24.73,  696.12,   5.43
--------------------------------------------------------------------------------------------------------------------------------------------------------------------
mixbench/read-only (v0.03-1-g3ace732)
------------------------ Device specifications ------------------------
Device:              Tesla K80
CUDA driver version: 10.10
GPU clock rate:      823 MHz
Memory clock rate:   1252 MHz
Memory bus width:    384 bits
WarpSize:            32
L2 cache size:       1536 KB
Total global mem:    11441 MB
ECC enabled:         Yes
Compute Capability:  3.7
Total SPs:           2496 (13 MPs x 192 SPs/MP)
Compute throughput:  4110.91 GFlops (theoretical single precision FMAs)
Memory bandwidth:    240.48 GB/sec
-----------------------------------------------------------------------
Total GPU memory 11996954624, free 11926437888
Buffer size:          256MB
Trade-off type:       compute with global memory (block strided)
Elements per thread:  8
Thread fusion degree: 4
Warning:              Half precision computations are not supported
----------------------------------------------------------------------------- CSV data -----------------------------------------------------------------------------
Experiment ID, Single Precision ops,,,,              Double precision ops,,,,              Half precision ops,,,,                Integer operations,,, 
Compute iters, Flops/byte, ex.time,  GFLOPS, GB/sec, Flops/byte, ex.time,  GFLOPS, GB/sec, Flops/byte, ex.time,  GFLOPS, GB/sec, Iops/byte, ex.time,   GIOPS, GB/sec
            0,      0.250,    0.82,   41.12, 164.50,      0.125,    1.66,   20.16, 161.27,      0.500,    0.00,     inf,    inf,     0.250,    0.82,   41.06, 164.25
            1,      0.750,    0.82,  122.94, 163.92,      0.375,    1.67,   60.33, 160.89,      1.500,    0.00,     inf,    inf,     0.750,    0.82,  122.71, 163.62
            2,      1.250,    0.82,  204.29, 163.43,      0.625,    1.67,  100.61, 160.98,      2.500,    0.00,     inf,    inf,     1.250,    0.82,  204.82, 163.86
            3,      1.750,    0.82,  286.65, 163.80,      0.875,    1.67,  140.75, 160.86,      3.500,    0.00,     inf,    inf,     1.750,    0.82,  285.67, 163.24
            4,      2.250,    0.82,  368.50, 163.78,      1.125,    1.67,  180.68, 160.60,      4.500,    0.00,     inf,    inf,     2.250,    0.83,  365.73, 162.54
            5,      2.750,    0.82,  452.26, 164.46,      1.375,    1.67,  221.45, 161.06,      5.500,    0.00,     inf,    inf,     2.750,    0.83,  443.27, 161.19
            6,      3.250,    0.82,  532.38, 163.81,      1.625,    1.67,  261.54, 160.94,      6.500,    0.00,     inf,    inf,     3.250,    0.84,  518.15, 159.43
            7,      3.750,    0.82,  615.22, 164.06,      1.875,    1.67,  301.82, 160.97,      7.500,    0.00,     inf,    inf,     3.750,    0.89,  566.33, 151.02
            8,      4.250,    0.82,  698.01, 164.24,      2.125,    1.67,  342.04, 160.96,      8.500,    0.00,     inf,    inf,     4.250,    1.11,  511.69, 120.40
            9,      4.750,    0.82,  778.51, 163.90,      2.375,    1.66,  383.10, 161.30,      9.500,    0.00,     inf,    inf,     4.750,    1.01,  632.35, 133.13
           10,      5.250,    0.82,  860.36, 163.88,      2.625,    1.66,  423.46, 161.32,     10.500,    0.00,     inf,    inf,     5.250,    1.10,  639.75, 121.86
           11,      5.750,    0.82,  941.68, 163.77,      2.875,    1.67,  462.93, 161.02,     11.500,    0.00,     inf,    inf,     5.750,    1.19,  645.92, 112.33
           12,      6.250,    0.82, 1024.24, 163.88,      3.125,    1.67,  503.75, 161.20,     12.500,    0.00,     inf,    inf,     6.250,    1.47,  569.09,  91.05
           13,      6.750,    0.82, 1101.92, 163.25,      3.375,    1.67,  543.31, 160.98,     13.500,    0.00,     inf,    inf,     6.750,    1.39,  653.98,  96.89
           14,      7.250,    0.82, 1185.57, 163.53,      3.625,    1.67,  582.13, 160.59,     14.500,    0.00,     inf,    inf,     7.250,    1.47,  661.84,  91.29
           15,      7.750,    0.82, 1271.50, 164.06,      3.875,    1.67,  623.09, 160.80,     15.500,    0.00,     inf,    inf,     7.750,    1.57,  662.65,  85.50
           16,      8.250,    0.82, 1346.26, 163.18,      4.125,    1.68,  660.06, 160.01,     16.500,    0.00,     inf,    inf,     8.250,    1.86,  596.62,  72.32
           17,      8.750,    0.83, 1412.52, 161.43,      4.375,    1.68,  700.14, 160.03,     17.500,    0.00,     inf,    inf,     8.750,    1.76,  669.09,  76.47
           18,      9.250,    0.83, 1500.22, 162.19,      4.625,    1.67,  741.68, 160.36,     18.500,    0.00,     inf,    inf,     9.250,    1.84,  674.52,  72.92
           20,     10.250,    0.83, 1659.01, 161.85,      5.125,    1.68,  818.09, 159.63,     20.500,    0.00,     inf,    inf,    10.250,    2.24,  614.59,  59.96
           22,     11.250,    0.83, 1810.80, 160.96,      5.625,    1.69,  894.37, 159.00,     22.500,    0.00,     inf,    inf,    11.250,    2.24,  673.83,  59.90
           24,     12.250,    0.83, 1970.18, 160.83,      6.125,    1.69,  974.53, 159.11,     24.500,    0.00,     inf,    inf,    12.250,    2.62,  627.11,  51.19
           28,     14.250,    0.84, 2266.12, 159.03,      7.125,    1.74, 1098.83, 154.22,     28.500,    0.00,     inf,    inf,    14.250,    3.01,  635.47,  44.59
           32,     16.250,    0.86, 2548.32, 156.82,      8.125,    1.81, 1208.23, 148.71,     32.500,    0.00,     inf,    inf,    16.250,    3.38,  645.28,  39.71
           40,     20.250,    0.94, 2887.17, 142.58,     10.125,    2.09, 1300.52, 128.45,     40.500,    0.00,     inf,    inf,    20.250,    4.14,  655.77,  32.38
           48,     24.250,    1.04, 3125.08, 128.87,     12.125,    2.46, 1323.43, 109.15,     48.500,    0.00,     inf,    inf,    24.250,    4.91,  662.79,  27.33
           56,     28.250,    1.19, 3174.10, 112.36,     14.125,    2.84, 1334.11,  94.45,     56.500,    0.00,     inf,    inf,    28.250,    5.66,  670.40,  23.73
           64,     32.250,    1.34, 3233.10, 100.25,     16.125,    3.22, 1342.37,  83.25,     64.500,    0.00,     inf,    inf,    32.250,    6.42,  673.84,  20.89
           80,     40.250,    1.65, 3280.81,  81.51,     20.125,    3.98, 1356.46,  67.40,     80.500,    0.00,     inf,    inf,    40.250,    7.94,  679.97,  16.89
           96,     48.250,    1.94, 3334.79,  69.11,     24.125,    4.75, 1363.44,  56.52,     96.500,    0.00,     inf,    inf,    48.250,    9.51,  681.03,  14.11
          128,     64.250,    2.54, 3389.82,  52.76,     32.125,    6.27, 1374.93,  42.80,    128.500,    0.00,     inf,    inf,    64.250,   12.56,  686.48,  10.68
          192,     96.250,    3.91, 3302.75,  34.31,     48.125,    9.33, 1384.46,  28.77,    192.500,    0.00,     inf,    inf,    96.250,   18.65,  692.81,   7.20
          256,    128.250,    6.42, 2683.16,  20.92,     64.125,   12.75, 1349.79,  21.05,    256.500,    0.00,     inf,    inf,   128.250,   24.74,  695.88,   5.43
--------------------------------------------------------------------------------------------------------------------------------------------------------------------
mixbench/read-only (v0.03-1-g3ace732)
------------------------ Device specifications ------------------------
Device:              Tesla K80
CUDA driver version: 10.10
GPU clock rate:      823 MHz
Memory clock rate:   1252 MHz
Memory bus width:    384 bits
WarpSize:            32
L2 cache size:       1536 KB
Total global mem:    11441 MB
ECC enabled:         Yes
Compute Capability:  3.7
Total SPs:           2496 (13 MPs x 192 SPs/MP)
Compute throughput:  4110.91 GFlops (theoretical single precision FMAs)
Memory bandwidth:    240.48 GB/sec
-----------------------------------------------------------------------
Total GPU memory 11996954624, free 11926437888
Buffer size:          256MB
Trade-off type:       compute with global memory (block strided)
Elements per thread:  8
Thread fusion degree: 4
Warning:              Half precision computations are not supported
----------------------------------------------------------------------------- CSV data -----------------------------------------------------------------------------
Experiment ID, Single Precision ops,,,,              Double precision ops,,,,              Half precision ops,,,,                Integer operations,,, 
Compute iters, Flops/byte, ex.time,  GFLOPS, GB/sec, Flops/byte, ex.time,  GFLOPS, GB/sec, Flops/byte, ex.time,  GFLOPS, GB/sec, Iops/byte, ex.time,   GIOPS, GB/sec
            0,      0.250,    0.82,   41.07, 164.27,      0.125,    1.66,   20.16, 161.27,      0.500,    0.00,     inf,    inf,     0.250,    0.82,   41.15, 164.59
            1,      0.750,    0.81,  123.69, 164.92,      0.375,    1.67,   60.39, 161.05,      1.500,    0.00,     inf,    inf,     0.750,    0.81,  123.59, 164.79
            2,      1.250,    0.82,  205.83, 164.66,      0.625,    1.66,  100.84, 161.34,      2.500,    0.00,     inf,    inf,     1.250,    0.82,  204.92, 163.94
            3,      1.750,    0.82,  287.59, 164.33,      0.875,    1.67,  141.05, 161.20,      3.500,    0.00,     inf,    inf,     1.750,    0.82,  286.61, 163.78
            4,      2.250,    0.81,  370.84, 164.82,      1.125,    1.67,  181.32, 161.18,      4.500,    0.00,     inf,    inf,     2.250,    0.82,  366.96, 163.09
            5,      2.750,    0.82,  452.29, 164.47,      1.375,    1.67,  221.18, 160.86,      5.500,    0.00,     inf,    inf,     2.750,    0.83,  443.46, 161.26
            6,      3.250,    0.82,  530.08, 163.10,      1.625,    1.67,  261.56, 160.96,      6.500,    0.00,     inf,    inf,     3.250,    0.84,  519.04, 159.70
            7,      3.750,    0.82,  613.30, 163.55,      1.875,    1.67,  301.36, 160.72,      7.500,    0.00,     inf,    inf,     3.750,    0.88,  568.97, 151.73
            8,      4.250,    0.82,  698.75, 164.41,      2.125,    1.67,  342.18, 161.03,      8.500,    0.00,     inf,    inf,     4.250,    1.11,  512.31, 120.54
            9,      4.750,    0.81,  783.41, 164.93,      2.375,    1.66,  382.95, 161.24,      9.500,    0.00,     inf,    inf,     4.750,    1.01,  631.39, 132.92
           10,      5.250,    0.82,  861.07, 164.01,      2.625,    1.67,  422.52, 160.96,     10.500,    0.00,     inf,    inf,     5.250,    1.10,  640.55, 122.01
           11,      5.750,    0.82,  943.41, 164.07,      2.875,    1.67,  462.97, 161.03,     11.500,    0.00,     inf,    inf,     5.750,    1.19,  647.37, 112.59
           12,      6.250,    0.82, 1023.72, 163.80,      3.125,    1.67,  502.80, 160.90,     12.500,    0.00,     inf,    inf,     6.250,    1.47,  569.01,  91.04
           13,      6.750,    0.82, 1101.23, 163.15,      3.375,    1.67,  542.92, 160.86,     13.500,    0.00,     inf,    inf,     6.750,    1.39,  653.48,  96.81
           14,      7.250,    0.82, 1185.39, 163.50,      3.625,    1.67,  583.38, 160.93,     14.500,    0.00,     inf,    inf,     7.250,    1.47,  661.59,  91.25
           15,      7.750,    0.82, 1268.42, 163.67,      3.875,    1.67,  624.40, 161.14,     15.500,    0.00,     inf,    inf,     7.750,    1.57,  663.51,  85.61
           16,      8.250,    0.82, 1348.41, 163.44,      4.125,    1.67,  663.10, 160.75,     16.500,    0.00,     inf,    inf,     8.250,    1.85,  597.44,  72.42
           17,      8.750,    0.82, 1430.75, 163.51,      4.375,    1.68,  700.12, 160.03,     17.500,    0.00,     inf,    inf,     8.750,    1.75,  670.24,  76.60
           18,      9.250,    0.82, 1517.65, 164.07,      4.625,    1.67,  742.67, 160.58,     18.500,    0.00,     inf,    inf,     9.250,    1.84,  675.28,  73.00
           20,     10.250,    0.82, 1673.67, 163.29,      5.125,    1.68,  820.58, 160.11,     20.500,    0.00,     inf,    inf,    10.250,    2.24,  614.48,  59.95
           22,     11.250,    0.83, 1825.02, 162.22,      5.625,    1.69,  895.81, 159.26,     22.500,    0.00,     inf,    inf,    11.250,    2.21,  682.69,  60.68
           24,     12.250,    0.83, 1990.40, 162.48,      6.125,    1.69,  975.29, 159.23,     24.500,    0.00,     inf,    inf,    12.250,    2.62,  628.42,  51.30
           28,     14.250,    0.84, 2276.39, 159.75,      7.125,    1.74, 1099.16, 154.27,     28.500,    0.00,     inf,    inf,    14.250,    2.99,  638.70,  44.82
           32,     16.250,    0.85, 2580.74, 158.81,      8.125,    1.82, 1200.50, 147.75,     32.500,    0.00,     inf,    inf,    16.250,    3.38,  646.11,  39.76
           40,     20.250,    0.93, 2918.42, 144.12,     10.125,    2.09, 1302.76, 128.67,     40.500,    0.00,     inf,    inf,    20.250,    4.13,  657.51,  32.47
           48,     24.250,    1.03, 3161.90, 130.39,     12.125,    2.46, 1324.93, 109.27,     48.500,    0.00,     inf,    inf,    24.250,    4.89,  665.22,  27.43
           56,     28.250,    1.18, 3206.05, 113.49,     14.125,    2.84, 1335.55,  94.55,     56.500,    0.00,     inf,    inf,    28.250,    5.66,  670.45,  23.73
           64,     32.250,    1.33, 3248.94, 100.74,     16.125,    3.23, 1341.01,  83.16,     64.500,    0.00,     inf,    inf,    32.250,    6.42,  673.70,  20.89
           80,     40.250,    1.64, 3300.57,  82.00,     20.125,    3.99, 1354.37,  67.30,     80.500,    0.00,     inf,    inf,    40.250,    7.96,  678.70,  16.86
           96,     48.250,    1.95, 3324.06,  68.89,     24.125,    4.76, 1361.15,  56.42,     96.500,    0.00,     inf,    inf,    48.250,    9.48,  682.90,  14.15
          128,     64.250,    2.55, 3381.32,  52.63,     32.125,    6.26, 1376.90,  42.86,    128.500,    0.00,     inf,    inf,    64.250,   12.56,  686.58,  10.69
          192,     96.250,    3.90, 3312.02,  34.41,     48.125,    9.35, 1381.83,  28.71,    192.500,    0.00,     inf,    inf,    96.250,   18.59,  694.91,   7.22
          256,    128.250,    6.40, 2688.54,  20.96,     64.125,   12.69, 1356.58,  21.16,    256.500,    0.00,     inf,    inf,   128.250,   24.82,  693.60,   5.41
--------------------------------------------------------------------------------------------------------------------------------------------------------------------
mixbench/read-only (v0.03-1-g3ace732)
------------------------ Device specifications ------------------------
Device:              Tesla K80
CUDA driver version: 10.10
GPU clock rate:      823 MHz
Memory clock rate:   1252 MHz
Memory bus width:    384 bits
WarpSize:            32
L2 cache size:       1536 KB
Total global mem:    11441 MB
ECC enabled:         Yes
Compute Capability:  3.7
Total SPs:           2496 (13 MPs x 192 SPs/MP)
Compute throughput:  4110.91 GFlops (theoretical single precision FMAs)
Memory bandwidth:    240.48 GB/sec
-----------------------------------------------------------------------
Total GPU memory 11996954624, free 11926437888
Buffer size:          256MB
Trade-off type:       compute with global memory (block strided)
Elements per thread:  8
Thread fusion degree: 4
Warning:              Half precision computations are not supported
----------------------------------------------------------------------------- CSV data -----------------------------------------------------------------------------
Experiment ID, Single Precision ops,,,,              Double precision ops,,,,              Half precision ops,,,,                Integer operations,,, 
Compute iters, Flops/byte, ex.time,  GFLOPS, GB/sec, Flops/byte, ex.time,  GFLOPS, GB/sec, Flops/byte, ex.time,  GFLOPS, GB/sec, Iops/byte, ex.time,   GIOPS, GB/sec
            0,      0.250,    0.81,   41.17, 164.69,      0.125,    1.67,   20.14, 161.13,      0.500,    0.00,     inf,    inf,     0.250,    0.81,   41.20, 164.79
            1,      0.750,    0.81,  123.57, 164.75,      0.375,    1.66,   60.50, 161.34,      1.500,    0.00,     inf,    inf,     0.750,    0.82,  123.27, 164.35
            2,      1.250,    0.81,  205.90, 164.72,      0.625,    1.67,  100.71, 161.14,      2.500,    0.00,     inf,    inf,     1.250,    0.82,  205.80, 164.64
            3,      1.750,    0.82,  287.52, 164.30,      0.875,    1.67,  141.02, 161.16,      3.500,    0.00,     inf,    inf,     1.750,    0.82,  287.34, 164.19
            4,      2.250,    0.81,  371.08, 164.92,      1.125,    1.67,  181.32, 161.17,      4.500,    0.00,     inf,    inf,     2.250,    0.82,  369.43, 164.19
            5,      2.750,    0.82,  452.43, 164.52,      1.375,    1.66,  221.69, 161.23,      5.500,    0.00,     inf,    inf,     2.750,    0.83,  445.81, 162.11
            6,      3.250,    0.81,  535.72, 164.84,      1.625,    1.67,  261.86, 161.15,      6.500,    0.00,     inf,    inf,     3.250,    0.84,  520.35, 160.11
            7,      3.750,    0.82,  616.98, 164.53,      1.875,    1.67,  301.93, 161.03,      7.500,    0.00,     inf,    inf,     3.750,    0.89,  567.92, 151.45
            8,      4.250,    0.81,  699.96, 164.70,      2.125,    1.67,  342.42, 161.14,      8.500,    0.00,     inf,    inf,     4.250,    1.11,  512.12, 120.50
            9,      4.750,    0.82,  781.20, 164.46,      2.375,    1.66,  383.37, 161.42,      9.500,    0.00,     inf,    inf,     4.750,    1.01,  631.21, 132.89
           10,      5.250,    0.82,  863.77, 164.53,      2.625,    1.66,  423.82, 161.46,     10.500,    0.00,     inf,    inf,     5.250,    1.10,  642.15, 122.32
           11,      5.750,    0.82,  942.08, 163.84,      2.875,    1.67,  463.40, 161.18,     11.500,    0.00,     inf,    inf,     5.750,    1.19,  647.03, 112.53
           12,      6.250,    0.82, 1025.48, 164.08,      3.125,    1.67,  503.57, 161.14,     12.500,    0.00,     inf,    inf,     6.250,    1.48,  568.21,  90.91
           13,      6.750,    0.82, 1109.95, 164.44,      3.375,    1.66,  544.63, 161.37,     13.500,    0.00,     inf,    inf,     6.750,    1.38,  655.50,  97.11
           14,      7.250,    0.83, 1179.41, 162.68,      3.625,    1.67,  583.25, 160.90,     14.500,    0.00,     inf,    inf,     7.250,    1.47,  661.66,  91.26
           15,      7.750,    0.82, 1271.20, 164.03,      3.875,    1.66,  625.23, 161.35,     15.500,    0.00,     inf,    inf,     7.750,    1.56,  665.22,  85.83
           16,      8.250,    0.82, 1350.57, 163.71,      4.125,    1.67,  663.94, 160.95,     16.500,    0.00,     inf,    inf,     8.250,    1.85,  598.30,  72.52
           17,      8.750,    0.82, 1425.64, 162.93,      4.375,    1.67,  702.65, 160.61,     17.500,    0.00,     inf,    inf,     8.750,    1.75,  669.86,  76.56
           18,      9.250,    0.82, 1516.65, 163.96,      4.625,    1.67,  743.16, 160.68,     18.500,    0.00,     inf,    inf,     9.250,    1.84,  675.21,  73.00
           20,     10.250,    0.82, 1677.39, 163.65,      5.125,    1.68,  820.18, 160.04,     20.500,    0.00,     inf,    inf,    10.250,    2.24,  615.39,  60.04
           22,     11.250,    0.82, 1835.03, 163.11,      5.625,    1.68,  898.49, 159.73,     22.500,    0.00,     inf,    inf,    11.250,    2.21,  683.82,  60.78
           24,     12.250,    0.83, 1990.25, 162.47,      6.125,    1.69,  973.81, 158.99,     24.500,    0.00,     inf,    inf,    12.250,    2.61,  629.98,  51.43
           28,     14.250,    0.83, 2295.98, 161.12,      7.125,    1.74, 1099.06, 154.25,     28.500,    0.00,     inf,    inf,    14.250,    2.99,  639.35,  44.87
           32,     16.250,    0.84, 2589.37, 159.35,      8.125,    1.81, 1202.33, 147.98,     32.500,    0.00,     inf,    inf,    16.250,    3.38,  645.96,  39.75
           40,     20.250,    0.93, 2929.79, 144.68,     10.125,    2.09, 1301.80, 128.57,     40.500,    0.00,     inf,    inf,    20.250,    4.14,  657.04,  32.45
           48,     24.250,    1.03, 3161.40, 130.37,     12.125,    2.46, 1322.87, 109.10,     48.500,    0.00,     inf,    inf,    24.250,    4.90,  663.69,  27.37
           56,     28.250,    1.19, 3198.09, 113.21,     14.125,    2.84, 1334.14,  94.45,     56.500,    0.00,     inf,    inf,    28.250,    5.67,  668.25,  23.65
           64,     32.250,    1.33, 3247.92, 100.71,     16.125,    3.22, 1342.42,  83.25,     64.500,    0.00,     inf,    inf,    32.250,    6.42,  674.43,  20.91
           80,     40.250,    1.64, 3294.19,  81.84,     20.125,    3.99, 1354.20,  67.29,     80.500,    0.00,     inf,    inf,    40.250,    7.97,  678.13,  16.85
           96,     48.250,    1.94, 3344.99,  69.33,     24.125,    4.75, 1364.20,  56.55,     96.500,    0.00,     inf,    inf,    48.250,    9.47,  683.73,  14.17
          128,     64.250,    2.53, 3403.39,  52.97,     32.125,    6.27, 1374.90,  42.80,    128.500,    0.00,     inf,    inf,    64.250,   12.60,  684.64,  10.66
          192,     96.250,    3.89, 3319.45,  34.49,     48.125,    9.33, 1385.32,  28.79,    192.500,    0.00,     inf,    inf,    96.250,   18.61,  694.20,   7.21
          256,    128.250,    6.41, 2684.43,  20.93,     64.125,   12.72, 1353.23,  21.10,    256.500,    0.00,     inf,    inf,   128.250,   24.85,  692.78,   5.40
--------------------------------------------------------------------------------------------------------------------------------------------------------------------
mixbench/read-only (v0.03-1-g3ace732)
------------------------ Device specifications ------------------------
Device:              Tesla K80
CUDA driver version: 10.10
GPU clock rate:      823 MHz
Memory clock rate:   1252 MHz
Memory bus width:    384 bits
WarpSize:            32
L2 cache size:       1536 KB
Total global mem:    11441 MB
ECC enabled:         Yes
Compute Capability:  3.7
Total SPs:           2496 (13 MPs x 192 SPs/MP)
Compute throughput:  4110.91 GFlops (theoretical single precision FMAs)
Memory bandwidth:    240.48 GB/sec
-----------------------------------------------------------------------
Total GPU memory 11996954624, free 11926437888
Buffer size:          256MB
Trade-off type:       compute with global memory (block strided)
Elements per thread:  8
Thread fusion degree: 4
Warning:              Half precision computations are not supported
----------------------------------------------------------------------------- CSV data -----------------------------------------------------------------------------
Experiment ID, Single Precision ops,,,,              Double precision ops,,,,              Half precision ops,,,,                Integer operations,,, 
Compute iters, Flops/byte, ex.time,  GFLOPS, GB/sec, Flops/byte, ex.time,  GFLOPS, GB/sec, Flops/byte, ex.time,  GFLOPS, GB/sec, Iops/byte, ex.time,   GIOPS, GB/sec
            0,      0.250,    0.82,   41.10, 164.41,      0.125,    1.67,   20.15, 161.17,      0.500,    0.00,     inf,    inf,     0.250,    0.82,   40.96, 163.84
            1,      0.750,    0.82,  122.53, 163.37,      0.375,    1.67,   60.19, 160.51,      1.500,    0.00,     inf,    inf,     0.750,    0.82,  122.93, 163.90
            2,      1.250,    0.82,  205.18, 164.14,      0.625,    1.67,  100.64, 161.03,      2.500,    0.00,     inf,    inf,     1.250,    0.82,  204.69, 163.75
            3,      1.750,    0.82,  286.63, 163.79,      0.875,    1.67,  140.77, 160.88,      3.500,    0.00,     inf,    inf,     1.750,    0.82,  286.03, 163.44
            4,      2.250,    0.82,  369.53, 164.24,      1.125,    1.67,  180.59, 160.52,      4.500,    0.00,     inf,    inf,     2.250,    0.83,  365.67, 162.52
            5,      2.750,    0.82,  451.16, 164.06,      1.375,    1.67,  221.09, 160.79,      5.500,    0.00,     inf,    inf,     2.750,    0.83,  443.12, 161.13
            6,      3.250,    0.82,  533.31, 164.10,      1.625,    1.67,  261.81, 161.11,      6.500,    0.00,     inf,    inf,     3.250,    0.84,  519.57, 159.87
            7,      3.750,    0.82,  616.74, 164.46,      1.875,    1.67,  301.79, 160.96,      7.500,    0.00,     inf,    inf,     3.750,    0.89,  568.01, 151.47
            8,      4.250,    0.82,  697.90, 164.21,      2.125,    1.67,  342.20, 161.04,      8.500,    0.00,     inf,    inf,     4.250,    1.11,  511.84, 120.43
            9,      4.750,    0.82,  781.20, 164.46,      2.375,    1.66,  382.98, 161.25,      9.500,    0.00,     inf,    inf,     4.750,    1.01,  632.37, 133.13
           10,      5.250,    0.82,  861.94, 164.18,      2.625,    1.67,  422.64, 161.01,     10.500,    0.00,     inf,    inf,     5.250,    1.10,  643.11, 122.50
           11,      5.750,    0.82,  944.63, 164.28,      2.875,    1.66,  464.26, 161.48,     11.500,    0.00,     inf,    inf,     5.750,    1.19,  647.25, 112.57
           12,      6.250,    0.82, 1027.89, 164.46,      3.125,    1.66,  503.91, 161.25,     12.500,    0.00,     inf,    inf,     6.250,    1.47,  570.77,  91.32
           13,      6.750,    0.82, 1109.56, 164.38,      3.375,    1.67,  543.75, 161.11,     13.500,    0.00,     inf,    inf,     6.750,    1.39,  654.10,  96.90
           14,      7.250,    0.82, 1190.30, 164.18,      3.625,    1.67,  583.08, 160.85,     14.500,    0.00,     inf,    inf,     7.250,    1.47,  661.26,  91.21
           15,      7.750,    0.82, 1271.15, 164.02,      3.875,    1.67,  623.72, 160.96,     15.500,    0.00,     inf,    inf,     7.750,    1.56,  665.99,  85.93
           16,      8.250,    0.82, 1358.37, 164.65,      4.125,    1.67,  663.05, 160.74,     16.500,    0.00,     inf,    inf,     8.250,    1.85,  597.54,  72.43
           17,      8.750,    0.82, 1427.97, 163.20,      4.375,    1.67,  701.29, 160.30,     17.500,    0.00,     inf,    inf,     8.750,    1.75,  669.71,  76.54
           18,      9.250,    0.82, 1517.12, 164.01,      4.625,    1.67,  742.93, 160.63,     18.500,    0.00,     inf,    inf,     9.250,    1.84,  675.18,  72.99
           20,     10.250,    0.82, 1674.32, 163.35,      5.125,    1.68,  820.75, 160.15,     20.500,    0.00,     inf,    inf,    10.250,    2.23,  616.03,  60.10
           22,     11.250,    0.82, 1833.03, 162.94,      5.625,    1.69,  894.45, 159.01,     22.500,    0.00,     inf,    inf,    11.250,    2.21,  683.60,  60.76
           24,     12.250,    0.83, 1989.78, 162.43,      6.125,    1.69,  974.86, 159.16,     24.500,    0.00,     inf,    inf,    12.250,    2.62,  628.57,  51.31
           28,     14.250,    0.83, 2295.80, 161.11,      7.125,    1.74, 1101.04, 154.53,     28.500,    0.00,     inf,    inf,    14.250,    3.00,  638.39,  44.80
           32,     16.250,    0.84, 2583.09, 158.96,      8.125,    1.81, 1201.82, 147.92,     32.500,    0.00,     inf,    inf,    16.250,    3.37,  646.46,  39.78
           40,     20.250,    0.93, 2924.34, 144.41,     10.125,    2.09, 1302.58, 128.65,     40.500,    0.00,     inf,    inf,    20.250,    4.14,  657.15,  32.45
           48,     24.250,    1.03, 3156.89, 130.18,     12.125,    2.46, 1322.26, 109.05,     48.500,    0.00,     inf,    inf,    24.250,    4.90,  663.61,  27.37
           56,     28.250,    1.19, 3189.65, 112.91,     14.125,    2.84, 1334.38,  94.47,     56.500,    0.00,     inf,    inf,    28.250,    5.66,  669.49,  23.70
           64,     32.250,    1.33, 3251.12, 100.81,     16.125,    3.22, 1342.98,  83.29,     64.500,    0.00,     inf,    inf,    32.250,    6.43,  673.44,  20.88
           80,     40.250,    1.63, 3305.48,  82.12,     20.125,    3.99, 1355.57,  67.36,     80.500,    0.00,     inf,    inf,    40.250,    7.95,  679.61,  16.88
           96,     48.250,    1.94, 3341.79,  69.26,     24.125,    4.75, 1364.58,  56.56,     96.500,    0.00,     inf,    inf,    48.250,    9.48,  683.28,  14.16
          128,     64.250,    2.53, 3405.24,  53.00,     32.125,    6.27, 1375.07,  42.80,    128.500,    0.00,     inf,    inf,    64.250,   12.57,  685.95,  10.68
          192,     96.250,    3.89, 3319.48,  34.49,     48.125,    9.33, 1385.15,  28.78,    192.500,    0.00,     inf,    inf,    96.250,   18.60,  694.47,   7.22
          256,    128.250,    6.41, 2684.99,  20.94,     64.125,   12.70, 1355.37,  21.14,    256.500,    0.00,     inf,    inf,   128.250,   24.75,  695.41,   5.42
--------------------------------------------------------------------------------------------------------------------------------------------------------------------
mixbench/read-only (v0.03-1-g3ace732)
------------------------ Device specifications ------------------------
Device:              Tesla K80
CUDA driver version: 10.10
GPU clock rate:      823 MHz
Memory clock rate:   1252 MHz
Memory bus width:    384 bits
WarpSize:            32
L2 cache size:       1536 KB
Total global mem:    11441 MB
ECC enabled:         Yes
Compute Capability:  3.7
Total SPs:           2496 (13 MPs x 192 SPs/MP)
Compute throughput:  4110.91 GFlops (theoretical single precision FMAs)
Memory bandwidth:    240.48 GB/sec
-----------------------------------------------------------------------
Total GPU memory 11996954624, free 11926437888
Buffer size:          256MB
Trade-off type:       compute with global memory (block strided)
Elements per thread:  8
Thread fusion degree: 4
Warning:              Half precision computations are not supported
----------------------------------------------------------------------------- CSV data -----------------------------------------------------------------------------
Experiment ID, Single Precision ops,,,,              Double precision ops,,,,              Half precision ops,,,,                Integer operations,,, 
Compute iters, Flops/byte, ex.time,  GFLOPS, GB/sec, Flops/byte, ex.time,  GFLOPS, GB/sec, Flops/byte, ex.time,  GFLOPS, GB/sec, Iops/byte, ex.time,   GIOPS, GB/sec
            0,      0.250,    0.82,   41.05, 164.19,      0.125,    1.67,   20.14, 161.13,      0.500,    0.00,     inf,    inf,     0.250,    0.82,   41.03, 164.11
            1,      0.750,    0.82,  123.21, 164.28,      0.375,    1.66,   60.49, 161.30,      1.500,    0.00,     inf,    inf,     0.750,    0.81,  123.52, 164.70
            2,      1.250,    0.82,  205.22, 164.17,      0.625,    1.66,  100.82, 161.31,      2.500,    0.00,     inf,    inf,     1.250,    0.82,  205.47, 164.37
            3,      1.750,    0.82,  287.33, 164.19,      0.875,    1.67,  140.70, 160.80,      3.500,    0.00,     inf,    inf,     1.750,    0.82,  287.29, 164.17
            4,      2.250,    0.82,  369.43, 164.19,      1.125,    1.67,  181.12, 160.99,      4.500,    0.00,     inf,    inf,     2.250,    0.83,  365.58, 162.48
            5,      2.750,    0.81,  452.97, 164.72,      1.375,    1.67,  221.60, 161.16,      5.500,    0.00,     inf,    inf,     2.750,    0.83,  444.02, 161.46
            6,      3.250,    0.82,  534.48, 164.46,      1.625,    1.67,  261.85, 161.14,      6.500,    0.00,     inf,    inf,     3.250,    0.84,  520.88, 160.27
            7,      3.750,    0.82,  616.25, 164.33,      1.875,    1.66,  302.47, 161.32,      7.500,    0.00,     inf,    inf,     3.750,    0.89,  567.27, 151.27
            8,      4.250,    0.82,  699.05, 164.48,      2.125,    1.66,  342.74, 161.29,      8.500,    0.00,     inf,    inf,     4.250,    1.11,  512.50, 120.59
            9,      4.750,    0.82,  780.71, 164.36,      2.375,    1.66,  383.97, 161.67,      9.500,    0.00,     inf,    inf,     4.750,    1.01,  632.03, 133.06
           10,      5.250,    0.82,  864.21, 164.61,      2.625,    1.66,  423.54, 161.35,     10.500,    0.00,     inf,    inf,     5.250,    1.09,  644.96, 122.85
           11,      5.750,    0.82,  946.81, 164.66,      2.875,    1.66,  463.86, 161.34,     11.500,    0.00,     inf,    inf,     5.750,    1.19,  648.66, 112.81
           12,      6.250,    0.82, 1028.14, 164.50,      3.125,    1.66,  504.41, 161.41,     12.500,    0.00,     inf,    inf,     6.250,    1.47,  570.50,  91.28
           13,      6.750,    0.81, 1113.18, 164.92,      3.375,    1.67,  543.91, 161.16,     13.500,    0.00,     inf,    inf,     6.750,    1.38,  656.45,  97.25
           14,      7.250,    0.81, 1195.12, 164.84,      3.625,    1.67,  584.06, 161.12,     14.500,    0.00,     inf,    inf,     7.250,    1.47,  661.56,  91.25
           15,      7.750,    0.82, 1272.94, 164.25,      3.875,    1.66,  625.15, 161.33,     15.500,    0.00,     inf,    inf,     7.750,    1.56,  666.01,  85.94
           16,      8.250,    0.82, 1356.82, 164.46,      4.125,    1.67,  663.73, 160.90,     16.500,    0.00,     inf,    inf,     8.250,    1.85,  598.39,  72.53
           17,      8.750,    0.82, 1437.19, 164.25,      4.375,    1.67,  702.89, 160.66,     17.500,    0.00,     inf,    inf,     8.750,    1.75,  670.25,  76.60
           18,      9.250,    0.82, 1520.03, 164.33,      4.625,    1.67,  743.34, 160.72,     18.500,    0.00,     inf,    inf,     9.250,    1.84,  675.59,  73.04
           20,     10.250,    0.82, 1678.18, 163.72,      5.125,    1.67,  821.89, 160.37,     20.500,    0.00,     inf,    inf,    10.250,    2.23,  616.31,  60.13
           22,     11.250,    0.82, 1837.03, 163.29,      5.625,    1.68,  898.66, 159.76,     22.500,    0.00,     inf,    inf,    11.250,    2.21,  684.42,  60.84
           24,     12.250,    0.83, 1985.94, 162.12,      6.125,    1.69,  975.57, 159.28,     24.500,    0.00,     inf,    inf,    12.250,    2.61,  629.90,  51.42
           28,     14.250,    0.83, 2302.79, 161.60,      7.125,    1.74, 1098.73, 154.21,     28.500,    0.00,     inf,    inf,    14.250,    2.99,  639.58,  44.88
           32,     16.250,    0.84, 2588.88, 159.32,      8.125,    1.81, 1206.30, 148.47,     32.500,    0.00,     inf,    inf,    16.250,    3.37,  646.44,  39.78
           40,     20.250,    0.93, 2934.75, 144.93,     10.125,    2.09, 1301.94, 128.59,     40.500,    0.00,     inf,    inf,    20.250,    4.14,  657.14,  32.45
           48,     24.250,    1.03, 3156.40, 130.16,     12.125,    2.46, 1323.29, 109.14,     48.500,    0.00,     inf,    inf,    24.250,    4.90,  664.13,  27.39
           56,     28.250,    1.19, 3185.88, 112.77,     14.125,    2.85, 1329.35,  94.11,     56.500,    0.00,     inf,    inf,    28.250,    5.68,  668.08,  23.65
           64,     32.250,    1.34, 3237.35, 100.38,     16.125,    3.22, 1342.26,  83.24,     64.500,    0.00,     inf,    inf,    32.250,    6.42,  673.99,  20.90
           80,     40.250,    1.65, 3279.54,  81.48,     20.125,    3.99, 1354.48,  67.30,     80.500,    0.00,     inf,    inf,    40.250,    7.96,  678.58,  16.86
           96,     48.250,    1.95, 3328.27,  68.98,     24.125,    4.75, 1364.26,  56.55,     96.500,    0.00,     inf,    inf,    48.250,    9.48,  683.39,  14.16
          128,     64.250,    2.54, 3393.96,  52.82,     32.125,    6.26, 1376.53,  42.85,    128.500,    0.00,     inf,    inf,    64.250,   12.64,  682.50,  10.62
          192,     96.250,    3.90, 3312.42,  34.41,     48.125,    9.32, 1385.69,  28.79,    192.500,    0.00,     inf,    inf,    96.250,   18.63,  693.43,   7.20
          256,    128.250,    6.43, 2677.66,  20.88,     64.125,   12.76, 1349.29,  21.04,    256.500,    0.00,     inf,    inf,   128.250,   24.62,  699.02,   5.45
--------------------------------------------------------------------------------------------------------------------------------------------------------------------
mixbench/read-only (v0.03-1-g3ace732)
------------------------ Device specifications ------------------------
Device:              Tesla K80
CUDA driver version: 10.10
GPU clock rate:      823 MHz
Memory clock rate:   1252 MHz
Memory bus width:    384 bits
WarpSize:            32
L2 cache size:       1536 KB
Total global mem:    11441 MB
ECC enabled:         Yes
Compute Capability:  3.7
Total SPs:           2496 (13 MPs x 192 SPs/MP)
Compute throughput:  4110.91 GFlops (theoretical single precision FMAs)
Memory bandwidth:    240.48 GB/sec
-----------------------------------------------------------------------
Total GPU memory 11996954624, free 11926437888
Buffer size:          256MB
Trade-off type:       compute with global memory (block strided)
Elements per thread:  8
Thread fusion degree: 4
Warning:              Half precision computations are not supported
----------------------------------------------------------------------------- CSV data -----------------------------------------------------------------------------
Experiment ID, Single Precision ops,,,,              Double precision ops,,,,              Half precision ops,,,,                Integer operations,,, 
Compute iters, Flops/byte, ex.time,  GFLOPS, GB/sec, Flops/byte, ex.time,  GFLOPS, GB/sec, Flops/byte, ex.time,  GFLOPS, GB/sec, Iops/byte, ex.time,   GIOPS, GB/sec
            0,      0.250,    0.82,   41.05, 164.19,      0.125,    1.67,   20.14, 161.15,      0.500,    0.00,     inf,    inf,     0.250,    0.82,   40.99, 163.96
            1,      0.750,    0.82,  123.50, 164.66,      0.375,    1.66,   60.47, 161.24,      1.500,    0.00,     inf,    inf,     0.750,    0.82,  122.79, 163.72
            2,      1.250,    0.81,  206.04, 164.83,      0.625,    1.66,  100.81, 161.30,      2.500,    0.00,     inf,    inf,     1.250,    0.81,  206.23, 164.99
            3,      1.750,    0.82,  287.02, 164.01,      0.875,    1.66,  141.11, 161.26,      3.500,    0.00,     inf,    inf,     1.750,    0.82,  287.55, 164.31
            4,      2.250,    0.82,  370.42, 164.63,      1.125,    1.67,  181.00, 160.89,      4.500,    0.00,     inf,    inf,     2.250,    0.82,  369.36, 164.16
            5,      2.750,    0.81,  453.82, 165.03,      1.375,    1.66,  221.79, 161.30,      5.500,    0.00,     inf,    inf,     2.750,    0.83,  443.42, 161.24
            6,      3.250,    0.81,  536.86, 165.19,      1.625,    1.66,  262.33, 161.43,      6.500,    0.00,     inf,    inf,     3.250,    0.84,  519.95, 159.98
            7,      3.750,    0.82,  616.88, 164.50,      1.875,    1.66,  302.31, 161.23,      7.500,    0.00,     inf,    inf,     3.750,    0.89,  567.21, 151.26
            8,      4.250,    0.82,  699.79, 164.66,      2.125,    1.66,  342.90, 161.37,      8.500,    0.00,     inf,    inf,     4.250,    1.11,  513.49, 120.82
            9,      4.750,    0.81,  783.35, 164.92,      2.375,    1.66,  383.48, 161.47,      9.500,    0.00,     inf,    inf,     4.750,    1.01,  633.76, 133.42
           10,      5.250,    0.82,  862.79, 164.34,      2.625,    1.66,  424.08, 161.56,     10.500,    0.00,     inf,    inf,     5.250,    1.10,  641.18, 122.13
           11,      5.750,    0.82,  946.93, 164.68,      2.875,    1.66,  463.77, 161.31,     11.500,    0.00,     inf,    inf,     5.750,    1.19,  648.37, 112.76
           12,      6.250,    0.81, 1030.97, 164.95,      3.125,    1.67,  503.65, 161.17,     12.500,    0.00,     inf,    inf,     6.250,    1.47,  570.51,  91.28
           13,      6.750,    0.81, 1111.65, 164.69,      3.375,    1.67,  543.55, 161.05,     13.500,    0.00,     inf,    inf,     6.750,    1.39,  653.41,  96.80
           14,      7.250,    0.82, 1187.65, 163.81,      3.625,    1.67,  583.72, 161.03,     14.500,    0.00,     inf,    inf,     7.250,    1.47,  661.78,  91.28
           15,      7.750,    0.82, 1272.74, 164.22,      3.875,    1.67,  623.64, 160.94,     15.500,    0.00,     inf,    inf,     7.750,    1.56,  666.16,  85.96
           16,      8.250,    0.82, 1353.85, 164.10,      4.125,    1.67,  662.91, 160.70,     16.500,    0.00,     inf,    inf,     8.250,    1.85,  597.96,  72.48
           17,      8.750,    0.82, 1430.19, 163.45,      4.375,    1.67,  701.75, 160.40,     17.500,    0.00,     inf,    inf,     8.750,    1.75,  671.18,  76.71
           18,      9.250,    0.82, 1515.22, 163.81,      4.625,    1.67,  743.36, 160.73,     18.500,    0.00,     inf,    inf,     9.250,    1.84,  675.16,  72.99
           20,     10.250,    0.82, 1676.28, 163.54,      5.125,    1.68,  821.12, 160.22,     20.500,    0.00,     inf,    inf,    10.250,    2.23,  616.50,  60.15
           22,     11.250,    0.82, 1834.81, 163.09,      5.625,    1.68,  897.17, 159.50,     22.500,    0.00,     inf,    inf,    11.250,    2.21,  682.71,  60.68
           24,     12.250,    0.83, 1992.25, 162.63,      6.125,    1.69,  973.77, 158.98,     24.500,    0.00,     inf,    inf,    12.250,    2.61,  629.24,  51.37
           28,     14.250,    0.83, 2297.92, 161.26,      7.125,    1.74, 1099.60, 154.33,     28.500,    0.00,     inf,    inf,    14.250,    2.99,  639.09,  44.85
           32,     16.250,    0.85, 2573.44, 158.37,      8.125,    1.81, 1207.07, 148.56,     32.500,    0.00,     inf,    inf,    16.250,    3.37,  646.74,  39.80
           40,     20.250,    0.93, 2920.52, 144.22,     10.125,    2.09, 1301.36, 128.53,     40.500,    0.00,     inf,    inf,    20.250,    4.14,  656.80,  32.43
           48,     24.250,    1.03, 3161.21, 130.36,     12.125,    2.46, 1323.86, 109.18,     48.500,    0.00,     inf,    inf,    24.250,    4.90,  664.18,  27.39
           56,     28.250,    1.19, 3198.69, 113.23,     14.125,    2.84, 1334.68,  94.49,     56.500,    0.00,     inf,    inf,    28.250,    5.67,  668.36,  23.66
           64,     32.250,    1.33, 3244.19, 100.59,     16.125,    3.22, 1343.25,  83.30,     64.500,    0.00,     inf,    inf,    32.250,    6.42,  673.73,  20.89
           80,     40.250,    1.64, 3293.10,  81.82,     20.125,    3.98, 1355.95,  67.38,     80.500,    0.00,     inf,    inf,    40.250,    7.95,  679.52,  16.88
           96,     48.250,    1.94, 3338.48,  69.19,     24.125,    4.75, 1364.13,  56.54,     96.500,    0.00,     inf,    inf,    48.250,    9.48,  682.95,  14.15
          128,     64.250,    2.53, 3402.36,  52.96,     32.125,    6.28, 1373.17,  42.74,    128.500,    0.00,     inf,    inf,    64.250,   12.57,  685.90,  10.68
          192,     96.250,    3.89, 3321.64,  34.51,     48.125,    9.35, 1381.96,  28.72,    192.500,    0.00,     inf,    inf,    96.250,   18.64,  693.17,   7.20
          256,    128.250,    6.41, 2684.97,  20.94,     64.125,   12.72, 1353.05,  21.10,    256.500,    0.00,     inf,    inf,   128.250,   24.71,  696.53,   5.43
--------------------------------------------------------------------------------------------------------------------------------------------------------------------
