sysbench 1.0.19 (using bundled LuaJIT 2.1.0-beta2)

Running the test with following options:
Number of threads: 4
Validation checks: on.

Initializing random number generator from current time


Prime numbers limit: 1000000

Initializing worker threads...

Threads started!

Latency histogram (values are in milliseconds)
       value  ------------- distribution ------------- count
     634.661 |**************************************** 63
     646.192 |*                                        1
 
CPU speed:
    events per second:     6.28

General statistics:
    total time:                          10.1954s
    total number of events:              64

Latency (ms):
         min:                                  634.35
         avg:                                  636.91
         max:                                  650.65
         95th percentile:                      634.66
         sum:                                40762.56

Threads fairness:
    events (avg/stddev):           16.0000/0.00
    execution time (avg/stddev):   10.1906/0.00

sysbench 1.0.19 (using bundled LuaJIT 2.1.0-beta2)

Running the test with following options:
Number of threads: 4
Validation checks: on.

Initializing random number generator from current time


Prime numbers limit: 1000000

Initializing worker threads...

Threads started!

Latency histogram (values are in milliseconds)
       value  ------------- distribution ------------- count
     634.661 |**************************************** 64
 
CPU speed:
    events per second:     6.28

General statistics:
    total time:                          10.1844s
    total number of events:              64

Latency (ms):
         min:                                  633.85
         avg:                                  636.18
         max:                                  640.29
         95th percentile:                      634.66
         sum:                                40715.69

Threads fairness:
    events (avg/stddev):           16.0000/0.00
    execution time (avg/stddev):   10.1789/0.00

sysbench 1.0.19 (using bundled LuaJIT 2.1.0-beta2)

Running the test with following options:
Number of threads: 4
Validation checks: on.

Initializing random number generator from current time


Prime numbers limit: 1000000

Initializing worker threads...

Threads started!

Latency histogram (values are in milliseconds)
       value  ------------- distribution ------------- count
     634.661 |**************************************** 64
 
CPU speed:
    events per second:     6.28

General statistics:
    total time:                          10.1938s
    total number of events:              64

Latency (ms):
         min:                                  636.73
         avg:                                  636.97
         max:                                  637.07
         95th percentile:                      634.66
         sum:                                40765.89

Threads fairness:
    events (avg/stddev):           16.0000/0.00
    execution time (avg/stddev):   10.1915/0.00

sysbench 1.0.19 (using bundled LuaJIT 2.1.0-beta2)

Running the test with following options:
Number of threads: 4
Validation checks: on.

Initializing random number generator from current time


Prime numbers limit: 1000000

Initializing worker threads...

Threads started!

Latency histogram (values are in milliseconds)
       value  ------------- distribution ------------- count
     634.661 |**************************************** 63
     646.192 |*                                        1
 
CPU speed:
    events per second:     6.28

General statistics:
    total time:                          10.1940s
    total number of events:              64

Latency (ms):
         min:                                  634.10
         avg:                                  636.82
         max:                                  645.83
         95th percentile:                      634.66
         sum:                                40756.45

Threads fairness:
    events (avg/stddev):           16.0000/0.00
    execution time (avg/stddev):   10.1891/0.00

sysbench 1.0.19 (using bundled LuaJIT 2.1.0-beta2)

Running the test with following options:
Number of threads: 4
Validation checks: on.

Initializing random number generator from current time


Prime numbers limit: 1000000

Initializing worker threads...

Threads started!

Latency histogram (values are in milliseconds)
       value  ------------- distribution ------------- count
     634.661 |**************************************** 64
 
CPU speed:
    events per second:     6.28

General statistics:
    total time:                          10.1935s
    total number of events:              64

Latency (ms):
         min:                                  636.48
         avg:                                  636.93
         max:                                  637.33
         95th percentile:                      634.66
         sum:                                40763.43

Threads fairness:
    events (avg/stddev):           16.0000/0.00
    execution time (avg/stddev):   10.1909/0.00

sysbench 1.0.19 (using bundled LuaJIT 2.1.0-beta2)

Running the test with following options:
Number of threads: 4
Validation checks: on.

Initializing random number generator from current time


Prime numbers limit: 1000000

Initializing worker threads...

Threads started!

Latency histogram (values are in milliseconds)
       value  ------------- distribution ------------- count
     634.661 |**************************************** 64
 
CPU speed:
    events per second:     6.28

General statistics:
    total time:                          10.1976s
    total number of events:              64

Latency (ms):
         min:                                  635.34
         avg:                                  636.70
         max:                                  638.60
         95th percentile:                      634.66
         sum:                                40748.98

Threads fairness:
    events (avg/stddev):           16.0000/0.00
    execution time (avg/stddev):   10.1872/0.01

sysbench 1.0.19 (using bundled LuaJIT 2.1.0-beta2)

Running the test with following options:
Number of threads: 4
Validation checks: on.

Initializing random number generator from current time


Prime numbers limit: 1000000

Initializing worker threads...

Threads started!

Latency histogram (values are in milliseconds)
       value  ------------- distribution ------------- count
     634.661 |**************************************** 63
     646.192 |*                                        1
 
CPU speed:
    events per second:     6.28

General statistics:
    total time:                          10.1919s
    total number of events:              64

Latency (ms):
         min:                                  635.06
         avg:                                  636.78
         max:                                  640.70
         95th percentile:                      634.66
         sum:                                40753.64

Threads fairness:
    events (avg/stddev):           16.0000/0.00
    execution time (avg/stddev):   10.1884/0.00

sysbench 1.0.19 (using bundled LuaJIT 2.1.0-beta2)

Running the test with following options:
Number of threads: 4
Validation checks: on.

Initializing random number generator from current time


Prime numbers limit: 1000000

Initializing worker threads...

Threads started!

Latency histogram (values are in milliseconds)
       value  ------------- distribution ------------- count
     634.661 |**************************************** 64
 
CPU speed:
    events per second:     6.28

General statistics:
    total time:                          10.1917s
    total number of events:              64

Latency (ms):
         min:                                  636.24
         avg:                                  636.82
         max:                                  637.06
         95th percentile:                      634.66
         sum:                                40756.40

Threads fairness:
    events (avg/stddev):           16.0000/0.00
    execution time (avg/stddev):   10.1891/0.00

sysbench 1.0.19 (using bundled LuaJIT 2.1.0-beta2)

Running the test with following options:
Number of threads: 4
Validation checks: on.

Initializing random number generator from current time


Prime numbers limit: 1000000

Initializing worker threads...

Threads started!

Latency histogram (values are in milliseconds)
       value  ------------- distribution ------------- count
     634.661 |**************************************** 63
     646.192 |*                                        1
 
CPU speed:
    events per second:     6.28

General statistics:
    total time:                          10.1959s
    total number of events:              64

Latency (ms):
         min:                                  633.89
         avg:                                  636.94
         max:                                  646.09
         95th percentile:                      634.66
         sum:                                40764.37

Threads fairness:
    events (avg/stddev):           16.0000/0.00
    execution time (avg/stddev):   10.1911/0.00

sysbench 1.0.19 (using bundled LuaJIT 2.1.0-beta2)

Running the test with following options:
Number of threads: 4
Validation checks: on.

Initializing random number generator from current time


Prime numbers limit: 1000000

Initializing worker threads...

Threads started!

Latency histogram (values are in milliseconds)
       value  ------------- distribution ------------- count
     634.661 |**************************************** 63
     646.192 |*                                        1
 
CPU speed:
    events per second:     6.28

General statistics:
    total time:                          10.1933s
    total number of events:              64

Latency (ms):
         min:                                  633.87
         avg:                                  636.69
         max:                                  645.58
         95th percentile:                      634.66
         sum:                                40748.32

Threads fairness:
    events (avg/stddev):           16.0000/0.00
    execution time (avg/stddev):   10.1871/0.01

sysbench 1.0.19 (using bundled LuaJIT 2.1.0-beta2)

Running the test with following options:
Number of threads: 4
Validation checks: on.

Initializing random number generator from current time


Prime numbers limit: 1000000

Initializing worker threads...

Threads started!

Latency histogram (values are in milliseconds)
       value  ------------- distribution ------------- count
     634.661 |**************************************** 64
 
CPU speed:
    events per second:     6.28

General statistics:
    total time:                          10.1937s
    total number of events:              64

Latency (ms):
         min:                                  636.43
         avg:                                  636.95
         max:                                  637.20
         95th percentile:                      634.66
         sum:                                40764.94

Threads fairness:
    events (avg/stddev):           16.0000/0.00
    execution time (avg/stddev):   10.1912/0.00

sysbench 1.0.19 (using bundled LuaJIT 2.1.0-beta2)

Running the test with following options:
Number of threads: 4
Validation checks: on.

Initializing random number generator from current time


Prime numbers limit: 1000000

Initializing worker threads...

Threads started!

Latency histogram (values are in milliseconds)
       value  ------------- distribution ------------- count
     634.661 |**************************************** 63
     646.192 |*                                        1
 
CPU speed:
    events per second:     6.27

General statistics:
    total time:                          10.2006s
    total number of events:              64

Latency (ms):
         min:                                  635.42
         avg:                                  636.94
         max:                                  642.06
         95th percentile:                      634.66
         sum:                                40764.12

Threads fairness:
    events (avg/stddev):           16.0000/0.00
    execution time (avg/stddev):   10.1910/0.01

sysbench 1.0.19 (using bundled LuaJIT 2.1.0-beta2)

Running the test with following options:
Number of threads: 4
Validation checks: on.

Initializing random number generator from current time


Prime numbers limit: 1000000

Initializing worker threads...

Threads started!

Latency histogram (values are in milliseconds)
       value  ------------- distribution ------------- count
     634.661 |**************************************** 63
     657.933 |*                                        1
 
CPU speed:
    events per second:     6.28

General statistics:
    total time:                          10.1964s
    total number of events:              64

Latency (ms):
         min:                                  631.75
         avg:                                  636.88
         max:                                  655.06
         95th percentile:                      634.66
         sum:                                40760.56

Threads fairness:
    events (avg/stddev):           16.0000/0.00
    execution time (avg/stddev):   10.1901/0.01

sysbench 1.0.19 (using bundled LuaJIT 2.1.0-beta2)

Running the test with following options:
Number of threads: 4
Validation checks: on.

Initializing random number generator from current time


Prime numbers limit: 1000000

Initializing worker threads...

Threads started!

Latency histogram (values are in milliseconds)
       value  ------------- distribution ------------- count
     634.661 |**************************************** 63
     646.192 |*                                        1
 
CPU speed:
    events per second:     6.28

General statistics:
    total time:                          10.1848s
    total number of events:              64

Latency (ms):
         min:                                  633.73
         avg:                                  636.19
         max:                                  640.50
         95th percentile:                      634.66
         sum:                                40716.19

Threads fairness:
    events (avg/stddev):           16.0000/0.00
    execution time (avg/stddev):   10.1790/0.00

sysbench 1.0.19 (using bundled LuaJIT 2.1.0-beta2)

Running the test with following options:
Number of threads: 4
Validation checks: on.

Initializing random number generator from current time


Prime numbers limit: 1000000

Initializing worker threads...

Threads started!

Latency histogram (values are in milliseconds)
       value  ------------- distribution ------------- count
     634.661 |**************************************** 63
     646.192 |*                                        1
 
CPU speed:
    events per second:     6.27

General statistics:
    total time:                          10.1984s
    total number of events:              64

Latency (ms):
         min:                                  635.66
         avg:                                  636.69
         max:                                  643.72
         95th percentile:                      634.66
         sum:                                40748.32

Threads fairness:
    events (avg/stddev):           16.0000/0.00
    execution time (avg/stddev):   10.1871/0.01

sysbench 1.0.19 (using bundled LuaJIT 2.1.0-beta2)

Running the test with following options:
Number of threads: 4
Validation checks: on.

Initializing random number generator from current time


Prime numbers limit: 1000000

Initializing worker threads...

Threads started!

Latency histogram (values are in milliseconds)
       value  ------------- distribution ------------- count
     634.661 |**************************************** 64
 
CPU speed:
    events per second:     6.28

General statistics:
    total time:                          10.1911s
    total number of events:              64

Latency (ms):
         min:                                  635.52
         avg:                                  636.51
         max:                                  637.15
         95th percentile:                      634.66
         sum:                                40736.95

Threads fairness:
    events (avg/stddev):           16.0000/0.00
    execution time (avg/stddev):   10.1842/0.01

sysbench 1.0.19 (using bundled LuaJIT 2.1.0-beta2)

Running the test with following options:
Number of threads: 4
Validation checks: on.

Initializing random number generator from current time


Prime numbers limit: 1000000

Initializing worker threads...

Threads started!

Latency histogram (values are in milliseconds)
       value  ------------- distribution ------------- count
     634.661 |**************************************** 64
 
CPU speed:
    events per second:     6.28

General statistics:
    total time:                          10.1919s
    total number of events:              64

Latency (ms):
         min:                                  635.91
         avg:                                  636.65
         max:                                  637.38
         95th percentile:                      634.66
         sum:                                40745.53

Threads fairness:
    events (avg/stddev):           16.0000/0.00
    execution time (avg/stddev):   10.1864/0.00

sysbench 1.0.19 (using bundled LuaJIT 2.1.0-beta2)

Running the test with following options:
Number of threads: 4
Validation checks: on.

Initializing random number generator from current time


Prime numbers limit: 1000000

Initializing worker threads...

Threads started!

Latency histogram (values are in milliseconds)
       value  ------------- distribution ------------- count
     634.661 |**************************************** 64
 
CPU speed:
    events per second:     6.28

General statistics:
    total time:                          10.1863s
    total number of events:              64

Latency (ms):
         min:                                  635.85
         avg:                                  636.45
         max:                                  637.15
         95th percentile:                      634.66
         sum:                                40732.57

Threads fairness:
    events (avg/stddev):           16.0000/0.00
    execution time (avg/stddev):   10.1831/0.00

sysbench 1.0.19 (using bundled LuaJIT 2.1.0-beta2)

Running the test with following options:
Number of threads: 4
Validation checks: on.

Initializing random number generator from current time


Prime numbers limit: 1000000

Initializing worker threads...

Threads started!

Latency histogram (values are in milliseconds)
       value  ------------- distribution ------------- count
     634.661 |**************************************** 63
     646.192 |*                                        1
 
CPU speed:
    events per second:     6.28

General statistics:
    total time:                          10.1850s
    total number of events:              64

Latency (ms):
         min:                                  633.99
         avg:                                  636.18
         max:                                  640.73
         95th percentile:                      634.66
         sum:                                40715.57

Threads fairness:
    events (avg/stddev):           16.0000/0.00
    execution time (avg/stddev):   10.1789/0.00

sysbench 1.0.19 (using bundled LuaJIT 2.1.0-beta2)

Running the test with following options:
Number of threads: 4
Validation checks: on.

Initializing random number generator from current time


Prime numbers limit: 1000000

Initializing worker threads...

Threads started!

Latency histogram (values are in milliseconds)
       value  ------------- distribution ------------- count
     634.661 |**************************************** 64
 
CPU speed:
    events per second:     6.28

General statistics:
    total time:                          10.1917s
    total number of events:              64

Latency (ms):
         min:                                  635.70
         avg:                                  636.58
         max:                                  637.06
         95th percentile:                      634.66
         sum:                                40740.99

Threads fairness:
    events (avg/stddev):           16.0000/0.00
    execution time (avg/stddev):   10.1852/0.00

