./run_sysbench.sh: line 5: sysbench: command not found
./run_sysbench.sh: line 5: sysbench: command not found
./run_sysbench.sh: line 5: sysbench: command not found
./run_sysbench.sh: line 5: sysbench: command not found
./run_sysbench.sh: line 5: sysbench: command not found
./run_sysbench.sh: line 5: sysbench: command not found
./run_sysbench.sh: line 5: sysbench: command not found
./run_sysbench.sh: line 5: sysbench: command not found
./run_sysbench.sh: line 5: sysbench: command not found
./run_sysbench.sh: line 5: sysbench: command not found
sysbench 1.0.19 (using bundled LuaJIT 2.1.0-beta2)

Running the test with following options:
Number of threads: 4
Validation checks: on.

Initializing random number generator from current time


Prime numbers limit: 1000000

Initializing worker threads...

Threads started!

Latency histogram (values are in milliseconds)
       value  ------------- distribution ------------- count
    2728.806 |********                                 1
    2932.602 |********                                 1
    2985.887 |********                                 1
    3040.139 |**************************************** 5
    3095.377 |****************                         2
    3151.619 |********                                 1
    3208.883 |****************                         2
    3326.551 |****************                         2
    3448.533 |********                                 1
 
CPU speed:
    events per second:     1.28

General statistics:
    total time:                          12.5435s
    total number of events:              16

Latency (ms):
         min:                                 2723.46
         avg:                                 3104.92
         max:                                 3433.32
         95th percentile:                     3326.55
         sum:                                49678.74

Threads fairness:
    events (avg/stddev):           4.0000/0.00
    execution time (avg/stddev):   12.4197/0.07

sysbench 1.0.19 (using bundled LuaJIT 2.1.0-beta2)

Running the test with following options:
Number of threads: 4
Validation checks: on.

Initializing random number generator from current time


Prime numbers limit: 1000000

Initializing worker threads...

Threads started!

Latency histogram (values are in milliseconds)
       value  ------------- distribution ------------- count
    2449.355 |***************************              2
    2539.172 |*************                            1
    2728.806 |**************************************** 3
    2778.387 |***************************              2
    2828.869 |**************************************** 3
    2880.269 |*************                            1
    2932.602 |*************                            1
    3040.139 |*************                            1
    3095.377 |***************************              2
 
CPU speed:
    events per second:     1.40

General statistics:
    total time:                          11.4561s
    total number of events:              16

Latency (ms):
         min:                                 2442.28
         avg:                                 2793.65
         max:                                 3099.90
         95th percentile:                     3095.38
         sum:                                44698.46

Threads fairness:
    events (avg/stddev):           4.0000/0.00
    execution time (avg/stddev):   11.1746/0.20

sysbench 1.0.19 (using bundled LuaJIT 2.1.0-beta2)

Running the test with following options:
Number of threads: 4
Validation checks: on.

Initializing random number generator from current time


Prime numbers limit: 1000000

Initializing worker threads...

Threads started!

Latency histogram (values are in milliseconds)
       value  ------------- distribution ------------- count
    2680.109 |*************                            1
    3095.377 |*************                            1
    3326.551 |**************************************** 3
    3386.993 |***************************              2
    3448.533 |***************************              2
    3511.192 |***************************              2
    3639.945 |*************                            1
    3706.081 |*************                            1
 
CPU speed:
    events per second:     1.04

General statistics:
    total time:                          12.4855s
    total number of events:              13

Latency (ms):
         min:                                 2669.02
         avg:                                 3365.87
         max:                                 3715.48
         95th percentile:                     3639.94
         sum:                                43756.28

Threads fairness:
    events (avg/stddev):           3.2500/0.43
    execution time (avg/stddev):   10.9391/0.92

sysbench 1.0.19 (using bundled LuaJIT 2.1.0-beta2)

Running the test with following options:
Number of threads: 4
Validation checks: on.

Initializing random number generator from current time


Prime numbers limit: 1000000

Initializing worker threads...

Threads started!

Latency histogram (values are in milliseconds)
       value  ------------- distribution ------------- count
    2632.282 |*************                            1
    2880.269 |*************                            1
    2932.602 |*************                            1
    3151.619 |*************                            1
    3208.883 |***************************              2
    3267.187 |**************************************** 3
    3326.551 |*************                            1
    3448.533 |***************************              2
    3574.989 |*************                            1
    3639.945 |*************                            1
    3911.789 |*************                            1
 
CPU speed:
    events per second:     1.12

General statistics:
    total time:                          13.3357s
    total number of events:              15

Latency (ms):
         min:                                 2631.65
         avg:                                 3281.90
         max:                                 3946.44
         95th percentile:                     3639.94
         sum:                                49228.49

Threads fairness:
    events (avg/stddev):           3.7500/0.43
    execution time (avg/stddev):   12.3071/0.83

sysbench 1.0.19 (using bundled LuaJIT 2.1.0-beta2)

Running the test with following options:
Number of threads: 4
Validation checks: on.

Initializing random number generator from current time


Prime numbers limit: 1000000

Initializing worker threads...

Threads started!

Latency histogram (values are in milliseconds)
       value  ------------- distribution ------------- count
    2728.806 |*************                            1
    2880.269 |*************                            1
    2932.602 |*************                            1
    2985.887 |*************                            1
    3151.619 |*************                            1
    3326.551 |*************                            1
    3448.533 |*************                            1
    3574.989 |**************************************** 3
    3706.081 |***************************              2
    3773.420 |*************                            1
 
CPU speed:
    events per second:     1.07

General statistics:
    total time:                          12.0945s
    total number of events:              13

Latency (ms):
         min:                                 2733.95
         avg:                                 3334.14
         max:                                 3782.64
         95th percentile:                     3706.08
         sum:                                43343.87

Threads fairness:
    events (avg/stddev):           3.2500/0.43
    execution time (avg/stddev):   10.8360/0.73

sysbench 1.0.19 (using bundled LuaJIT 2.1.0-beta2)

Running the test with following options:
Number of threads: 4
Validation checks: on.

Initializing random number generator from current time


Prime numbers limit: 1000000

Initializing worker threads...

Threads started!

Latency histogram (values are in milliseconds)
       value  ------------- distribution ------------- count
    2828.869 |*************                            1
    2932.602 |*************                            1
    2985.887 |*************                            1
    3040.139 |*************                            1
    3095.377 |*************                            1
    3151.619 |*************                            1
    3326.551 |***************************              2
    3448.533 |*************                            1
    3511.192 |**************************************** 3
    3574.989 |*************                            1
    3639.945 |*************                            1
 
CPU speed:
    events per second:     1.05

General statistics:
    total time:                          13.3295s
    total number of events:              14

Latency (ms):
         min:                                 2833.77
         avg:                                 3273.92
         max:                                 3614.00
         95th percentile:                     3574.99
         sum:                                45834.81

Threads fairness:
    events (avg/stddev):           3.5000/0.50
    execution time (avg/stddev):   11.4587/1.42

sysbench 1.0.19 (using bundled LuaJIT 2.1.0-beta2)

Running the test with following options:
Number of threads: 4
Validation checks: on.

Initializing random number generator from current time


Prime numbers limit: 1000000

Initializing worker threads...

Threads started!

Latency histogram (values are in milliseconds)
       value  ------------- distribution ------------- count
    2585.308 |********************                     1
    2728.806 |********************                     1
    2828.869 |********************                     1
    2880.269 |********************                     1
    2932.602 |**************************************** 2
    3208.883 |********************                     1
    3267.187 |**************************************** 2
    3326.551 |********************                     1
    3386.993 |**************************************** 2
    3448.533 |********************                     1
    3511.192 |********************                     1
    3706.081 |********************                     1
 
CPU speed:
    events per second:     1.21

General statistics:
    total time:                          12.4055s
    total number of events:              15

Latency (ms):
         min:                                 2595.51
         avg:                                 3165.93
         max:                                 3733.68
         95th percentile:                     3511.19
         sum:                                47488.95

Threads fairness:
    events (avg/stddev):           3.7500/0.43
    execution time (avg/stddev):   11.8722/0.71

sysbench 1.0.19 (using bundled LuaJIT 2.1.0-beta2)

Running the test with following options:
Number of threads: 4
Validation checks: on.

Initializing random number generator from current time


Prime numbers limit: 1000000

Initializing worker threads...

Threads started!

Latency histogram (values are in milliseconds)
       value  ------------- distribution ------------- count
    1013.597 |********************                     1
    1170.648 |********************                     1
    1973.377 |********************                     1
    2159.289 |********************                     1
    2198.523 |********************                     1
    2362.716 |********************                     1
    2405.646 |********************                     1
    2449.355 |**************************************** 2
    2493.859 |**************************************** 2
    2539.172 |********************                     1
    2632.282 |********************                     1
    2680.109 |********************                     1
    2828.869 |**************************************** 2
    2880.269 |**************************************** 2
 
CPU speed:
    events per second:     1.64

General statistics:
    total time:                          10.9493s
    total number of events:              18

Latency (ms):
         min:                                 1014.29
         avg:                                 2359.83
         max:                                 2896.45
         95th percentile:                     2880.27
         sum:                                42476.93

Threads fairness:
    events (avg/stddev):           4.5000/0.50
    execution time (avg/stddev):   10.6192/0.31

sysbench 1.0.19 (using bundled LuaJIT 2.1.0-beta2)

Running the test with following options:
Number of threads: 4
Validation checks: on.

Initializing random number generator from current time


Prime numbers limit: 1000000

Initializing worker threads...

Threads started!

Latency histogram (values are in milliseconds)
       value  ------------- distribution ------------- count
     559.501 |*************                            1
     569.667 |*************                            1
     623.335 |***************************              2
     657.933 |*************                            1
     669.888 |*************                            1
     682.059 |*************                            1
     707.070 |*************                            1
     732.998 |**************************************** 3
     773.683 |***************************              2
     846.572 |*************                            1
     861.954 |***************************              2
     877.615 |*************                            1
     893.561 |*************                            1
     909.797 |*************                            1
     926.327 |*************                            1
     943.158 |*************                            1
     960.295 |*************                            1
     995.508 |***************************              2
    1013.597 |***************************              2
    1032.013 |*************                            1
    1050.764 |*************                            1
    1089.295 |***************************              2
    1109.087 |***************************              2
    1149.757 |***************************              2
    1191.918 |*************                            1
    1213.575 |*************                            1
    1327.905 |*************                            1
    1352.033 |*************                            1
    1376.599 |*************                            1
    1401.611 |*************                            1
    1453.007 |*************                            1
    1648.196 |*************                            1
    2082.910 |*************                            1
    2362.716 |*************                            1
 
CPU speed:
    events per second:     3.65

General statistics:
    total time:                          12.0513s
    total number of events:              44

Latency (ms):
         min:                                  559.58
         avg:                                 1027.21
         max:                                 2354.17
         95th percentile:                     1648.20
         sum:                                45197.33

Threads fairness:
    events (avg/stddev):           11.0000/0.00
    execution time (avg/stddev):   11.2993/0.67

sysbench 1.0.19 (using bundled LuaJIT 2.1.0-beta2)

Running the test with following options:
Number of threads: 4
Validation checks: on.

Initializing random number generator from current time


Prime numbers limit: 1000000

Initializing worker threads...

Threads started!

Latency histogram (values are in milliseconds)
       value  ------------- distribution ------------- count
    2880.269 |********                                 1
    3040.139 |********                                 1
    3095.377 |********                                 1
    3151.619 |********                                 1
    3267.187 |**************************************** 5
    3326.551 |********                                 1
    3386.993 |********                                 1
    3448.533 |********                                 1
    3574.989 |********                                 1
    3911.789 |********                                 1
 
CPU speed:
    events per second:     1.08

General statistics:
    total time:                          12.9492s
    total number of events:              14

Latency (ms):
         min:                                 2899.14
         avg:                                 3288.14
         max:                                 3879.55
         95th percentile:                     3574.99
         sum:                                46033.96

Threads fairness:
    events (avg/stddev):           3.5000/0.50
    execution time (avg/stddev):   11.5085/1.31

