mixbench/alternating (v0.03-1-g3ace732)
------------------------ Device specifications ------------------------
Device:              Tesla K80
CUDA driver version: 10.0
GPU clock rate:      823 MHz
Memory clock rate:   1252 MHz
Memory bus width:    384 bits
WarpSize:            32
L2 cache size:       1536 KB
Total global mem:    11441 MB
ECC enabled:         Yes
Compute Capability:  3.7
Total SPs:           2496 (13 MPs x 192 SPs/MP)
Compute throughput:  4110.91 GFlops (theoretical single precision FMAs)
Memory bandwidth:    240.48 GB/sec
-----------------------------------------------------------------------
Total GPU memory 11996954624, free 11921850368
Buffer size:          64MB
Trade-off type:       compute with global memory (block strided)
Warning:              Half precision computations are not supported
----------------------------------------------------------------------------- CSV data -----------------------------------------------------------------------------
Experiment ID, Single Precision ops,,,,              Double precision ops,,,,              Half precision ops,,,,                Integer operations,,, 
Compute iters, Flops/byte, ex.time,  GFLOPS, GB/sec, Flops/byte, ex.time,  GFLOPS, GB/sec, Flops/byte, ex.time,  GFLOPS, GB/sec, Iops/byte, ex.time,   GIOPS, GB/sec
            0,      0.000,   56.18,    0.00, 152.90,      0.000,  119.04,    0.00, 144.32,      0.000,    0.00,    -nan,    inf,     0.000,   55.43,    0.00, 154.97
            1,      0.129,   53.69,   20.00, 154.99,      0.065,  115.40,    9.30, 144.22,      0.258,    0.00,     inf,    inf,     0.129,   52.95,   20.28, 157.15
            2,      0.267,   51.75,   41.50, 155.61,      0.133,  111.46,   19.27, 144.50,      0.533,    0.00,     inf,    inf,     0.267,   51.85,   41.42, 155.31
            3,      0.414,   49.22,   65.45, 158.17,      0.207,  107.66,   29.92, 144.61,      0.828,    0.00,     inf,    inf,     0.414,   49.77,   64.73, 156.42
            4,      0.571,   48.26,   89.00, 155.76,      0.286,  103.96,   41.31, 144.59,      1.143,    0.00,     inf,    inf,     0.571,   48.26,   88.99, 155.74
            5,      0.741,   44.62,  120.33, 162.45,      0.370,  100.21,   53.57, 144.65,      1.481,    0.00,     inf,    inf,     0.741,   45.32,  118.47, 159.93
            6,      0.923,   43.20,  149.12, 161.55,      0.462,   96.45,   66.80, 144.73,      1.846,    0.00,     inf,    inf,     0.923,   43.72,  147.35, 159.63
            7,      1.120,   39.78,  188.96, 168.71,      0.560,   92.96,   80.85, 144.38,      2.240,    0.00,     inf,    inf,     1.120,   40.23,  186.83, 166.81
            8,      1.333,   38.55,  222.80, 167.10,      0.667,   88.42,   97.15, 145.73,      2.667,    0.00,     inf,    inf,     1.333,   39.01,  220.22, 165.16
            9,      1.565,   35.09,  275.40, 175.95,      0.783,   84.93,  113.78, 145.39,      3.130,    0.00,     inf,    inf,     1.565,   36.07,  267.91, 171.17
           10,      1.818,   34.32,  312.86, 172.07,      0.909,   81.31,  132.06, 145.26,      3.636,    0.00,     inf,    inf,     1.818,   34.84,  308.22, 169.52
           11,      2.095,   29.13,  405.52, 193.54,      1.048,   77.43,  152.55, 145.62,      4.190,    0.00,     inf,    inf,     2.095,   18.55,  636.69, 303.88
           12,      2.400,   28.36,  454.38, 189.32,      1.200,   73.54,  175.20, 146.00,      4.800,    0.00,     inf,    inf,     2.400,   20.34,  633.42, 263.92
           13,      2.737,   23.52,  593.44, 216.83,      1.368,   69.83,  199.91, 146.09,      5.474,    0.00,     inf,    inf,     2.737,   21.58,  646.76, 236.31
           14,      3.111,   22.14,  678.85, 218.20,      1.556,   66.11,  227.38, 146.17,      6.222,    0.00,     inf,    inf,     3.111,   22.96,  654.70, 210.44
           15,      3.529,   18.48,  871.42, 246.90,      1.765,   61.53,  261.77, 148.34,      7.059,    0.00,     inf,    inf,     3.529,   24.91,  646.46, 183.16
           16,      4.000,   28.12,  611.01, 152.75,      2.000,   59.66,  287.98, 143.99,      8.000,    0.00,     inf,    inf,     4.000,   26.32,  652.63, 163.16
           17,      4.533,   25.60,  712.94, 157.27,      2.267,   54.52,  334.78, 147.70,      9.067,    0.00,     inf,    inf,     4.533,   27.05,  674.84, 148.86
           18,      5.143,   24.26,  796.59, 154.89,      2.571,   52.08,  371.14, 144.33,     10.286,    0.00,     inf,    inf,     5.143,   29.33,  658.97, 128.13
           19,      5.846,   21.21,  961.92, 164.54,      2.923,   47.03,  433.83, 148.42,     11.692,    0.00,     inf,    inf,     5.846,   30.97,  658.71, 112.67
           20,      6.667,   19.59, 1096.01, 164.40,      3.333,   44.76,  479.80, 143.94,     13.333,    0.00,     inf,    inf,     6.667,   32.42,  662.49,  99.37
           21,      7.636,   17.14, 1315.29, 172.24,      3.818,   39.71,  567.84, 148.72,     15.273,    0.00,     inf,    inf,     7.636,   33.61,  670.89,  87.86
           22,      8.800,   17.64, 1338.89, 152.15,      4.400,   37.57,  628.68, 142.88,     17.600,    0.00,     inf,    inf,     8.800,   34.91,  676.62,  76.89
           23,     10.222,   14.61, 1690.23, 165.35,      5.111,   32.06,  770.41, 150.73,     20.444,    0.00,     inf,    inf,    10.222,   36.99,  667.61,  65.31
           24,     12.000,   14.33, 1798.00, 149.83,      6.000,   29.92,  861.37, 143.56,     24.000,    0.00,     inf,    inf,    12.000,   38.80,  664.13,  55.34
           25,     14.286,   11.43, 2347.60, 164.33,      7.143,   24.87, 1079.48, 151.13,     28.571,    0.00,     inf,    inf,    14.286,   38.95,  689.18,  48.24
           26,     17.333,   10.86, 2570.71, 148.31,      8.667,   22.30, 1251.82, 144.44,     34.667,    0.00,     inf,    inf,    17.333,   41.45,  673.44,  38.85
           27,     21.600,   10.01, 2895.86, 134.07,     10.800,   22.76, 1273.52, 117.92,     43.200,    0.00,     inf,    inf,    21.600,   41.87,  692.39,  32.06
           28,     28.000,    8.77, 3429.08, 122.47,     14.000,   23.45, 1282.22,  91.59,     56.000,    0.00,     inf,    inf,    28.000,   43.92,  684.56,  24.45
           29,     38.667,    8.96, 3474.82,  89.87,     19.333,   23.32, 1335.48,  69.08,     77.333,    0.00,     inf,    inf,    38.667,   44.82,  694.68,  17.97
           30,     60.000,    9.12, 3533.06,  58.88,     30.000,   23.49, 1371.41,  45.71,    120.000,    0.00,     inf,    inf,    60.000,   46.66,  690.41,  11.51
           31,    124.000,    9.29, 3584.44,  28.91,     62.000,   24.17, 1377.24,  22.21,    248.000,    0.00,     inf,    inf,   124.000,   47.54,  700.23,   5.65
           32,        inf,    9.30, 3695.23,   0.00,        inf,   24.78, 1386.36,   0.00,        inf,    0.00,     inf,   -nan,       inf,   49.06,  700.39,   0.00
--------------------------------------------------------------------------------------------------------------------------------------------------------------------
mixbench/alternating (v0.03-1-g3ace732)
------------------------ Device specifications ------------------------
Device:              Tesla K80
CUDA driver version: 10.0
GPU clock rate:      823 MHz
Memory clock rate:   1252 MHz
Memory bus width:    384 bits
WarpSize:            32
L2 cache size:       1536 KB
Total global mem:    11441 MB
ECC enabled:         Yes
Compute Capability:  3.7
Total SPs:           2496 (13 MPs x 192 SPs/MP)
Compute throughput:  4110.91 GFlops (theoretical single precision FMAs)
Memory bandwidth:    240.48 GB/sec
-----------------------------------------------------------------------
Total GPU memory 11996954624, free 11921850368
Buffer size:          64MB
Trade-off type:       compute with global memory (block strided)
Warning:              Half precision computations are not supported
----------------------------------------------------------------------------- CSV data -----------------------------------------------------------------------------
Experiment ID, Single Precision ops,,,,              Double precision ops,,,,              Half precision ops,,,,                Integer operations,,, 
Compute iters, Flops/byte, ex.time,  GFLOPS, GB/sec, Flops/byte, ex.time,  GFLOPS, GB/sec, Flops/byte, ex.time,  GFLOPS, GB/sec, Iops/byte, ex.time,   GIOPS, GB/sec
            0,      0.000,   56.06,    0.00, 153.22,      0.000,  118.51,    0.00, 144.97,      0.000,    0.00,    -nan,    inf,     0.000,   55.36,    0.00, 155.17
            1,      0.129,   53.35,   20.13, 155.98,      0.065,  115.24,    9.32, 144.43,      0.258,    0.00,     inf,    inf,     0.129,   53.38,   20.11, 155.89
            2,      0.267,   52.14,   41.19, 154.46,      0.133,  111.27,   19.30, 144.74,      0.533,    0.00,     inf,    inf,     0.267,   51.88,   41.40, 155.24
            3,      0.414,   49.23,   65.43, 158.12,      0.207,  108.07,   29.81, 144.06,      0.828,    0.00,     inf,    inf,     0.414,   49.36,   65.26, 157.71
            4,      0.571,   47.78,   89.90, 157.32,      0.286,  104.15,   41.24, 144.33,      1.143,    0.00,     inf,    inf,     0.571,   48.25,   89.01, 155.76
            5,      0.741,   44.61,  120.36, 162.49,      0.370,  100.17,   53.59, 144.70,      1.481,    0.00,     inf,    inf,     0.741,   45.21,  118.75, 160.32
            6,      0.923,   43.35,  148.60, 160.98,      0.462,   96.56,   66.72, 144.56,      1.846,    0.00,     inf,    inf,     0.923,   43.76,  147.23, 159.50
            7,      1.120,   39.82,  188.74, 168.52,      0.560,   92.81,   80.98, 144.61,      2.240,    0.00,     inf,    inf,     1.120,   40.05,  187.69, 167.58
            8,      1.333,   38.59,  222.59, 166.94,      0.667,   88.68,   96.86, 145.29,      2.667,    0.00,     inf,    inf,     1.333,   38.94,  220.57, 165.42
            9,      1.565,   35.12,  275.14, 175.79,      0.783,   85.01,  113.67, 145.25,      3.130,    0.00,     inf,    inf,     1.565,   36.07,  267.94, 171.18
           10,      1.818,   34.39,  312.24, 171.73,      0.909,   81.36,  131.97, 145.17,      3.636,    0.00,     inf,    inf,     1.818,   34.73,  309.19, 170.06
           11,      2.095,   29.12,  405.53, 193.55,      1.048,   78.02,  151.38, 144.50,      4.190,    0.00,     inf,    inf,     2.095,   18.56,  636.37, 303.72
           12,      2.400,   28.33,  454.76, 189.48,      1.200,   73.88,  174.41, 145.34,      4.800,    0.00,     inf,    inf,     2.400,   20.12,  640.27, 266.78
           13,      2.737,   23.60,  591.46, 216.11,      1.368,   69.88,  199.75, 145.97,      5.474,    0.00,     inf,    inf,     2.737,   21.78,  640.86, 234.16
           14,      3.111,   22.23,  676.29, 217.38,      1.556,   65.87,  228.22, 146.71,      6.222,    0.00,     inf,    inf,     3.111,   22.81,  659.05, 211.84
           15,      3.529,   18.49,  871.04, 246.79,      1.765,   61.84,  260.44, 147.58,      7.059,    0.00,     inf,    inf,     3.529,   24.64,  653.60, 185.19
           16,      4.000,   28.14,  610.47, 152.62,      2.000,   59.50,  288.72, 144.36,      8.000,    0.00,     inf,    inf,     4.000,   26.35,  652.03, 163.01
           17,      4.533,   25.54,  714.58, 157.63,      2.267,   54.47,  335.14, 147.86,      9.067,    0.00,     inf,    inf,     4.533,   27.31,  668.29, 147.42
           18,      5.143,   24.23,  797.70, 155.11,      2.571,   52.12,  370.84, 144.22,     10.286,    0.00,     inf,    inf,     5.143,   29.51,  655.04, 127.37
           19,      5.846,   21.13,  965.72, 165.19,      2.923,   47.08,  433.33, 148.24,     11.692,    0.00,     inf,    inf,     5.846,   30.98,  658.47, 112.63
           20,      6.667,   19.67, 1091.95, 163.79,      3.333,   44.55,  482.03, 144.61,     13.333,    0.00,     inf,    inf,     6.667,   32.39,  663.01,  99.45
           21,      7.636,   17.15, 1315.01, 172.20,      3.818,   39.52,  570.53, 149.42,     15.273,    0.00,     inf,    inf,     7.636,   33.62,  670.77,  87.84
           22,      8.800,   17.70, 1334.68, 151.67,      4.400,   37.30,  633.29, 143.93,     17.600,    0.00,     inf,    inf,     8.800,   35.28,  669.47,  76.08
           23,     10.222,   14.60, 1691.10, 165.43,      5.111,   32.13,  768.58, 150.37,     20.444,    0.00,     inf,    inf,    10.222,   36.60,  674.81,  66.01
           24,     12.000,   14.33, 1798.81, 149.90,      6.000,   29.94,  860.68, 143.45,     24.000,    0.00,     inf,    inf,    12.000,   38.76,  664.82,  55.40
           25,     14.286,   11.39, 2357.52, 165.03,      7.143,   24.51, 1095.39, 153.36,     28.571,    0.00,     inf,    inf,    14.286,   38.95,  689.26,  48.25
           26,     17.333,   10.97, 2544.03, 146.77,      8.667,   22.29, 1252.45, 144.51,     34.667,    0.00,     inf,    inf,    17.333,   41.45,  673.53,  38.86
           27,     21.600,    9.91, 2926.12, 135.47,     10.800,   22.98, 1261.46, 116.80,     43.200,    0.00,     inf,    inf,    21.600,   41.88,  692.29,  32.05
           28,     28.000,    8.74, 3438.22, 122.79,     14.000,   23.19, 1296.33,  92.60,     56.000,    0.00,     inf,    inf,    28.000,   44.41,  676.98,  24.18
           29,     38.667,    8.98, 3468.58,  89.70,     19.333,   23.59, 1320.00,  68.28,     77.333,    0.00,     inf,    inf,    38.667,   45.34,  686.71,  17.76
           30,     60.000,    9.12, 3530.34,  58.84,     30.000,   23.76, 1355.85,  45.20,    120.000,    0.00,     inf,    inf,    60.000,   46.66,  690.38,  11.51
           31,    124.000,    9.28, 3586.22,  28.92,     62.000,   23.88, 1393.70,  22.48,    248.000,    0.00,     inf,    inf,   124.000,   48.10,  692.06,   5.58
           32,        inf,    9.30, 3694.70,   0.00,        inf,   24.80, 1385.55,   0.00,        inf,    0.00,     inf,   -nan,       inf,   48.49,  708.58,   0.00
--------------------------------------------------------------------------------------------------------------------------------------------------------------------
mixbench/alternating (v0.03-1-g3ace732)
------------------------ Device specifications ------------------------
Device:              Tesla K80
CUDA driver version: 10.0
GPU clock rate:      823 MHz
Memory clock rate:   1252 MHz
Memory bus width:    384 bits
WarpSize:            32
L2 cache size:       1536 KB
Total global mem:    11441 MB
ECC enabled:         Yes
Compute Capability:  3.7
Total SPs:           2496 (13 MPs x 192 SPs/MP)
Compute throughput:  4110.91 GFlops (theoretical single precision FMAs)
Memory bandwidth:    240.48 GB/sec
-----------------------------------------------------------------------
Total GPU memory 11996954624, free 11921850368
Buffer size:          64MB
Trade-off type:       compute with global memory (block strided)
Warning:              Half precision computations are not supported
----------------------------------------------------------------------------- CSV data -----------------------------------------------------------------------------
Experiment ID, Single Precision ops,,,,              Double precision ops,,,,              Half precision ops,,,,                Integer operations,,, 
Compute iters, Flops/byte, ex.time,  GFLOPS, GB/sec, Flops/byte, ex.time,  GFLOPS, GB/sec, Flops/byte, ex.time,  GFLOPS, GB/sec, Iops/byte, ex.time,   GIOPS, GB/sec
            0,      0.000,   56.14,    0.00, 153.01,      0.000,  118.87,    0.00, 144.53,      0.000,    0.00,    -nan,    inf,     0.000,   55.37,    0.00, 155.13
            1,      0.129,   53.46,   20.08, 155.65,      0.065,  115.06,    9.33, 144.65,      0.258,    0.00,     inf,    inf,     0.129,   53.85,   19.94, 154.54
            2,      0.267,   51.63,   41.59, 155.97,      0.133,  111.52,   19.26, 144.43,      0.533,    0.00,     inf,    inf,     0.267,   51.89,   41.38, 155.19
            3,      0.414,   49.53,   65.04, 157.18,      0.207,  107.76,   29.89, 144.48,      0.828,    0.00,     inf,    inf,     0.414,   49.37,   65.25, 157.69
            4,      0.571,   47.94,   89.59, 156.79,      0.286,  104.02,   41.29, 144.51,      1.143,    0.00,     inf,    inf,     0.571,   48.37,   88.80, 155.39
            5,      0.741,   44.65,  120.24, 162.32,      0.370,  100.34,   53.51, 144.47,      1.481,    0.00,     inf,    inf,     0.741,   45.23,  118.71, 160.26
            6,      0.923,   43.32,  148.71, 161.10,      0.462,   96.28,   66.91, 144.98,      1.846,    0.00,     inf,    inf,     0.923,   43.65,  147.58, 159.88
            7,      1.120,   39.62,  189.69, 169.37,      0.560,   92.76,   81.03, 144.70,      2.240,    0.00,     inf,    inf,     1.120,   40.24,  186.79, 166.77
            8,      1.333,   38.46,  223.32, 167.49,      0.667,   88.81,   96.73, 145.09,      2.667,    0.00,     inf,    inf,     1.333,   38.97,  220.43, 165.33
            9,      1.565,   34.92,  276.71, 176.79,      0.783,   85.25,  113.36, 144.85,      3.130,    0.00,     inf,    inf,     1.565,   35.97,  268.66, 171.65
           10,      1.818,   34.38,  312.32, 171.78,      0.909,   81.21,  132.22, 145.44,      3.636,    0.00,     inf,    inf,     1.818,   34.82,  308.34, 169.59
           11,      2.095,   29.15,  405.15, 193.37,      1.048,   77.46,  152.48, 145.55,      4.190,    0.00,     inf,    inf,     2.095,   18.48,  639.13, 305.04
           12,      2.400,   28.36,  454.35, 189.31,      1.200,   73.31,  175.77, 146.47,      4.800,    0.00,     inf,    inf,     2.400,   20.36,  632.91, 263.71
           13,      2.737,   23.53,  593.32, 216.79,      1.368,   70.07,  199.20, 145.57,      5.474,    0.00,     inf,    inf,     2.737,   21.53,  648.33, 236.89
           14,      3.111,   22.05,  681.62, 219.09,      1.556,   65.91,  228.09, 146.63,      6.222,    0.00,     inf,    inf,     3.111,   22.82,  658.67, 211.71
           15,      3.529,   18.48,  871.50, 246.92,      1.765,   61.38,  262.40, 148.69,      7.059,    0.00,     inf,    inf,     3.529,   24.69,  652.44, 184.86
           16,      4.000,   28.09,  611.60, 152.90,      2.000,   59.59,  288.29, 144.15,      8.000,    0.00,     inf,    inf,     4.000,   26.60,  645.86, 161.47
           17,      4.533,   25.54,  714.59, 157.63,      2.267,   54.61,  334.23, 147.45,      9.067,    0.00,     inf,    inf,     4.533,   27.19,  671.29, 148.08
           18,      5.143,   24.06,  803.35, 156.21,      2.571,   52.02,  371.56, 144.49,     10.286,    0.00,     inf,    inf,     5.143,   29.65,  651.79, 126.74
           19,      5.846,   21.18,  963.12, 164.74,      2.923,   47.04,  433.68, 148.36,     11.692,    0.00,     inf,    inf,     5.846,   30.66,  665.45, 113.83
           20,      6.667,   19.68, 1091.34, 163.70,      3.333,   44.61,  481.43, 144.43,     13.333,    0.00,     inf,    inf,     6.667,   32.41,  662.52,  99.38
           21,      7.636,   17.11, 1317.93, 172.59,      3.818,   39.70,  568.00, 148.76,     15.273,    0.00,     inf,    inf,     7.636,   33.62,  670.67,  87.83
           22,      8.800,   17.70, 1334.45, 151.64,      4.400,   37.56,  628.88, 142.93,     17.600,    0.00,     inf,    inf,     8.800,   35.31,  668.98,  76.02
           23,     10.222,   14.62, 1688.76, 165.21,      5.111,   32.21,  766.61, 149.99,     20.444,    0.00,     inf,    inf,    10.222,   37.01,  667.21,  65.27
           24,     12.000,   14.38, 1792.48, 149.37,      6.000,   30.09,  856.32, 142.72,     24.000,    0.00,     inf,    inf,    12.000,   38.78,  664.54,  55.38
           25,     14.286,   11.40, 2354.16, 164.79,      7.143,   24.51, 1095.30, 153.34,     28.571,    0.00,     inf,    inf,    14.286,   38.95,  689.24,  48.25
           26,     17.333,   10.96, 2546.62, 146.92,      8.667,   22.31, 1251.23, 144.37,     34.667,    0.00,     inf,    inf,    17.333,   41.45,  673.47,  38.85
           27,     21.600,   10.01, 2895.13, 134.03,     10.800,   22.77, 1273.25, 117.89,     43.200,    0.00,     inf,    inf,    21.600,   42.36,  684.33,  31.68
           28,     28.000,    8.76, 3433.48, 122.62,     14.000,   23.43, 1283.00,  91.64,     56.000,    0.00,     inf,    inf,    28.000,   43.90,  684.83,  24.46
           29,     38.667,    8.97, 3471.09,  89.77,     19.333,   23.32, 1335.29,  69.07,     77.333,    0.00,     inf,    inf,    38.667,   45.34,  686.81,  17.76
           30,     60.000,    9.14, 3525.81,  58.76,     30.000,   23.73, 1357.49,  45.25,    120.000,    0.00,     inf,    inf,    60.000,   47.18,  682.79,  11.38
           31,    124.000,    9.28, 3585.36,  28.91,     62.000,   24.16, 1377.47,  22.22,    248.000,    0.00,     inf,    inf,   124.000,   48.06,  692.57,   5.59
           32,        inf,    9.30, 3695.50,   0.00,        inf,   24.78, 1386.40,   0.00,        inf,    0.00,     inf,   -nan,       inf,   49.06,  700.33,   0.00
--------------------------------------------------------------------------------------------------------------------------------------------------------------------
mixbench/alternating (v0.03-1-g3ace732)
------------------------ Device specifications ------------------------
Device:              Tesla K80
CUDA driver version: 10.0
GPU clock rate:      823 MHz
Memory clock rate:   1252 MHz
Memory bus width:    384 bits
WarpSize:            32
L2 cache size:       1536 KB
Total global mem:    11441 MB
ECC enabled:         Yes
Compute Capability:  3.7
Total SPs:           2496 (13 MPs x 192 SPs/MP)
Compute throughput:  4110.91 GFlops (theoretical single precision FMAs)
Memory bandwidth:    240.48 GB/sec
-----------------------------------------------------------------------
Total GPU memory 11996954624, free 11921850368
Buffer size:          64MB
Trade-off type:       compute with global memory (block strided)
Warning:              Half precision computations are not supported
----------------------------------------------------------------------------- CSV data -----------------------------------------------------------------------------
Experiment ID, Single Precision ops,,,,              Double precision ops,,,,              Half precision ops,,,,                Integer operations,,, 
Compute iters, Flops/byte, ex.time,  GFLOPS, GB/sec, Flops/byte, ex.time,  GFLOPS, GB/sec, Flops/byte, ex.time,  GFLOPS, GB/sec, Iops/byte, ex.time,   GIOPS, GB/sec
            0,      0.000,   56.11,    0.00, 153.08,      0.000,  118.84,    0.00, 144.56,      0.000,    0.00,    -nan,    inf,     0.000,   55.47,    0.00, 154.87
            1,      0.129,   53.58,   20.04, 155.30,      0.065,  115.36,    9.31, 144.27,      0.258,    0.00,     inf,    inf,     0.129,   53.32,   20.14, 156.06
            2,      0.267,   51.73,   41.51, 155.68,      0.133,  111.15,   19.32, 144.91,      0.533,    0.00,     inf,    inf,     0.267,   51.87,   41.40, 155.25
            3,      0.414,   49.12,   65.57, 158.47,      0.207,  107.89,   29.86, 144.30,      0.828,    0.00,     inf,    inf,     0.414,   49.50,   65.07, 157.26
            4,      0.571,   48.16,   89.18, 156.07,      0.286,  103.55,   41.48, 145.17,      1.143,    0.00,     inf,    inf,     0.571,   48.22,   89.07, 155.87
            5,      0.741,   44.87,  119.64, 161.52,      0.370,  100.15,   53.61, 144.74,      1.481,    0.00,     inf,    inf,     0.741,   45.12,  119.00, 160.65
            6,      0.923,   43.24,  148.98, 161.40,      0.462,   96.43,   66.81, 144.76,      1.846,    0.00,     inf,    inf,     0.923,   43.63,  147.65, 159.96
            7,      1.120,   39.99,  187.97, 167.83,      0.560,   92.69,   81.09, 144.81,      2.240,    0.00,     inf,    inf,     1.120,   40.29,  186.53, 166.55
            8,      1.333,   38.46,  223.36, 167.52,      0.667,   88.95,   96.57, 144.86,      2.667,    0.00,     inf,    inf,     1.333,   38.96,  220.46, 165.35
            9,      1.565,   35.06,  275.62, 176.09,      0.783,   85.25,  113.36, 144.84,      3.130,    0.00,     inf,    inf,     1.565,   36.04,  268.12, 171.30
           10,      1.818,   34.31,  312.94, 172.12,      0.909,   80.79,  132.91, 146.20,      3.636,    0.00,     inf,    inf,     1.818,   34.84,  308.18, 169.50
           11,      2.095,   29.23,  404.14, 192.89,      1.048,   77.84,  151.73, 144.83,      4.190,    0.00,     inf,    inf,     2.095,   18.55,  636.57, 303.82
           12,      2.400,   28.30,  455.30, 189.71,      1.200,   73.94,  174.26, 145.22,      4.800,    0.00,     inf,    inf,     2.400,   20.15,  639.36, 266.40
           13,      2.737,   23.59,  591.80, 216.24,      1.368,   69.48,  200.92, 146.82,      5.474,    0.00,     inf,    inf,     2.737,   21.62,  645.77, 235.95
           14,      3.111,   22.20,  677.06, 217.63,      1.556,   65.80,  228.45, 146.86,      6.222,    0.00,     inf,    inf,     3.111,   22.82,  658.70, 211.73
           15,      3.529,   18.47,  872.19, 247.12,      1.765,   61.71,  260.98, 147.89,      7.059,    0.00,     inf,    inf,     3.529,   24.90,  646.77, 183.25
           16,      4.000,   28.05,  612.55, 153.14,      2.000,   59.48,  288.81, 144.41,      8.000,    0.00,     inf,    inf,     4.000,   26.34,  652.31, 163.08
           17,      4.533,   25.58,  713.57, 157.41,      2.267,   54.68,  333.85, 147.29,      9.067,    0.00,     inf,    inf,     4.533,   27.32,  668.05, 147.36
           18,      5.143,   24.20,  798.59, 155.28,      2.571,   52.17,  370.50, 144.08,     10.286,    0.00,     inf,    inf,     5.143,   29.55,  654.09, 127.18
           19,      5.846,   21.09,  967.22, 165.45,      2.923,   47.20,  432.26, 147.88,     11.692,    0.00,     inf,    inf,     5.846,   30.99,  658.41, 112.62
           20,      6.667,   19.67, 1091.80, 163.77,      3.333,   44.78,  479.53, 143.86,     13.333,    0.00,     inf,    inf,     6.667,   32.43,  662.16,  99.32
           21,      7.636,   17.07, 1321.16, 173.01,      3.818,   39.64,  568.84, 148.98,     15.273,    0.00,     inf,    inf,     7.636,   33.62,  670.68,  87.83
           22,      8.800,   17.67, 1336.61, 151.89,      4.400,   37.39,  631.83, 143.60,     17.600,    0.00,     inf,    inf,     8.800,   35.32,  668.90,  76.01
           23,     10.222,   14.63, 1688.23, 165.15,      5.111,   32.23,  766.14, 149.90,     20.444,    0.00,     inf,    inf,    10.222,   36.99,  667.62,  65.31
           24,     12.000,   14.36, 1794.14, 149.51,      6.000,   30.20,  853.35, 142.23,     24.000,    0.00,     inf,    inf,    12.000,   38.80,  664.25,  55.35
           25,     14.286,   11.44, 2345.64, 164.19,      7.143,   24.63, 1089.98, 152.60,     28.571,    0.00,     inf,    inf,    14.286,   38.95,  689.20,  48.24
           26,     17.333,   10.87, 2567.42, 148.12,      8.667,   22.48, 1241.90, 143.30,     34.667,    0.00,     inf,    inf,    17.333,   41.46,  673.43,  38.85
           27,     21.600,    9.92, 2922.20, 135.29,     10.800,   23.00, 1260.51, 116.71,     43.200,    0.00,     inf,    inf,    21.600,   41.88,  692.27,  32.05
           28,     28.000,    8.77, 3427.32, 122.40,     14.000,   23.44, 1282.90,  91.64,     56.000,    0.00,     inf,    inf,    28.000,   43.91,  684.75,  24.46
           29,     38.667,    8.90, 3497.84,  90.46,     19.333,   23.32, 1335.38,  69.07,     77.333,    0.00,     inf,    inf,    38.667,   44.82,  694.80,  17.97
           30,     60.000,    9.13, 3529.25,  58.82,     30.000,   23.49, 1371.34,  45.71,    120.000,    0.00,     inf,    inf,    60.000,   47.20,  682.43,  11.37
           31,    124.000,    9.28, 3586.85,  28.93,     62.000,   24.17, 1377.35,  22.22,    248.000,    0.00,     inf,    inf,   124.000,   48.09,  692.10,   5.58
           32,        inf,    9.30, 3694.63,   0.00,        inf,   24.50, 1402.67,   0.00,        inf,    0.00,     inf,   -nan,       inf,   49.06,  700.40,   0.00
--------------------------------------------------------------------------------------------------------------------------------------------------------------------
mixbench/alternating (v0.03-1-g3ace732)
------------------------ Device specifications ------------------------
Device:              Tesla K80
CUDA driver version: 10.0
GPU clock rate:      823 MHz
Memory clock rate:   1252 MHz
Memory bus width:    384 bits
WarpSize:            32
L2 cache size:       1536 KB
Total global mem:    11441 MB
ECC enabled:         Yes
Compute Capability:  3.7
Total SPs:           2496 (13 MPs x 192 SPs/MP)
Compute throughput:  4110.91 GFlops (theoretical single precision FMAs)
Memory bandwidth:    240.48 GB/sec
-----------------------------------------------------------------------
Total GPU memory 11996954624, free 11921850368
Buffer size:          64MB
Trade-off type:       compute with global memory (block strided)
Warning:              Half precision computations are not supported
----------------------------------------------------------------------------- CSV data -----------------------------------------------------------------------------
Experiment ID, Single Precision ops,,,,              Double precision ops,,,,              Half precision ops,,,,                Integer operations,,, 
Compute iters, Flops/byte, ex.time,  GFLOPS, GB/sec, Flops/byte, ex.time,  GFLOPS, GB/sec, Flops/byte, ex.time,  GFLOPS, GB/sec, Iops/byte, ex.time,   GIOPS, GB/sec
            0,      0.000,   56.10,    0.00, 153.11,      0.000,  118.81,    0.00, 144.60,      0.000,    0.00,    -nan,    inf,     0.000,   55.39,    0.00, 155.07
            1,      0.129,   53.50,   20.07, 155.55,      0.065,  115.21,    9.32, 144.46,      0.258,    0.00,     inf,    inf,     0.129,   53.22,   20.18, 156.37
            2,      0.267,   51.67,   41.56, 155.85,      0.133,  111.43,   19.27, 144.54,      0.533,    0.00,     inf,    inf,     0.267,   51.99,   41.31, 154.91
            3,      0.414,   49.22,   65.44, 158.15,      0.207,  107.88,   29.86, 144.32,      0.828,    0.00,     inf,    inf,     0.414,   49.63,   64.91, 156.86
            4,      0.571,   48.09,   89.31, 156.30,      0.286,  103.80,   41.38, 144.82,      1.143,    0.00,     inf,    inf,     0.571,   48.24,   89.04, 155.82
            5,      0.741,   44.75,  119.97, 161.96,      0.370,  100.19,   53.58, 144.68,      1.481,    0.00,     inf,    inf,     0.741,   45.01,  119.27, 161.02
            6,      0.923,   43.37,  148.54, 160.92,      0.462,   96.50,   66.76, 144.65,      1.846,    0.00,     inf,    inf,     0.923,   43.55,  147.94, 160.27
            7,      1.120,   39.63,  189.64, 169.32,      0.560,   92.87,   80.93, 144.52,      2.240,    0.00,     inf,    inf,     1.120,   40.27,  186.65, 166.65
            8,      1.333,   38.52,  223.01, 167.26,      0.667,   88.45,   97.11, 145.67,      2.667,    0.00,     inf,    inf,     1.333,   38.94,  220.60, 165.45
            9,      1.565,   34.99,  276.19, 176.46,      0.783,   85.35,  113.22, 144.67,      3.130,    0.00,     inf,    inf,     1.565,   35.93,  268.93, 171.81
           10,      1.818,   34.43,  311.88, 171.53,      0.909,   81.35,  131.99, 145.19,      3.636,    0.00,     inf,    inf,     1.818,   34.83,  308.24, 169.53
           11,      2.095,   29.28,  403.38, 192.52,      1.048,   77.65,  152.10, 145.19,      4.190,    0.00,     inf,    inf,     2.095,   18.57,  636.08, 303.58
           12,      2.400,   28.38,  454.01, 189.17,      1.200,   73.74,  174.73, 145.61,      4.800,    0.00,     inf,    inf,     2.400,   20.34,  633.53, 263.97
           13,      2.737,   23.54,  592.99, 216.67,      1.368,   70.18,  198.90, 145.35,      5.474,    0.00,     inf,    inf,     2.737,   21.66,  644.55, 235.51
           14,      3.111,   22.15,  678.69, 218.15,      1.556,   66.02,  227.70, 146.38,      6.222,    0.00,     inf,    inf,     3.111,   22.70,  662.17, 212.84
           15,      3.529,   18.45,  873.04, 247.36,      1.765,   61.57,  261.58, 148.23,      7.059,    0.00,     inf,    inf,     3.529,   24.65,  653.40, 185.13
           16,      4.000,   28.03,  612.98, 153.25,      2.000,   59.48,  288.83, 144.41,      8.000,    0.00,     inf,    inf,     4.000,   26.37,  651.41, 162.85
           17,      4.533,   25.57,  713.90, 157.48,      2.267,   54.53,  334.75, 147.68,      9.067,    0.00,     inf,    inf,     4.533,   27.31,  668.37, 147.43
           18,      5.143,   24.12,  801.24, 155.80,      2.571,   52.14,  370.67, 144.15,     10.286,    0.00,     inf,    inf,     5.143,   29.65,  651.93, 126.76
           19,      5.846,   21.20,  962.15, 164.58,      2.923,   47.36,  430.75, 147.36,     11.692,    0.00,     inf,    inf,     5.846,   30.96,  658.96, 112.72
           20,      6.667,   19.77, 1086.46, 162.97,      3.333,   44.72,  480.20, 144.06,     13.333,    0.00,     inf,    inf,     6.667,   32.43,  662.24,  99.34
           21,      7.636,   17.07, 1321.24, 173.02,      3.818,   39.58,  569.69, 149.20,     15.273,    0.00,     inf,    inf,     7.636,   33.62,  670.77,  87.84
           22,      8.800,   17.67, 1336.55, 151.88,      4.400,   37.47,  630.43, 143.28,     17.600,    0.00,     inf,    inf,     8.800,   35.31,  668.97,  76.02
           23,     10.222,   14.58, 1693.94, 165.71,      5.111,   31.93,  773.38, 151.31,     20.444,    0.00,     inf,    inf,    10.222,   37.00,  667.50,  65.30
           24,     12.000,   14.40, 1789.66, 149.14,      6.000,   29.93,  861.02, 143.50,     24.000,    0.00,     inf,    inf,    12.000,   38.38,  671.36,  55.95
           25,     14.286,   11.41, 2351.71, 164.62,      7.143,   24.89, 1078.28, 150.96,     28.571,    0.00,     inf,    inf,    14.286,   38.93,  689.45,  48.26
           26,     17.333,   10.86, 2570.21, 148.28,      8.667,   22.49, 1241.56, 143.26,     34.667,    0.00,     inf,    inf,    17.333,   41.46,  673.34,  38.85
           27,     21.600,   10.00, 2900.02, 134.26,     10.800,   22.98, 1261.42, 116.80,     43.200,    0.00,     inf,    inf,    21.600,   42.37,  684.24,  31.68
           28,     28.000,    8.76, 3431.65, 122.56,     14.000,   23.42, 1283.48,  91.68,     56.000,    0.00,     inf,    inf,    28.000,   43.91,  684.66,  24.45
           29,     38.667,    8.92, 3492.63,  90.33,     19.333,   23.34, 1334.04,  69.00,     77.333,    0.00,     inf,    inf,    38.667,   44.82,  694.67,  17.97
           30,     60.000,    9.06, 3554.68,  59.24,     30.000,   23.75, 1356.40,  45.21,    120.000,    0.00,     inf,    inf,    60.000,   47.20,  682.47,  11.37
           31,    124.000,    9.29, 3584.70,  28.91,     62.000,   24.16, 1377.46,  22.22,    248.000,    0.00,     inf,    inf,   124.000,   47.54,  700.16,   5.65
           32,        inf,    9.30, 3693.34,   0.00,        inf,   24.78, 1386.35,   0.00,        inf,    0.00,     inf,   -nan,       inf,   49.06,  700.39,   0.00
--------------------------------------------------------------------------------------------------------------------------------------------------------------------
mixbench/alternating (v0.03-1-g3ace732)
------------------------ Device specifications ------------------------
Device:              Tesla K80
CUDA driver version: 10.0
GPU clock rate:      823 MHz
Memory clock rate:   1252 MHz
Memory bus width:    384 bits
WarpSize:            32
L2 cache size:       1536 KB
Total global mem:    11441 MB
ECC enabled:         Yes
Compute Capability:  3.7
Total SPs:           2496 (13 MPs x 192 SPs/MP)
Compute throughput:  4110.91 GFlops (theoretical single precision FMAs)
Memory bandwidth:    240.48 GB/sec
-----------------------------------------------------------------------
Total GPU memory 11996954624, free 11921850368
Buffer size:          64MB
Trade-off type:       compute with global memory (block strided)
Warning:              Half precision computations are not supported
----------------------------------------------------------------------------- CSV data -----------------------------------------------------------------------------
Experiment ID, Single Precision ops,,,,              Double precision ops,,,,              Half precision ops,,,,                Integer operations,,, 
Compute iters, Flops/byte, ex.time,  GFLOPS, GB/sec, Flops/byte, ex.time,  GFLOPS, GB/sec, Flops/byte, ex.time,  GFLOPS, GB/sec, Iops/byte, ex.time,   GIOPS, GB/sec
            0,      0.000,   56.17,    0.00, 152.92,      0.000,  118.62,    0.00, 144.83,      0.000,    0.00,    -nan,    inf,     0.000,   55.31,    0.00, 155.31
            1,      0.129,   53.28,   20.15, 156.18,      0.065,  115.27,    9.31, 144.38,      0.258,    0.00,     inf,    inf,     0.129,   53.39,   20.11, 155.87
            2,      0.267,   51.72,   41.52, 155.71,      0.133,  111.28,   19.30, 144.74,      0.533,    0.00,     inf,    inf,     0.267,   51.97,   41.32, 154.95
            3,      0.414,   49.16,   65.52, 158.35,      0.207,  107.46,   29.98, 144.88,      0.828,    0.00,     inf,    inf,     0.414,   49.52,   65.05, 157.20
            4,      0.571,   48.16,   89.18, 156.07,      0.286,  104.00,   41.30, 144.54,      1.143,    0.00,     inf,    inf,     0.571,   48.18,   89.14, 155.99
            5,      0.741,   44.57,  120.45, 162.60,      0.370,  100.25,   53.56, 144.60,      1.481,    0.00,     inf,    inf,     0.741,   45.34,  118.40, 159.84
            6,      0.923,   43.36,  148.59, 160.97,      0.462,   96.03,   67.09, 145.36,      1.846,    0.00,     inf,    inf,     0.923,   43.65,  147.60, 159.90
            7,      1.120,   39.70,  189.34, 169.05,      0.560,   92.60,   81.17, 144.94,      2.240,    0.00,     inf,    inf,     1.120,   40.13,  187.29, 167.22
            8,      1.333,   38.58,  222.65, 166.98,      0.667,   88.69,   96.85, 145.27,      2.667,    0.00,     inf,    inf,     1.333,   39.00,  220.24, 165.18
            9,      1.565,   35.02,  275.98, 176.32,      0.783,   85.30,  113.30, 144.77,      3.130,    0.00,     inf,    inf,     1.565,   36.00,  268.42, 171.49
           10,      1.818,   34.34,  312.68, 171.98,      0.909,   80.99,  132.58, 145.84,      3.636,    0.00,     inf,    inf,     1.818,   34.87,  307.91, 169.35
           11,      2.095,   29.23,  404.06, 192.85,      1.048,   77.92,  151.58, 144.69,      4.190,    0.00,     inf,    inf,     2.095,   18.55,  636.69, 303.87
           12,      2.400,   28.26,  456.00, 190.00,      1.200,   73.64,  174.98, 145.82,      4.800,    0.00,     inf,    inf,     2.400,   20.14,  639.92, 266.63
           13,      2.737,   23.49,  594.18, 217.10,      1.368,   69.51,  200.80, 146.74,      5.474,    0.00,     inf,    inf,     2.737,   21.53,  648.46, 236.94
           14,      3.111,   22.17,  678.11, 217.96,      1.556,   66.24,  226.94, 145.89,      6.222,    0.00,     inf,    inf,     3.111,   22.97,  654.57, 210.40
           15,      3.529,   18.48,  871.39, 246.89,      1.765,   61.35,  262.54, 148.77,      7.059,    0.00,     inf,    inf,     3.529,   24.92,  646.29, 183.11
           16,      4.000,   28.13,  610.81, 152.70,      2.000,   59.62,  288.14, 144.07,      8.000,    0.00,     inf,    inf,     4.000,   26.37,  651.45, 162.86
           17,      4.533,   25.53,  715.04, 157.73,      2.267,   54.39,  335.60, 148.06,      9.067,    0.00,     inf,    inf,     4.533,   27.03,  675.42, 148.99
           18,      5.143,   24.15,  800.31, 155.62,      2.571,   52.20,  370.29, 144.00,     10.286,    0.00,     inf,    inf,     5.143,   29.65,  651.92, 126.76
           19,      5.846,   21.13,  965.28, 165.11,      2.923,   47.12,  432.98, 148.12,     11.692,    0.00,     inf,    inf,     5.846,   30.98,  658.47, 112.63
           20,      6.667,   19.66, 1092.35, 163.85,      3.333,   44.48,  482.84, 144.85,     13.333,    0.00,     inf,    inf,     6.667,   32.08,  669.37, 100.41
           21,      7.636,   17.07, 1320.62, 172.94,      3.818,   39.66,  568.59, 148.92,     15.273,    0.00,     inf,    inf,     7.636,   33.61,  670.98,  87.87
           22,      8.800,   17.64, 1338.82, 152.14,      4.400,   37.51,  629.83, 143.14,     17.600,    0.00,     inf,    inf,     8.800,   35.32,  668.78,  76.00
           23,     10.222,   14.60, 1691.67, 165.49,      5.111,   32.10,  769.34, 150.52,     20.444,    0.00,     inf,    inf,    10.222,   37.00,  667.53,  65.30
           24,     12.000,   14.32, 1799.27, 149.94,      6.000,   30.00,  859.10, 143.18,     24.000,    0.00,     inf,    inf,    12.000,   38.41,  670.99,  55.92
           25,     14.286,   11.48, 2337.38, 163.62,      7.143,   24.87, 1079.41, 151.12,     28.571,    0.00,     inf,    inf,    14.286,   38.50,  697.19,  48.80
           26,     17.333,   10.98, 2542.74, 146.70,      8.667,   22.51, 1240.20, 143.10,     34.667,    0.00,     inf,    inf,    17.333,   41.45,  673.50,  38.86
           27,     21.600,   10.02, 2892.22, 133.90,     10.800,   22.99, 1260.85, 116.75,     43.200,    0.00,     inf,    inf,    21.600,   42.37,  684.31,  31.68
           28,     28.000,    8.76, 3430.16, 122.51,     14.000,   23.24, 1293.50,  92.39,     56.000,    0.00,     inf,    inf,    28.000,   44.43,  676.75,  24.17
           29,     38.667,    8.97, 3469.79,  89.74,     19.333,   23.58, 1320.79,  68.32,     77.333,    0.00,     inf,    inf,    38.667,   44.82,  694.82,  17.97
           30,     60.000,    9.11, 3536.61,  58.94,     30.000,   23.52, 1369.32,  45.64,    120.000,    0.00,     inf,    inf,    60.000,   47.20,  682.52,  11.38
           31,    124.000,    9.29, 3582.37,  28.89,     62.000,   23.89, 1393.28,  22.47,    248.000,    0.00,     inf,    inf,   124.000,   48.10,  692.05,   5.58
           32,        inf,    9.30, 3693.68,   0.00,        inf,   24.78, 1386.38,   0.00,        inf,    0.00,     inf,   -nan,       inf,   49.06,  700.36,   0.00
--------------------------------------------------------------------------------------------------------------------------------------------------------------------
mixbench/alternating (v0.03-1-g3ace732)
------------------------ Device specifications ------------------------
Device:              Tesla K80
CUDA driver version: 10.0
GPU clock rate:      823 MHz
Memory clock rate:   1252 MHz
Memory bus width:    384 bits
WarpSize:            32
L2 cache size:       1536 KB
Total global mem:    11441 MB
ECC enabled:         Yes
Compute Capability:  3.7
Total SPs:           2496 (13 MPs x 192 SPs/MP)
Compute throughput:  4110.91 GFlops (theoretical single precision FMAs)
Memory bandwidth:    240.48 GB/sec
-----------------------------------------------------------------------
Total GPU memory 11996954624, free 11921850368
Buffer size:          64MB
Trade-off type:       compute with global memory (block strided)
Warning:              Half precision computations are not supported
----------------------------------------------------------------------------- CSV data -----------------------------------------------------------------------------
Experiment ID, Single Precision ops,,,,              Double precision ops,,,,              Half precision ops,,,,                Integer operations,,, 
Compute iters, Flops/byte, ex.time,  GFLOPS, GB/sec, Flops/byte, ex.time,  GFLOPS, GB/sec, Flops/byte, ex.time,  GFLOPS, GB/sec, Iops/byte, ex.time,   GIOPS, GB/sec
            0,      0.000,   56.13,    0.00, 153.04,      0.000,  118.94,    0.00, 144.44,      0.000,    0.00,    -nan,    inf,     0.000,   55.32,    0.00, 155.29
            1,      0.129,   53.62,   20.02, 155.19,      0.065,  115.31,    9.31, 144.34,      0.258,    0.00,     inf,    inf,     0.129,   53.31,   20.14, 156.09
            2,      0.267,   51.86,   41.41, 155.27,      0.133,  111.49,   19.26, 144.46,      0.533,    0.00,     inf,    inf,     0.267,   51.92,   41.36, 155.12
            3,      0.414,   49.07,   65.64, 158.63,      0.207,  107.87,   29.86, 144.34,      0.828,    0.00,     inf,    inf,     0.414,   49.41,   65.20, 157.56
            4,      0.571,   48.17,   89.16, 156.02,      0.286,  103.75,   41.40, 144.90,      1.143,    0.00,     inf,    inf,     0.571,   48.38,   88.78, 155.37
            5,      0.741,   44.80,  119.83, 161.77,      0.370,  100.08,   53.65, 144.84,      1.481,    0.00,     inf,    inf,     0.741,   45.26,  118.62, 160.14
            6,      0.923,   43.41,  148.41, 160.78,      0.462,   96.07,   67.06, 145.30,      1.846,    0.00,     inf,    inf,     0.923,   43.60,  147.75, 160.06
            7,      1.120,   39.68,  189.41, 169.12,      0.560,   93.10,   80.74, 144.17,      2.240,    0.00,     inf,    inf,     1.120,   40.33,  186.38, 166.41
            8,      1.333,   38.60,  222.56, 166.92,      0.667,   88.31,   97.27, 145.90,      2.667,    0.00,     inf,    inf,     1.333,   38.80,  221.37, 166.03
            9,      1.565,   35.02,  275.99, 176.32,      0.783,   85.37,  113.20, 144.64,      3.130,    0.00,     inf,    inf,     1.565,   35.94,  268.91, 171.80
           10,      1.818,   34.40,  312.09, 171.65,      0.909,   80.68,  133.08, 146.39,      3.636,    0.00,     inf,    inf,     1.818,   34.76,  308.89, 169.89
           11,      2.095,   29.16,  405.03, 193.31,      1.048,   77.62,  152.16, 145.25,      4.190,    0.00,     inf,    inf,     2.095,   18.55,  636.72, 303.89
           12,      2.400,   28.19,  457.09, 190.46,      1.200,   73.54,  175.22, 146.01,      4.800,    0.00,     inf,    inf,     2.400,   20.14,  639.67, 266.53
           13,      2.737,   23.59,  591.77, 216.23,      1.368,   70.05,  199.27, 145.62,      5.474,    0.00,     inf,    inf,     2.737,   21.77,  641.10, 234.25
           14,      3.111,   22.10,  680.23, 218.64,      1.556,   66.39,  226.42, 145.56,      6.222,    0.00,     inf,    inf,     3.111,   22.84,  658.02, 211.51
           15,      3.529,   18.46,  872.44, 247.19,      1.765,   61.48,  261.99, 148.46,      7.059,    0.00,     inf,    inf,     3.529,   24.65,  653.43, 185.14
           16,      4.000,   28.30,  607.05, 151.76,      2.000,   59.68,  287.87, 143.93,      8.000,    0.00,     inf,    inf,     4.000,   26.29,  653.42, 163.36
           17,      4.533,   25.45,  717.20, 158.21,      2.267,   54.48,  335.05, 147.82,      9.067,    0.00,     inf,    inf,     4.533,   27.05,  674.85, 148.86
           18,      5.143,   24.30,  795.51, 154.68,      2.571,   52.26,  369.84, 143.83,     10.286,    0.00,     inf,    inf,     5.143,   29.35,  658.60, 128.06
           19,      5.846,   21.14,  965.05, 165.07,      2.923,   47.24,  431.87, 147.75,     11.692,    0.00,     inf,    inf,     5.846,   30.96,  658.86, 112.70
           20,      6.667,   19.71, 1089.75, 163.46,      3.333,   44.71,  480.31, 144.09,     13.333,    0.00,     inf,    inf,     6.667,   32.39,  663.10,  99.46
           21,      7.636,   17.15, 1314.85, 172.18,      3.818,   39.66,  568.57, 148.91,     15.273,    0.00,     inf,    inf,     7.636,   33.62,  670.73,  87.83
           22,      8.800,   17.61, 1341.72, 152.47,      4.400,   37.45,  630.82, 143.37,     17.600,    0.00,     inf,    inf,     8.800,   34.96,  675.76,  76.79
           23,     10.222,   14.64, 1686.55, 164.99,      5.111,   32.02,  771.26, 150.90,     20.444,    0.00,     inf,    inf,    10.222,   36.63,  674.29,  65.96
           24,     12.000,   14.38, 1791.74, 149.31,      6.000,   30.05,  857.61, 142.93,     24.000,    0.00,     inf,    inf,    12.000,   38.80,  664.20,  55.35
           25,     14.286,   11.44, 2346.88, 164.28,      7.143,   24.48, 1096.47, 153.51,     28.571,    0.00,     inf,    inf,    14.286,   38.98,  688.71,  48.21
           26,     17.333,   10.89, 2563.35, 147.89,      8.667,   22.51, 1240.36, 143.12,     34.667,    0.00,     inf,    inf,    17.333,   41.95,  665.50,  38.39
           27,     21.600,    9.97, 2909.28, 134.69,     10.800,   23.01, 1259.94, 116.66,     43.200,    0.00,     inf,    inf,    21.600,   42.39,  683.95,  31.66
           28,     28.000,    8.83, 3404.43, 121.59,     14.000,   23.27, 1292.09,  92.29,     56.000,    0.00,     inf,    inf,    28.000,   44.42,  676.78,  24.17
           29,     38.667,    9.00, 3460.61,  89.50,     19.333,   23.71, 1313.32,  67.93,     77.333,    0.00,     inf,    inf,    38.667,   45.40,  685.87,  17.74
           30,     60.000,    9.18, 3510.71,  58.51,     30.000,   23.77, 1355.01,  45.17,    120.000,    0.00,     inf,    inf,    60.000,   47.21,  682.25,  11.37
           31,    124.000,    9.30, 3579.10,  28.86,     62.000,   24.20, 1375.62,  22.19,    248.000,    0.00,     inf,    inf,   124.000,   48.13,  691.60,   5.58
           32,        inf,    9.34, 3679.30,   0.00,        inf,   24.80, 1385.42,   0.00,        inf,    0.00,     inf,   -nan,       inf,   48.51,  708.26,   0.00
--------------------------------------------------------------------------------------------------------------------------------------------------------------------
mixbench/alternating (v0.03-1-g3ace732)
------------------------ Device specifications ------------------------
Device:              Tesla K80
CUDA driver version: 10.0
GPU clock rate:      823 MHz
Memory clock rate:   1252 MHz
Memory bus width:    384 bits
WarpSize:            32
L2 cache size:       1536 KB
Total global mem:    11441 MB
ECC enabled:         Yes
Compute Capability:  3.7
Total SPs:           2496 (13 MPs x 192 SPs/MP)
Compute throughput:  4110.91 GFlops (theoretical single precision FMAs)
Memory bandwidth:    240.48 GB/sec
-----------------------------------------------------------------------
Total GPU memory 11996954624, free 11921850368
Buffer size:          64MB
Trade-off type:       compute with global memory (block strided)
Warning:              Half precision computations are not supported
----------------------------------------------------------------------------- CSV data -----------------------------------------------------------------------------
Experiment ID, Single Precision ops,,,,              Double precision ops,,,,              Half precision ops,,,,                Integer operations,,, 
Compute iters, Flops/byte, ex.time,  GFLOPS, GB/sec, Flops/byte, ex.time,  GFLOPS, GB/sec, Flops/byte, ex.time,  GFLOPS, GB/sec, Iops/byte, ex.time,   GIOPS, GB/sec
            0,      0.000,   56.29,    0.00, 152.61,      0.000,  118.64,    0.00, 144.80,      0.000,    0.00,    -nan,    inf,     0.000,   55.43,    0.00, 154.96
            1,      0.129,   53.39,   20.11, 155.86,      0.065,  115.27,    9.32, 144.39,      0.258,    0.00,     inf,    inf,     0.129,   53.40,   20.11, 155.82
            2,      0.267,   51.82,   41.44, 155.40,      0.133,  111.21,   19.31, 144.83,      0.533,    0.00,     inf,    inf,     0.267,   51.90,   41.38, 155.16
            3,      0.414,   49.10,   65.61, 158.56,      0.207,  107.96,   29.84, 144.21,      0.828,    0.00,     inf,    inf,     0.414,   49.41,   65.20, 157.57
            4,      0.571,   48.12,   89.26, 156.20,      0.286,  103.90,   41.34, 144.69,      1.143,    0.00,     inf,    inf,     0.571,   48.29,   88.94, 155.64
            5,      0.741,   44.84,  119.73, 161.64,      0.370,  100.22,   53.57, 144.63,      1.481,    0.00,     inf,    inf,     0.741,   45.24,  118.68, 160.22
            6,      0.923,   43.23,  149.04, 161.46,      0.462,   96.29,   66.91, 144.97,      1.846,    0.00,     inf,    inf,     0.923,   43.86,  146.90, 159.14
            7,      1.120,   39.69,  189.39, 169.10,      0.560,   93.15,   80.69, 144.09,      2.240,    0.00,     inf,    inf,     1.120,   40.16,  187.15, 167.10
            8,      1.333,   38.53,  222.93, 167.20,      0.667,   89.07,   96.44, 144.66,      2.667,    0.00,     inf,    inf,     1.333,   38.99,  220.34, 165.25
            9,      1.565,   35.06,  275.66, 176.12,      0.783,   85.58,  112.92, 144.29,      3.130,    0.00,     inf,    inf,     1.565,   35.93,  268.95, 171.83
           10,      1.818,   34.45,  311.68, 171.42,      0.909,   81.29,  132.09, 145.30,      3.636,    0.00,     inf,    inf,     1.818,   34.78,  308.69, 169.78
           11,      2.095,   29.17,  404.96, 193.27,      1.048,   77.48,  152.44, 145.51,      4.190,    0.00,     inf,    inf,     2.095,   18.50,  638.45, 304.72
           12,      2.400,   28.34,  454.62, 189.43,      1.200,   73.58,  175.12, 145.94,      4.800,    0.00,     inf,    inf,     2.400,   20.15,  639.55, 266.48
           13,      2.737,   23.53,  593.13, 216.72,      1.368,   69.86,  199.81, 146.01,      5.474,    0.00,     inf,    inf,     2.737,   21.78,  640.93, 234.19
           14,      3.111,   22.10,  680.31, 218.67,      1.556,   66.22,  227.01, 145.93,      6.222,    0.00,     inf,    inf,     3.111,   22.70,  662.16, 212.84
           15,      3.529,   18.49,  871.02, 246.79,      1.765,   61.73,  260.93, 147.86,      7.059,    0.00,     inf,    inf,     3.529,   24.93,  646.06, 183.05
           16,      4.000,   27.99,  613.81, 153.45,      2.000,   59.62,  288.15, 144.07,      8.000,    0.00,     inf,    inf,     4.000,   26.57,  646.66, 161.67
           17,      4.533,   25.47,  716.65, 158.08,      2.267,   54.48,  335.02, 147.80,      9.067,    0.00,     inf,    inf,     4.533,   27.35,  667.52, 147.25
           18,      5.143,   24.28,  795.89, 154.76,      2.571,   52.02,  371.55, 144.49,     10.286,    0.00,     inf,    inf,     5.143,   29.65,  651.87, 126.75
           19,      5.846,   21.16,  964.06, 164.91,      2.923,   47.19,  432.34, 147.91,     11.692,    0.00,     inf,    inf,     5.846,   30.99,  658.33, 112.61
           20,      6.667,   19.62, 1094.57, 164.19,      3.333,   44.75,  479.86, 143.96,     13.333,    0.00,     inf,    inf,     6.667,   32.43,  662.12,  99.32
           21,      7.636,   17.17, 1313.63, 172.02,      3.818,   39.59,  569.62, 149.19,     15.273,    0.00,     inf,    inf,     7.636,   33.62,  670.71,  87.83
           22,      8.800,   17.68, 1335.98, 151.82,      4.400,   37.44,  630.95, 143.40,     17.600,    0.00,     inf,    inf,     8.800,   34.92,  676.52,  76.88
           23,     10.222,   14.62, 1688.85, 165.21,      5.111,   32.22,  766.56, 149.98,     20.444,    0.00,     inf,    inf,    10.222,   37.02,  667.10,  65.26
           24,     12.000,   14.33, 1798.02, 149.83,      6.000,   30.08,  856.77, 142.79,     24.000,    0.00,     inf,    inf,    12.000,   38.40,  671.11,  55.93
           25,     14.286,   11.48, 2338.89, 163.72,      7.143,   24.68, 1087.79, 152.29,     28.571,    0.00,     inf,    inf,    14.286,   38.95,  689.18,  48.24
           26,     17.333,   10.86, 2571.12, 148.33,      8.667,   22.48, 1241.73, 143.28,     34.667,    0.00,     inf,    inf,    17.333,   41.47,  673.24,  38.84
           27,     21.600,   10.03, 2889.41, 133.77,     10.800,   22.82, 1270.20, 117.61,     43.200,    0.00,     inf,    inf,    21.600,   42.37,  684.29,  31.68
           28,     28.000,    8.79, 3418.73, 122.10,     14.000,   23.24, 1293.41,  92.39,     56.000,    0.00,     inf,    inf,    28.000,   44.41,  676.91,  24.18
           29,     38.667,    8.97, 3471.18,  89.77,     19.333,   23.58, 1320.38,  68.30,     77.333,    0.00,     inf,    inf,    38.667,   45.35,  686.68,  17.76
           30,     60.000,    9.13, 3529.44,  58.82,     30.000,   23.80, 1353.71,  45.12,    120.000,    0.00,     inf,    inf,    60.000,   47.21,  682.34,  11.37
           31,    124.000,    9.29, 3584.54,  28.91,     62.000,   23.90, 1392.92,  22.47,    248.000,    0.00,     inf,    inf,   124.000,   47.53,  700.25,   5.65
           32,        inf,    9.31, 3690.38,   0.00,        inf,   24.79, 1386.20,   0.00,        inf,    0.00,     inf,   -nan,       inf,   49.06,  700.34,   0.00
--------------------------------------------------------------------------------------------------------------------------------------------------------------------
mixbench/alternating (v0.03-1-g3ace732)
------------------------ Device specifications ------------------------
Device:              Tesla K80
CUDA driver version: 10.0
GPU clock rate:      823 MHz
Memory clock rate:   1252 MHz
Memory bus width:    384 bits
WarpSize:            32
L2 cache size:       1536 KB
Total global mem:    11441 MB
ECC enabled:         Yes
Compute Capability:  3.7
Total SPs:           2496 (13 MPs x 192 SPs/MP)
Compute throughput:  4110.91 GFlops (theoretical single precision FMAs)
Memory bandwidth:    240.48 GB/sec
-----------------------------------------------------------------------
Total GPU memory 11996954624, free 11921850368
Buffer size:          64MB
Trade-off type:       compute with global memory (block strided)
Warning:              Half precision computations are not supported
----------------------------------------------------------------------------- CSV data -----------------------------------------------------------------------------
Experiment ID, Single Precision ops,,,,              Double precision ops,,,,              Half precision ops,,,,                Integer operations,,, 
Compute iters, Flops/byte, ex.time,  GFLOPS, GB/sec, Flops/byte, ex.time,  GFLOPS, GB/sec, Flops/byte, ex.time,  GFLOPS, GB/sec, Iops/byte, ex.time,   GIOPS, GB/sec
            0,      0.000,   56.16,    0.00, 152.96,      0.000,  118.94,    0.00, 144.44,      0.000,    0.00,    -nan,    inf,     0.000,   55.50,    0.00, 154.76
            1,      0.129,   53.39,   20.11, 155.86,      0.065,  115.48,    9.30, 144.13,      0.258,    0.00,     inf,    inf,     0.129,   53.47,   20.08, 155.64
            2,      0.267,   51.82,   41.44, 155.40,      0.133,  111.39,   19.28, 144.59,      0.533,    0.00,     inf,    inf,     0.267,   51.89,   41.38, 155.19
            3,      0.414,   49.41,   65.20, 157.56,      0.207,  107.87,   29.86, 144.34,      0.828,    0.00,     inf,    inf,     0.414,   49.52,   65.04, 157.19
            4,      0.571,   48.28,   88.95, 155.67,      0.286,  103.78,   41.39, 144.85,      1.143,    0.00,     inf,    inf,     0.571,   48.29,   88.93, 155.63
            5,      0.741,   44.58,  120.42, 162.56,      0.370,  100.44,   53.45, 144.32,      1.481,    0.00,     inf,    inf,     0.741,   45.29,  118.55, 160.04
            6,      0.923,   43.35,  148.63, 161.01,      0.462,   96.33,   66.88, 144.90,      1.846,    0.00,     inf,    inf,     0.923,   43.70,  147.43, 159.72
            7,      1.120,   39.61,  189.77, 169.44,      0.560,   92.85,   80.95, 144.55,      2.240,    0.00,     inf,    inf,     1.120,   40.41,  186.02, 166.09
            8,      1.333,   38.61,  222.50, 166.88,      0.667,   88.60,   96.95, 145.43,      2.667,    0.00,     inf,    inf,     1.333,   39.05,  219.95, 164.97
            9,      1.565,   34.98,  276.25, 176.49,      0.783,   85.32,  113.26, 144.72,      3.130,    0.00,     inf,    inf,     1.565,   35.89,  269.22, 172.00
           10,      1.818,   34.39,  312.21, 171.72,      0.909,   80.73,  133.00, 146.30,      3.636,    0.00,     inf,    inf,     1.818,   34.76,  308.91, 169.90
           11,      2.095,   28.99,  407.46, 194.47,      1.048,   77.52,  152.37, 145.45,      4.190,    0.00,     inf,    inf,     2.095,   18.56,  636.54, 303.80
           12,      2.400,   28.22,  456.61, 190.25,      1.200,   73.54,  175.21, 146.01,      4.800,    0.00,     inf,    inf,     2.400,   20.16,  639.17, 266.32
           13,      2.737,   23.57,  592.24, 216.39,      1.368,   69.48,  200.89, 146.81,      5.474,    0.00,     inf,    inf,     2.737,   21.78,  640.92, 234.18
           14,      3.111,   22.14,  679.09, 218.28,      1.556,   65.54,  229.35, 147.44,      6.222,    0.00,     inf,    inf,     3.111,   22.97,  654.54, 210.39
           15,      3.529,   18.48,  871.74, 246.99,      1.765,   61.26,  262.92, 148.99,      7.059,    0.00,     inf,    inf,     3.529,   24.67,  652.87, 184.98
           16,      4.000,   28.02,  613.16, 153.29,      2.000,   59.49,  288.78, 144.39,      8.000,    0.00,     inf,    inf,     4.000,   26.40,  650.84, 162.71
           17,      4.533,   25.54,  714.57, 157.63,      2.267,   54.51,  334.89, 147.75,      9.067,    0.00,     inf,    inf,     4.533,   27.04,  675.10, 148.92
           18,      5.143,   24.20,  798.52, 155.27,      2.571,   52.16,  370.56, 144.11,     10.286,    0.00,     inf,    inf,     5.143,   29.36,  658.36, 128.01
           19,      5.846,   21.24,  960.51, 164.30,      2.923,   47.02,  433.84, 148.42,     11.692,    0.00,     inf,    inf,     5.846,   30.66,  665.37, 113.81
           20,      6.667,   19.73, 1088.46, 163.27,      3.333,   44.44,  483.23, 144.97,     13.333,    0.00,     inf,    inf,     6.667,   32.41,  662.50,  99.38
           21,      7.636,   17.14, 1315.51, 172.27,      3.818,   39.58,  569.68, 149.20,     15.273,    0.00,     inf,    inf,     7.636,   33.65,  670.12,  87.75
           22,      8.800,   17.66, 1337.31, 151.97,      4.400,   37.49,  630.04, 143.19,     17.600,    0.00,     inf,    inf,     8.800,   34.93,  676.32,  76.86
           23,     10.222,   14.64, 1687.08, 165.04,      5.111,   32.08,  769.77, 150.61,     20.444,    0.00,     inf,    inf,    10.222,   36.63,  674.23,  65.96
           24,     12.000,   14.35, 1795.49, 149.62,      6.000,   30.11,  855.74, 142.62,     24.000,    0.00,     inf,    inf,    12.000,   38.83,  663.72,  55.31
           25,     14.286,   11.42, 2349.57, 164.47,      7.143,   24.61, 1090.61, 152.69,     28.571,    0.00,     inf,    inf,    14.286,   38.97,  688.88,  48.22
           26,     17.333,   10.89, 2562.43, 147.83,      8.667,   22.49, 1241.49, 143.25,     34.667,    0.00,     inf,    inf,    17.333,   41.92,  666.04,  38.43
           27,     21.600,   10.00, 2900.40, 134.28,     10.800,   23.10, 1254.91, 116.20,     43.200,    0.00,     inf,    inf,    21.600,   41.88,  692.23,  32.05
           28,     28.000,    8.77, 3426.53, 122.38,     14.000,   23.45, 1282.01,  91.57,     56.000,    0.00,     inf,    inf,    28.000,   43.92,  684.61,  24.45
           29,     38.667,    8.99, 3462.59,  89.55,     19.333,   23.36, 1333.14,  68.96,     77.333,    0.00,     inf,    inf,    38.667,   44.80,  695.13,  17.98
           30,     60.000,    9.05, 3558.45,  59.31,     30.000,   23.75, 1356.44,  45.21,    120.000,    0.00,     inf,    inf,    60.000,   47.20,  682.50,  11.37
           31,    124.000,    9.28, 3585.68,  28.92,     62.000,   23.90, 1393.01,  22.47,    248.000,    0.00,     inf,    inf,   124.000,   47.54,  700.17,   5.65
           32,        inf,    9.21, 3730.37,   0.00,        inf,   24.80, 1385.34,   0.00,        inf,    0.00,     inf,   -nan,       inf,   49.06,  700.30,   0.00
--------------------------------------------------------------------------------------------------------------------------------------------------------------------
mixbench/alternating (v0.03-1-g3ace732)
------------------------ Device specifications ------------------------
Device:              Tesla K80
CUDA driver version: 10.0
GPU clock rate:      823 MHz
Memory clock rate:   1252 MHz
Memory bus width:    384 bits
WarpSize:            32
L2 cache size:       1536 KB
Total global mem:    11441 MB
ECC enabled:         Yes
Compute Capability:  3.7
Total SPs:           2496 (13 MPs x 192 SPs/MP)
Compute throughput:  4110.91 GFlops (theoretical single precision FMAs)
Memory bandwidth:    240.48 GB/sec
-----------------------------------------------------------------------
Total GPU memory 11996954624, free 11921850368
Buffer size:          64MB
Trade-off type:       compute with global memory (block strided)
Warning:              Half precision computations are not supported
----------------------------------------------------------------------------- CSV data -----------------------------------------------------------------------------
Experiment ID, Single Precision ops,,,,              Double precision ops,,,,              Half precision ops,,,,                Integer operations,,, 
Compute iters, Flops/byte, ex.time,  GFLOPS, GB/sec, Flops/byte, ex.time,  GFLOPS, GB/sec, Flops/byte, ex.time,  GFLOPS, GB/sec, Iops/byte, ex.time,   GIOPS, GB/sec
            0,      0.000,   56.28,    0.00, 152.64,      0.000,  118.96,    0.00, 144.41,      0.000,    0.00,    -nan,    inf,     0.000,   55.47,    0.00, 154.86
            1,      0.129,   53.86,   19.94, 154.51,      0.065,  115.20,    9.32, 144.47,      0.258,    0.00,     inf,    inf,     0.129,   53.54,   20.06, 155.44
            2,      0.267,   51.88,   41.39, 155.22,      0.133,  111.42,   19.27, 144.56,      0.533,    0.00,     inf,    inf,     0.267,   52.06,   41.25, 154.69
            3,      0.414,   49.22,   65.45, 158.17,      0.207,  107.77,   29.89, 144.47,      0.828,    0.00,     inf,    inf,     0.414,   49.56,   64.99, 157.06
            4,      0.571,   48.12,   89.26, 156.21,      0.286,  103.82,   41.37, 144.79,      1.143,    0.00,     inf,    inf,     0.571,   48.21,   89.10, 155.92
            5,      0.741,   44.69,  120.14, 162.19,      0.370,  100.28,   53.54, 144.55,      1.481,    0.00,     inf,    inf,     0.741,   45.21,  118.74, 160.30
            6,      0.923,   43.19,  149.15, 161.58,      0.462,   96.45,   66.80, 144.73,      1.846,    0.00,     inf,    inf,     0.923,   43.81,  147.04, 159.29
            7,      1.120,   39.73,  189.20, 168.93,      0.560,   92.56,   81.20, 145.01,      2.240,    0.00,     inf,    inf,     1.120,   40.31,  186.44, 166.47
            8,      1.333,   38.62,  222.40, 166.80,      0.667,   88.45,   97.12, 145.68,      2.667,    0.00,     inf,    inf,     1.333,   38.98,  220.36, 165.27
            9,      1.565,   34.98,  276.23, 176.48,      0.783,   85.35,  113.23, 144.68,      3.130,    0.00,     inf,    inf,     1.565,   35.89,  269.25, 172.02
           10,      1.818,   34.49,  311.28, 171.20,      0.909,   81.35,  132.00, 145.20,      3.636,    0.00,     inf,    inf,     1.818,   34.78,  308.76, 169.82
           11,      2.095,   29.26,  403.60, 192.63,      1.048,   77.78,  151.86, 144.96,      4.190,    0.00,     inf,    inf,     2.095,   18.34,  644.00, 307.36
           12,      2.400,   28.30,  455.22, 189.68,      1.200,   73.82,  174.55, 145.46,      4.800,    0.00,     inf,    inf,     2.400,   20.11,  640.81, 267.00
           13,      2.737,   23.51,  593.61, 216.89,      1.368,   69.94,  199.59, 145.85,      5.474,    0.00,     inf,    inf,     2.737,   21.52,  648.60, 236.99
           14,      3.111,   22.17,  677.90, 217.90,      1.556,   66.10,  227.44, 146.21,      6.222,    0.00,     inf,    inf,     3.111,   22.71,  662.03, 212.80
           15,      3.529,   18.51,  870.15, 246.54,      1.765,   61.64,  261.28, 148.06,      7.059,    0.00,     inf,    inf,     3.529,   24.49,  657.67, 186.34
           16,      4.000,   28.11,  611.17, 152.79,      2.000,   59.48,  288.83, 144.41,      8.000,    0.00,     inf,    inf,     4.000,   26.10,  658.34, 164.59
           17,      4.533,   25.56,  714.22, 157.55,      2.267,   54.58,  334.44, 147.55,      9.067,    0.00,     inf,    inf,     4.533,   27.01,  675.87, 149.09
           18,      5.143,   24.19,  799.12, 155.38,      2.571,   52.09,  371.01, 144.28,     10.286,    0.00,     inf,    inf,     5.143,   29.02,  666.06, 129.51
           19,      5.846,   21.16,  964.02, 164.90,      2.923,   47.07,  433.40, 148.27,     11.692,    0.00,     inf,    inf,     5.846,   30.63,  666.02, 113.92
           20,      6.667,   19.69, 1090.44, 163.57,      3.333,   44.78,  479.61, 143.88,     13.333,    0.00,     inf,    inf,     6.667,   31.71,  677.12, 101.57
           21,      7.636,   17.13, 1316.00, 172.33,      3.818,   39.87,  565.57, 148.13,     15.273,    0.00,     inf,    inf,     7.636,   33.27,  677.77,  88.76
           22,      8.800,   17.68, 1335.75, 151.79,      4.400,   37.57,  628.68, 142.88,     17.600,    0.00,     inf,    inf,     8.800,   34.89,  677.07,  76.94
           23,     10.222,   14.62, 1689.41, 165.27,      5.111,   32.17,  767.75, 150.21,     20.444,    0.00,     inf,    inf,    10.222,   36.56,  675.41,  66.07
           24,     12.000,   14.37, 1793.27, 149.44,      6.000,   30.31,  850.21, 141.70,     24.000,    0.00,     inf,    inf,    12.000,   38.33,  672.29,  56.02
           25,     14.286,   11.41, 2352.66, 164.69,      7.143,   24.53, 1094.45, 153.22,     28.571,    0.00,     inf,    inf,    14.286,   38.07,  705.18,  49.36
           26,     17.333,   10.95, 2550.63, 147.15,      8.667,   22.25, 1254.60, 144.76,     34.667,    0.00,     inf,    inf,    17.333,   41.42,  674.05,  38.89
           27,     21.600,    9.89, 2930.48, 135.67,     10.800,   22.71, 1276.49, 118.19,     43.200,    0.00,     inf,    inf,    21.600,   41.89,  692.09,  32.04
           28,     28.000,    8.73, 3443.49, 122.98,     14.000,   23.01, 1306.80,  93.34,     56.000,    0.00,     inf,    inf,    28.000,   43.42,  692.45,  24.73
           29,     38.667,    8.91, 3493.43,  90.35,     19.333,   23.10, 1347.77,  69.71,     77.333,    0.00,     inf,    inf,    38.667,   44.81,  694.87,  17.97
           30,     60.000,    9.03, 3567.41,  59.46,     30.000,   23.46, 1372.88,  45.76,    120.000,    0.00,     inf,    inf,    60.000,   46.65,  690.54,  11.51
           31,    124.000,    9.19, 3622.84,  29.22,     62.000,   23.89, 1393.49,  22.48,    248.000,    0.00,     inf,    inf,   124.000,   46.99,  708.30,   5.71
           32,        inf,    9.20, 3735.44,   0.00,        inf,   24.50, 1402.46,   0.00,        inf,    0.00,     inf,   -nan,       inf,   48.48,  708.72,   0.00
--------------------------------------------------------------------------------------------------------------------------------------------------------------------
