mixbench/read-only (v0.03-1-g3ace732)
------------------------ Device specifications ------------------------
Device:              Tesla K80
CUDA driver version: 10.0
GPU clock rate:      823 MHz
Memory clock rate:   1252 MHz
Memory bus width:    384 bits
WarpSize:            32
L2 cache size:       1536 KB
Total global mem:    11441 MB
ECC enabled:         Yes
Compute Capability:  3.7
Total SPs:           2496 (13 MPs x 192 SPs/MP)
Compute throughput:  4110.91 GFlops (theoretical single precision FMAs)
Memory bandwidth:    240.48 GB/sec
-----------------------------------------------------------------------
Total GPU memory 11996954624, free 11922898944
Buffer size:          256MB
Trade-off type:       compute with global memory (block strided)
Elements per thread:  8
Thread fusion degree: 4
Warning:              Half precision computations are not supported
----------------------------------------------------------------------------- CSV data -----------------------------------------------------------------------------
Experiment ID, Single Precision ops,,,,              Double precision ops,,,,              Half precision ops,,,,                Integer operations,,, 
Compute iters, Flops/byte, ex.time,  GFLOPS, GB/sec, Flops/byte, ex.time,  GFLOPS, GB/sec, Flops/byte, ex.time,  GFLOPS, GB/sec, Iops/byte, ex.time,   GIOPS, GB/sec
            0,      0.250,    0.82,   40.92, 163.67,      0.125,    1.67,   20.05, 160.41,      0.500,    0.00,     inf,    inf,     0.250,    0.83,   40.63, 162.53
            1,      0.750,    0.82,  122.03, 162.70,      0.375,    1.67,   60.12, 160.33,      1.500,    0.00,     inf,    inf,     0.750,    0.82,  123.13, 164.17
            2,      1.250,    0.82,  204.31, 163.45,      0.625,    1.67,  100.20, 160.33,      2.500,    0.00,     inf,    inf,     1.250,    0.82,  204.98, 163.98
            3,      1.750,    0.82,  287.16, 164.09,      0.875,    1.68,  140.13, 160.15,      3.500,    0.00,     inf,    inf,     1.750,    0.82,  286.05, 163.46
            4,      2.250,    0.82,  369.42, 164.19,      1.125,    1.68,  180.27, 160.24,      4.500,    0.00,     inf,    inf,     2.250,    0.83,  362.79, 161.24
            5,      2.750,    0.82,  450.79, 163.92,      1.375,    1.67,  220.51, 160.37,      5.500,    0.00,     inf,    inf,     2.750,    0.84,  439.96, 159.98
            6,      3.250,    0.82,  533.23, 164.07,      1.625,    1.67,  260.72, 160.44,      6.500,    0.00,     inf,    inf,     3.250,    0.93,  469.99, 144.61
            7,      3.750,    0.82,  614.74, 163.93,      1.875,    1.67,  300.86, 160.46,      7.500,    0.00,     inf,    inf,     3.750,    1.01,  499.94, 133.32
            8,      4.250,    0.82,  696.78, 163.95,      2.125,    1.67,  341.88, 160.88,      8.500,    0.00,     inf,    inf,     4.250,    1.35,  421.26,  99.12
            9,      4.750,    0.82,  778.64, 163.92,      2.375,    1.67,  382.52, 161.06,      9.500,    0.00,     inf,    inf,     4.750,    1.24,  515.35, 108.49
           10,      5.250,    0.82,  858.35, 163.50,      2.625,    1.67,  422.43, 160.93,     10.500,    0.00,     inf,    inf,     5.250,    1.35,  520.48,  99.14
           11,      5.750,    0.82,  940.83, 163.62,      2.875,    1.67,  462.78, 160.97,     11.500,    0.00,     inf,    inf,     5.750,    1.47,  524.05,  91.14
           12,      6.250,    0.82, 1026.00, 164.16,      3.125,    1.67,  503.05, 160.98,     12.500,    0.00,     inf,    inf,     6.250,    1.82,  459.93,  73.59
           13,      6.750,    0.82, 1105.01, 163.71,      3.375,    1.67,  542.86, 160.85,     13.500,    0.00,     inf,    inf,     6.750,    1.71,  528.88,  78.35
           14,      7.250,    0.82, 1184.60, 163.39,      3.625,    1.68,  580.30, 160.08,     14.500,    0.00,     inf,    inf,     7.250,    1.82,  534.51,  73.73
           15,      7.750,    0.82, 1266.20, 163.38,      3.875,    1.67,  621.92, 160.50,     15.500,    0.00,     inf,    inf,     7.750,    1.94,  536.67,  69.25
           16,      8.250,    0.82, 1348.41, 163.44,      4.125,    1.67,  661.49, 160.36,     16.500,    0.00,     inf,    inf,     8.250,    2.30,  481.81,  58.40
           17,      8.750,    0.82, 1424.14, 162.76,      4.375,    1.68,  699.54, 159.90,     17.500,    0.00,     inf,    inf,     8.750,    2.18,  538.81,  61.58
           18,      9.250,    0.82, 1506.11, 162.82,      4.625,    1.68,  737.98, 159.56,     18.500,    0.00,     inf,    inf,     9.250,    2.28,  543.53,  58.76
           20,     10.250,    0.83, 1663.25, 162.27,      5.125,    1.69,  813.13, 158.66,     20.500,    0.00,     inf,    inf,    10.250,    2.78,  495.10,  48.30
           22,     11.250,    0.84, 1790.26, 159.13,      5.625,    1.73,  872.20, 155.06,     22.500,    0.00,     inf,    inf,    11.250,    2.76,  547.55,  48.67
           24,     12.250,    0.84, 1957.12, 159.76,      6.125,    1.80,  913.26, 149.10,     24.500,    0.00,     inf,    inf,    12.250,    3.26,  505.09,  41.23
           28,     14.250,    0.88, 2164.67, 151.91,      7.125,    1.94,  984.76, 138.21,     28.500,    0.00,     inf,    inf,    14.250,    3.72,  513.53,  36.04
           32,     16.250,    0.93, 2350.26, 144.63,      8.125,    2.15, 1013.92, 124.79,     32.500,    0.00,     inf,    inf,    16.250,    4.21,  518.20,  31.89
           40,     20.250,    1.09, 2494.26, 123.17,     10.125,    2.58, 1051.59, 103.86,     40.500,    0.00,     inf,    inf,    20.250,    5.15,  527.85,  26.07
           48,     24.250,    1.27, 2555.83, 105.40,     12.125,    3.06, 1062.90,  87.66,     48.500,    0.00,     inf,    inf,    24.250,    6.10,  533.14,  21.99
           56,     28.250,    1.47, 2581.46,  91.38,     14.125,    3.54, 1070.51,  75.79,     56.500,    0.00,     inf,    inf,    28.250,    7.06,  537.08,  19.01
           64,     32.250,    1.65, 2620.37,  81.25,     16.125,    4.03, 1075.31,  66.69,     64.500,    0.00,     inf,    inf,    32.250,    8.00,  540.88,  16.77
           80,     40.250,    2.04, 2651.70,  65.88,     20.125,    4.97, 1088.03,  54.06,     80.500,    0.00,     inf,    inf,    40.250,    9.90,  545.80,  13.56
           96,     48.250,    2.41, 2688.62,  55.72,     24.125,    5.93, 1091.25,  45.23,     96.500,    0.00,     inf,    inf,    48.250,   11.81,  548.21,  11.36
          128,     64.250,    3.15, 2733.71,  42.55,     32.125,    7.82, 1102.98,  34.33,    128.500,    0.00,     inf,    inf,    64.250,   14.39,  599.22,   9.33
          192,     96.250,    4.33, 2984.30,  31.01,     48.125,   10.39, 1243.48,  25.84,    192.500,    0.00,     inf,    inf,    96.250,   20.68,  624.63,   6.49
          256,    128.250,    7.12, 2418.02,  18.85,     64.125,   14.13, 1218.00,  18.99,    256.500,    0.00,     inf,    inf,   128.250,   27.61,  623.42,   4.86
--------------------------------------------------------------------------------------------------------------------------------------------------------------------
mixbench/read-only (v0.03-1-g3ace732)
------------------------ Device specifications ------------------------
Device:              Tesla K80
CUDA driver version: 10.0
GPU clock rate:      823 MHz
Memory clock rate:   1252 MHz
Memory bus width:    384 bits
WarpSize:            32
L2 cache size:       1536 KB
Total global mem:    11441 MB
ECC enabled:         Yes
Compute Capability:  3.7
Total SPs:           2496 (13 MPs x 192 SPs/MP)
Compute throughput:  4110.91 GFlops (theoretical single precision FMAs)
Memory bandwidth:    240.48 GB/sec
-----------------------------------------------------------------------
Total GPU memory 11996954624, free 11922898944
Buffer size:          256MB
Trade-off type:       compute with global memory (block strided)
Elements per thread:  8
Thread fusion degree: 4
Warning:              Half precision computations are not supported
----------------------------------------------------------------------------- CSV data -----------------------------------------------------------------------------
Experiment ID, Single Precision ops,,,,              Double precision ops,,,,              Half precision ops,,,,                Integer operations,,, 
Compute iters, Flops/byte, ex.time,  GFLOPS, GB/sec, Flops/byte, ex.time,  GFLOPS, GB/sec, Flops/byte, ex.time,  GFLOPS, GB/sec, Iops/byte, ex.time,   GIOPS, GB/sec
            0,      0.250,    0.81,   41.20, 164.80,      0.125,    1.67,   20.12, 160.97,      0.500,    0.00,     inf,    inf,     0.250,    0.82,   41.13, 164.53
            1,      0.750,    0.82,  123.35, 164.46,      0.375,    1.66,   60.51, 161.35,      1.500,    0.00,     inf,    inf,     0.750,    0.82,  122.64, 163.51
            2,      1.250,    0.82,  204.95, 163.96,      0.625,    1.66,  100.85, 161.36,      2.500,    0.00,     inf,    inf,     1.250,    0.82,  205.10, 164.08
            3,      1.750,    0.81,  288.56, 164.89,      0.875,    1.67,  140.46, 160.52,      3.500,    0.00,     inf,    inf,     1.750,    0.82,  286.15, 163.51
            4,      2.250,    0.82,  369.64, 164.28,      1.125,    1.66,  181.44, 161.28,      4.500,    0.00,     inf,    inf,     2.250,    0.82,  368.73, 163.88
            5,      2.750,    0.82,  449.33, 163.39,      1.375,    1.66,  221.78, 161.29,      5.500,    0.00,     inf,    inf,     2.750,    0.82,  447.40, 162.69
            6,      3.250,    0.81,  536.29, 165.01,      1.625,    1.67,  261.16, 160.71,      6.500,    0.00,     inf,    inf,     3.250,    0.83,  522.66, 160.82
            7,      3.750,    0.81,  619.09, 165.09,      1.875,    1.66,  302.56, 161.36,      7.500,    0.00,     inf,    inf,     3.750,    0.89,  566.92, 151.18
            8,      4.250,    0.82,  696.18, 163.81,      2.125,    1.66,  343.67, 161.73,      8.500,    0.00,     inf,    inf,     4.250,    1.11,  514.39, 121.03
            9,      4.750,    0.81,  783.69, 164.99,      2.375,    1.66,  383.23, 161.36,      9.500,    0.00,     inf,    inf,     4.750,    1.00,  637.92, 134.30
           10,      5.250,    0.82,  864.28, 164.62,      2.625,    1.67,  422.33, 160.89,     10.500,    0.00,     inf,    inf,     5.250,    1.09,  646.41, 123.13
           11,      5.750,    0.81,  948.90, 165.03,      2.875,    1.67,  462.47, 160.86,     11.500,    0.00,     inf,    inf,     5.750,    1.18,  654.42, 113.81
           12,      6.250,    0.82, 1026.65, 164.26,      3.125,    1.66,  504.68, 161.50,     12.500,    0.00,     inf,    inf,     6.250,    1.46,  574.16,  91.87
           13,      6.750,    0.82, 1104.28, 163.60,      3.375,    1.66,  544.38, 161.30,     13.500,    0.00,     inf,    inf,     6.750,    1.37,  660.68,  97.88
           14,      7.250,    0.82, 1190.16, 164.16,      3.625,    1.66,  585.39, 161.49,     14.500,    0.00,     inf,    inf,     7.250,    1.45,  670.34,  92.46
           15,      7.750,    0.82, 1266.40, 163.41,      3.875,    1.66,  625.59, 161.44,     15.500,    0.00,     inf,    inf,     7.750,    1.55,  671.11,  86.59
           16,      8.250,    0.82, 1355.28, 164.28,      4.125,    1.67,  661.82, 160.44,     16.500,    0.00,     inf,    inf,     8.250,    1.83,  604.07,  73.22
           17,      8.750,    0.82, 1432.93, 163.76,      4.375,    1.67,  702.73, 160.62,     17.500,    0.00,     inf,    inf,     8.750,    1.73,  678.43,  77.53
           18,      9.250,    0.82, 1520.27, 164.35,      4.625,    1.67,  744.73, 161.02,     18.500,    0.00,     inf,    inf,     9.250,    1.82,  683.12,  73.85
           20,     10.250,    0.82, 1687.34, 164.62,      5.125,    1.67,  823.34, 160.65,     20.500,    0.00,     inf,    inf,    10.250,    2.21,  622.60,  60.74
           22,     11.250,    0.82, 1838.82, 163.45,      5.625,    1.68,  900.56, 160.10,     22.500,    0.00,     inf,    inf,    11.250,    2.18,  691.87,  61.50
           24,     12.250,    0.82, 2000.48, 163.30,      6.125,    1.68,  976.51, 159.43,     24.500,    0.00,     inf,    inf,    12.250,    2.58,  636.86,  51.99
           28,     14.250,    0.83, 2308.03, 161.97,      7.125,    1.72, 1111.73, 156.03,     28.500,    0.00,     inf,    inf,    14.250,    2.97,  643.93,  45.19
           32,     16.250,    0.84, 2596.67, 159.80,      8.125,    1.81, 1208.12, 148.69,     32.500,    0.00,     inf,    inf,    16.250,    3.34,  653.61,  40.22
           40,     20.250,    0.93, 2932.32, 144.81,     10.125,    2.07, 1315.16, 129.89,     40.500,    0.00,     inf,    inf,    20.250,    4.09,  664.11,  32.80
           48,     24.250,    1.02, 3197.68, 131.86,     12.125,    2.44, 1335.27, 110.13,     48.500,    0.00,     inf,    inf,    24.250,    4.85,  671.59,  27.69
           56,     28.250,    1.17, 3242.01, 114.76,     14.125,    2.82, 1346.15,  95.30,     56.500,    0.00,     inf,    inf,    28.250,    5.61,  676.35,  23.94
           64,     32.250,    1.32, 3283.00, 101.80,     16.125,    3.19, 1356.65,  84.13,     64.500,    0.00,     inf,    inf,    32.250,    6.35,  681.50,  21.13
           80,     40.250,    1.62, 3328.09,  82.69,     20.125,    3.95, 1368.01,  67.98,     80.500,    0.00,     inf,    inf,    40.250,    7.86,  687.55,  17.08
           96,     48.250,    1.92, 3371.80,  69.88,     24.125,    4.70, 1376.76,  57.07,     96.500,    0.00,     inf,    inf,    48.250,    9.40,  688.75,  14.27
          128,     64.250,    2.51, 3435.63,  53.47,     32.125,    6.20, 1390.02,  43.27,    128.500,    0.00,     inf,    inf,    64.250,   12.41,  695.11,  10.82
          192,     96.250,    3.85, 3354.98,  34.86,     48.125,    9.24, 1398.51,  29.06,    192.500,    0.00,     inf,    inf,    96.250,   18.35,  703.89,   7.31
          256,    128.250,    6.35, 2708.94,  21.12,     64.125,   12.62, 1364.05,  21.27,    256.500,    0.00,     inf,    inf,   128.250,   24.43,  704.47,   5.49
--------------------------------------------------------------------------------------------------------------------------------------------------------------------
mixbench/read-only (v0.03-1-g3ace732)
------------------------ Device specifications ------------------------
Device:              Tesla K80
CUDA driver version: 10.0
GPU clock rate:      823 MHz
Memory clock rate:   1252 MHz
Memory bus width:    384 bits
WarpSize:            32
L2 cache size:       1536 KB
Total global mem:    11441 MB
ECC enabled:         Yes
Compute Capability:  3.7
Total SPs:           2496 (13 MPs x 192 SPs/MP)
Compute throughput:  4110.91 GFlops (theoretical single precision FMAs)
Memory bandwidth:    240.48 GB/sec
-----------------------------------------------------------------------
Total GPU memory 11996954624, free 11922898944
Buffer size:          256MB
Trade-off type:       compute with global memory (block strided)
Elements per thread:  8
Thread fusion degree: 4
Warning:              Half precision computations are not supported
----------------------------------------------------------------------------- CSV data -----------------------------------------------------------------------------
Experiment ID, Single Precision ops,,,,              Double precision ops,,,,              Half precision ops,,,,                Integer operations,,, 
Compute iters, Flops/byte, ex.time,  GFLOPS, GB/sec, Flops/byte, ex.time,  GFLOPS, GB/sec, Flops/byte, ex.time,  GFLOPS, GB/sec, Iops/byte, ex.time,   GIOPS, GB/sec
            0,      0.250,    0.82,   41.15, 164.60,      0.125,    1.68,   20.00, 160.03,      0.500,    0.00,     inf,    inf,     0.250,    0.82,   41.15, 164.59
            1,      0.750,    0.81,  123.77, 165.03,      0.375,    1.66,   60.50, 161.33,      1.500,    0.00,     inf,    inf,     0.750,    0.81,  123.84, 165.12
            2,      1.250,    0.82,  205.75, 164.60,      0.625,    1.68,  100.09, 160.15,      2.500,    0.00,     inf,    inf,     1.250,    0.81,  206.40, 165.12
            3,      1.750,    0.82,  287.99, 164.57,      0.875,    1.68,  139.96, 159.96,      3.500,    0.00,     inf,    inf,     1.750,    0.81,  288.47, 164.84
            4,      2.250,    0.81,  370.86, 164.83,      1.125,    1.66,  181.44, 161.28,      4.500,    0.00,     inf,    inf,     2.250,    0.82,  370.03, 164.46
            5,      2.750,    0.81,  453.66, 164.97,      1.375,    1.66,  221.68, 161.22,      5.500,    0.00,     inf,    inf,     2.750,    0.82,  447.97, 162.90
            6,      3.250,    0.82,  535.18, 164.67,      1.625,    1.67,  261.58, 160.97,      6.500,    0.00,     inf,    inf,     3.250,    0.83,  523.82, 161.18
            7,      3.750,    0.81,  619.21, 165.12,      1.875,    1.66,  302.53, 161.35,      7.500,    0.00,     inf,    inf,     3.750,    0.87,  575.89, 153.57
            8,      4.250,    0.81,  700.29, 164.77,      2.125,    1.66,  343.14, 161.48,      8.500,    0.00,     inf,    inf,     4.250,    1.10,  517.89, 121.86
            9,      4.750,    0.82,  780.04, 164.22,      2.375,    1.66,  383.78, 161.59,      9.500,    0.00,     inf,    inf,     4.750,    1.00,  638.58, 134.44
           10,      5.250,    0.81,  865.88, 164.93,      2.625,    1.66,  423.66, 161.39,     10.500,    0.00,     inf,    inf,     5.250,    1.08,  651.31, 124.06
           11,      5.750,    0.82,  941.90, 163.81,      2.875,    1.67,  462.47, 160.86,     11.500,    0.00,     inf,    inf,     5.750,    1.19,  650.13, 113.07
           12,      6.250,    0.82, 1027.89, 164.46,      3.125,    1.67,  503.71, 161.19,     12.500,    0.00,     inf,    inf,     6.250,    1.45,  577.30,  92.37
           13,      6.750,    0.81, 1112.74, 164.85,      3.375,    1.66,  544.78, 161.42,     13.500,    0.00,     inf,    inf,     6.750,    1.37,  663.13,  98.24
           14,      7.250,    0.81, 1194.56, 164.77,      3.625,    1.66,  585.38, 161.48,     14.500,    0.00,     inf,    inf,     7.250,    1.45,  670.73,  92.51
           15,      7.750,    0.81, 1280.16, 165.18,      3.875,    1.66,  625.05, 161.30,     15.500,    0.00,     inf,    inf,     7.750,    1.55,  673.07,  86.85
           16,      8.250,    0.81, 1361.09, 164.98,      4.125,    1.67,  664.05, 160.98,     16.500,    0.00,     inf,    inf,     8.250,    1.83,  604.52,  73.28
           17,      8.750,    0.83, 1413.34, 161.52,      4.375,    1.67,  702.70, 160.62,     17.500,    0.00,     inf,    inf,     8.750,    1.73,  677.62,  77.44
           18,      9.250,    0.82, 1519.20, 164.24,      4.625,    1.67,  744.27, 160.92,     18.500,    0.00,     inf,    inf,     9.250,    1.82,  683.81,  73.93
           20,     10.250,    0.82, 1682.65, 164.16,      5.125,    1.69,  816.23, 159.26,     20.500,    0.00,     inf,    inf,    10.250,    2.21,  622.51,  60.73
           22,     11.250,    0.82, 1836.46, 163.24,      5.625,    1.69,  891.63, 158.51,     22.500,    0.00,     inf,    inf,    11.250,    2.18,  692.50,  61.56
           24,     12.250,    0.82, 1996.20, 162.96,      6.125,    1.68,  978.75, 159.80,     24.500,    0.00,     inf,    inf,    12.250,    2.59,  634.94,  51.83
           28,     14.250,    0.84, 2287.45, 160.52,      7.125,    1.74, 1101.69, 154.62,     28.500,    0.00,     inf,    inf,    14.250,    2.97,  644.49,  45.23
           32,     16.250,    0.84, 2598.16, 159.89,      8.125,    1.81, 1204.66, 148.27,     32.500,    0.00,     inf,    inf,    16.250,    3.34,  653.03,  40.19
           40,     20.250,    0.93, 2937.90, 145.08,     10.125,    2.08, 1307.63, 129.15,     40.500,    0.00,     inf,    inf,    20.250,    4.11,  662.09,  32.70
           48,     24.250,    1.02, 3195.67, 131.78,     12.125,    2.43, 1336.92, 110.26,     48.500,    0.00,     inf,    inf,    24.250,    4.85,  670.81,  27.66
           56,     28.250,    1.17, 3240.42, 114.71,     14.125,    2.82, 1346.16,  95.30,     56.500,    0.00,     inf,    inf,    28.250,    5.61,  676.23,  23.94
           64,     32.250,    1.32, 3284.92, 101.86,     16.125,    3.19, 1355.21,  84.04,     64.500,    0.00,     inf,    inf,    32.250,    6.36,  680.30,  21.09
           80,     40.250,    1.63, 3320.30,  82.49,     20.125,    3.95, 1368.72,  68.01,     80.500,    0.00,     inf,    inf,    40.250,    7.85,  687.76,  17.09
           96,     48.250,    1.92, 3380.19,  70.06,     24.125,    4.70, 1376.95,  57.08,     96.500,    0.00,     inf,    inf,    48.250,    9.39,  689.66,  14.29
          128,     64.250,    2.51, 3436.29,  53.48,     32.125,    6.21, 1389.53,  43.25,    128.500,    0.00,     inf,    inf,    64.250,   12.44,  693.45,  10.79
          192,     96.250,    3.86, 3348.14,  34.79,     48.125,    9.27, 1394.23,  28.97,    192.500,    0.00,     inf,    inf,    96.250,   18.43,  700.80,   7.28
          256,    128.250,    6.35, 2711.68,  21.14,     64.125,   12.62, 1363.70,  21.27,    256.500,    0.00,     inf,    inf,   128.250,   24.48,  703.23,   5.48
--------------------------------------------------------------------------------------------------------------------------------------------------------------------
mixbench/read-only (v0.03-1-g3ace732)
------------------------ Device specifications ------------------------
Device:              Tesla K80
CUDA driver version: 10.0
GPU clock rate:      823 MHz
Memory clock rate:   1252 MHz
Memory bus width:    384 bits
WarpSize:            32
L2 cache size:       1536 KB
Total global mem:    11441 MB
ECC enabled:         Yes
Compute Capability:  3.7
Total SPs:           2496 (13 MPs x 192 SPs/MP)
Compute throughput:  4110.91 GFlops (theoretical single precision FMAs)
Memory bandwidth:    240.48 GB/sec
-----------------------------------------------------------------------
Total GPU memory 11996954624, free 11922898944
Buffer size:          256MB
Trade-off type:       compute with global memory (block strided)
Elements per thread:  8
Thread fusion degree: 4
Warning:              Half precision computations are not supported
----------------------------------------------------------------------------- CSV data -----------------------------------------------------------------------------
Experiment ID, Single Precision ops,,,,              Double precision ops,,,,              Half precision ops,,,,                Integer operations,,, 
Compute iters, Flops/byte, ex.time,  GFLOPS, GB/sec, Flops/byte, ex.time,  GFLOPS, GB/sec, Flops/byte, ex.time,  GFLOPS, GB/sec, Iops/byte, ex.time,   GIOPS, GB/sec
            0,      0.250,    0.81,   41.18, 164.70,      0.125,    1.66,   20.19, 161.49,      0.500,    0.00,     inf,    inf,     0.250,    0.81,   41.22, 164.89
            1,      0.750,    0.81,  123.85, 165.13,      0.375,    1.67,   60.41, 161.09,      1.500,    0.00,     inf,    inf,     0.750,    0.81,  123.71, 164.95
            2,      1.250,    0.81,  206.07, 164.86,      0.625,    1.66,  100.90, 161.45,      2.500,    0.00,     inf,    inf,     1.250,    0.81,  205.97, 164.78
            3,      1.750,    0.81,  288.49, 164.85,      0.875,    1.66,  141.24, 161.42,      3.500,    0.00,     inf,    inf,     1.750,    0.82,  287.15, 164.08
            4,      2.250,    0.81,  371.37, 165.05,      1.125,    1.66,  181.43, 161.27,      4.500,    0.00,     inf,    inf,     2.250,    0.82,  368.41, 163.74
            5,      2.750,    0.81,  454.27, 165.19,      1.375,    1.66,  221.97, 161.43,      5.500,    0.00,     inf,    inf,     2.750,    0.82,  448.02, 162.92
            6,      3.250,    0.81,  536.19, 164.98,      1.625,    1.66,  262.46, 161.52,      6.500,    0.00,     inf,    inf,     3.250,    0.83,  523.62, 161.11
            7,      3.750,    0.81,  619.48, 165.20,      1.875,    1.67,  301.86, 160.99,      7.500,    0.00,     inf,    inf,     3.750,    0.88,  573.95, 153.05
            8,      4.250,    0.81,  701.69, 165.10,      2.125,    1.66,  342.74, 161.29,      8.500,    0.00,     inf,    inf,     4.250,    1.10,  518.13, 121.91
            9,      4.750,    0.81,  783.78, 165.01,      2.375,    1.66,  383.72, 161.56,      9.500,    0.00,     inf,    inf,     4.750,    1.00,  637.55, 134.22
           10,      5.250,    0.81,  866.25, 165.00,      2.625,    1.66,  424.32, 161.65,     10.500,    0.00,     inf,    inf,     5.250,    1.09,  649.43, 123.70
           11,      5.750,    0.81,  947.89, 164.85,      2.875,    1.66,  464.17, 161.45,     11.500,    0.00,     inf,    inf,     5.750,    1.18,  655.59, 114.02
           12,      6.250,    0.81, 1032.92, 165.27,      3.125,    1.66,  504.84, 161.55,     12.500,    0.00,     inf,    inf,     6.250,    1.45,  577.32,  92.37
           13,      6.750,    0.81, 1113.18, 164.92,      3.375,    1.66,  545.28, 161.56,     13.500,    0.00,     inf,    inf,     6.750,    1.36,  664.36,  98.42
           14,      7.250,    0.81, 1197.05, 165.11,      3.625,    1.66,  584.81, 161.33,     14.500,    0.00,     inf,    inf,     7.250,    1.45,  671.66,  92.64
           15,      7.750,    0.81, 1277.34, 164.82,      3.875,    1.66,  625.83, 161.51,     15.500,    0.00,     inf,    inf,     7.750,    1.54,  674.49,  87.03
           16,      8.250,    0.81, 1360.13, 164.86,      4.125,    1.66,  665.20, 161.26,     16.500,    0.00,     inf,    inf,     8.250,    1.84,  601.49,  72.91
           17,      8.750,    0.82, 1438.15, 164.36,      4.375,    1.67,  703.58, 160.82,     17.500,    0.00,     inf,    inf,     8.750,    1.73,  677.40,  77.42
           18,      9.250,    0.81, 1524.81, 164.84,      4.625,    1.67,  744.63, 161.00,     18.500,    0.00,     inf,    inf,     9.250,    1.82,  683.47,  73.89
           20,     10.250,    0.82, 1685.55, 164.44,      5.125,    1.67,  823.17, 160.62,     20.500,    0.00,     inf,    inf,    10.250,    2.21,  622.51,  60.73
           22,     11.250,    0.82, 1847.60, 164.23,      5.625,    1.68,  899.95, 159.99,     22.500,    0.00,     inf,    inf,    11.250,    2.18,  692.18,  61.53
           24,     12.250,    0.82, 2005.16, 163.69,      6.125,    1.68,  977.93, 159.66,     24.500,    0.00,     inf,    inf,    12.250,    2.59,  635.36,  51.87
           28,     14.250,    0.83, 2303.67, 161.66,      7.125,    1.72, 1114.49, 156.42,     28.500,    0.00,     inf,    inf,    14.250,    2.96,  645.33,  45.29
           32,     16.250,    0.84, 2603.32, 160.20,      8.125,    1.80, 1211.13, 149.06,     32.500,    0.00,     inf,    inf,    16.250,    3.34,  653.22,  40.20
           40,     20.250,    0.92, 2961.05, 146.22,     10.125,    2.06, 1316.39, 130.01,     40.500,    0.00,     inf,    inf,    20.250,    4.09,  664.20,  32.80
           48,     24.250,    1.02, 3189.76, 131.54,     12.125,    2.44, 1335.80, 110.17,     48.500,    0.00,     inf,    inf,    24.250,    4.85,  671.21,  27.68
           56,     28.250,    1.17, 3232.55, 114.43,     14.125,    2.82, 1346.27,  95.31,     56.500,    0.00,     inf,    inf,    28.250,    5.61,  676.20,  23.94
           64,     32.250,    1.32, 3288.67, 101.97,     16.125,    3.19, 1356.39,  84.12,     64.500,    0.00,     inf,    inf,    32.250,    6.37,  679.90,  21.08
           80,     40.250,    1.62, 3340.54,  82.99,     20.125,    3.95, 1367.90,  67.97,     80.500,    0.00,     inf,    inf,    40.250,    7.86,  687.39,  17.08
           96,     48.250,    1.92, 3379.45,  70.04,     24.125,    4.71, 1376.39,  57.05,     96.500,    0.00,     inf,    inf,    48.250,    9.39,  689.48,  14.29
          128,     64.250,    2.51, 3438.70,  53.52,     32.125,    6.21, 1388.84,  43.23,    128.500,    0.00,     inf,    inf,    64.250,   12.45,  692.38,  10.78
          192,     96.250,    3.87, 3338.03,  34.68,     48.125,    9.27, 1394.06,  28.97,    192.500,    0.00,     inf,    inf,    96.250,   18.42,  701.38,   7.29
          256,    128.250,    6.36, 2708.30,  21.12,     64.125,   12.61, 1365.09,  21.29,    256.500,    0.00,     inf,    inf,   128.250,   24.47,  703.46,   5.49
--------------------------------------------------------------------------------------------------------------------------------------------------------------------
mixbench/read-only (v0.03-1-g3ace732)
------------------------ Device specifications ------------------------
Device:              Tesla K80
CUDA driver version: 10.0
GPU clock rate:      823 MHz
Memory clock rate:   1252 MHz
Memory bus width:    384 bits
WarpSize:            32
L2 cache size:       1536 KB
Total global mem:    11441 MB
ECC enabled:         Yes
Compute Capability:  3.7
Total SPs:           2496 (13 MPs x 192 SPs/MP)
Compute throughput:  4110.91 GFlops (theoretical single precision FMAs)
Memory bandwidth:    240.48 GB/sec
-----------------------------------------------------------------------
Total GPU memory 11996954624, free 11922898944
Buffer size:          256MB
Trade-off type:       compute with global memory (block strided)
Elements per thread:  8
Thread fusion degree: 4
Warning:              Half precision computations are not supported
----------------------------------------------------------------------------- CSV data -----------------------------------------------------------------------------
Experiment ID, Single Precision ops,,,,              Double precision ops,,,,              Half precision ops,,,,                Integer operations,,, 
Compute iters, Flops/byte, ex.time,  GFLOPS, GB/sec, Flops/byte, ex.time,  GFLOPS, GB/sec, Flops/byte, ex.time,  GFLOPS, GB/sec, Iops/byte, ex.time,   GIOPS, GB/sec
            0,      0.250,    0.82,   41.09, 164.35,      0.125,    1.66,   20.18, 161.43,      0.500,    0.00,     inf,    inf,     0.250,    0.82,   41.15, 164.61
            1,      0.750,    0.82,  123.43, 164.57,      0.375,    1.66,   60.46, 161.23,      1.500,    0.00,     inf,    inf,     0.750,    0.81,  123.65, 164.86
            2,      1.250,    0.82,  205.62, 164.50,      0.625,    1.67,  100.69, 161.11,      2.500,    0.00,     inf,    inf,     1.250,    0.82,  205.58, 164.46
            3,      1.750,    0.82,  287.68, 164.39,      0.875,    1.66,  141.25, 161.43,      3.500,    0.00,     inf,    inf,     1.750,    0.82,  287.16, 164.09
            4,      2.250,    0.82,  370.30, 164.58,      1.125,    1.66,  181.53, 161.36,      4.500,    0.00,     inf,    inf,     2.250,    0.82,  368.31, 163.69
            5,      2.750,    0.82,  452.77, 164.64,      1.375,    1.66,  221.82, 161.33,      5.500,    0.00,     inf,    inf,     2.750,    0.83,  446.46, 162.35
            6,      3.250,    0.82,  534.90, 164.59,      1.625,    1.66,  262.03, 161.25,      6.500,    0.00,     inf,    inf,     3.250,    0.86,  509.99, 156.92
            7,      3.750,    0.81,  618.29, 164.88,      1.875,    1.66,  302.64, 161.41,      7.500,    0.00,     inf,    inf,     3.750,    0.89,  568.56, 151.62
            8,      4.250,    0.81,  701.50, 165.06,      2.125,    1.66,  343.39, 161.60,      8.500,    0.00,     inf,    inf,     4.250,    1.11,  516.15, 121.45
            9,      4.750,    0.81,  782.46, 164.73,      2.375,    1.67,  380.70, 160.30,      9.500,    0.00,     inf,    inf,     4.750,    1.00,  639.25, 134.58
           10,      5.250,    0.81,  866.97, 165.14,      2.625,    1.66,  424.21, 161.61,     10.500,    0.00,     inf,    inf,     5.250,    1.08,  651.41, 124.08
           11,      5.750,    0.81,  949.35, 165.10,      2.875,    1.66,  464.95, 161.72,     11.500,    0.00,     inf,    inf,     5.750,    1.18,  655.48, 114.00
           12,      6.250,    0.81, 1031.78, 165.08,      3.125,    1.66,  505.07, 161.62,     12.500,    0.00,     inf,    inf,     6.250,    1.45,  576.81,  92.29
           13,      6.750,    0.81, 1113.27, 164.93,      3.375,    1.66,  545.06, 161.50,     13.500,    0.00,     inf,    inf,     6.750,    1.37,  661.95,  98.07
           14,      7.250,    0.82, 1193.53, 164.62,      3.625,    1.66,  585.08, 161.40,     14.500,    0.00,     inf,    inf,     7.250,    1.45,  669.82,  92.39
           15,      7.750,    0.81, 1276.49, 164.71,      3.875,    1.66,  625.08, 161.31,     15.500,    0.00,     inf,    inf,     7.750,    1.54,  674.33,  87.01
           16,      8.250,    0.81, 1361.14, 164.99,      4.125,    1.66,  665.53, 161.34,     16.500,    0.00,     inf,    inf,     8.250,    1.83,  604.65,  73.29
           17,      8.750,    0.82, 1431.81, 163.64,      4.375,    1.67,  702.56, 160.58,     17.500,    0.00,     inf,    inf,     8.750,    1.73,  677.65,  77.45
           18,      9.250,    0.82, 1521.22, 164.46,      4.625,    1.66,  745.71, 161.24,     18.500,    0.00,     inf,    inf,     9.250,    1.82,  682.58,  73.79
           20,     10.250,    0.82, 1686.67, 164.55,      5.125,    1.67,  823.01, 160.59,     20.500,    0.00,     inf,    inf,    10.250,    2.22,  620.41,  60.53
           22,     11.250,    0.83, 1822.20, 161.97,      5.625,    1.68,  897.39, 159.54,     22.500,    0.00,     inf,    inf,    11.250,    2.18,  692.14,  61.52
           24,     12.250,    0.82, 1996.82, 163.01,      6.125,    1.68,  977.35, 159.57,     24.500,    0.00,     inf,    inf,    12.250,    2.58,  636.09,  51.93
           28,     14.250,    0.83, 2301.37, 161.50,      7.125,    1.72, 1111.17, 155.95,     28.500,    0.00,     inf,    inf,    14.250,    2.97,  644.68,  45.24
           32,     16.250,    0.84, 2596.97, 159.81,      8.125,    1.80, 1211.36, 149.09,     32.500,    0.00,     inf,    inf,    16.250,    3.35,  650.98,  40.06
           40,     20.250,    0.93, 2937.90, 145.08,     10.125,    2.07, 1316.06, 129.98,     40.500,    0.00,     inf,    inf,    20.250,    4.10,  662.84,  32.73
           48,     24.250,    1.02, 3190.46, 131.57,     12.125,    2.43, 1337.87, 110.34,     48.500,    0.00,     inf,    inf,    24.250,    4.86,  669.11,  27.59
           56,     28.250,    1.18, 3222.09, 114.06,     14.125,    2.82, 1344.57,  95.19,     56.500,    0.00,     inf,    inf,    28.250,    5.61,  675.88,  23.93
           64,     32.250,    1.32, 3289.07, 101.99,     16.125,    3.19, 1356.39,  84.12,     64.500,    0.00,     inf,    inf,    32.250,    6.37,  679.59,  21.07
           80,     40.250,    1.62, 3335.65,  82.87,     20.125,    3.95, 1366.45,  67.90,     80.500,    0.00,     inf,    inf,    40.250,    7.87,  686.49,  17.06
           96,     48.250,    1.92, 3373.54,  69.92,     24.125,    4.70, 1377.09,  57.08,     96.500,    0.00,     inf,    inf,    48.250,    9.40,  689.14,  14.28
          128,     64.250,    2.51, 3435.89,  53.48,     32.125,    6.22, 1385.60,  43.13,    128.500,    0.00,     inf,    inf,    64.250,   12.48,  691.20,  10.76
          192,     96.250,    3.87, 3337.04,  34.67,     48.125,    9.27, 1394.12,  28.97,    192.500,    0.00,     inf,    inf,    96.250,   18.44,  700.73,   7.28
          256,    128.250,    6.34, 2716.75,  21.18,     64.125,   12.61, 1365.34,  21.29,    256.500,    0.00,     inf,    inf,   128.250,   24.54,  701.51,   5.47
--------------------------------------------------------------------------------------------------------------------------------------------------------------------
mixbench/read-only (v0.03-1-g3ace732)
------------------------ Device specifications ------------------------
Device:              Tesla K80
CUDA driver version: 10.0
GPU clock rate:      823 MHz
Memory clock rate:   1252 MHz
Memory bus width:    384 bits
WarpSize:            32
L2 cache size:       1536 KB
Total global mem:    11441 MB
ECC enabled:         Yes
Compute Capability:  3.7
Total SPs:           2496 (13 MPs x 192 SPs/MP)
Compute throughput:  4110.91 GFlops (theoretical single precision FMAs)
Memory bandwidth:    240.48 GB/sec
-----------------------------------------------------------------------
Total GPU memory 11996954624, free 11922898944
Buffer size:          256MB
Trade-off type:       compute with global memory (block strided)
Elements per thread:  8
Thread fusion degree: 4
Warning:              Half precision computations are not supported
----------------------------------------------------------------------------- CSV data -----------------------------------------------------------------------------
Experiment ID, Single Precision ops,,,,              Double precision ops,,,,              Half precision ops,,,,                Integer operations,,, 
Compute iters, Flops/byte, ex.time,  GFLOPS, GB/sec, Flops/byte, ex.time,  GFLOPS, GB/sec, Flops/byte, ex.time,  GFLOPS, GB/sec, Iops/byte, ex.time,   GIOPS, GB/sec
            0,      0.250,    0.82,   41.12, 164.49,      0.125,    1.66,   20.17, 161.39,      0.500,    0.00,     inf,    inf,     0.250,    0.82,   41.15, 164.59
            1,      0.750,    0.82,  123.24, 164.32,      0.375,    1.66,   60.54, 161.43,      1.500,    0.00,     inf,    inf,     0.750,    0.81,  123.59, 164.79
            2,      1.250,    0.81,  206.06, 164.85,      0.625,    1.66,  100.78, 161.25,      2.500,    0.00,     inf,    inf,     1.250,    0.81,  205.90, 164.72
            3,      1.750,    0.82,  288.06, 164.61,      0.875,    1.66,  141.13, 161.29,      3.500,    0.00,     inf,    inf,     1.750,    0.82,  288.06, 164.61
            4,      2.250,    0.81,  371.05, 164.91,      1.125,    1.66,  181.44, 161.28,      4.500,    0.00,     inf,    inf,     2.250,    0.82,  367.05, 163.13
            5,      2.750,    0.81,  454.27, 165.19,      1.375,    1.68,  219.55, 159.67,      5.500,    0.00,     inf,    inf,     2.750,    0.83,  447.05, 162.56
            6,      3.250,    0.81,  535.89, 164.89,      1.625,    1.66,  262.22, 161.37,      6.500,    0.00,     inf,    inf,     3.250,    0.83,  522.64, 160.81
            7,      3.750,    0.81,  618.51, 164.94,      1.875,    1.66,  302.55, 161.36,      7.500,    0.00,     inf,    inf,     3.750,    0.88,  572.49, 152.66
            8,      4.250,    0.81,  702.47, 165.29,      2.125,    1.67,  341.99, 160.94,      8.500,    0.00,     inf,    inf,     4.250,    1.10,  517.32, 121.72
            9,      4.750,    0.81,  784.46, 165.15,      2.375,    1.66,  383.89, 161.64,      9.500,    0.00,     inf,    inf,     4.750,    1.00,  637.78, 134.27
           10,      5.250,    0.82,  862.82, 164.35,      2.625,    1.66,  424.23, 161.61,     10.500,    0.00,     inf,    inf,     5.250,    1.08,  650.62, 123.93
           11,      5.750,    0.81,  948.53, 164.96,      2.875,    1.66,  464.23, 161.47,     11.500,    0.00,     inf,    inf,     5.750,    1.18,  653.69, 113.69
           12,      6.250,    0.81, 1033.65, 165.38,      3.125,    1.66,  505.28, 161.69,     12.500,    0.00,     inf,    inf,     6.250,    1.45,  576.70,  92.27
           13,      6.750,    0.81, 1113.62, 164.98,      3.375,    1.66,  544.33, 161.28,     13.500,    0.00,     inf,    inf,     6.750,    1.37,  662.52,  98.15
           14,      7.250,    0.81, 1197.52, 165.18,      3.625,    1.66,  584.67, 161.29,     14.500,    0.00,     inf,    inf,     7.250,    1.45,  669.10,  92.29
           15,      7.750,    0.81, 1276.49, 164.71,      3.875,    1.66,  625.86, 161.51,     15.500,    0.00,     inf,    inf,     7.750,    1.55,  672.54,  86.78
           16,      8.250,    0.81, 1359.91, 164.84,      4.125,    1.66,  665.30, 161.29,     16.500,    0.00,     inf,    inf,     8.250,    1.83,  604.35,  73.25
           17,      8.750,    0.82, 1434.72, 163.97,      4.375,    1.67,  703.46, 160.79,     17.500,    0.00,     inf,    inf,     8.750,    1.75,  672.25,  76.83
           18,      9.250,    0.81, 1524.81, 164.84,      4.625,    1.67,  743.88, 160.84,     18.500,    0.00,     inf,    inf,     9.250,    1.82,  681.71,  73.70
           20,     10.250,    0.82, 1680.34, 163.94,      5.125,    1.67,  822.81, 160.55,     20.500,    0.00,     inf,    inf,    10.250,    2.21,  623.29,  60.81
           22,     11.250,    0.84, 1795.64, 159.61,      5.625,    1.68,  900.41, 160.07,     22.500,    0.00,     inf,    inf,    11.250,    2.19,  690.62,  61.39
           24,     12.250,    0.82, 1997.44, 163.06,      6.125,    1.68,  978.71, 159.79,     24.500,    0.00,     inf,    inf,    12.250,    2.59,  634.41,  51.79
           28,     14.250,    0.83, 2310.26, 162.12,      7.125,    1.72, 1113.70, 156.31,     28.500,    0.00,     inf,    inf,    14.250,    2.97,  643.09,  45.13
           32,     16.250,    0.84, 2599.64, 159.98,      8.125,    1.80, 1212.74, 149.26,     32.500,    0.00,     inf,    inf,    16.250,    3.35,  651.48,  40.09
           40,     20.250,    0.92, 2953.94, 145.87,     10.125,    2.07, 1316.16, 129.99,     40.500,    0.00,     inf,    inf,    20.250,    4.10,  663.30,  32.76
           48,     24.250,    1.02, 3200.10, 131.96,     12.125,    2.43, 1337.96, 110.35,     48.500,    0.00,     inf,    inf,    24.250,    4.85,  670.40,  27.65
           56,     28.250,    1.17, 3241.48, 114.74,     14.125,    2.82, 1346.02,  95.29,     56.500,    0.00,     inf,    inf,    28.250,    5.61,  675.93,  23.93
           64,     32.250,    1.32, 3284.60, 101.85,     16.125,    3.20, 1354.46,  84.00,     64.500,    0.00,     inf,    inf,    32.250,    6.35,  681.25,  21.12
           80,     40.250,    1.62, 3326.32,  82.64,     20.125,    3.95, 1368.69,  68.01,     80.500,    0.00,     inf,    inf,    40.250,    7.89,  685.12,  17.02
           96,     48.250,    1.92, 3369.94,  69.84,     24.125,    4.72, 1372.99,  56.91,     96.500,    0.00,     inf,    inf,    48.250,    9.41,  687.93,  14.26
          128,     64.250,    2.51, 3437.34,  53.50,     32.125,    6.21, 1388.79,  43.23,    128.500,    0.00,     inf,    inf,    64.250,   12.44,  692.98,  10.79
          192,     96.250,    3.87, 3340.57,  34.71,     48.125,    9.27, 1393.12,  28.95,    192.500,    0.00,     inf,    inf,    96.250,   18.41,  701.58,   7.29
          256,    128.250,    6.34, 2713.53,  21.16,     64.125,   12.57, 1369.03,  21.35,    256.500,    0.00,     inf,    inf,   128.250,   24.49,  702.93,   5.48
--------------------------------------------------------------------------------------------------------------------------------------------------------------------
mixbench/read-only (v0.03-1-g3ace732)
------------------------ Device specifications ------------------------
Device:              Tesla K80
CUDA driver version: 10.0
GPU clock rate:      823 MHz
Memory clock rate:   1252 MHz
Memory bus width:    384 bits
WarpSize:            32
L2 cache size:       1536 KB
Total global mem:    11441 MB
ECC enabled:         Yes
Compute Capability:  3.7
Total SPs:           2496 (13 MPs x 192 SPs/MP)
Compute throughput:  4110.91 GFlops (theoretical single precision FMAs)
Memory bandwidth:    240.48 GB/sec
-----------------------------------------------------------------------
Total GPU memory 11996954624, free 11922898944
Buffer size:          256MB
Trade-off type:       compute with global memory (block strided)
Elements per thread:  8
Thread fusion degree: 4
Warning:              Half precision computations are not supported
----------------------------------------------------------------------------- CSV data -----------------------------------------------------------------------------
Experiment ID, Single Precision ops,,,,              Double precision ops,,,,              Half precision ops,,,,                Integer operations,,, 
Compute iters, Flops/byte, ex.time,  GFLOPS, GB/sec, Flops/byte, ex.time,  GFLOPS, GB/sec, Flops/byte, ex.time,  GFLOPS, GB/sec, Iops/byte, ex.time,   GIOPS, GB/sec
            0,      0.250,    0.81,   41.19, 164.77,      0.125,    1.66,   20.21, 161.65,      0.500,    0.00,     inf,    inf,     0.250,    0.82,   40.97, 163.87
            1,      0.750,    0.81,  123.58, 164.77,      0.375,    1.66,   60.55, 161.46,      1.500,    0.00,     inf,    inf,     0.750,    0.81,  123.57, 164.75
            2,      1.250,    0.82,  205.59, 164.47,      0.625,    1.66,  100.92, 161.47,      2.500,    0.00,     inf,    inf,     1.250,    0.81,  206.06, 164.84
            3,      1.750,    0.82,  287.14, 164.08,      0.875,    1.66,  141.39, 161.59,      3.500,    0.00,     inf,    inf,     1.750,    0.81,  288.35, 164.77
            4,      2.250,    0.81,  370.77, 164.79,      1.125,    1.66,  181.55, 161.38,      4.500,    0.00,     inf,    inf,     2.250,    0.83,  364.30, 161.91
            5,      2.750,    0.81,  454.25, 165.18,      1.375,    1.66,  221.96, 161.43,      5.500,    0.00,     inf,    inf,     2.750,    0.83,  446.22, 162.26
            6,      3.250,    0.81,  536.04, 164.94,      1.625,    1.66,  262.37, 161.46,      6.500,    0.00,     inf,    inf,     3.250,    0.84,  521.96, 160.60
            7,      3.750,    0.81,  619.48, 165.20,      1.875,    1.66,  302.70, 161.44,      7.500,    0.00,     inf,    inf,     3.750,    0.88,  573.35, 152.89
            8,      4.250,    0.81,  700.59, 164.84,      2.125,    1.68,  339.95, 159.98,      8.500,    0.00,     inf,    inf,     4.250,    1.10,  517.21, 121.70
            9,      4.750,    0.81,  784.18, 165.09,      2.375,    1.66,  383.86, 161.62,      9.500,    0.00,     inf,    inf,     4.750,    1.00,  640.36, 134.81
           10,      5.250,    0.81,  865.20, 164.80,      2.625,    1.66,  424.50, 161.71,     10.500,    0.00,     inf,    inf,     5.250,    1.09,  649.22, 123.66
           11,      5.750,    0.82,  939.91, 163.46,      2.875,    1.66,  463.53, 161.23,     11.500,    0.00,     inf,    inf,     5.750,    1.19,  649.27, 112.92
           12,      6.250,    0.82, 1022.16, 163.55,      3.125,    1.67,  503.76, 161.20,     12.500,    0.00,     inf,    inf,     6.250,    1.46,  576.46,  92.23
           13,      6.750,    0.82, 1111.30, 164.64,      3.375,    1.66,  544.42, 161.31,     13.500,    0.00,     inf,    inf,     6.750,    1.37,  660.65,  97.87
           14,      7.250,    0.81, 1194.61, 164.77,      3.625,    1.66,  585.48, 161.51,     14.500,    0.00,     inf,    inf,     7.250,    1.45,  670.00,  92.41
           15,      7.750,    0.81, 1280.21, 165.19,      3.875,    1.66,  625.45, 161.41,     15.500,    0.00,     inf,    inf,     7.750,    1.55,  672.40,  86.76
           16,      8.250,    0.81, 1361.63, 165.05,      4.125,    1.67,  662.13, 160.52,     16.500,    0.00,     inf,    inf,     8.250,    1.83,  604.52,  73.28
           17,      8.750,    0.82, 1437.87, 164.33,      4.375,    1.68,  700.01, 160.00,     17.500,    0.00,     inf,    inf,     8.750,    1.74,  676.15,  77.27
           18,      9.250,    0.82, 1521.11, 164.44,      4.625,    1.67,  744.44, 160.96,     18.500,    0.00,     inf,    inf,     9.250,    1.82,  681.81,  73.71
           20,     10.250,    0.82, 1681.72, 164.07,      5.125,    1.67,  822.29, 160.45,     20.500,    0.00,     inf,    inf,    10.250,    2.21,  622.59,  60.74
           22,     11.250,    0.82, 1839.18, 163.48,      5.625,    1.67,  901.75, 160.31,     22.500,    0.00,     inf,    inf,    11.250,    2.19,  690.21,  61.35
           24,     12.250,    0.82, 1995.50, 162.90,      6.125,    1.68,  978.21, 159.71,     24.500,    0.00,     inf,    inf,    12.250,    2.59,  635.59,  51.89
           28,     14.250,    0.83, 2308.93, 162.03,      7.125,    1.72, 1111.15, 155.95,     28.500,    0.00,     inf,    inf,    14.250,    2.97,  644.80,  45.25
           32,     16.250,    0.84, 2591.34, 159.47,      8.125,    1.80, 1209.41, 148.85,     32.500,    0.00,     inf,    inf,    16.250,    3.34,  652.61,  40.16
           40,     20.250,    0.92, 2958.88, 146.12,     10.125,    2.08, 1306.47, 129.03,     40.500,    0.00,     inf,    inf,    20.250,    4.10,  663.08,  32.74
           48,     24.250,    1.02, 3202.01, 132.04,     12.125,    2.43, 1336.91, 110.26,     48.500,    0.00,     inf,    inf,    24.250,    4.86,  669.24,  27.60
           56,     28.250,    1.17, 3238.38, 114.63,     14.125,    2.83, 1339.62,  94.84,     56.500,    0.00,     inf,    inf,    28.250,    5.61,  675.76,  23.92
           64,     32.250,    1.32, 3285.00, 101.86,     16.125,    3.19, 1355.02,  84.03,     64.500,    0.00,     inf,    inf,    32.250,    6.37,  679.36,  21.07
           80,     40.250,    1.62, 3339.81,  82.98,     20.125,    3.95, 1368.00,  67.98,     80.500,    0.00,     inf,    inf,    40.250,    7.88,  685.41,  17.03
           96,     48.250,    1.92, 3377.37,  70.00,     24.125,    4.70, 1377.34,  57.09,     96.500,    0.00,     inf,    inf,    48.250,    9.39,  689.71,  14.29
          128,     64.250,    2.51, 3435.46,  53.47,     32.125,    6.23, 1385.19,  43.12,    128.500,    0.00,     inf,    inf,    64.250,   12.47,  691.40,  10.76
          192,     96.250,    3.85, 3352.53,  34.83,     48.125,    9.27, 1393.88,  28.96,    192.500,    0.00,     inf,    inf,    96.250,   18.44,  700.62,   7.28
          256,    128.250,    6.35, 2709.49,  21.13,     64.125,   12.64, 1362.13,  21.24,    256.500,    0.00,     inf,    inf,   128.250,   24.59,  699.93,   5.46
--------------------------------------------------------------------------------------------------------------------------------------------------------------------
mixbench/read-only (v0.03-1-g3ace732)
------------------------ Device specifications ------------------------
Device:              Tesla K80
CUDA driver version: 10.0
GPU clock rate:      823 MHz
Memory clock rate:   1252 MHz
Memory bus width:    384 bits
WarpSize:            32
L2 cache size:       1536 KB
Total global mem:    11441 MB
ECC enabled:         Yes
Compute Capability:  3.7
Total SPs:           2496 (13 MPs x 192 SPs/MP)
Compute throughput:  4110.91 GFlops (theoretical single precision FMAs)
Memory bandwidth:    240.48 GB/sec
-----------------------------------------------------------------------
Total GPU memory 11996954624, free 11922898944
Buffer size:          256MB
Trade-off type:       compute with global memory (block strided)
Elements per thread:  8
Thread fusion degree: 4
Warning:              Half precision computations are not supported
----------------------------------------------------------------------------- CSV data -----------------------------------------------------------------------------
Experiment ID, Single Precision ops,,,,              Double precision ops,,,,              Half precision ops,,,,                Integer operations,,, 
Compute iters, Flops/byte, ex.time,  GFLOPS, GB/sec, Flops/byte, ex.time,  GFLOPS, GB/sec, Flops/byte, ex.time,  GFLOPS, GB/sec, Iops/byte, ex.time,   GIOPS, GB/sec
            0,      0.250,    0.81,   41.20, 164.80,      0.125,    1.66,   20.19, 161.49,      0.500,    0.00,     inf,    inf,     0.250,    0.82,   40.91, 163.64
            1,      0.750,    0.81,  123.76, 165.01,      0.375,    1.66,   60.50, 161.34,      1.500,    0.00,     inf,    inf,     0.750,    0.82,  123.13, 164.18
            2,      1.250,    0.82,  205.72, 164.58,      0.625,    1.66,  100.82, 161.32,      2.500,    0.00,     inf,    inf,     1.250,    0.81,  206.24, 164.99
            3,      1.750,    0.82,  287.87, 164.50,      0.875,    1.66,  141.13, 161.29,      3.500,    0.00,     inf,    inf,     1.750,    0.81,  288.34, 164.77
            4,      2.250,    0.82,  369.32, 164.14,      1.125,    1.67,  181.32, 161.18,      4.500,    0.00,     inf,    inf,     2.250,    0.82,  368.68, 163.86
            5,      2.750,    0.81,  454.32, 165.21,      1.375,    1.67,  221.20, 160.87,      5.500,    0.00,     inf,    inf,     2.750,    0.82,  447.71, 162.80
            6,      3.250,    0.81,  535.91, 164.90,      1.625,    1.67,  261.88, 161.16,      6.500,    0.00,     inf,    inf,     3.250,    0.84,  522.04, 160.63
            7,      3.750,    0.81,  618.19, 164.85,      1.875,    1.66,  302.49, 161.33,      7.500,    0.00,     inf,    inf,     3.750,    0.88,  571.43, 152.38
            8,      4.250,    0.81,  701.69, 165.10,      2.125,    1.66,  343.61, 161.70,      8.500,    0.00,     inf,    inf,     4.250,    1.11,  513.49, 120.82
            9,      4.750,    0.81,  784.00, 165.05,      2.375,    1.66,  383.34, 161.41,      9.500,    0.00,     inf,    inf,     4.750,    1.00,  639.56, 134.64
           10,      5.250,    0.82,  864.38, 164.64,      2.625,    1.66,  424.43, 161.69,     10.500,    0.00,     inf,    inf,     5.250,    1.09,  649.37, 123.69
           11,      5.750,    0.81,  949.20, 165.08,      2.875,    1.66,  464.64, 161.61,     11.500,    0.00,     inf,    inf,     5.750,    1.18,  655.25, 113.96
           12,      6.250,    0.81, 1030.80, 164.93,      3.125,    1.66,  504.60, 161.47,     12.500,    0.00,     inf,    inf,     6.250,    1.46,  576.23,  92.20
           13,      6.750,    0.82, 1110.17, 164.47,      3.375,    1.66,  544.90, 161.45,     13.500,    0.00,     inf,    inf,     6.750,    1.37,  662.18,  98.10
           14,      7.250,    0.81, 1195.97, 164.96,      3.625,    1.66,  585.68, 161.57,     14.500,    0.00,     inf,    inf,     7.250,    1.46,  668.63,  92.23
           15,      7.750,    0.81, 1276.79, 164.75,      3.875,    1.66,  625.31, 161.37,     15.500,    0.00,     inf,    inf,     7.750,    1.54,  673.70,  86.93
           16,      8.250,    0.81, 1359.81, 164.83,      4.125,    1.66,  665.15, 161.25,     16.500,    0.00,     inf,    inf,     8.250,    1.83,  603.96,  73.21
           17,      8.750,    0.82, 1439.56, 164.52,      4.375,    1.67,  702.13, 160.49,     17.500,    0.00,     inf,    inf,     8.750,    1.74,  675.18,  77.16
           18,      9.250,    0.82, 1505.11, 162.71,      4.625,    1.67,  744.70, 161.02,     18.500,    0.00,     inf,    inf,     9.250,    1.82,  682.81,  73.82
           20,     10.250,    0.82, 1686.61, 164.55,      5.125,    1.67,  822.15, 160.42,     20.500,    0.00,     inf,    inf,    10.250,    2.22,  618.37,  60.33
           22,     11.250,    0.84, 1806.51, 160.58,      5.625,    1.68,  900.20, 160.04,     22.500,    0.00,     inf,    inf,    11.250,    2.19,  690.04,  61.34
           24,     12.250,    0.82, 1993.03, 162.70,      6.125,    1.68,  976.53, 159.43,     24.500,    0.00,     inf,    inf,    12.250,    2.59,  635.05,  51.84
           28,     14.250,    0.83, 2306.70, 161.87,      7.125,    1.72, 1110.24, 155.82,     28.500,    0.00,     inf,    inf,    14.250,    2.98,  642.19,  45.07
           32,     16.250,    0.84, 2598.55, 159.91,      8.125,    1.81, 1206.86, 148.54,     32.500,    0.00,     inf,    inf,    16.250,    3.35,  650.72,  40.04
           40,     20.250,    0.92, 2948.92, 145.63,     10.125,    2.07, 1314.39, 129.82,     40.500,    0.00,     inf,    inf,    20.250,    4.10,  662.79,  32.73
           48,     24.250,    1.02, 3187.66, 131.45,     12.125,    2.44, 1331.93, 109.85,     48.500,    0.00,     inf,    inf,    24.250,    4.86,  669.40,  27.60
           56,     28.250,    1.17, 3239.53, 114.67,     14.125,    2.82, 1343.58,  95.12,     56.500,    0.00,     inf,    inf,    28.250,    5.61,  675.33,  23.91
           64,     32.250,    1.32, 3288.99, 101.98,     16.125,    3.19, 1355.65,  84.07,     64.500,    0.00,     inf,    inf,    32.250,    6.37,  679.57,  21.07
           80,     40.250,    1.62, 3339.08,  82.96,     20.125,    3.95, 1369.02,  68.03,     80.500,    0.00,     inf,    inf,    40.250,    7.88,  685.22,  17.02
           96,     48.250,    1.92, 3380.07,  70.05,     24.125,    4.71, 1376.06,  57.04,     96.500,    0.00,     inf,    inf,    48.250,    9.40,  688.95,  14.28
          128,     64.250,    2.52, 3427.72,  53.35,     32.125,    6.21, 1388.81,  43.23,    128.500,    0.00,     inf,    inf,    64.250,   12.47,  691.67,  10.77
          192,     96.250,    3.87, 3338.72,  34.69,     48.125,    9.27, 1394.02,  28.97,    192.500,    0.00,     inf,    inf,    96.250,   18.44,  700.75,   7.28
          256,    128.250,    6.35, 2712.24,  21.15,     64.125,   12.61, 1365.27,  21.29,    256.500,    0.00,     inf,    inf,   128.250,   24.53,  701.73,   5.47
--------------------------------------------------------------------------------------------------------------------------------------------------------------------
mixbench/read-only (v0.03-1-g3ace732)
------------------------ Device specifications ------------------------
Device:              Tesla K80
CUDA driver version: 10.0
GPU clock rate:      823 MHz
Memory clock rate:   1252 MHz
Memory bus width:    384 bits
WarpSize:            32
L2 cache size:       1536 KB
Total global mem:    11441 MB
ECC enabled:         Yes
Compute Capability:  3.7
Total SPs:           2496 (13 MPs x 192 SPs/MP)
Compute throughput:  4110.91 GFlops (theoretical single precision FMAs)
Memory bandwidth:    240.48 GB/sec
-----------------------------------------------------------------------
Total GPU memory 11996954624, free 11922898944
Buffer size:          256MB
Trade-off type:       compute with global memory (block strided)
Elements per thread:  8
Thread fusion degree: 4
Warning:              Half precision computations are not supported
----------------------------------------------------------------------------- CSV data -----------------------------------------------------------------------------
Experiment ID, Single Precision ops,,,,              Double precision ops,,,,              Half precision ops,,,,                Integer operations,,, 
Compute iters, Flops/byte, ex.time,  GFLOPS, GB/sec, Flops/byte, ex.time,  GFLOPS, GB/sec, Flops/byte, ex.time,  GFLOPS, GB/sec, Iops/byte, ex.time,   GIOPS, GB/sec
            0,      0.250,    0.81,   41.18, 164.72,      0.125,    1.66,   20.16, 161.30,      0.500,    0.00,     inf,    inf,     0.250,    0.82,   41.02, 164.08
            1,      0.750,    0.82,  123.41, 164.54,      0.375,    1.66,   60.50, 161.33,      1.500,    0.00,     inf,    inf,     0.750,    0.81,  123.86, 165.14
            2,      1.250,    0.81,  206.05, 164.84,      0.625,    1.67,  100.67, 161.07,      2.500,    0.00,     inf,    inf,     1.250,    0.81,  206.42, 165.14
            3,      1.750,    0.82,  286.92, 163.96,      0.875,    1.66,  141.20, 161.37,      3.500,    0.00,     inf,    inf,     1.750,    0.81,  288.76, 165.01
            4,      2.250,    0.81,  370.64, 164.73,      1.125,    1.66,  181.52, 161.35,      4.500,    0.00,     inf,    inf,     2.250,    0.82,  368.71, 163.87
            5,      2.750,    0.81,  453.55, 164.93,      1.375,    1.67,  221.66, 161.21,      5.500,    0.00,     inf,    inf,     2.750,    0.83,  444.95, 161.80
            6,      3.250,    0.81,  535.89, 164.89,      1.625,    1.66,  262.20, 161.35,      6.500,    0.00,     inf,    inf,     3.250,    0.83,  523.30, 161.02
            7,      3.750,    0.82,  616.18, 164.31,      1.875,    1.66,  302.58, 161.38,      7.500,    0.00,     inf,    inf,     3.750,    0.88,  571.29, 152.34
            8,      4.250,    0.81,  702.83, 165.37,      2.125,    1.66,  343.31, 161.56,      8.500,    0.00,     inf,    inf,     4.250,    1.11,  516.15, 121.45
            9,      4.750,    0.81,  785.82, 165.44,      2.375,    1.67,  382.05, 160.86,      9.500,    0.00,     inf,    inf,     4.750,    1.00,  638.11, 134.34
           10,      5.250,    0.81,  866.08, 164.97,      2.625,    1.66,  424.61, 161.75,     10.500,    0.00,     inf,    inf,     5.250,    1.09,  647.82, 123.39
           11,      5.750,    0.81,  949.01, 165.05,      2.875,    1.66,  464.61, 161.60,     11.500,    0.00,     inf,    inf,     5.750,    1.18,  655.08, 113.93
           12,      6.250,    0.81, 1031.54, 165.05,      3.125,    1.66,  504.63, 161.48,     12.500,    0.00,     inf,    inf,     6.250,    1.46,  575.36,  92.06
           13,      6.750,    0.81, 1115.11, 165.20,      3.375,    1.66,  544.97, 161.47,     13.500,    0.00,     inf,    inf,     6.750,    1.37,  661.61,  98.02
           14,      7.250,    0.81, 1196.91, 165.09,      3.625,    1.66,  586.17, 161.70,     14.500,    0.00,     inf,    inf,     7.250,    1.45,  669.84,  92.39
           15,      7.750,    0.81, 1277.55, 164.84,      3.875,    1.66,  625.53, 161.43,     15.500,    0.00,     inf,    inf,     7.750,    1.55,  672.11,  86.72
           16,      8.250,    0.81, 1361.73, 165.06,      4.125,    1.66,  665.22, 161.27,     16.500,    0.00,     inf,    inf,     8.250,    1.83,  604.18,  73.23
           17,      8.750,    0.82, 1438.94, 164.45,      4.375,    1.69,  696.73, 159.25,     17.500,    0.00,     inf,    inf,     8.750,    1.74,  675.37,  77.18
           18,      9.250,    0.81, 1524.99, 164.86,      4.625,    1.67,  741.54, 160.33,     18.500,    0.00,     inf,    inf,     9.250,    1.82,  681.73,  73.70
           20,     10.250,    0.82, 1683.96, 164.29,      5.125,    1.68,  821.19, 160.23,     20.500,    0.00,     inf,    inf,    10.250,    2.21,  622.06,  60.69
           22,     11.250,    0.82, 1843.13, 163.83,      5.625,    1.68,  900.74, 160.13,     22.500,    0.00,     inf,    inf,    11.250,    2.19,  690.98,  61.42
           24,     12.250,    0.82, 1994.57, 162.82,      6.125,    1.68,  977.93, 159.66,     24.500,    0.00,     inf,    inf,    12.250,    2.59,  634.72,  51.81
           28,     14.250,    0.83, 2315.01, 162.46,      7.125,    1.72, 1110.14, 155.81,     28.500,    0.00,     inf,    inf,    14.250,    2.97,  643.96,  45.19
           32,     16.250,    0.85, 2556.73, 157.34,      8.125,    1.80, 1209.77, 148.90,     32.500,    0.00,     inf,    inf,    16.250,    3.35,  651.27,  40.08
           40,     20.250,    0.92, 2948.30, 145.60,     10.125,    2.07, 1315.74, 129.95,     40.500,    0.00,     inf,    inf,    20.250,    4.10,  662.95,  32.74
           48,     24.250,    1.03, 3169.48, 130.70,     12.125,    2.44, 1336.17, 110.20,     48.500,    0.00,     inf,    inf,    24.250,    4.86,  669.67,  27.62
           56,     28.250,    1.17, 3235.55, 114.53,     14.125,    2.82, 1345.93,  95.29,     56.500,    0.00,     inf,    inf,    28.250,    5.62,  675.00,  23.89
           64,     32.250,    1.33, 3261.79, 101.14,     16.125,    3.19, 1355.22,  84.04,     64.500,    0.00,     inf,    inf,    32.250,    6.37,  679.68,  21.08
           80,     40.250,    1.62, 3325.40,  82.62,     20.125,    3.96, 1362.66,  67.71,     80.500,    0.00,     inf,    inf,    40.250,    7.88,  685.50,  17.03
           96,     48.250,    1.92, 3372.53,  69.90,     24.125,    4.72, 1372.40,  56.89,     96.500,    0.00,     inf,    inf,    48.250,    9.38,  690.65,  14.31
          128,     64.250,    2.51, 3433.75,  53.44,     32.125,    6.22, 1385.83,  43.14,    128.500,    0.00,     inf,    inf,    64.250,   12.43,  693.61,  10.80
          192,     96.250,    3.86, 3346.86,  34.77,     48.125,    9.28, 1392.28,  28.93,    192.500,    0.00,     inf,    inf,    96.250,   18.43,  700.85,   7.28
          256,    128.250,    6.35, 2709.03,  21.12,     64.125,   12.61, 1365.30,  21.29,    256.500,    0.00,     inf,    inf,   128.250,   24.53,  701.59,   5.47
--------------------------------------------------------------------------------------------------------------------------------------------------------------------
mixbench/read-only (v0.03-1-g3ace732)
------------------------ Device specifications ------------------------
Device:              Tesla K80
CUDA driver version: 10.0
GPU clock rate:      823 MHz
Memory clock rate:   1252 MHz
Memory bus width:    384 bits
WarpSize:            32
L2 cache size:       1536 KB
Total global mem:    11441 MB
ECC enabled:         Yes
Compute Capability:  3.7
Total SPs:           2496 (13 MPs x 192 SPs/MP)
Compute throughput:  4110.91 GFlops (theoretical single precision FMAs)
Memory bandwidth:    240.48 GB/sec
-----------------------------------------------------------------------
Total GPU memory 11996954624, free 11922898944
Buffer size:          256MB
Trade-off type:       compute with global memory (block strided)
Elements per thread:  8
Thread fusion degree: 4
Warning:              Half precision computations are not supported
----------------------------------------------------------------------------- CSV data -----------------------------------------------------------------------------
Experiment ID, Single Precision ops,,,,              Double precision ops,,,,              Half precision ops,,,,                Integer operations,,, 
Compute iters, Flops/byte, ex.time,  GFLOPS, GB/sec, Flops/byte, ex.time,  GFLOPS, GB/sec, Flops/byte, ex.time,  GFLOPS, GB/sec, Iops/byte, ex.time,   GIOPS, GB/sec
            0,      0.250,    0.82,   41.15, 164.59,      0.125,    1.66,   20.18, 161.42,      0.500,    0.00,     inf,    inf,     0.250,    0.82,   40.98, 163.92
            1,      0.750,    0.82,  122.06, 162.75,      0.375,    1.66,   60.51, 161.35,      1.500,    0.00,     inf,    inf,     0.750,    0.81,  123.65, 164.86
            2,      1.250,    0.81,  205.91, 164.73,      0.625,    1.66,  100.78, 161.25,      2.500,    0.00,     inf,    inf,     1.250,    0.82,  205.12, 164.10
            3,      1.750,    0.83,  284.33, 162.48,      0.875,    1.66,  141.18, 161.35,      3.500,    0.00,     inf,    inf,     1.750,    0.82,  287.96, 164.55
            4,      2.250,    0.82,  369.94, 164.42,      1.125,    1.66,  181.38, 161.23,      4.500,    0.00,     inf,    inf,     2.250,    0.82,  369.17, 164.08
            5,      2.750,    0.81,  453.71, 164.99,      1.375,    1.67,  221.18, 160.86,      5.500,    0.00,     inf,    inf,     2.750,    0.83,  447.03, 162.56
            6,      3.250,    0.81,  536.76, 165.16,      1.625,    1.66,  262.13, 161.31,      6.500,    0.00,     inf,    inf,     3.250,    0.84,  521.28, 160.39
            7,      3.750,    0.81,  618.51, 164.94,      1.875,    1.67,  301.95, 161.04,      7.500,    0.00,     inf,    inf,     3.750,    0.88,  571.02, 152.27
            8,      4.250,    0.81,  699.96, 164.70,      2.125,    1.66,  343.44, 161.62,      8.500,    0.00,     inf,    inf,     4.250,    1.11,  515.33, 121.25
            9,      4.750,    0.81,  782.49, 164.73,      2.375,    1.66,  383.02, 161.27,      9.500,    0.00,     inf,    inf,     4.750,    1.01,  632.15, 133.08
           10,      5.250,    0.82,  864.41, 164.65,      2.625,    1.66,  423.77, 161.44,     10.500,    0.00,     inf,    inf,     5.250,    1.09,  647.29, 123.29
           11,      5.750,    0.82,  940.90, 163.64,      2.875,    1.66,  464.86, 161.69,     11.500,    0.00,     inf,    inf,     5.750,    1.18,  653.25, 113.61
           12,      6.250,    0.82, 1027.37, 164.38,      3.125,    1.66,  504.25, 161.36,     12.500,    0.00,     inf,    inf,     6.250,    1.46,  575.98,  92.16
           13,      6.750,    0.82, 1111.00, 164.59,      3.375,    1.66,  544.60, 161.36,     13.500,    0.00,     inf,    inf,     6.750,    1.37,  661.72,  98.03
           14,      7.250,    0.82, 1191.42, 164.33,      3.625,    1.66,  584.93, 161.36,     14.500,    0.00,     inf,    inf,     7.250,    1.46,  668.51,  92.21
           15,      7.750,    0.82, 1276.09, 164.66,      3.875,    1.66,  625.24, 161.35,     15.500,    0.00,     inf,    inf,     7.750,    1.55,  672.53,  86.78
           16,      8.250,    0.82, 1358.15, 164.62,      4.125,    1.67,  664.57, 161.11,     16.500,    0.00,     inf,    inf,     8.250,    1.83,  603.68,  73.17
           17,      8.750,    0.82, 1437.93, 164.33,      4.375,    1.69,  696.44, 159.19,     17.500,    0.00,     inf,    inf,     8.750,    1.74,  676.21,  77.28
           18,      9.250,    0.82, 1520.87, 164.42,      4.625,    1.67,  744.23, 160.91,     18.500,    0.00,     inf,    inf,     9.250,    1.83,  678.77,  73.38
           20,     10.250,    0.82, 1681.40, 164.04,      5.125,    1.68,  820.75, 160.15,     20.500,    0.00,     inf,    inf,    10.250,    2.22,  620.87,  60.57
           22,     11.250,    0.82, 1841.26, 163.67,      5.625,    1.68,  899.62, 159.93,     22.500,    0.00,     inf,    inf,    11.250,    2.19,  689.05,  61.25
           24,     12.250,    0.83, 1969.65, 160.79,      6.125,    1.68,  977.42, 159.58,     24.500,    0.00,     inf,    inf,    12.250,    2.59,  633.69,  51.73
           28,     14.250,    0.83, 2307.68, 161.94,      7.125,    1.72, 1109.36, 155.70,     28.500,    0.00,     inf,    inf,    14.250,    2.97,  642.95,  45.12
           32,     16.250,    0.84, 2604.71, 160.29,      8.125,    1.81, 1208.08, 148.69,     32.500,    0.00,     inf,    inf,    16.250,    3.35,  650.39,  40.02
           40,     20.250,    0.92, 2942.89, 145.33,     10.125,    2.08, 1306.18, 129.01,     40.500,    0.00,     inf,    inf,    20.250,    4.10,  662.45,  32.71
           48,     24.250,    1.02, 3190.16, 131.55,     12.125,    2.44, 1335.73, 110.16,     48.500,    0.00,     inf,    inf,    24.250,    4.87,  668.90,  27.58
           56,     28.250,    1.17, 3234.14, 114.48,     14.125,    2.82, 1345.34,  95.24,     56.500,    0.00,     inf,    inf,    28.250,    5.62,  674.52,  23.88
           64,     32.250,    1.32, 3289.63, 102.00,     16.125,    3.19, 1355.44,  84.06,     64.500,    0.00,     inf,    inf,    32.250,    6.37,  679.37,  21.07
           80,     40.250,    1.63, 3316.65,  82.40,     20.125,    3.95, 1367.73,  67.96,     80.500,    0.00,     inf,    inf,    40.250,    7.88,  685.22,  17.02
           96,     48.250,    1.92, 3380.07,  70.05,     24.125,    4.71, 1375.50,  57.02,     96.500,    0.00,     inf,    inf,    48.250,    9.40,  688.99,  14.28
          128,     64.250,    2.51, 3436.11,  53.48,     32.125,    6.21, 1387.61,  43.19,    128.500,    0.00,     inf,    inf,    64.250,   12.43,  693.64,  10.80
          192,     96.250,    3.86, 3344.59,  34.75,     48.125,    9.27, 1393.87,  28.96,    192.500,    0.00,     inf,    inf,    96.250,   18.41,  701.62,   7.29
          256,    128.250,    6.35, 2712.55,  21.15,     64.125,   12.59, 1367.04,  21.32,    256.500,    0.00,     inf,    inf,   128.250,   24.59,  700.04,   5.46
--------------------------------------------------------------------------------------------------------------------------------------------------------------------
