mixbench/read-only (v0.03-1-g3ace732)
------------------------ Device specifications ------------------------
Device:              Tesla K80
CUDA driver version: 10.0
GPU clock rate:      823 MHz
Memory clock rate:   1252 MHz
Memory bus width:    384 bits
WarpSize:            32
L2 cache size:       1536 KB
Total global mem:    11441 MB
ECC enabled:         Yes
Compute Capability:  3.7
Total SPs:           2496 (13 MPs x 192 SPs/MP)
Compute throughput:  4110.91 GFlops (theoretical single precision FMAs)
Memory bandwidth:    240.48 GB/sec
-----------------------------------------------------------------------
Total GPU memory 11996954624, free 11922898944
Buffer size:          256MB
Trade-off type:       compute with global memory (block strided)
Elements per thread:  8
Thread fusion degree: 4
Warning:              Half precision computations are not supported
----------------------------------------------------------------------------- CSV data -----------------------------------------------------------------------------
Experiment ID, Single Precision ops,,,,              Double precision ops,,,,              Half precision ops,,,,                Integer operations,,, 
Compute iters, Flops/byte, ex.time,  GFLOPS, GB/sec, Flops/byte, ex.time,  GFLOPS, GB/sec, Flops/byte, ex.time,  GFLOPS, GB/sec, Iops/byte, ex.time,   GIOPS, GB/sec
            0,      0.250,    0.82,   41.07, 164.29,      0.125,    1.66,   20.19, 161.56,      0.500,    0.00,     inf,    inf,     0.250,    0.81,   41.20, 164.81
            1,      0.750,    0.81,  123.78, 165.05,      0.375,    1.66,   60.48, 161.27,      1.500,    0.00,     inf,    inf,     0.750,    0.81,  123.57, 164.76
            2,      1.250,    0.82,  205.39, 164.31,      0.625,    1.66,  100.90, 161.43,      2.500,    0.00,     inf,    inf,     1.250,    0.82,  205.39, 164.31
            3,      1.750,    0.81,  288.99, 165.14,      0.875,    1.66,  141.30, 161.48,      3.500,    0.00,     inf,    inf,     1.750,    0.82,  287.72, 164.41
            4,      2.250,    0.81,  371.73, 165.21,      1.125,    1.67,  181.36, 161.21,      4.500,    0.00,     inf,    inf,     2.250,    0.82,  369.42, 164.19
            5,      2.750,    0.82,  452.03, 164.37,      1.375,    1.66,  221.92, 161.40,      5.500,    0.00,     inf,    inf,     2.750,    0.82,  448.70, 163.16
            6,      3.250,    0.81,  536.17, 164.97,      1.625,    1.66,  262.31, 161.42,      6.500,    0.00,     inf,    inf,     3.250,    0.83,  522.86, 160.88
            7,      3.750,    0.81,  619.63, 165.23,      1.875,    1.67,  302.25, 161.20,      7.500,    0.00,     inf,    inf,     3.750,    0.87,  577.24, 153.93
            8,      4.250,    0.81,  701.44, 165.05,      2.125,    1.66,  343.46, 161.63,      8.500,    0.00,     inf,    inf,     4.250,    1.10,  520.81, 122.54
            9,      4.750,    0.81,  784.89, 165.24,      2.375,    1.66,  383.93, 161.66,      9.500,    0.00,     inf,    inf,     4.750,    0.99,  641.62, 135.08
           10,      5.250,    0.81,  866.59, 165.07,      2.625,    1.66,  424.25, 161.62,     10.500,    0.00,     inf,    inf,     5.250,    1.08,  655.34, 124.83
           11,      5.750,    0.81,  948.94, 165.03,      2.875,    1.66,  464.71, 161.64,     11.500,    0.00,     inf,    inf,     5.750,    1.17,  660.46, 114.86
           12,      6.250,    0.81, 1032.39, 165.18,      3.125,    1.66,  505.04, 161.61,     12.500,    0.00,     inf,    inf,     6.250,    1.44,  581.77,  93.08
           13,      6.750,    0.82, 1110.39, 164.50,      3.375,    1.66,  545.45, 161.61,     13.500,    0.00,     inf,    inf,     6.750,    1.36,  667.38,  98.87
           14,      7.250,    0.82, 1193.01, 164.55,      3.625,    1.66,  585.19, 161.43,     14.500,    0.00,     inf,    inf,     7.250,    1.44,  675.70,  93.20
           15,      7.750,    0.81, 1276.39, 164.70,      3.875,    1.66,  625.41, 161.40,     15.500,    0.00,     inf,    inf,     7.750,    1.53,  679.21,  87.64
           16,      8.250,    0.82, 1355.01, 164.24,      4.125,    1.67,  664.78, 161.16,     16.500,    0.00,     inf,    inf,     8.250,    1.81,  610.27,  73.97
           17,      8.750,    0.82, 1438.26, 164.37,      4.375,    1.67,  701.88, 160.43,     17.500,    0.00,     inf,    inf,     8.750,    1.72,  680.83,  77.81
           18,      9.250,    0.82, 1520.45, 164.37,      4.625,    1.67,  744.47, 160.97,     18.500,    0.00,     inf,    inf,     9.250,    1.80,  687.99,  74.38
           20,     10.250,    0.82, 1682.98, 164.19,      5.125,    1.67,  821.80, 160.35,     20.500,    0.00,     inf,    inf,    10.250,    2.19,  627.82,  61.25
           22,     11.250,    0.82, 1840.83, 163.63,      5.625,    1.68,  900.37, 160.07,     22.500,    0.00,     inf,    inf,    11.250,    2.17,  695.17,  61.79
           24,     12.250,    0.82, 1998.69, 163.16,      6.125,    1.68,  976.40, 159.41,     24.500,    0.00,     inf,    inf,    12.250,    2.57,  640.48,  52.28
           28,     14.250,    0.83, 2301.81, 161.53,      7.125,    1.71, 1117.24, 156.81,     28.500,    0.00,     inf,    inf,    14.250,    2.94,  651.03,  45.69
           32,     16.250,    0.84, 2603.52, 160.22,      8.125,    1.80, 1214.54, 149.48,     32.500,    0.00,     inf,    inf,    16.250,    3.31,  658.38,  40.52
           40,     20.250,    0.92, 2950.76, 145.72,     10.125,    2.05, 1327.66, 131.13,     40.500,    0.00,     inf,    inf,    20.250,    4.06,  669.10,  33.04
           48,     24.250,    1.01, 3223.52, 132.93,     12.125,    2.41, 1351.06, 111.43,     48.500,    0.00,     inf,    inf,    24.250,    4.81,  676.52,  27.90
           56,     28.250,    1.16, 3266.14, 115.62,     14.125,    2.78, 1361.55,  96.39,     56.500,    0.00,     inf,    inf,    28.250,    5.55,  682.88,  24.17
           64,     32.250,    1.30, 3320.72, 102.97,     16.125,    3.16, 1368.05,  84.84,     64.500,    0.00,     inf,    inf,    32.250,    6.30,  686.83,  21.30
           80,     40.250,    1.60, 3365.91,  83.63,     20.125,    3.91, 1382.60,  68.70,     80.500,    0.00,     inf,    inf,    40.250,    7.80,  692.58,  17.21
           96,     48.250,    1.90, 3413.54,  70.75,     24.125,    4.66, 1389.46,  57.59,     96.500,    0.00,     inf,    inf,    48.250,    9.30,  696.03,  14.43
          128,     64.250,    2.48, 3471.39,  54.03,     32.125,    6.15, 1401.68,  43.63,    128.500,    0.00,     inf,    inf,    64.250,   12.35,  698.48,  10.87
          192,     96.250,    3.81, 3387.93,  35.20,     48.125,    9.16, 1410.38,  29.31,    192.500,    0.00,     inf,    inf,    96.250,   18.28,  706.72,   7.34
          256,    128.250,    6.28, 2739.37,  21.36,     64.125,   12.50, 1377.44,  21.48,    256.500,    0.00,     inf,    inf,   128.250,   24.34,  707.16,   5.51
--------------------------------------------------------------------------------------------------------------------------------------------------------------------
mixbench/read-only (v0.03-1-g3ace732)
------------------------ Device specifications ------------------------
Device:              Tesla K80
CUDA driver version: 10.0
GPU clock rate:      823 MHz
Memory clock rate:   1252 MHz
Memory bus width:    384 bits
WarpSize:            32
L2 cache size:       1536 KB
Total global mem:    11441 MB
ECC enabled:         Yes
Compute Capability:  3.7
Total SPs:           2496 (13 MPs x 192 SPs/MP)
Compute throughput:  4110.91 GFlops (theoretical single precision FMAs)
Memory bandwidth:    240.48 GB/sec
-----------------------------------------------------------------------
Total GPU memory 11996954624, free 11922898944
Buffer size:          256MB
Trade-off type:       compute with global memory (block strided)
Elements per thread:  8
Thread fusion degree: 4
Warning:              Half precision computations are not supported
----------------------------------------------------------------------------- CSV data -----------------------------------------------------------------------------
Experiment ID, Single Precision ops,,,,              Double precision ops,,,,              Half precision ops,,,,                Integer operations,,, 
Compute iters, Flops/byte, ex.time,  GFLOPS, GB/sec, Flops/byte, ex.time,  GFLOPS, GB/sec, Flops/byte, ex.time,  GFLOPS, GB/sec, Iops/byte, ex.time,   GIOPS, GB/sec
            0,      0.250,    0.81,   41.18, 164.73,      0.125,    1.66,   20.15, 161.22,      0.500,    0.00,     inf,    inf,     0.250,    0.82,   41.13, 164.51
            1,      0.750,    0.81,  123.61, 164.82,      0.375,    1.66,   60.46, 161.22,      1.500,    0.00,     inf,    inf,     0.750,    0.81,  123.63, 164.84
            2,      1.250,    0.82,  205.05, 164.04,      0.625,    1.67,  100.27, 160.44,      2.500,    0.00,     inf,    inf,     1.250,    0.82,  205.77, 164.62
            3,      1.750,    0.82,  288.07, 164.61,      0.875,    1.66,  141.24, 161.42,      3.500,    0.00,     inf,    inf,     1.750,    0.82,  287.99, 164.57
            4,      2.250,    0.81,  370.91, 164.85,      1.125,    1.66,  181.46, 161.30,      4.500,    0.00,     inf,    inf,     2.250,    0.82,  367.86, 163.50
            5,      2.750,    0.82,  452.61, 164.59,      1.375,    1.66,  221.79, 161.30,      5.500,    0.00,     inf,    inf,     2.750,    0.82,  447.73, 162.81
            6,      3.250,    0.81,  536.59, 165.10,      1.625,    1.67,  261.95, 161.20,      6.500,    0.00,     inf,    inf,     3.250,    0.84,  521.66, 160.51
            7,      3.750,    0.81,  618.17, 164.84,      1.875,    1.67,  302.07, 161.10,      7.500,    0.00,     inf,    inf,     3.750,    0.87,  578.28, 154.21
            8,      4.250,    0.81,  701.36, 165.03,      2.125,    1.66,  342.88, 161.36,      8.500,    0.00,     inf,    inf,     4.250,    1.10,  519.37, 122.20
            9,      4.750,    0.81,  783.63, 164.97,      2.375,    1.66,  383.49, 161.47,      9.500,    0.00,     inf,    inf,     4.750,    0.99,  641.70, 135.10
           10,      5.250,    0.81,  866.86, 165.12,      2.625,    1.66,  423.68, 161.40,     10.500,    0.00,     inf,    inf,     5.250,    1.08,  654.97, 124.76
           11,      5.750,    0.81,  947.48, 164.78,      2.875,    1.66,  463.97, 161.38,     11.500,    0.00,     inf,    inf,     5.750,    1.17,  659.01, 114.61
           12,      6.250,    0.83, 1015.51, 162.48,      3.125,    1.66,  504.84, 161.55,     12.500,    0.00,     inf,    inf,     6.250,    1.44,  581.53,  93.05
           13,      6.750,    0.82, 1108.82, 164.27,      3.375,    1.66,  545.26, 161.56,     13.500,    0.00,     inf,    inf,     6.750,    1.36,  667.73,  98.92
           14,      7.250,    0.82, 1191.28, 164.31,      3.625,    1.66,  585.05, 161.39,     14.500,    0.00,     inf,    inf,     7.250,    1.44,  674.77,  93.07
           15,      7.750,    0.82, 1273.84, 164.37,      3.875,    1.66,  624.87, 161.26,     15.500,    0.00,     inf,    inf,     7.750,    1.53,  679.58,  87.69
           16,      8.250,    0.82, 1357.41, 164.53,      4.125,    1.67,  664.17, 161.01,     16.500,    0.00,     inf,    inf,     8.250,    1.81,  610.75,  74.03
           17,      8.750,    0.82, 1435.00, 164.00,      4.375,    1.68,  700.97, 160.22,     17.500,    0.00,     inf,    inf,     8.750,    1.72,  682.25,  77.97
           18,      9.250,    0.82, 1521.52, 164.49,      4.625,    1.67,  745.04, 161.09,     18.500,    0.00,     inf,    inf,     9.250,    1.82,  683.95,  73.94
           20,     10.250,    0.82, 1685.28, 164.42,      5.125,    1.67,  823.31, 160.65,     20.500,    0.00,     inf,    inf,    10.250,    2.19,  627.29,  61.20
           22,     11.250,    0.82, 1839.61, 163.52,      5.625,    1.68,  899.82, 159.97,     22.500,    0.00,     inf,    inf,    11.250,    2.17,  696.05,  61.87
           24,     12.250,    0.82, 2004.14, 163.60,      6.125,    1.69,  975.60, 159.28,     24.500,    0.00,     inf,    inf,    12.250,    2.56,  641.12,  52.34
           28,     14.250,    0.83, 2304.92, 161.75,      7.125,    1.71, 1118.53, 156.99,     28.500,    0.00,     inf,    inf,    14.250,    2.94,  651.10,  45.69
           32,     16.250,    0.84, 2597.56, 159.85,      8.125,    1.80, 1214.82, 149.52,     32.500,    0.00,     inf,    inf,    16.250,    3.31,  658.32,  40.51
           40,     20.250,    0.92, 2965.28, 146.43,     10.125,    2.04, 1329.08, 131.27,     40.500,    0.00,     inf,    inf,    20.250,    4.06,  669.21,  33.05
           48,     24.250,    1.02, 3185.36, 131.36,     12.125,    2.41, 1349.39, 111.29,     48.500,    0.00,     inf,    inf,    24.250,    4.81,  676.93,  27.91
           56,     28.250,    1.16, 3262.81, 115.50,     14.125,    2.79, 1358.80,  96.20,     56.500,    0.00,     inf,    inf,    28.250,    5.56,  682.16,  24.15
           64,     32.250,    1.31, 3294.84, 102.17,     16.125,    3.16, 1369.37,  84.92,     64.500,    0.00,     inf,    inf,    32.250,    6.32,  684.90,  21.24
           80,     40.250,    1.61, 3356.74,  83.40,     20.125,    3.92, 1377.99,  68.47,     80.500,    0.00,     inf,    inf,    40.250,    7.79,  693.40,  17.23
           96,     48.250,    1.90, 3409.57,  70.66,     24.125,    4.66, 1390.24,  57.63,     96.500,    0.00,     inf,    inf,    48.250,    9.31,  695.89,  14.42
          128,     64.250,    2.49, 3470.18,  54.01,     32.125,    6.15, 1401.40,  43.62,    128.500,    0.00,     inf,    inf,    64.250,   12.37,  696.97,  10.85
          192,     96.250,    3.81, 3386.45,  35.18,     48.125,    9.16, 1410.27,  29.30,    192.500,    0.00,     inf,    inf,    96.250,   18.25,  707.84,   7.35
          256,    128.250,    6.30, 2734.32,  21.32,     64.125,   12.49, 1378.29,  21.49,    256.500,    0.00,     inf,    inf,   128.250,   24.33,  707.39,   5.52
--------------------------------------------------------------------------------------------------------------------------------------------------------------------
mixbench/read-only (v0.03-1-g3ace732)
------------------------ Device specifications ------------------------
Device:              Tesla K80
CUDA driver version: 10.0
GPU clock rate:      823 MHz
Memory clock rate:   1252 MHz
Memory bus width:    384 bits
WarpSize:            32
L2 cache size:       1536 KB
Total global mem:    11441 MB
ECC enabled:         Yes
Compute Capability:  3.7
Total SPs:           2496 (13 MPs x 192 SPs/MP)
Compute throughput:  4110.91 GFlops (theoretical single precision FMAs)
Memory bandwidth:    240.48 GB/sec
-----------------------------------------------------------------------
Total GPU memory 11996954624, free 11922898944
Buffer size:          256MB
Trade-off type:       compute with global memory (block strided)
Elements per thread:  8
Thread fusion degree: 4
Warning:              Half precision computations are not supported
----------------------------------------------------------------------------- CSV data -----------------------------------------------------------------------------
Experiment ID, Single Precision ops,,,,              Double precision ops,,,,              Half precision ops,,,,                Integer operations,,, 
Compute iters, Flops/byte, ex.time,  GFLOPS, GB/sec, Flops/byte, ex.time,  GFLOPS, GB/sec, Flops/byte, ex.time,  GFLOPS, GB/sec, Iops/byte, ex.time,   GIOPS, GB/sec
            0,      0.250,    0.82,   41.10, 164.39,      0.125,    1.66,   20.16, 161.31,      0.500,    0.00,     inf,    inf,     0.250,    0.81,   41.26, 165.06
            1,      0.750,    0.82,  123.37, 164.49,      0.375,    1.66,   60.50, 161.33,      1.500,    0.00,     inf,    inf,     0.750,    0.81,  123.66, 164.88
            2,      1.250,    0.82,  205.06, 164.05,      0.625,    1.67,  100.76, 161.22,      2.500,    0.00,     inf,    inf,     1.250,    0.81,  206.04, 164.83
            3,      1.750,    0.82,  288.15, 164.66,      0.875,    1.66,  141.08, 161.23,      3.500,    0.00,     inf,    inf,     1.750,    0.82,  287.97, 164.55
            4,      2.250,    0.81,  370.99, 164.88,      1.125,    1.66,  181.44, 161.28,      4.500,    0.00,     inf,    inf,     2.250,    0.82,  368.09, 163.60
            5,      2.750,    0.81,  453.86, 165.04,      1.375,    1.66,  221.86, 161.35,      5.500,    0.00,     inf,    inf,     2.750,    0.82,  447.62, 162.77
            6,      3.250,    0.81,  536.27, 165.01,      1.625,    1.66,  262.12, 161.30,      6.500,    0.00,     inf,    inf,     3.250,    0.84,  522.26, 160.70
            7,      3.750,    0.82,  617.56, 164.68,      1.875,    1.66,  302.48, 161.32,      7.500,    0.00,     inf,    inf,     3.750,    0.89,  565.25, 150.73
            8,      4.250,    0.82,  699.19, 164.51,      2.125,    1.66,  343.25, 161.53,      8.500,    0.00,     inf,    inf,     4.250,    1.11,  516.09, 121.43
            9,      4.750,    0.81,  783.84, 165.02,      2.375,    1.66,  383.48, 161.47,      9.500,    0.00,     inf,    inf,     4.750,    1.00,  637.80, 134.27
           10,      5.250,    0.81,  864.72, 164.71,      2.625,    1.67,  423.15, 161.20,     10.500,    0.00,     inf,    inf,     5.250,    1.09,  648.70, 123.56
           11,      5.750,    0.82,  945.85, 164.50,      2.875,    1.66,  464.19, 161.46,     11.500,    0.00,     inf,    inf,     5.750,    1.18,  652.42, 113.46
           12,      6.250,    0.81, 1031.21, 164.99,      3.125,    1.66,  504.49, 161.44,     12.500,    0.00,     inf,    inf,     6.250,    1.46,  575.02,  92.00
           13,      6.750,    0.81, 1112.92, 164.88,      3.375,    1.66,  544.44, 161.32,     13.500,    0.00,     inf,    inf,     6.750,    1.38,  658.85,  97.61
           14,      7.250,    0.81, 1195.83, 164.94,      3.625,    1.66,  585.42, 161.50,     14.500,    0.00,     inf,    inf,     7.250,    1.46,  666.83,  91.98
           15,      7.750,    0.81, 1276.44, 164.70,      3.875,    1.67,  624.15, 161.07,     15.500,    0.00,     inf,    inf,     7.750,    1.55,  669.80,  86.43
           16,      8.250,    0.82, 1355.65, 164.32,      4.125,    1.67,  663.99, 160.97,     16.500,    0.00,     inf,    inf,     8.250,    1.84,  602.58,  73.04
           17,      8.750,    0.82, 1435.39, 164.05,      4.375,    1.67,  701.56, 160.36,     17.500,    0.00,     inf,    inf,     8.750,    1.74,  674.02,  77.03
           18,      9.250,    0.82, 1520.69, 164.40,      4.625,    1.67,  742.30, 160.50,     18.500,    0.00,     inf,    inf,     9.250,    1.83,  679.44,  73.45
           20,     10.250,    0.82, 1682.65, 164.16,      5.125,    1.68,  821.20, 160.23,     20.500,    0.00,     inf,    inf,    10.250,    2.22,  619.98,  60.49
           22,     11.250,    0.82, 1838.03, 163.38,      5.625,    1.68,  900.70, 160.12,     22.500,    0.00,     inf,    inf,    11.250,    2.20,  687.87,  61.14
           24,     12.250,    0.82, 1994.50, 162.82,      6.125,    1.68,  977.13, 159.53,     24.500,    0.00,     inf,    inf,    12.250,    2.59,  634.34,  51.78
           28,     14.250,    0.83, 2301.37, 161.50,      7.125,    1.73, 1105.07, 155.10,     28.500,    0.00,     inf,    inf,    14.250,    2.97,  643.40,  45.15
           32,     16.250,    0.84, 2597.46, 159.84,      8.125,    1.80, 1208.68, 148.76,     32.500,    0.00,     inf,    inf,    16.250,    3.35,  651.18,  40.07
           40,     20.250,    0.92, 2941.87, 145.28,     10.125,    2.07, 1312.54, 129.63,     40.500,    0.00,     inf,    inf,    20.250,    4.11,  661.05,  32.64
           48,     24.250,    1.02, 3186.96, 131.42,     12.125,    2.44, 1334.54, 110.07,     48.500,    0.00,     inf,    inf,    24.250,    4.87,  668.05,  27.55
           56,     28.250,    1.17, 3229.20, 114.31,     14.125,    2.82, 1345.50,  95.26,     56.500,    0.00,     inf,    inf,    28.250,    5.62,  674.91,  23.89
           64,     32.250,    1.32, 3281.01, 101.74,     16.125,    3.20, 1351.84,  83.83,     64.500,    0.00,     inf,    inf,    32.250,    6.39,  676.86,  20.99
           80,     40.250,    1.62, 3333.15,  82.81,     20.125,    3.97, 1362.48,  67.70,     80.500,    0.00,     inf,    inf,    40.250,    7.89,  684.75,  17.01
           96,     48.250,    1.92, 3375.68,  69.96,     24.125,    4.71, 1375.21,  57.00,     96.500,    0.00,     inf,    inf,    48.250,    9.40,  689.25,  14.29
          128,     64.250,    2.51, 3432.48,  53.42,     32.125,    6.23, 1384.92,  43.11,    128.500,    0.00,     inf,    inf,    64.250,   12.51,  689.13,  10.73
          192,     96.250,    3.86, 3343.56,  34.74,     48.125,    9.26, 1394.37,  28.97,    192.500,    0.00,     inf,    inf,    96.250,   18.50,  698.13,   7.25
          256,    128.250,    6.36, 2708.61,  21.12,     64.125,   12.59, 1366.78,  21.31,    256.500,    0.00,     inf,    inf,   128.250,   24.57,  700.66,   5.46
--------------------------------------------------------------------------------------------------------------------------------------------------------------------
mixbench/read-only (v0.03-1-g3ace732)
------------------------ Device specifications ------------------------
Device:              Tesla K80
CUDA driver version: 10.0
GPU clock rate:      823 MHz
Memory clock rate:   1252 MHz
Memory bus width:    384 bits
WarpSize:            32
L2 cache size:       1536 KB
Total global mem:    11441 MB
ECC enabled:         Yes
Compute Capability:  3.7
Total SPs:           2496 (13 MPs x 192 SPs/MP)
Compute throughput:  4110.91 GFlops (theoretical single precision FMAs)
Memory bandwidth:    240.48 GB/sec
-----------------------------------------------------------------------
Total GPU memory 11996954624, free 11922898944
Buffer size:          256MB
Trade-off type:       compute with global memory (block strided)
Elements per thread:  8
Thread fusion degree: 4
Warning:              Half precision computations are not supported
----------------------------------------------------------------------------- CSV data -----------------------------------------------------------------------------
Experiment ID, Single Precision ops,,,,              Double precision ops,,,,              Half precision ops,,,,                Integer operations,,, 
Compute iters, Flops/byte, ex.time,  GFLOPS, GB/sec, Flops/byte, ex.time,  GFLOPS, GB/sec, Flops/byte, ex.time,  GFLOPS, GB/sec, Iops/byte, ex.time,   GIOPS, GB/sec
            0,      0.250,    0.82,   41.17, 164.67,      0.125,    1.66,   20.17, 161.32,      0.500,    0.00,     inf,    inf,     0.250,    0.82,   41.08, 164.33
            1,      0.750,    0.81,  123.56, 164.74,      0.375,    1.66,   60.50, 161.33,      1.500,    0.00,     inf,    inf,     0.750,    0.82,  123.49, 164.65
            2,      1.250,    0.81,  206.08, 164.86,      0.625,    1.66,  100.99, 161.58,      2.500,    0.00,     inf,    inf,     1.250,    0.82,  205.46, 164.37
            3,      1.750,    0.82,  287.22, 164.13,      0.875,    1.66,  141.27, 161.45,      3.500,    0.00,     inf,    inf,     1.750,    0.82,  286.47, 163.70
            4,      2.250,    0.82,  366.66, 162.96,      1.125,    1.67,  181.25, 161.11,      4.500,    0.00,     inf,    inf,     2.250,    0.83,  364.13, 161.84
            5,      2.750,    0.81,  453.96, 165.08,      1.375,    1.67,  221.41, 161.03,      5.500,    0.00,     inf,    inf,     2.750,    0.83,  446.10, 162.22
            6,      3.250,    0.81,  536.67, 165.13,      1.625,    1.66,  262.52, 161.55,      6.500,    0.00,     inf,    inf,     3.250,    0.84,  520.76, 160.23
            7,      3.750,    0.81,  617.97, 164.79,      1.875,    1.66,  302.65, 161.41,      7.500,    0.00,     inf,    inf,     3.750,    0.87,  576.12, 153.63
            8,      4.250,    0.81,  701.36, 165.03,      2.125,    1.66,  343.37, 161.59,      8.500,    0.00,     inf,    inf,     4.250,    1.10,  520.49, 122.47
            9,      4.750,    0.81,  782.40, 164.72,      2.375,    1.66,  383.37, 161.42,      9.500,    0.00,     inf,    inf,     4.750,    0.99,  642.20, 135.20
           10,      5.250,    0.82,  864.31, 164.63,      2.625,    1.66,  423.97, 161.51,     10.500,    0.00,     inf,    inf,     5.250,    1.08,  653.73, 124.52
           11,      5.750,    0.81,  949.35, 165.10,      2.875,    1.66,  463.85, 161.34,     11.500,    0.00,     inf,    inf,     5.750,    1.17,  659.14, 114.63
           12,      6.250,    0.82, 1029.02, 164.64,      3.125,    1.66,  504.34, 161.39,     12.500,    0.00,     inf,    inf,     6.250,    1.44,  582.00,  93.12
           13,      6.750,    0.82, 1111.52, 164.67,      3.375,    1.67,  542.68, 160.79,     13.500,    0.00,     inf,    inf,     6.750,    1.36,  667.77,  98.93
           14,      7.250,    0.82, 1192.03, 164.42,      3.625,    1.67,  584.16, 161.15,     14.500,    0.00,     inf,    inf,     7.250,    1.44,  673.91,  92.95
           15,      7.750,    0.82, 1275.94, 164.64,      3.875,    1.67,  624.08, 161.05,     15.500,    0.00,     inf,    inf,     7.750,    1.53,  677.73,  87.45
           16,      8.250,    0.83, 1339.80, 162.40,      4.125,    1.67,  664.42, 161.07,     16.500,    0.00,     inf,    inf,     8.250,    1.82,  609.33,  73.86
           17,      8.750,    0.82, 1433.82, 163.87,      4.375,    1.67,  702.15, 160.49,     17.500,    0.00,     inf,    inf,     8.750,    1.72,  681.72,  77.91
           18,      9.250,    0.82, 1519.68, 164.29,      4.625,    1.67,  744.38, 160.95,     18.500,    0.00,     inf,    inf,     9.250,    1.81,  687.20,  74.29
           20,     10.250,    0.83, 1657.48, 161.70,      5.125,    1.67,  821.93, 160.38,     20.500,    0.00,     inf,    inf,    10.250,    2.19,  627.59,  61.23
           22,     11.250,    0.82, 1836.39, 163.23,      5.625,    1.68,  899.72, 159.95,     22.500,    0.00,     inf,    inf,    11.250,    2.17,  695.32,  61.81
           24,     12.250,    0.84, 1960.18, 160.01,      6.125,    1.68,  976.68, 159.46,     24.500,    0.00,     inf,    inf,    12.250,    2.57,  640.31,  52.27
           28,     14.250,    0.83, 2304.74, 161.74,      7.125,    1.72, 1113.43, 156.27,     28.500,    0.00,     inf,    inf,    14.250,    2.94,  650.62,  45.66
           32,     16.250,    0.84, 2599.74, 159.98,      8.125,    1.81, 1207.44, 148.61,     32.500,    0.00,     inf,    inf,    16.250,    3.31,  658.30,  40.51
           40,     20.250,    0.92, 2951.58, 145.76,     10.125,    2.05, 1327.81, 131.14,     40.500,    0.00,     inf,    inf,    20.250,    4.06,  669.19,  33.05
           48,     24.250,    1.01, 3215.88, 132.61,     12.125,    2.41, 1349.18, 111.27,     48.500,    0.00,     inf,    inf,    24.250,    4.81,  676.34,  27.89
           56,     28.250,    1.16, 3266.50, 115.63,     14.125,    2.79, 1359.86,  96.27,     56.500,    0.00,     inf,    inf,    28.250,    5.56,  682.10,  24.15
           64,     32.250,    1.31, 3313.00, 102.73,     16.125,    3.16, 1368.05,  84.84,     64.500,    0.00,     inf,    inf,    32.250,    6.32,  684.65,  21.23
           80,     40.250,    1.60, 3371.76,  83.77,     20.125,    3.92, 1379.38,  68.54,     80.500,    0.00,     inf,    inf,    40.250,    7.80,  692.33,  17.20
           96,     48.250,    1.90, 3415.79,  70.79,     24.125,    4.65, 1391.22,  57.67,     96.500,    0.00,     inf,    inf,    48.250,    9.29,  697.39,  14.45
          128,     64.250,    2.48, 3475.29,  54.09,     32.125,    6.15, 1403.31,  43.68,    128.500,    0.00,     inf,    inf,    64.250,   12.35,  698.35,  10.87
          192,     96.250,    3.82, 3381.88,  35.14,     48.125,    9.16, 1410.01,  29.30,    192.500,    0.00,     inf,    inf,    96.250,   18.25,  707.90,   7.35
          256,    128.250,    6.30, 2731.80,  21.30,     64.125,   12.48, 1379.65,  21.52,    256.500,    0.00,     inf,    inf,   128.250,   24.28,  709.03,   5.53
--------------------------------------------------------------------------------------------------------------------------------------------------------------------
mixbench/read-only (v0.03-1-g3ace732)
------------------------ Device specifications ------------------------
Device:              Tesla K80
CUDA driver version: 10.0
GPU clock rate:      823 MHz
Memory clock rate:   1252 MHz
Memory bus width:    384 bits
WarpSize:            32
L2 cache size:       1536 KB
Total global mem:    11441 MB
ECC enabled:         Yes
Compute Capability:  3.7
Total SPs:           2496 (13 MPs x 192 SPs/MP)
Compute throughput:  4110.91 GFlops (theoretical single precision FMAs)
Memory bandwidth:    240.48 GB/sec
-----------------------------------------------------------------------
Total GPU memory 11996954624, free 11922898944
Buffer size:          256MB
Trade-off type:       compute with global memory (block strided)
Elements per thread:  8
Thread fusion degree: 4
Warning:              Half precision computations are not supported
----------------------------------------------------------------------------- CSV data -----------------------------------------------------------------------------
Experiment ID, Single Precision ops,,,,              Double precision ops,,,,              Half precision ops,,,,                Integer operations,,, 
Compute iters, Flops/byte, ex.time,  GFLOPS, GB/sec, Flops/byte, ex.time,  GFLOPS, GB/sec, Flops/byte, ex.time,  GFLOPS, GB/sec, Iops/byte, ex.time,   GIOPS, GB/sec
            0,      0.250,    0.81,   41.18, 164.71,      0.125,    1.66,   20.19, 161.51,      0.500,    0.00,     inf,    inf,     0.250,    0.82,   40.97, 163.87
            1,      0.750,    0.81,  123.52, 164.69,      0.375,    1.66,   60.54, 161.44,      1.500,    0.00,     inf,    inf,     0.750,    0.82,  123.29, 164.39
            2,      1.250,    0.82,  205.60, 164.48,      0.625,    1.66,  100.94, 161.50,      2.500,    0.00,     inf,    inf,     1.250,    0.82,  205.39, 164.31
            3,      1.750,    0.82,  287.42, 164.24,      0.875,    1.66,  141.07, 161.22,      3.500,    0.00,     inf,    inf,     1.750,    0.82,  287.47, 164.27
            4,      2.250,    0.81,  370.87, 164.83,      1.125,    1.68,  179.66, 159.70,      4.500,    0.00,     inf,    inf,     2.250,    0.82,  368.64, 163.84
            5,      2.750,    0.81,  454.02, 165.10,      1.375,    1.66,  221.83, 161.33,      5.500,    0.00,     inf,    inf,     2.750,    0.83,  444.74, 161.72
            6,      3.250,    0.81,  535.79, 164.86,      1.625,    1.66,  262.23, 161.38,      6.500,    0.00,     inf,    inf,     3.250,    0.85,  515.31, 158.56
            7,      3.750,    0.81,  619.09, 165.09,      1.875,    1.67,  302.10, 161.12,      7.500,    0.00,     inf,    inf,     3.750,    0.88,  572.14, 152.57
            8,      4.250,    0.81,  700.40, 164.80,      2.125,    1.66,  343.43, 161.61,      8.500,    0.00,     inf,    inf,     4.250,    1.11,  515.43, 121.28
            9,      4.750,    0.81,  782.77, 164.79,      2.375,    1.66,  383.16, 161.33,      9.500,    0.00,     inf,    inf,     4.750,    1.00,  638.43, 134.41
           10,      5.250,    0.82,  864.08, 164.59,      2.625,    1.66,  424.63, 161.76,     10.500,    0.00,     inf,    inf,     5.250,    1.08,  649.64, 123.74
           11,      5.750,    0.81,  948.49, 164.95,      2.875,    1.66,  464.09, 161.42,     11.500,    0.00,     inf,    inf,     5.750,    1.18,  654.06, 113.75
           12,      6.250,    0.82, 1028.58, 164.57,      3.125,    1.66,  504.68, 161.50,     12.500,    0.00,     inf,    inf,     6.250,    1.46,  575.99,  92.16
           13,      6.750,    0.81, 1114.45, 165.10,      3.375,    1.66,  544.79, 161.42,     13.500,    0.00,     inf,    inf,     6.750,    1.37,  659.60,  97.72
           14,      7.250,    0.81, 1194.09, 164.70,      3.625,    1.67,  583.86, 161.07,     14.500,    0.00,     inf,    inf,     7.250,    1.46,  668.09,  92.15
           15,      7.750,    0.81, 1278.50, 164.97,      3.875,    1.66,  624.78, 161.23,     15.500,    0.00,     inf,    inf,     7.750,    1.55,  671.89,  86.70
           16,      8.250,    0.81, 1361.84, 165.07,      4.125,    1.67,  664.73, 161.15,     16.500,    0.00,     inf,    inf,     8.250,    1.83,  604.38,  73.26
           17,      8.750,    0.82, 1439.22, 164.48,      4.375,    1.67,  702.65, 160.61,     17.500,    0.00,     inf,    inf,     8.750,    1.74,  673.88,  77.01
           18,      9.250,    0.82, 1519.38, 164.26,      4.625,    1.67,  743.78, 160.82,     18.500,    0.00,     inf,    inf,     9.250,    1.83,  680.17,  73.53
           20,     10.250,    0.82, 1680.80, 163.98,      5.125,    1.67,  822.30, 160.45,     20.500,    0.00,     inf,    inf,    10.250,    2.22,  620.50,  60.54
           22,     11.250,    0.82, 1837.67, 163.35,      5.625,    1.67,  901.89, 160.34,     22.500,    0.00,     inf,    inf,    11.250,    2.20,  687.73,  61.13
           24,     12.250,    0.83, 1991.10, 162.54,      6.125,    1.68,  976.83, 159.48,     24.500,    0.00,     inf,    inf,    12.250,    2.59,  633.64,  51.73
           28,     14.250,    0.83, 2305.54, 161.79,      7.125,    1.73, 1102.42, 154.73,     28.500,    0.00,     inf,    inf,    14.250,    2.97,  643.37,  45.15
           32,     16.250,    0.84, 2587.70, 159.24,      8.125,    1.81, 1205.17, 148.33,     32.500,    0.00,     inf,    inf,    16.250,    3.35,  650.63,  40.04
           40,     20.250,    0.92, 2943.19, 145.34,     10.125,    2.07, 1311.10, 129.49,     40.500,    0.00,     inf,    inf,    20.250,    4.11,  661.32,  32.66
           48,     24.250,    1.02, 3188.36, 131.48,     12.125,    2.44, 1333.70, 110.00,     48.500,    0.00,     inf,    inf,    24.250,    4.86,  669.24,  27.60
           56,     28.250,    1.18, 3225.25, 114.17,     14.125,    2.82, 1342.44,  95.04,     56.500,    0.00,     inf,    inf,    28.250,    5.62,  674.18,  23.86
           64,     32.250,    1.32, 3284.04, 101.83,     16.125,    3.20, 1351.64,  83.82,     64.500,    0.00,     inf,    inf,    32.250,    6.38,  678.98,  21.05
           80,     40.250,    1.63, 3323.90,  82.58,     20.125,    3.96, 1365.51,  67.85,     80.500,    0.00,     inf,    inf,    40.250,    7.89,  684.93,  17.02
           96,     48.250,    1.92, 3372.47,  69.90,     24.125,    4.71, 1374.50,  56.97,     96.500,    0.00,     inf,    inf,    48.250,    9.43,  686.53,  14.23
          128,     64.250,    2.51, 3429.16,  53.37,     32.125,    6.21, 1388.61,  43.23,    128.500,    0.00,     inf,    inf,    64.250,   12.50,  689.99,  10.74
          192,     96.250,    3.86, 3347.44,  34.78,     48.125,    9.24, 1397.59,  29.04,    192.500,    0.00,     inf,    inf,    96.250,   18.47,  699.53,   7.27
          256,    128.250,    6.35, 2709.73,  21.13,     64.125,   12.59, 1367.63,  21.33,    256.500,    0.00,     inf,    inf,   128.250,   24.57,  700.58,   5.46
--------------------------------------------------------------------------------------------------------------------------------------------------------------------
mixbench/read-only (v0.03-1-g3ace732)
------------------------ Device specifications ------------------------
Device:              Tesla K80
CUDA driver version: 10.0
GPU clock rate:      823 MHz
Memory clock rate:   1252 MHz
Memory bus width:    384 bits
WarpSize:            32
L2 cache size:       1536 KB
Total global mem:    11441 MB
ECC enabled:         Yes
Compute Capability:  3.7
Total SPs:           2496 (13 MPs x 192 SPs/MP)
Compute throughput:  4110.91 GFlops (theoretical single precision FMAs)
Memory bandwidth:    240.48 GB/sec
-----------------------------------------------------------------------
Total GPU memory 11996954624, free 11922898944
Buffer size:          256MB
Trade-off type:       compute with global memory (block strided)
Elements per thread:  8
Thread fusion degree: 4
Warning:              Half precision computations are not supported
----------------------------------------------------------------------------- CSV data -----------------------------------------------------------------------------
Experiment ID, Single Precision ops,,,,              Double precision ops,,,,              Half precision ops,,,,                Integer operations,,, 
Compute iters, Flops/byte, ex.time,  GFLOPS, GB/sec, Flops/byte, ex.time,  GFLOPS, GB/sec, Flops/byte, ex.time,  GFLOPS, GB/sec, Iops/byte, ex.time,   GIOPS, GB/sec
            0,      0.250,    0.81,   41.17, 164.70,      0.125,    1.66,   20.17, 161.35,      0.500,    0.00,     inf,    inf,     0.250,    0.82,   41.00, 164.01
            1,      0.750,    0.82,  123.35, 164.46,      0.375,    1.66,   60.54, 161.43,      1.500,    0.00,     inf,    inf,     0.750,    0.82,  123.30, 164.40
            2,      1.250,    0.81,  205.99, 164.79,      0.625,    1.66,  100.88, 161.41,      2.500,    0.00,     inf,    inf,     1.250,    0.82,  205.40, 164.32
            3,      1.750,    0.81,  288.44, 164.83,      0.875,    1.66,  141.22, 161.39,      3.500,    0.00,     inf,    inf,     1.750,    0.82,  286.98, 163.99
            4,      2.250,    0.82,  370.13, 164.50,      1.125,    1.68,  179.67, 159.71,      4.500,    0.00,     inf,    inf,     2.250,    0.82,  369.40, 164.18
            5,      2.750,    0.81,  454.50, 165.27,      1.375,    1.67,  221.22, 160.89,      5.500,    0.00,     inf,    inf,     2.750,    0.83,  446.98, 162.54
            6,      3.250,    0.82,  534.76, 164.54,      1.625,    1.66,  262.19, 161.35,      6.500,    0.00,     inf,    inf,     3.250,    0.83,  522.98, 160.92
            7,      3.750,    0.81,  619.26, 165.14,      1.875,    1.66,  302.64, 161.41,      7.500,    0.00,     inf,    inf,     3.750,    0.87,  577.28, 153.94
            8,      4.250,    0.81,  702.16, 165.21,      2.125,    1.66,  343.59, 161.69,      8.500,    0.00,     inf,    inf,     4.250,    1.09,  521.27, 122.65
            9,      4.750,    0.81,  783.29, 164.90,      2.375,    1.66,  383.48, 161.47,      9.500,    0.00,     inf,    inf,     4.750,    0.99,  644.51, 135.69
           10,      5.250,    0.81,  867.82, 165.30,      2.625,    1.66,  423.73, 161.42,     10.500,    0.00,     inf,    inf,     5.250,    1.07,  656.26, 125.00
           11,      5.750,    0.81,  948.83, 165.01,      2.875,    1.67,  463.46, 161.20,     11.500,    0.00,     inf,    inf,     5.750,    1.17,  659.66, 114.72
           12,      6.250,    0.82, 1029.11, 164.66,      3.125,    1.66,  505.38, 161.72,     12.500,    0.00,     inf,    inf,     6.250,    1.44,  581.90,  93.10
           13,      6.750,    0.82, 1110.21, 164.48,      3.375,    1.66,  544.89, 161.45,     13.500,    0.00,     inf,    inf,     6.750,    1.36,  668.18,  98.99
           14,      7.250,    0.82, 1193.95, 164.68,      3.625,    1.66,  585.29, 161.46,     14.500,    0.00,     inf,    inf,     7.250,    1.44,  673.62,  92.91
           15,      7.750,    0.82, 1275.09, 164.53,      3.875,    1.66,  625.61, 161.45,     15.500,    0.00,     inf,    inf,     7.750,    1.53,  678.07,  87.49
           16,      8.250,    0.82, 1356.18, 164.39,      4.125,    1.67,  664.54, 161.10,     16.500,    0.00,     inf,    inf,     8.250,    1.82,  609.42,  73.87
           17,      8.750,    0.83, 1423.42, 162.68,      4.375,    1.67,  701.97, 160.45,     17.500,    0.00,     inf,    inf,     8.750,    1.73,  680.73,  77.80
           18,      9.250,    0.82, 1518.13, 164.12,      4.625,    1.67,  745.29, 161.14,     18.500,    0.00,     inf,    inf,     9.250,    1.81,  687.21,  74.29
           20,     10.250,    0.82, 1679.56, 163.86,      5.125,    1.68,  820.98, 160.19,     20.500,    0.00,     inf,    inf,    10.250,    2.19,  627.76,  61.25
           22,     11.250,    0.82, 1837.10, 163.30,      5.625,    1.68,  899.53, 159.92,     22.500,    0.00,     inf,    inf,    11.250,    2.17,  694.80,  61.76
           24,     12.250,    0.83, 1992.41, 162.65,      6.125,    1.69,  972.98, 158.85,     24.500,    0.00,     inf,    inf,    12.250,    2.57,  639.77,  52.23
           28,     14.250,    0.83, 2308.03, 161.97,      7.125,    1.72, 1114.07, 156.36,     28.500,    0.00,     inf,    inf,    14.250,    2.94,  650.36,  45.64
           32,     16.250,    0.84, 2594.99, 159.69,      8.125,    1.80, 1209.07, 148.81,     32.500,    0.00,     inf,    inf,    16.250,    3.34,  653.93,  40.24
           40,     20.250,    0.92, 2959.50, 146.15,     10.125,    2.05, 1323.98, 130.76,     40.500,    0.00,     inf,    inf,    20.250,    4.06,  669.59,  33.07
           48,     24.250,    1.01, 3214.15, 132.54,     12.125,    2.41, 1348.53, 111.22,     48.500,    0.00,     inf,    inf,    24.250,    4.81,  676.81,  27.91
           56,     28.250,    1.16, 3255.55, 115.24,     14.125,    2.79, 1358.21,  96.16,     56.500,    0.00,     inf,    inf,    28.250,    5.56,  681.63,  24.13
           64,     32.250,    1.31, 3315.92, 102.82,     16.125,    3.17, 1364.98,  84.65,     64.500,    0.00,     inf,    inf,    32.250,    6.30,  686.69,  21.29
           80,     40.250,    1.60, 3369.54,  83.72,     20.125,    3.91, 1380.60,  68.60,     80.500,    0.00,     inf,    inf,    40.250,    7.81,  691.30,  17.18
           96,     48.250,    1.89, 3417.46,  70.83,     24.125,    4.65, 1392.32,  57.71,     96.500,    0.00,     inf,    inf,    48.250,    9.32,  695.19,  14.41
          128,     64.250,    2.49, 3462.07,  53.88,     32.125,    6.16, 1400.27,  43.59,    128.500,    0.00,     inf,    inf,    64.250,   12.37,  697.34,  10.85
          192,     96.250,    3.82, 3383.61,  35.15,     48.125,    9.17, 1408.31,  29.26,    192.500,    0.00,     inf,    inf,    96.250,   18.29,  706.50,   7.34
          256,    128.250,    6.29, 2738.09,  21.35,     64.125,   12.50, 1377.55,  21.48,    256.500,    0.00,     inf,    inf,   128.250,   24.41,  705.09,   5.50
--------------------------------------------------------------------------------------------------------------------------------------------------------------------
mixbench/read-only (v0.03-1-g3ace732)
------------------------ Device specifications ------------------------
Device:              Tesla K80
CUDA driver version: 10.0
GPU clock rate:      823 MHz
Memory clock rate:   1252 MHz
Memory bus width:    384 bits
WarpSize:            32
L2 cache size:       1536 KB
Total global mem:    11441 MB
ECC enabled:         Yes
Compute Capability:  3.7
Total SPs:           2496 (13 MPs x 192 SPs/MP)
Compute throughput:  4110.91 GFlops (theoretical single precision FMAs)
Memory bandwidth:    240.48 GB/sec
-----------------------------------------------------------------------
Total GPU memory 11996954624, free 11922898944
Buffer size:          256MB
Trade-off type:       compute with global memory (block strided)
Elements per thread:  8
Thread fusion degree: 4
Warning:              Half precision computations are not supported
----------------------------------------------------------------------------- CSV data -----------------------------------------------------------------------------
Experiment ID, Single Precision ops,,,,              Double precision ops,,,,              Half precision ops,,,,                Integer operations,,, 
Compute iters, Flops/byte, ex.time,  GFLOPS, GB/sec, Flops/byte, ex.time,  GFLOPS, GB/sec, Flops/byte, ex.time,  GFLOPS, GB/sec, Iops/byte, ex.time,   GIOPS, GB/sec
            0,      0.250,    0.82,   41.08, 164.31,      0.125,    1.67,   20.13, 161.03,      0.500,    0.00,     inf,    inf,     0.250,    0.82,   40.83, 163.30
            1,      0.750,    0.82,  123.32, 164.43,      0.375,    1.67,   60.34, 160.90,      1.500,    0.00,     inf,    inf,     0.750,    0.82,  123.46, 164.62
            2,      1.250,    0.82,  204.90, 163.92,      0.625,    1.67,  100.28, 160.44,      2.500,    0.00,     inf,    inf,     1.250,    0.82,  205.77, 164.62
            3,      1.750,    0.82,  287.95, 164.54,      0.875,    1.67,  140.55, 160.63,      3.500,    0.00,     inf,    inf,     1.750,    0.82,  287.80, 164.46
            4,      2.250,    0.82,  370.48, 164.66,      1.125,    1.67,  181.00, 160.89,      4.500,    0.00,     inf,    inf,     2.250,    0.82,  368.06, 163.58
            5,      2.750,    0.81,  453.18, 164.79,      1.375,    1.67,  221.30, 160.95,      5.500,    0.00,     inf,    inf,     2.750,    0.83,  445.22, 161.90
            6,      3.250,    0.82,  535.09, 164.64,      1.625,    1.67,  261.90, 161.17,      6.500,    0.00,     inf,    inf,     3.250,    0.87,  499.63, 153.73
            7,      3.750,    0.81,  619.02, 165.07,      1.875,    1.67,  301.73, 160.92,      7.500,    0.00,     inf,    inf,     3.750,    0.93,  539.87, 143.97
            8,      4.250,    0.81,  700.18, 164.75,      2.125,    1.67,  342.41, 161.13,      8.500,    0.00,     inf,    inf,     4.250,    1.21,  471.58, 110.96
            9,      4.750,    0.82,  781.75, 164.58,      2.375,    1.66,  382.91, 161.23,      9.500,    0.00,     inf,    inf,     4.750,    1.10,  578.68, 121.83
           10,      5.250,    0.81,  865.09, 164.78,      2.625,    1.67,  423.13, 161.19,     10.500,    0.00,     inf,    inf,     5.250,    1.22,  579.90, 110.46
           11,      5.750,    0.81,  948.56, 164.97,      2.875,    1.67,  463.45, 161.20,     11.500,    0.00,     inf,    inf,     5.750,    1.31,  589.56, 102.53
           12,      6.250,    0.81, 1030.48, 164.88,      3.125,    1.66,  503.88, 161.24,     12.500,    0.00,     inf,    inf,     6.250,    1.62,  518.37,  82.94
           13,      6.750,    0.82, 1111.61, 164.68,      3.375,    1.67,  544.12, 161.22,     13.500,    0.00,     inf,    inf,     6.750,    1.52,  595.81,  88.27
           14,      7.250,    0.82, 1192.03, 164.42,      3.625,    1.67,  583.77, 161.04,     14.500,    0.00,     inf,    inf,     7.250,    1.62,  601.62,  82.98
           15,      7.750,    0.82, 1273.69, 164.35,      3.875,    1.68,  619.94, 159.98,     15.500,    0.00,     inf,    inf,     7.750,    1.72,  604.45,  77.99
           16,      8.250,    0.82, 1357.73, 164.57,      4.125,    1.67,  663.69, 160.90,     16.500,    0.00,     inf,    inf,     8.250,    2.04,  543.17,  65.84
           17,      8.750,    0.82, 1429.13, 163.33,      4.375,    1.68,  700.99, 160.23,     17.500,    0.00,     inf,    inf,     8.750,    1.93,  607.24,  69.40
           18,      9.250,    0.82, 1519.14, 164.23,      4.625,    1.67,  742.45, 160.53,     18.500,    0.00,     inf,    inf,     9.250,    2.03,  612.23,  66.19
           20,     10.250,    0.82, 1677.53, 163.66,      5.125,    1.68,  820.25, 160.05,     20.500,    0.00,     inf,    inf,    10.250,    2.46,  558.81,  54.52
           22,     11.250,    0.83, 1826.01, 162.31,      5.625,    1.68,  897.80, 159.61,     22.500,    0.00,     inf,    inf,    11.250,    2.44,  619.21,  55.04
           24,     12.250,    0.83, 1988.86, 162.36,      6.125,    1.72,  956.77, 156.21,     24.500,    0.00,     inf,    inf,    12.250,    2.88,  570.19,  46.55
           28,     14.250,    0.84, 2277.60, 159.83,      7.125,    1.80, 1064.01, 149.34,     28.500,    0.00,     inf,    inf,    14.250,    3.31,  578.31,  40.58
           32,     16.250,    0.88, 2490.68, 153.27,      8.125,    1.92, 1137.25, 139.97,     32.500,    0.00,     inf,    inf,    16.250,    3.73,  584.44,  35.97
           40,     20.250,    0.97, 2793.17, 137.93,     10.125,    2.30, 1181.03, 116.64,     40.500,    0.00,     inf,    inf,    20.250,    4.57,  594.60,  29.36
           48,     24.250,    1.13, 2874.52, 118.54,     12.125,    2.72, 1198.43,  98.84,     48.500,    0.00,     inf,    inf,    24.250,    5.41,  601.17,  24.79
           56,     28.250,    1.31, 2904.64, 102.82,     14.125,    3.14, 1206.45,  85.41,     56.500,    0.00,     inf,    inf,    28.250,    6.25,  606.28,  21.46
           64,     32.250,    1.47, 2944.03,  91.29,     16.125,    3.57, 1212.86,  75.22,     64.500,    0.00,     inf,    inf,    32.250,    7.09,  610.29,  18.92
           80,     40.250,    1.80, 2994.92,  74.41,     20.125,    4.41, 1224.65,  60.85,     80.500,    0.00,     inf,    inf,    40.250,    8.78,  615.00,  15.28
           96,     48.250,    2.14, 3027.03,  62.74,     24.125,    5.25, 1232.91,  51.11,     96.500,    0.00,     inf,    inf,    48.250,   10.48,  618.15,  12.81
          128,     64.250,    2.80, 3077.25,  47.89,     32.125,    6.93, 1244.59,  38.74,    128.500,    0.00,     inf,    inf,    64.250,   13.92,  619.32,   9.64
          192,     96.250,    4.29, 3008.99,  31.26,     48.125,   10.33, 1250.32,  25.98,    192.500,    0.00,     inf,    inf,    96.250,   19.86,  650.45,   6.76
          256,    128.250,    6.45, 2668.09,  20.80,     64.125,   12.85, 1339.59,  20.89,    256.500,    0.00,     inf,    inf,   128.250,   24.94,  690.29,   5.38
--------------------------------------------------------------------------------------------------------------------------------------------------------------------
mixbench/read-only (v0.03-1-g3ace732)
------------------------ Device specifications ------------------------
Device:              Tesla K80
CUDA driver version: 10.0
GPU clock rate:      823 MHz
Memory clock rate:   1252 MHz
Memory bus width:    384 bits
WarpSize:            32
L2 cache size:       1536 KB
Total global mem:    11441 MB
ECC enabled:         Yes
Compute Capability:  3.7
Total SPs:           2496 (13 MPs x 192 SPs/MP)
Compute throughput:  4110.91 GFlops (theoretical single precision FMAs)
Memory bandwidth:    240.48 GB/sec
-----------------------------------------------------------------------
Total GPU memory 11996954624, free 11922898944
Buffer size:          256MB
Trade-off type:       compute with global memory (block strided)
Elements per thread:  8
Thread fusion degree: 4
Warning:              Half precision computations are not supported
----------------------------------------------------------------------------- CSV data -----------------------------------------------------------------------------
Experiment ID, Single Precision ops,,,,              Double precision ops,,,,              Half precision ops,,,,                Integer operations,,, 
Compute iters, Flops/byte, ex.time,  GFLOPS, GB/sec, Flops/byte, ex.time,  GFLOPS, GB/sec, Flops/byte, ex.time,  GFLOPS, GB/sec, Iops/byte, ex.time,   GIOPS, GB/sec
            0,      0.250,    0.82,   41.06, 164.26,      0.125,    1.67,   20.13, 161.02,      0.500,    0.00,     inf,    inf,     0.250,    0.82,   41.01, 164.05
            1,      0.750,    0.82,  123.19, 164.26,      0.375,    1.67,   60.38, 161.00,      1.500,    0.00,     inf,    inf,     0.750,    0.82,  123.24, 164.32
            2,      1.250,    0.82,  205.47, 164.37,      0.625,    1.67,  100.53, 160.84,      2.500,    0.00,     inf,    inf,     1.250,    0.82,  205.35, 164.28
            3,      1.750,    0.81,  288.23, 164.70,      0.875,    1.67,  140.70, 160.80,      3.500,    0.00,     inf,    inf,     1.750,    0.82,  287.35, 164.20
            4,      2.250,    0.82,  369.97, 164.43,      1.125,    1.67,  180.97, 160.86,      4.500,    0.00,     inf,    inf,     2.250,    0.82,  367.36, 163.27
            5,      2.750,    0.81,  453.11, 164.77,      1.375,    1.67,  221.30, 160.94,      5.500,    0.00,     inf,    inf,     2.750,    0.83,  444.67, 161.70
            6,      3.250,    0.81,  535.47, 164.76,      1.625,    1.67,  261.64, 161.01,      6.500,    0.00,     inf,    inf,     3.250,    0.87,  500.16, 153.90
            7,      3.750,    0.81,  617.68, 164.72,      1.875,    1.67,  301.99, 161.06,      7.500,    0.00,     inf,    inf,     3.750,    0.93,  539.78, 143.94
            8,      4.250,    0.82,  698.53, 164.36,      2.125,    1.66,  342.75, 161.29,      8.500,    0.00,     inf,    inf,     4.250,    1.21,  471.27, 110.89
            9,      4.750,    0.82,  781.94, 164.62,      2.375,    1.66,  382.96, 161.24,      9.500,    0.00,     inf,    inf,     4.750,    1.11,  576.87, 121.45
           10,      5.250,    0.82,  864.14, 164.60,      2.625,    1.67,  422.64, 161.01,     10.500,    0.00,     inf,    inf,     5.250,    1.20,  585.67, 111.56
           11,      5.750,    0.82,  944.15, 164.20,      2.875,    1.67,  462.93, 161.02,     11.500,    0.00,     inf,    inf,     5.750,    1.31,  588.99, 102.43
           12,      6.250,    0.82, 1027.85, 164.46,      3.125,    1.67,  503.66, 161.17,     12.500,    0.00,     inf,    inf,     6.250,    1.62,  518.20,  82.91
           13,      6.750,    0.81, 1111.87, 164.72,      3.375,    1.67,  543.46, 161.03,     13.500,    0.00,     inf,    inf,     6.750,    1.52,  594.82,  88.12
           14,      7.250,    0.82, 1189.84, 164.12,      3.625,    1.67,  584.19, 161.16,     14.500,    0.00,     inf,    inf,     7.250,    1.62,  601.74,  83.00
           15,      7.750,    0.82, 1274.44, 164.44,      3.875,    1.67,  623.30, 160.85,     15.500,    0.00,     inf,    inf,     7.750,    1.72,  603.93,  77.93
           16,      8.250,    0.82, 1355.07, 164.25,      4.125,    1.67,  663.85, 160.93,     16.500,    0.00,     inf,    inf,     8.250,    2.04,  542.88,  65.80
           17,      8.750,    0.82, 1429.91, 163.42,      4.375,    1.68,  700.06, 160.01,     17.500,    0.00,     inf,    inf,     8.750,    1.93,  607.11,  69.38
           18,      9.250,    0.82, 1514.93, 163.78,      4.625,    1.68,  737.17, 159.39,     18.500,    0.00,     inf,    inf,     9.250,    2.03,  611.53,  66.11
           20,     10.250,    0.82, 1673.67, 163.29,      5.125,    1.68,  819.39, 159.88,     20.500,    0.00,     inf,    inf,    10.250,    2.46,  558.41,  54.48
           22,     11.250,    0.83, 1829.48, 162.62,      5.625,    1.68,  896.47, 159.37,     22.500,    0.00,     inf,    inf,    11.250,    2.44,  618.09,  54.94
           24,     12.250,    0.83, 1983.41, 161.91,      6.125,    1.72,  955.98, 156.08,     24.500,    0.00,     inf,    inf,    12.250,    2.89,  569.58,  46.50
           28,     14.250,    0.84, 2274.22, 159.59,      7.125,    1.81, 1059.52, 148.71,     28.500,    0.00,     inf,    inf,    14.250,    3.31,  578.66,  40.61
           32,     16.250,    0.89, 2463.85, 151.62,      8.125,    1.91, 1142.43, 140.61,     32.500,    0.00,     inf,    inf,    16.250,    3.73,  584.89,  35.99
           40,     20.250,    0.98, 2782.37, 137.40,     10.125,    2.30, 1182.23, 116.76,     40.500,    0.00,     inf,    inf,    20.250,    4.57,  595.00,  29.38
           48,     24.250,    1.13, 2871.19, 118.40,     12.125,    2.72, 1195.22,  98.57,     48.500,    0.00,     inf,    inf,    24.250,    5.41,  601.17,  24.79
           56,     28.250,    1.31, 2903.93, 102.79,     14.125,    3.15, 1205.51,  85.35,     56.500,    0.00,     inf,    inf,    28.250,    6.25,  606.29,  21.46
           64,     32.250,    1.47, 2947.30,  91.39,     16.125,    3.57, 1213.40,  75.25,     64.500,    0.00,     inf,    inf,    32.250,    7.11,  608.60,  18.87
           80,     40.250,    1.81, 2992.00,  74.34,     20.125,    4.41, 1226.25,  60.93,     80.500,    0.00,     inf,    inf,    40.250,    8.81,  613.45,  15.24
           96,     48.250,    2.14, 3021.92,  62.63,     24.125,    5.25, 1232.52,  51.09,     96.500,    0.00,     inf,    inf,    48.250,   10.49,  617.46,  12.80
          128,     64.250,    2.81, 3067.20,  47.74,     32.125,    6.93, 1243.49,  38.71,    128.500,    0.00,     inf,    inf,    64.250,   13.91,  620.06,   9.65
          192,     96.250,    4.30, 3003.15,  31.20,     48.125,   10.32, 1252.08,  26.02,    192.500,    0.00,     inf,    inf,    96.250,   20.59,  627.53,   6.52
          256,    128.250,    7.08, 2432.51,  18.97,     64.125,   13.56, 1269.25,  19.79,    256.500,    0.00,     inf,    inf,   128.250,   24.94,  690.26,   5.38
--------------------------------------------------------------------------------------------------------------------------------------------------------------------
mixbench/read-only (v0.03-1-g3ace732)
------------------------ Device specifications ------------------------
Device:              Tesla K80
CUDA driver version: 10.0
GPU clock rate:      823 MHz
Memory clock rate:   1252 MHz
Memory bus width:    384 bits
WarpSize:            32
L2 cache size:       1536 KB
Total global mem:    11441 MB
ECC enabled:         Yes
Compute Capability:  3.7
Total SPs:           2496 (13 MPs x 192 SPs/MP)
Compute throughput:  4110.91 GFlops (theoretical single precision FMAs)
Memory bandwidth:    240.48 GB/sec
-----------------------------------------------------------------------
Total GPU memory 11996954624, free 11922898944
Buffer size:          256MB
Trade-off type:       compute with global memory (block strided)
Elements per thread:  8
Thread fusion degree: 4
Warning:              Half precision computations are not supported
----------------------------------------------------------------------------- CSV data -----------------------------------------------------------------------------
Experiment ID, Single Precision ops,,,,              Double precision ops,,,,              Half precision ops,,,,                Integer operations,,, 
Compute iters, Flops/byte, ex.time,  GFLOPS, GB/sec, Flops/byte, ex.time,  GFLOPS, GB/sec, Flops/byte, ex.time,  GFLOPS, GB/sec, Iops/byte, ex.time,   GIOPS, GB/sec
            0,      0.250,    0.81,   41.18, 164.70,      0.125,    1.66,   20.19, 161.56,      0.500,    0.00,     inf,    inf,     0.250,    0.81,   41.20, 164.79
            1,      0.750,    0.81,  123.68, 164.91,      0.375,    1.66,   60.52, 161.39,      1.500,    0.00,     inf,    inf,     0.750,    0.81,  123.93, 165.24
            2,      1.250,    0.82,  205.23, 164.19,      0.625,    1.67,  100.70, 161.11,      2.500,    0.00,     inf,    inf,     1.250,    0.81,  206.47, 165.18
            3,      1.750,    0.81,  288.61, 164.92,      0.875,    1.67,  141.05, 161.20,      3.500,    0.00,     inf,    inf,     1.750,    0.82,  288.17, 164.67
            4,      2.250,    0.82,  370.42, 164.63,      1.125,    1.66,  181.60, 161.42,      4.500,    0.00,     inf,    inf,     2.250,    0.82,  367.96, 163.54
            5,      2.750,    0.81,  453.36, 164.86,      1.375,    1.66,  221.71, 161.24,      5.500,    0.00,     inf,    inf,     2.750,    0.83,  446.72, 162.44
            6,      3.250,    0.81,  535.28, 164.70,      1.625,    1.66,  262.26, 161.39,      6.500,    0.00,     inf,    inf,     3.250,    0.84,  521.22, 160.38
            7,      3.750,    0.81,  617.90, 164.77,      1.875,    1.66,  302.72, 161.45,      7.500,    0.00,     inf,    inf,     3.750,    0.87,  579.28, 154.47
            8,      4.250,    0.82,  699.76, 164.65,      2.125,    1.67,  342.50, 161.18,      8.500,    0.00,     inf,    inf,     4.250,    1.10,  520.58, 122.49
            9,      4.750,    0.82,  782.18, 164.67,      2.375,    1.66,  383.43, 161.44,      9.500,    0.00,     inf,    inf,     4.750,    0.99,  644.09, 135.60
           10,      5.250,    0.81,  866.90, 165.12,      2.625,    1.66,  423.87, 161.47,     10.500,    0.00,     inf,    inf,     5.250,    1.08,  654.25, 124.62
           11,      5.750,    0.82,  945.44, 164.42,      2.875,    1.66,  464.31, 161.50,     11.500,    0.00,     inf,    inf,     5.750,    1.17,  657.02, 114.26
           12,      6.250,    0.82, 1025.44, 164.07,      3.125,    1.66,  504.64, 161.48,     12.500,    0.00,     inf,    inf,     6.250,    1.44,  581.15,  92.98
           13,      6.750,    0.82, 1102.65, 163.36,      3.375,    1.67,  543.71, 161.10,     13.500,    0.00,     inf,    inf,     6.750,    1.36,  665.92,  98.65
           14,      7.250,    0.81, 1196.02, 164.97,      3.625,    1.66,  584.79, 161.32,     14.500,    0.00,     inf,    inf,     7.250,    1.45,  671.78,  92.66
           15,      7.750,    0.82, 1271.10, 164.01,      3.875,    1.68,  619.43, 159.85,     15.500,    0.00,     inf,    inf,     7.750,    1.54,  673.75,  86.94
           16,      8.250,    0.83, 1335.46, 161.87,      4.125,    1.67,  663.72, 160.90,     16.500,    0.00,     inf,    inf,     8.250,    1.84,  601.82,  72.95
           17,      8.750,    0.82, 1431.25, 163.57,      4.375,    1.67,  702.66, 160.61,     17.500,    0.00,     inf,    inf,     8.750,    1.73,  680.54,  77.78
           18,      9.250,    0.82, 1521.11, 164.44,      4.625,    1.67,  742.92, 160.63,     18.500,    0.00,     inf,    inf,     9.250,    1.81,  686.65,  74.23
           20,     10.250,    0.82, 1684.36, 164.33,      5.125,    1.68,  816.49, 159.32,     20.500,    0.00,     inf,    inf,    10.250,    2.19,  629.22,  61.39
           22,     11.250,    0.82, 1839.46, 163.51,      5.625,    1.68,  900.91, 160.16,     22.500,    0.00,     inf,    inf,    11.250,    2.17,  695.23,  61.80
           24,     12.250,    0.83, 1989.17, 162.38,      6.125,    1.68,  978.50, 159.76,     24.500,    0.00,     inf,    inf,    12.250,    2.57,  639.89,  52.24
           28,     14.250,    0.83, 2308.93, 162.03,      7.125,    1.71, 1115.36, 156.54,     28.500,    0.00,     inf,    inf,    14.250,    2.95,  647.73,  45.45
           32,     16.250,    0.84, 2600.73, 160.05,      8.125,    1.80, 1212.29, 149.21,     32.500,    0.00,     inf,    inf,    16.250,    3.32,  657.03,  40.43
           40,     20.250,    0.95, 2875.34, 141.99,     10.125,    2.05, 1323.96, 130.76,     40.500,    0.00,     inf,    inf,    20.250,    4.08,  665.78,  32.88
           48,     24.250,    1.01, 3212.22, 132.46,     12.125,    2.41, 1348.93, 111.25,     48.500,    0.00,     inf,    inf,    24.250,    4.81,  676.91,  27.91
           56,     28.250,    1.16, 3264.61, 115.56,     14.125,    2.79, 1359.93,  96.28,     56.500,    0.00,     inf,    inf,    28.250,    5.56,  682.18,  24.15
           64,     32.250,    1.30, 3317.63, 102.87,     16.125,    3.16, 1370.45,  84.99,     64.500,    0.00,     inf,    inf,    32.250,    6.31,  686.13,  21.28
           80,     40.250,    1.60, 3367.93,  83.68,     20.125,    3.91, 1380.73,  68.61,     80.500,    0.00,     inf,    inf,    40.250,    7.80,  692.32,  17.20
           96,     48.250,    1.90, 3414.69,  70.77,     24.125,    4.66, 1389.22,  57.58,     96.500,    0.00,     inf,    inf,    48.250,    9.31,  695.90,  14.42
          128,     64.250,    2.48, 3473.18,  54.06,     32.125,    6.14, 1404.37,  43.72,    128.500,    0.00,     inf,    inf,    64.250,   12.34,  698.69,  10.87
          192,     96.250,    3.83, 3374.33,  35.06,     48.125,    9.15, 1412.02,  29.34,    192.500,    0.00,     inf,    inf,    96.250,   18.25,  707.73,   7.35
          256,    128.250,    6.30, 2730.75,  21.29,     64.125,   12.46, 1381.63,  21.55,    256.500,    0.00,     inf,    inf,   128.250,   24.26,  709.52,   5.53
--------------------------------------------------------------------------------------------------------------------------------------------------------------------
mixbench/read-only (v0.03-1-g3ace732)
------------------------ Device specifications ------------------------
Device:              Tesla K80
CUDA driver version: 10.0
GPU clock rate:      823 MHz
Memory clock rate:   1252 MHz
Memory bus width:    384 bits
WarpSize:            32
L2 cache size:       1536 KB
Total global mem:    11441 MB
ECC enabled:         Yes
Compute Capability:  3.7
Total SPs:           2496 (13 MPs x 192 SPs/MP)
Compute throughput:  4110.91 GFlops (theoretical single precision FMAs)
Memory bandwidth:    240.48 GB/sec
-----------------------------------------------------------------------
Total GPU memory 11996954624, free 11922898944
Buffer size:          256MB
Trade-off type:       compute with global memory (block strided)
Elements per thread:  8
Thread fusion degree: 4
Warning:              Half precision computations are not supported
----------------------------------------------------------------------------- CSV data -----------------------------------------------------------------------------
Experiment ID, Single Precision ops,,,,              Double precision ops,,,,              Half precision ops,,,,                Integer operations,,, 
Compute iters, Flops/byte, ex.time,  GFLOPS, GB/sec, Flops/byte, ex.time,  GFLOPS, GB/sec, Flops/byte, ex.time,  GFLOPS, GB/sec, Iops/byte, ex.time,   GIOPS, GB/sec
            0,      0.250,    0.81,   41.22, 164.90,      0.125,    1.66,   20.18, 161.44,      0.500,    0.00,     inf,    inf,     0.250,    0.82,   41.08, 164.32
            1,      0.750,    0.81,  123.79, 165.05,      0.375,    1.67,   60.44, 161.18,      1.500,    0.00,     inf,    inf,     0.750,    0.81,  123.67, 164.90
            2,      1.250,    0.81,  206.07, 164.86,      0.625,    1.66,  100.84, 161.34,      2.500,    0.00,     inf,    inf,     1.250,    0.81,  206.28, 165.03
            3,      1.750,    0.81,  288.36, 164.78,      0.875,    1.66,  141.18, 161.35,      3.500,    0.00,     inf,    inf,     1.750,    0.81,  288.25, 164.72
            4,      2.250,    0.81,  370.74, 164.77,      1.125,    1.66,  181.39, 161.24,      4.500,    0.00,     inf,    inf,     2.250,    0.82,  369.06, 164.03
            5,      2.750,    0.81,  454.36, 165.22,      1.375,    1.66,  221.69, 161.23,      5.500,    0.00,     inf,    inf,     2.750,    0.82,  448.51, 163.09
            6,      3.250,    0.81,  537.16, 165.28,      1.625,    1.66,  262.45, 161.51,      6.500,    0.00,     inf,    inf,     3.250,    0.83,  523.08, 160.95
            7,      3.750,    0.81,  618.77, 165.01,      1.875,    1.66,  302.75, 161.47,      7.500,    0.00,     inf,    inf,     3.750,    0.87,  577.24, 153.93
            8,      4.250,    0.81,  702.05, 165.19,      2.125,    1.66,  343.50, 161.65,      8.500,    0.00,     inf,    inf,     4.250,    1.10,  520.20, 122.40
            9,      4.750,    0.81,  784.77, 165.21,      2.375,    1.66,  383.62, 161.52,      9.500,    0.00,     inf,    inf,     4.750,    1.00,  639.21, 134.57
           10,      5.250,    0.81,  865.40, 164.84,      2.625,    1.66,  424.37, 161.66,     10.500,    0.00,     inf,    inf,     5.250,    1.08,  654.79, 124.72
           11,      5.750,    0.81,  947.74, 164.83,      2.875,    1.66,  464.53, 161.57,     11.500,    0.00,     inf,    inf,     5.750,    1.17,  661.33, 115.01
           12,      6.250,    0.81, 1032.27, 165.16,      3.125,    1.66,  505.39, 161.72,     12.500,    0.00,     inf,    inf,     6.250,    1.44,  582.24,  93.16
           13,      6.750,    0.82, 1103.94, 163.55,      3.375,    1.66,  544.58, 161.36,     13.500,    0.00,     inf,    inf,     6.750,    1.36,  666.73,  98.78
           14,      7.250,    0.81, 1197.95, 165.23,      3.625,    1.66,  585.41, 161.49,     14.500,    0.00,     inf,    inf,     7.250,    1.44,  675.30,  93.14
           15,      7.750,    0.81, 1278.80, 165.01,      3.875,    1.67,  623.96, 161.02,     15.500,    0.00,     inf,    inf,     7.750,    1.53,  678.22,  87.51
           16,      8.250,    0.81, 1361.47, 165.03,      4.125,    1.66,  665.31, 161.29,     16.500,    0.00,     inf,    inf,     8.250,    1.81,  610.29,  73.97
           17,      8.750,    0.82, 1437.31, 164.26,      4.375,    1.67,  703.82, 160.87,     17.500,    0.00,     inf,    inf,     8.750,    1.72,  683.81,  78.15
           18,      9.250,    0.82, 1517.71, 164.08,      4.625,    1.66,  745.76, 161.24,     18.500,    0.00,     inf,    inf,     9.250,    1.80,  688.12,  74.39
           20,     10.250,    0.82, 1684.10, 164.30,      5.125,    1.67,  823.03, 160.59,     20.500,    0.00,     inf,    inf,    10.250,    2.19,  628.10,  61.28
           22,     11.250,    0.82, 1838.46, 163.42,      5.625,    1.68,  900.68, 160.12,     22.500,    0.00,     inf,    inf,    11.250,    2.17,  696.44,  61.91
           24,     12.250,    0.82, 2005.24, 163.69,      6.125,    1.68,  977.61, 159.61,     24.500,    0.00,     inf,    inf,    12.250,    2.56,  641.10,  52.33
           28,     14.250,    0.83, 2309.19, 162.05,      7.125,    1.71, 1116.26, 156.67,     28.500,    0.00,     inf,    inf,    14.250,    2.93,  651.71,  45.73
           32,     16.250,    0.84, 2608.40, 160.52,      8.125,    1.79, 1216.90, 149.77,     32.500,    0.00,     inf,    inf,    16.250,    3.31,  658.36,  40.51
           40,     20.250,    0.92, 2960.53, 146.20,     10.125,    2.05, 1328.83, 131.24,     40.500,    0.00,     inf,    inf,    20.250,    4.06,  669.67,  33.07
           48,     24.250,    1.01, 3208.68, 132.32,     12.125,    2.41, 1348.61, 111.23,     48.500,    0.00,     inf,    inf,    24.250,    4.81,  676.99,  27.92
           56,     28.250,    1.16, 3268.84, 115.71,     14.125,    2.79, 1359.47,  96.25,     56.500,    0.00,     inf,    inf,    28.250,    5.56,  682.23,  24.15
           64,     32.250,    1.31, 3311.94, 102.70,     16.125,    3.17, 1366.57,  84.75,     64.500,    0.00,     inf,    inf,    32.250,    6.31,  685.51,  21.26
           80,     40.250,    1.61, 3365.64,  83.62,     20.125,    3.91, 1380.56,  68.60,     80.500,    0.00,     inf,    inf,    40.250,    7.80,  692.54,  17.21
           96,     48.250,    1.90, 3405.79,  70.59,     24.125,    4.66, 1390.22,  57.63,     96.500,    0.00,     inf,    inf,    48.250,    9.31,  695.78,  14.42
          128,     64.250,    2.49, 3463.76,  53.91,     32.125,    6.16, 1399.36,  43.56,    128.500,    0.00,     inf,    inf,    64.250,   12.30,  701.10,  10.91
          192,     96.250,    3.82, 3379.84,  35.12,     48.125,    9.16, 1410.19,  29.30,    192.500,    0.00,     inf,    inf,    96.250,   18.30,  705.89,   7.33
          256,    128.250,    6.28, 2741.45,  21.38,     64.125,   12.51, 1376.21,  21.46,    256.500,    0.00,     inf,    inf,   128.250,   24.26,  709.54,   5.53
--------------------------------------------------------------------------------------------------------------------------------------------------------------------
