./run_sysbench.sh: line 5: sysbench: command not found
./run_sysbench.sh: line 5: sysbench: command not found
./run_sysbench.sh: line 5: sysbench: command not found
./run_sysbench.sh: line 5: sysbench: command not found
./run_sysbench.sh: line 5: sysbench: command not found
./run_sysbench.sh: line 5: sysbench: command not found
./run_sysbench.sh: line 5: sysbench: command not found
./run_sysbench.sh: line 5: sysbench: command not found
./run_sysbench.sh: line 5: sysbench: command not found
./run_sysbench.sh: line 5: sysbench: command not found
sysbench 1.0.19 (using bundled LuaJIT 2.1.0-beta2)

Running the test with following options:
Number of threads: 4
Validation checks: on.

Initializing random number generator from current time


Prime numbers limit: 1000000

Initializing worker threads...

Threads started!

Latency histogram (values are in milliseconds)
       value  ------------- distribution ------------- count
    1533.657 |********************                     1
    1561.523 |********************                     1
    1589.895 |********************                     1
    1708.634 |********************                     1
    1739.679 |**************************************** 2
    1771.289 |********************                     1
    1803.472 |********************                     1
    1903.575 |********************                     1
    1938.162 |********************                     1
    1973.377 |********************                     1
    2009.233 |********************                     1
    2045.740 |********************                     1
    2120.756 |********************                     1
    2159.289 |********************                     1
    2198.523 |********************                     1
    2238.469 |********************                     1
    2362.716 |********************                     1
    2405.646 |********************                     1
    2493.859 |********************                     1
    2539.172 |********************                     1
    2932.602 |********************                     1
 
CPU speed:
    events per second:     1.89

General statistics:
    total time:                          11.6242s
    total number of events:              22

Latency (ms):
         min:                                 1524.51
         avg:                                 2035.86
         max:                                 2930.18
         95th percentile:                     2539.17
         sum:                                44788.84

Threads fairness:
    events (avg/stddev):           5.5000/0.50
    execution time (avg/stddev):   11.1972/0.35

sysbench 1.0.19 (using bundled LuaJIT 2.1.0-beta2)

Running the test with following options:
Number of threads: 4
Validation checks: on.

Initializing random number generator from current time


Prime numbers limit: 1000000

Initializing worker threads...

Threads started!

Latency histogram (values are in milliseconds)
       value  ------------- distribution ------------- count
     539.710 |*************                            1
     580.017 |*************                            1
     612.211 |*************                            1
     623.335 |*************                            1
     634.661 |*************                            1
     657.933 |***************************              2
     669.888 |*************                            1
     682.059 |*************                            1
     694.452 |*************                            1
     707.070 |*************                            1
     719.917 |*************                            1
     773.683 |*************                            1
     787.741 |*************                            1
     802.053 |*************                            1
     831.464 |*************                            1
     846.572 |**************************************** 3
     877.615 |***************************              2
     893.561 |*************                            1
     909.797 |*************                            1
     960.295 |*************                            1
     977.743 |*************                            1
     995.508 |***************************              2
    1013.597 |***************************              2
    1050.764 |*************                            1
    1069.856 |*************                            1
    1089.295 |***************************              2
    1170.648 |*************                            1
    1191.918 |**************************************** 3
    1213.575 |*************                            1
    1235.625 |*************                            1
    1836.241 |*************                            1
    1869.605 |***************************              2
    1903.575 |*************                            1
 
CPU speed:
    events per second:     4.05

General statistics:
    total time:                          10.6139s
    total number of events:              43

Latency (ms):
         min:                                  536.00
         avg:                                  975.74
         max:                                 1906.23
         95th percentile:                     1869.60
         sum:                                41956.93

Threads fairness:
    events (avg/stddev):           10.7500/0.43
    execution time (avg/stddev):   10.4892/0.11

sysbench 1.0.19 (using bundled LuaJIT 2.1.0-beta2)

Running the test with following options:
Number of threads: 4
Validation checks: on.

Initializing random number generator from current time


Prime numbers limit: 1000000

Initializing worker threads...

Threads started!

Latency histogram (values are in milliseconds)
       value  ------------- distribution ------------- count
     877.615 |********************                     1
     893.561 |********************                     1
     943.158 |********************                     1
    1129.239 |********************                     1
    1170.648 |********************                     1
    1352.033 |********************                     1
    1427.078 |********************                     1
    1836.241 |********************                     1
    2680.109 |********************                     1
    2778.387 |********************                     1
    2880.269 |********************                     1
    3040.139 |**************************************** 2
    3095.377 |**************************************** 2
    3208.883 |**************************************** 2
    3448.533 |********************                     1
    3574.989 |********************                     1
    3706.081 |********************                     1
 
CPU speed:
    events per second:     1.50

General statistics:
    total time:                          13.3231s
    total number of events:              20

Latency (ms):
         min:                                  882.73
         avg:                                 2366.01
         max:                                 3718.35
         95th percentile:                     3574.99
         sum:                                47320.13

Threads fairness:
    events (avg/stddev):           5.0000/0.00
    execution time (avg/stddev):   11.8300/1.20

sysbench 1.0.19 (using bundled LuaJIT 2.1.0-beta2)

Running the test with following options:
Number of threads: 4
Validation checks: on.

Initializing random number generator from current time


Prime numbers limit: 1000000

Initializing worker threads...

Threads started!

Latency histogram (values are in milliseconds)
       value  ------------- distribution ------------- count
    3208.883 |**********                               1
    3267.187 |**********                               1
    3386.993 |********************                     2
    3448.533 |**********                               1
    3511.192 |**********                               1
    3639.945 |**********                               1
    3706.081 |**************************************** 4
    3773.420 |**********                               1
 
CPU speed:
    events per second:     1.08

General statistics:
    total time:                          11.1051s
    total number of events:              12

Latency (ms):
         min:                                 3198.80
         avg:                                 3540.31
         max:                                 3761.28
         95th percentile:                     3706.08
         sum:                                42483.71

Threads fairness:
    events (avg/stddev):           3.0000/0.00
    execution time (avg/stddev):   10.6209/0.32

sysbench 1.0.19 (using bundled LuaJIT 2.1.0-beta2)

Running the test with following options:
Number of threads: 4
Validation checks: on.

Initializing random number generator from current time


Prime numbers limit: 1000000

Initializing worker threads...

Threads started!

Latency histogram (values are in milliseconds)
       value  ------------- distribution ------------- count
    2680.109 |*************                            1
    2778.387 |*************                            1
    2828.869 |*************                            1
    2932.602 |*************                            1
    2985.887 |***************************              2
    3040.139 |***************************              2
    3095.377 |***************************              2
    3208.883 |**************************************** 3
    3574.989 |*************                            1
    3639.945 |*************                            1
 
CPU speed:
    events per second:     1.21

General statistics:
    total time:                          12.3948s
    total number of events:              15

Latency (ms):
         min:                                 2680.06
         avg:                                 3097.63
         max:                                 3659.95
         95th percentile:                     3574.99
         sum:                                46464.44

Threads fairness:
    events (avg/stddev):           3.7500/0.43
    execution time (avg/stddev):   11.6161/0.77

sysbench 1.0.19 (using bundled LuaJIT 2.1.0-beta2)

Running the test with following options:
Number of threads: 4
Validation checks: on.

Initializing random number generator from current time


Prime numbers limit: 1000000

Initializing worker threads...

Threads started!

Latency histogram (values are in milliseconds)
       value  ------------- distribution ------------- count
    2880.269 |*************                            1
    2932.602 |*************                            1
    2985.887 |**************************************** 3
    3040.139 |**************************************** 3
    3326.551 |*************                            1
    3386.993 |*************                            1
    3448.533 |*************                            1
    3511.192 |*************                            1
    3706.081 |***************************              2
    3911.789 |*************                            1
 
CPU speed:
    events per second:     1.16

General statistics:
    total time:                          12.8843s
    total number of events:              15

Latency (ms):
         min:                                 2882.79
         avg:                                 3264.06
         max:                                 3936.88
         95th percentile:                     3706.08
         sum:                                48960.97

Threads fairness:
    events (avg/stddev):           3.7500/0.43
    execution time (avg/stddev):   12.2402/0.63

sysbench 1.0.19 (using bundled LuaJIT 2.1.0-beta2)

Running the test with following options:
Number of threads: 4
Validation checks: on.

Initializing random number generator from current time


Prime numbers limit: 1000000

Initializing worker threads...

Threads started!

Latency histogram (values are in milliseconds)
       value  ------------- distribution ------------- count
    2932.602 |***************************              2
    2985.887 |**************************************** 3
    3040.139 |***************************              2
    3095.377 |***************************              2
    3151.619 |**************************************** 3
    3267.187 |*************                            1
    3574.989 |*************                            1
    4203.934 |*************                            1
 
CPU speed:
    events per second:     1.21

General statistics:
    total time:                          12.3821s
    total number of events:              15

Latency (ms):
         min:                                 2925.86
         avg:                                 3171.13
         max:                                 4228.86
         95th percentile:                     3574.99
         sum:                                47566.88

Threads fairness:
    events (avg/stddev):           3.7500/0.43
    execution time (avg/stddev):   11.8917/0.57

sysbench 1.0.19 (using bundled LuaJIT 2.1.0-beta2)

Running the test with following options:
Number of threads: 4
Validation checks: on.

Initializing random number generator from current time


Prime numbers limit: 1000000

Initializing worker threads...

Threads started!

Latency histogram (values are in milliseconds)
       value  ------------- distribution ------------- count
    2828.869 |********************                     1
    2880.269 |********************                     1
    2985.887 |**************************************** 2
    3040.139 |********************                     1
    3151.619 |********************                     1
    3208.883 |********************                     1
    3267.187 |********************                     1
    3326.551 |********************                     1
    3386.993 |**************************************** 2
    3773.420 |**************************************** 2
    3841.981 |********************                     1
 
CPU speed:
    events per second:     1.09

General statistics:
    total time:                          12.8197s
    total number of events:              14

Latency (ms):
         min:                                 2838.19
         avg:                                 3276.90
         max:                                 3818.50
         95th percentile:                     3773.42
         sum:                                45876.65

Threads fairness:
    events (avg/stddev):           3.5000/0.50
    execution time (avg/stddev):   11.4692/1.01

sysbench 1.0.19 (using bundled LuaJIT 2.1.0-beta2)

Running the test with following options:
Number of threads: 4
Validation checks: on.

Initializing random number generator from current time


Prime numbers limit: 1000000

Initializing worker threads...

Threads started!

Latency histogram (values are in milliseconds)
       value  ------------- distribution ------------- count
    1938.162 |*************                            1
    2009.233 |***************************              2
    2238.469 |*************                            1
    2728.806 |***************************              2
    2778.387 |*************                            1
    2932.602 |**************************************** 3
    2985.887 |*************                            1
    3040.139 |***************************              2
    3095.377 |*************                            1
    3326.551 |*************                            1
    3448.533 |*************                            1
 
CPU speed:
    events per second:     1.32

General statistics:
    total time:                          12.1268s
    total number of events:              16

Latency (ms):
         min:                                 1941.34
         avg:                                 2760.05
         max:                                 3431.20
         95th percentile:                     3326.55
         sum:                                44160.83

Threads fairness:
    events (avg/stddev):           4.0000/0.00
    execution time (avg/stddev):   11.0402/0.62

sysbench 1.0.19 (using bundled LuaJIT 2.1.0-beta2)

Running the test with following options:
Number of threads: 4
Validation checks: on.

Initializing random number generator from current time


Prime numbers limit: 1000000

Initializing worker threads...

Threads started!

Latency histogram (values are in milliseconds)
       value  ------------- distribution ------------- count
    2585.308 |**********                               1
    2728.806 |********************                     2
    2778.387 |**********                               1
    2828.869 |**********                               1
    2880.269 |******************************           3
    2932.602 |**************************************** 4
    2985.887 |********************                     2
    3095.377 |**********                               1
    3151.619 |**********                               1
 
CPU speed:
    events per second:     1.35

General statistics:
    total time:                          11.8353s
    total number of events:              16

Latency (ms):
         min:                                 2605.37
         avg:                                 2888.82
         max:                                 3140.00
         95th percentile:                     3095.38
         sum:                                46221.11

Threads fairness:
    events (avg/stddev):           4.0000/0.00
    execution time (avg/stddev):   11.5553/0.22

