mixbench/read-only (v0.03-1-g3ace732)
------------------------ Device specifications ------------------------
Device:              Tesla K80
CUDA driver version: 10.0
GPU clock rate:      823 MHz
Memory clock rate:   1252 MHz
Memory bus width:    384 bits
WarpSize:            32
L2 cache size:       1536 KB
Total global mem:    11441 MB
ECC enabled:         Yes
Compute Capability:  3.7
Total SPs:           2496 (13 MPs x 192 SPs/MP)
Compute throughput:  4110.91 GFlops (theoretical single precision FMAs)
Memory bandwidth:    240.48 GB/sec
-----------------------------------------------------------------------
Total GPU memory 11996954624, free 11922898944
Buffer size:          256MB
Trade-off type:       compute with global memory (block strided)
Elements per thread:  8
Thread fusion degree: 4
Warning:              Half precision computations are not supported
----------------------------------------------------------------------------- CSV data -----------------------------------------------------------------------------
Experiment ID, Single Precision ops,,,,              Double precision ops,,,,              Half precision ops,,,,                Integer operations,,, 
Compute iters, Flops/byte, ex.time,  GFLOPS, GB/sec, Flops/byte, ex.time,  GFLOPS, GB/sec, Flops/byte, ex.time,  GFLOPS, GB/sec, Iops/byte, ex.time,   GIOPS, GB/sec
            0,      0.250,    0.82,   41.17, 164.68,      0.125,    1.67,   20.15, 161.17,      0.500,    0.00,     inf,    inf,     0.250,    0.82,   41.08, 164.30
            1,      0.750,    0.82,  123.43, 164.57,      0.375,    1.66,   60.53, 161.40,      1.500,    0.00,     inf,    inf,     0.750,    0.82,  123.05, 164.07
            2,      1.250,    0.81,  205.91, 164.73,      0.625,    1.66,  100.85, 161.36,      2.500,    0.00,     inf,    inf,     1.250,    0.82,  205.23, 164.19
            3,      1.750,    0.81,  288.46, 164.83,      0.875,    1.66,  141.29, 161.47,      3.500,    0.00,     inf,    inf,     1.750,    0.82,  287.99, 164.57
            4,      2.250,    0.82,  369.43, 164.19,      1.125,    1.66,  181.40, 161.24,      4.500,    0.00,     inf,    inf,     2.250,    0.82,  368.81, 163.92
            5,      2.750,    0.81,  453.38, 164.86,      1.375,    1.66,  221.68, 161.22,      5.500,    0.00,     inf,    inf,     2.750,    0.82,  447.66, 162.78
            6,      3.250,    0.81,  536.84, 165.18,      1.625,    1.67,  261.82, 161.12,      6.500,    0.00,     inf,    inf,     3.250,    0.84,  521.24, 160.38
            7,      3.750,    0.81,  618.87, 165.03,      1.875,    1.66,  302.50, 161.33,      7.500,    0.00,     inf,    inf,     3.750,    0.88,  573.33, 152.89
            8,      4.250,    0.81,  701.03, 164.95,      2.125,    1.66,  343.23, 161.52,      8.500,    0.00,     inf,    inf,     4.250,    1.10,  516.48, 121.52
            9,      4.750,    0.81,  783.72, 164.99,      2.375,    1.66,  384.15, 161.75,      9.500,    0.00,     inf,    inf,     4.750,    1.00,  637.51, 134.21
           10,      5.250,    0.81,  866.80, 165.10,      2.625,    1.66,  423.99, 161.52,     10.500,    0.00,     inf,    inf,     5.250,    1.08,  649.87, 123.78
           11,      5.750,    0.81,  947.60, 164.80,      2.875,    1.66,  464.51, 161.57,     11.500,    0.00,     inf,    inf,     5.750,    1.18,  655.54, 114.01
           12,      6.250,    0.81, 1029.71, 164.75,      3.125,    1.66,  504.83, 161.55,     12.500,    0.00,     inf,    inf,     6.250,    1.46,  574.85,  91.98
           13,      6.750,    0.83, 1090.63, 161.57,      3.375,    1.66,  544.58, 161.36,     13.500,    0.00,     inf,    inf,     6.750,    1.37,  660.88,  97.91
           14,      7.250,    0.81, 1194.93, 164.82,      3.625,    1.66,  585.21, 161.44,     14.500,    0.00,     inf,    inf,     7.250,    1.45,  669.03,  92.28
           15,      7.750,    0.82, 1275.59, 164.59,      3.875,    1.67,  624.66, 161.20,     15.500,    0.00,     inf,    inf,     7.750,    1.55,  672.32,  86.75
           16,      8.250,    0.82, 1358.37, 164.65,      4.125,    1.66,  665.05, 161.22,     16.500,    0.00,     inf,    inf,     8.250,    1.83,  603.99,  73.21
           17,      8.750,    0.82, 1431.48, 163.60,      4.375,    1.67,  703.11, 160.71,     17.500,    0.00,     inf,    inf,     8.750,    1.73,  677.19,  77.39
           18,      9.250,    0.82, 1519.68, 164.29,      4.625,    1.67,  744.18, 160.90,     18.500,    0.00,     inf,    inf,     9.250,    1.82,  681.96,  73.73
           20,     10.250,    0.82, 1679.43, 163.85,      5.125,    1.67,  822.96, 160.58,     20.500,    0.00,     inf,    inf,    10.250,    2.21,  622.40,  60.72
           22,     11.250,    0.82, 1839.25, 163.49,      5.625,    1.68,  900.34, 160.06,     22.500,    0.00,     inf,    inf,    11.250,    2.19,  689.64,  61.30
           24,     12.250,    0.82, 1997.44, 163.06,      6.125,    1.68,  977.14, 159.53,     24.500,    0.00,     inf,    inf,    12.250,    2.60,  633.05,  51.68
           28,     14.250,    0.83, 2305.36, 161.78,      7.125,    1.72, 1109.21, 155.68,     28.500,    0.00,     inf,    inf,    14.250,    2.97,  644.31,  45.21
           32,     16.250,    0.84, 2599.74, 159.98,      8.125,    1.80, 1213.18, 149.31,     32.500,    0.00,     inf,    inf,    16.250,    3.35,  650.52,  40.03
           40,     20.250,    0.93, 2927.17, 144.55,     10.125,    2.08, 1305.36, 128.92,     40.500,    0.00,     inf,    inf,    20.250,    4.11,  661.71,  32.68
           48,     24.250,    1.02, 3179.59, 131.12,     12.125,    2.44, 1335.61, 110.15,     48.500,    0.00,     inf,    inf,    24.250,    4.87,  667.86,  27.54
           56,     28.250,    1.17, 3229.91, 114.33,     14.125,    2.82, 1344.63,  95.20,     56.500,    0.00,     inf,    inf,    28.250,    5.63,  673.90,  23.85
           64,     32.250,    1.32, 3266.83, 101.30,     16.125,    3.20, 1354.44,  84.00,     64.500,    0.00,     inf,    inf,    32.250,    6.37,  679.61,  21.07
           80,     40.250,    1.62, 3329.27,  82.71,     20.125,    3.95, 1368.59,  68.00,     80.500,    0.00,     inf,    inf,    40.250,    7.88,  685.85,  17.04
           96,     48.250,    1.92, 3366.69,  69.78,     24.125,    4.72, 1373.01,  56.91,     96.500,    0.00,     inf,    inf,    48.250,    9.42,  687.78,  14.25
          128,     64.250,    2.51, 3433.84,  53.44,     32.125,    6.21, 1388.94,  43.24,    128.500,    0.00,     inf,    inf,    64.250,   12.47,  691.50,  10.76
          192,     96.250,    3.87, 3339.99,  34.70,     48.125,    9.27, 1393.36,  28.95,    192.500,    0.00,     inf,    inf,    96.250,   18.44,  700.73,   7.28
          256,    128.250,    6.36, 2708.45,  21.12,     64.125,   12.61, 1365.12,  21.29,    256.500,    0.00,     inf,    inf,   128.250,   24.53,  701.85,   5.47
--------------------------------------------------------------------------------------------------------------------------------------------------------------------
mixbench/read-only (v0.03-1-g3ace732)
------------------------ Device specifications ------------------------
Device:              Tesla K80
CUDA driver version: 10.0
GPU clock rate:      823 MHz
Memory clock rate:   1252 MHz
Memory bus width:    384 bits
WarpSize:            32
L2 cache size:       1536 KB
Total global mem:    11441 MB
ECC enabled:         Yes
Compute Capability:  3.7
Total SPs:           2496 (13 MPs x 192 SPs/MP)
Compute throughput:  4110.91 GFlops (theoretical single precision FMAs)
Memory bandwidth:    240.48 GB/sec
-----------------------------------------------------------------------
Total GPU memory 11996954624, free 11922898944
Buffer size:          256MB
Trade-off type:       compute with global memory (block strided)
Elements per thread:  8
Thread fusion degree: 4
Warning:              Half precision computations are not supported
----------------------------------------------------------------------------- CSV data -----------------------------------------------------------------------------
Experiment ID, Single Precision ops,,,,              Double precision ops,,,,              Half precision ops,,,,                Integer operations,,, 
Compute iters, Flops/byte, ex.time,  GFLOPS, GB/sec, Flops/byte, ex.time,  GFLOPS, GB/sec, Flops/byte, ex.time,  GFLOPS, GB/sec, Iops/byte, ex.time,   GIOPS, GB/sec
            0,      0.250,    0.81,   41.18, 164.70,      0.125,    1.67,   20.06, 160.47,      0.500,    0.00,     inf,    inf,     0.250,    0.81,   41.21, 164.83
            1,      0.750,    0.82,  123.30, 164.40,      0.375,    1.66,   60.52, 161.38,      1.500,    0.00,     inf,    inf,     0.750,    0.81,  123.70, 164.93
            2,      1.250,    0.82,  205.32, 164.26,      0.625,    1.66,  100.82, 161.32,      2.500,    0.00,     inf,    inf,     1.250,    0.81,  206.11, 164.89
            3,      1.750,    0.81,  288.58, 164.90,      0.875,    1.66,  141.15, 161.32,      3.500,    0.00,     inf,    inf,     1.750,    0.82,  288.18, 164.68
            4,      2.250,    0.81,  370.75, 164.78,      1.125,    1.66,  181.42, 161.26,      4.500,    0.00,     inf,    inf,     2.250,    0.82,  368.47, 163.76
            5,      2.750,    0.81,  453.52, 164.92,      1.375,    1.67,  221.38, 161.00,      5.500,    0.00,     inf,    inf,     2.750,    0.83,  446.88, 162.50
            6,      3.250,    0.81,  536.06, 164.94,      1.625,    1.66,  262.27, 161.40,      6.500,    0.00,     inf,    inf,     3.250,    0.84,  517.03, 159.09
            7,      3.750,    0.82,  616.69, 164.45,      1.875,    1.68,  299.70, 159.84,      7.500,    0.00,     inf,    inf,     3.750,    0.88,  572.76, 152.74
            8,      4.250,    0.82,  694.80, 163.48,      2.125,    1.66,  342.65, 161.25,      8.500,    0.00,     inf,    inf,     4.250,    1.10,  517.80, 121.84
            9,      4.750,    0.82,  782.03, 164.64,      2.375,    1.67,  382.88, 161.21,      9.500,    0.00,     inf,    inf,     4.750,    1.00,  635.74, 133.84
           10,      5.250,    0.81,  866.69, 165.08,      2.625,    1.66,  423.70, 161.41,     10.500,    0.00,     inf,    inf,     5.250,    1.09,  649.41, 123.70
           11,      5.750,    0.81,  947.07, 164.71,      2.875,    1.66,  463.90, 161.36,     11.500,    0.00,     inf,    inf,     5.750,    1.18,  654.33, 113.80
           12,      6.250,    0.81, 1030.93, 164.95,      3.125,    1.66,  504.14, 161.33,     12.500,    0.00,     inf,    inf,     6.250,    1.46,  575.08,  92.01
           13,      6.750,    0.81, 1113.44, 164.95,      3.375,    1.66,  544.78, 161.42,     13.500,    0.00,     inf,    inf,     6.750,    1.37,  661.47,  98.00
           14,      7.250,    0.81, 1195.31, 164.87,      3.625,    1.66,  585.62, 161.55,     14.500,    0.00,     inf,    inf,     7.250,    1.45,  668.88,  92.26
           15,      7.750,    0.81, 1276.59, 164.72,      3.875,    1.67,  623.57, 160.92,     15.500,    0.00,     inf,    inf,     7.750,    1.55,  671.72,  86.67
           16,      8.250,    0.82, 1357.03, 164.49,      4.125,    1.66,  665.35, 161.30,     16.500,    0.00,     inf,    inf,     8.250,    1.83,  604.27,  73.25
           17,      8.750,    0.82, 1436.69, 164.19,      4.375,    1.67,  702.85, 160.65,     17.500,    0.00,     inf,    inf,     8.750,    1.74,  674.85,  77.13
           18,      9.250,    0.81, 1523.91, 164.75,      4.625,    1.68,  740.63, 160.14,     18.500,    0.00,     inf,    inf,     9.250,    1.82,  680.79,  73.60
           20,     10.250,    0.82, 1681.07, 164.01,      5.125,    1.67,  821.58, 160.31,     20.500,    0.00,     inf,    inf,    10.250,    2.21,  621.42,  60.63
           22,     11.250,    0.82, 1839.03, 163.47,      5.625,    1.68,  898.57, 159.75,     22.500,    0.00,     inf,    inf,    11.250,    2.19,  689.51,  61.29
           24,     12.250,    0.82, 1994.73, 162.84,      6.125,    1.68,  976.92, 159.50,     24.500,    0.00,     inf,    inf,    12.250,    2.59,  634.43,  51.79
           28,     14.250,    0.83, 2311.78, 162.23,      7.125,    1.72, 1113.01, 156.21,     28.500,    0.00,     inf,    inf,    14.250,    2.97,  643.28,  45.14
           32,     16.250,    0.84, 2590.85, 159.44,      8.125,    1.80, 1210.53, 148.99,     32.500,    0.00,     inf,    inf,    16.250,    3.35,  651.31,  40.08
           40,     20.250,    0.92, 2942.78, 145.32,     10.125,    2.07, 1314.62, 129.84,     40.500,    0.00,     inf,    inf,    20.250,    4.11,  661.95,  32.69
           48,     24.250,    1.02, 3192.86, 131.66,     12.125,    2.44, 1334.99, 110.10,     48.500,    0.00,     inf,    inf,    24.250,    4.87,  668.72,  27.58
           56,     28.250,    1.17, 3234.40, 114.49,     14.125,    2.82, 1346.70,  95.34,     56.500,    0.00,     inf,    inf,    28.250,    5.62,  674.71,  23.88
           64,     32.250,    1.32, 3289.31, 101.99,     16.125,    3.20, 1354.78,  84.02,     64.500,    0.00,     inf,    inf,    32.250,    6.37,  679.29,  21.06
           80,     40.250,    1.62, 3332.16,  82.79,     20.125,    3.96, 1364.53,  67.80,     80.500,    0.00,     inf,    inf,    40.250,    7.89,  685.13,  17.02
           96,     48.250,    1.92, 3376.80,  69.99,     24.125,    4.71, 1375.85,  57.03,     96.500,    0.00,     inf,    inf,    48.250,    9.43,  686.91,  14.24
          128,     64.250,    2.51, 3435.94,  53.48,     32.125,    6.22, 1387.20,  43.18,    128.500,    0.00,     inf,    inf,    64.250,   12.46,  692.32,  10.78
          192,     96.250,    3.86, 3343.12,  34.73,     48.125,    9.24, 1397.57,  29.04,    192.500,    0.00,     inf,    inf,    96.250,   18.46,  699.82,   7.27
          256,    128.250,    6.35, 2709.35,  21.13,     64.125,   12.65, 1360.82,  21.22,    256.500,    0.00,     inf,    inf,   128.250,   24.51,  702.37,   5.48
--------------------------------------------------------------------------------------------------------------------------------------------------------------------
mixbench/read-only (v0.03-1-g3ace732)
------------------------ Device specifications ------------------------
Device:              Tesla K80
CUDA driver version: 10.0
GPU clock rate:      823 MHz
Memory clock rate:   1252 MHz
Memory bus width:    384 bits
WarpSize:            32
L2 cache size:       1536 KB
Total global mem:    11441 MB
ECC enabled:         Yes
Compute Capability:  3.7
Total SPs:           2496 (13 MPs x 192 SPs/MP)
Compute throughput:  4110.91 GFlops (theoretical single precision FMAs)
Memory bandwidth:    240.48 GB/sec
-----------------------------------------------------------------------
Total GPU memory 11996954624, free 11922898944
Buffer size:          256MB
Trade-off type:       compute with global memory (block strided)
Elements per thread:  8
Thread fusion degree: 4
Warning:              Half precision computations are not supported
----------------------------------------------------------------------------- CSV data -----------------------------------------------------------------------------
Experiment ID, Single Precision ops,,,,              Double precision ops,,,,              Half precision ops,,,,                Integer operations,,, 
Compute iters, Flops/byte, ex.time,  GFLOPS, GB/sec, Flops/byte, ex.time,  GFLOPS, GB/sec, Flops/byte, ex.time,  GFLOPS, GB/sec, Iops/byte, ex.time,   GIOPS, GB/sec
            0,      0.250,    0.81,   41.20, 164.81,      0.125,    1.67,   20.14, 161.11,      0.500,    0.00,     inf,    inf,     0.250,    0.81,   41.21, 164.86
            1,      0.750,    0.82,  122.67, 163.56,      0.375,    1.67,   60.42, 161.13,      1.500,    0.00,     inf,    inf,     0.750,    0.81,  123.59, 164.79
            2,      1.250,    0.81,  206.06, 164.84,      0.625,    1.67,  100.75, 161.20,      2.500,    0.00,     inf,    inf,     1.250,    0.82,  205.76, 164.61
            3,      1.750,    0.82,  288.14, 164.65,      0.875,    1.66,  141.22, 161.40,      3.500,    0.00,     inf,    inf,     1.750,    0.82,  287.82, 164.47
            4,      2.250,    0.81,  371.13, 164.95,      1.125,    1.66,  181.45, 161.29,      4.500,    0.00,     inf,    inf,     2.250,    0.82,  368.37, 163.72
            5,      2.750,    0.81,  453.79, 165.01,      1.375,    1.66,  221.77, 161.29,      5.500,    0.00,     inf,    inf,     2.750,    0.83,  446.70, 162.44
            6,      3.250,    0.82,  534.71, 164.53,      1.625,    1.66,  262.31, 161.42,      6.500,    0.00,     inf,    inf,     3.250,    0.83,  522.78, 160.86
            7,      3.750,    0.81,  618.92, 165.05,      1.875,    1.66,  302.31, 161.23,      7.500,    0.00,     inf,    inf,     3.750,    0.88,  571.29, 152.34
            8,      4.250,    0.81,  701.06, 164.95,      2.125,    1.66,  343.25, 161.53,      8.500,    0.00,     inf,    inf,     4.250,    1.11,  515.87, 121.38
            9,      4.750,    0.81,  784.89, 165.24,      2.375,    1.66,  383.30, 161.39,      9.500,    0.00,     inf,    inf,     4.750,    1.00,  637.92, 134.30
           10,      5.250,    0.81,  867.17, 165.18,      2.625,    1.66,  424.34, 161.65,     10.500,    0.00,     inf,    inf,     5.250,    1.10,  640.31, 121.96
           11,      5.750,    0.83,  930.88, 161.89,      2.875,    1.66,  464.63, 161.61,     11.500,    0.00,     inf,    inf,     5.750,    1.18,  654.36, 113.80
           12,      6.250,    0.81, 1031.90, 165.10,      3.125,    1.66,  505.16, 161.65,     12.500,    0.00,     inf,    inf,     6.250,    1.46,  575.57,  92.09
           13,      6.750,    0.81, 1116.34, 165.38,      3.375,    1.66,  544.24, 161.26,     13.500,    0.00,     inf,    inf,     6.750,    1.37,  660.88,  97.91
           14,      7.250,    0.81, 1195.50, 164.90,      3.625,    1.66,  585.70, 161.57,     14.500,    0.00,     inf,    inf,     7.250,    1.46,  668.21,  92.17
           15,      7.750,    0.81, 1278.20, 164.93,      3.875,    1.66,  625.14, 161.33,     15.500,    0.00,     inf,    inf,     7.750,    1.55,  672.04,  86.71
           16,      8.250,    0.81, 1361.25, 165.00,      4.125,    1.67,  664.80, 161.16,     16.500,    0.00,     inf,    inf,     8.250,    1.84,  603.03,  73.09
           17,      8.750,    0.82, 1436.24, 164.14,      4.375,    1.67,  702.18, 160.50,     17.500,    0.00,     inf,    inf,     8.750,    1.76,  668.99,  76.46
           18,      9.250,    0.82, 1521.46, 164.48,      4.625,    1.67,  743.51, 160.76,     18.500,    0.00,     inf,    inf,     9.250,    1.83,  679.84,  73.50
           20,     10.250,    0.81, 1688.40, 164.72,      5.125,    1.67,  822.21, 160.43,     20.500,    0.00,     inf,    inf,    10.250,    2.21,  622.28,  60.71
           22,     11.250,    0.82, 1844.71, 163.97,      5.625,    1.68,  899.81, 159.97,     22.500,    0.00,     inf,    inf,    11.250,    2.19,  689.28,  61.27
           24,     12.250,    0.83, 1984.87, 162.03,      6.125,    1.69,  975.16, 159.21,     24.500,    0.00,     inf,    inf,    12.250,    2.59,  634.02,  51.76
           28,     14.250,    0.83, 2301.55, 161.51,      7.125,    1.72, 1109.71, 155.75,     28.500,    0.00,     inf,    inf,    14.250,    2.97,  644.04,  45.20
           32,     16.250,    0.84, 2598.45, 159.90,      8.125,    1.80, 1211.69, 149.13,     32.500,    0.00,     inf,    inf,    16.250,    3.35,  651.16,  40.07
           40,     20.250,    0.92, 2945.13, 145.44,     10.125,    2.07, 1316.04, 129.98,     40.500,    0.00,     inf,    inf,    20.250,    4.11,  661.85,  32.68
           48,     24.250,    1.02, 3188.06, 131.47,     12.125,    2.44, 1336.22, 110.20,     48.500,    0.00,     inf,    inf,    24.250,    4.87,  668.98,  27.59
           56,     28.250,    1.17, 3237.76, 114.61,     14.125,    2.82, 1343.03,  95.08,     56.500,    0.00,     inf,    inf,    28.250,    5.62,  674.54,  23.88
           64,     32.250,    1.32, 3280.85, 101.73,     16.125,    3.20, 1353.26,  83.92,     64.500,    0.00,     inf,    inf,    32.250,    6.39,  677.92,  21.02
           80,     40.250,    1.63, 3318.47,  82.45,     20.125,    3.95, 1366.68,  67.91,     80.500,    0.00,     inf,    inf,    40.250,    7.89,  684.97,  17.02
           96,     48.250,    1.92, 3374.04,  69.93,     24.125,    4.72, 1371.05,  56.83,     96.500,    0.00,     inf,    inf,    48.250,    9.39,  689.37,  14.29
          128,     64.250,    2.52, 3427.72,  53.35,     32.125,    6.23, 1384.88,  43.11,    128.500,    0.00,     inf,    inf,    64.250,   12.48,  690.99,  10.75
          192,     96.250,    3.86, 3347.22,  34.78,     48.125,    9.26, 1395.61,  29.00,    192.500,    0.00,     inf,    inf,    96.250,   18.47,  699.56,   7.27
          256,    128.250,    6.35, 2712.18,  21.15,     64.125,   12.61, 1364.87,  21.28,    256.500,    0.00,     inf,    inf,   128.250,   24.53,  701.70,   5.47
--------------------------------------------------------------------------------------------------------------------------------------------------------------------
mixbench/read-only (v0.03-1-g3ace732)
------------------------ Device specifications ------------------------
Device:              Tesla K80
CUDA driver version: 10.0
GPU clock rate:      823 MHz
Memory clock rate:   1252 MHz
Memory bus width:    384 bits
WarpSize:            32
L2 cache size:       1536 KB
Total global mem:    11441 MB
ECC enabled:         Yes
Compute Capability:  3.7
Total SPs:           2496 (13 MPs x 192 SPs/MP)
Compute throughput:  4110.91 GFlops (theoretical single precision FMAs)
Memory bandwidth:    240.48 GB/sec
-----------------------------------------------------------------------
Total GPU memory 11996954624, free 11922898944
Buffer size:          256MB
Trade-off type:       compute with global memory (block strided)
Elements per thread:  8
Thread fusion degree: 4
Warning:              Half precision computations are not supported
----------------------------------------------------------------------------- CSV data -----------------------------------------------------------------------------
Experiment ID, Single Precision ops,,,,              Double precision ops,,,,              Half precision ops,,,,                Integer operations,,, 
Compute iters, Flops/byte, ex.time,  GFLOPS, GB/sec, Flops/byte, ex.time,  GFLOPS, GB/sec, Flops/byte, ex.time,  GFLOPS, GB/sec, Iops/byte, ex.time,   GIOPS, GB/sec
            0,      0.250,    0.82,   41.17, 164.68,      0.125,    1.66,   20.18, 161.48,      0.500,    0.00,     inf,    inf,     0.250,    0.82,   41.16, 164.63
            1,      0.750,    0.81,  123.83, 165.10,      0.375,    1.66,   60.58, 161.54,      1.500,    0.00,     inf,    inf,     0.750,    0.82,  123.35, 164.46
            2,      1.250,    0.82,  205.72, 164.57,      0.625,    1.66,  100.82, 161.32,      2.500,    0.00,     inf,    inf,     1.250,    0.81,  206.20, 164.96
            3,      1.750,    0.82,  288.18, 164.68,      0.875,    1.67,  141.06, 161.21,      3.500,    0.00,     inf,    inf,     1.750,    0.81,  288.43, 164.82
            4,      2.250,    0.81,  370.93, 164.86,      1.125,    1.66,  181.60, 161.42,      4.500,    0.00,     inf,    inf,     2.250,    0.82,  369.38, 164.17
            5,      2.750,    0.81,  454.00, 165.09,      1.375,    1.66,  221.92, 161.39,      5.500,    0.00,     inf,    inf,     2.750,    0.83,  446.08, 162.21
            6,      3.250,    0.81,  536.78, 165.16,      1.625,    1.66,  262.29, 161.41,      6.500,    0.00,     inf,    inf,     3.250,    0.84,  520.92, 160.28
            7,      3.750,    0.81,  618.73, 164.99,      1.875,    1.66,  302.46, 161.31,      7.500,    0.00,     inf,    inf,     3.750,    0.88,  573.12, 152.83
            8,      4.250,    0.81,  702.41, 165.27,      2.125,    1.66,  343.42, 161.61,      8.500,    0.00,     inf,    inf,     4.250,    1.10,  517.18, 121.69
            9,      4.750,    0.81,  783.35, 164.92,      2.375,    1.66,  384.30, 161.81,      9.500,    0.00,     inf,    inf,     4.750,    1.00,  637.70, 134.25
           10,      5.250,    0.81,  866.42, 165.03,      2.625,    1.66,  424.16, 161.59,     10.500,    0.00,     inf,    inf,     5.250,    1.08,  650.85, 123.97
           11,      5.750,    0.81,  948.90, 165.03,      2.875,    1.66,  464.63, 161.61,     11.500,    0.00,     inf,    inf,     5.750,    1.18,  654.61, 113.85
           12,      6.250,    0.81, 1031.66, 165.07,      3.125,    1.66,  505.35, 161.71,     12.500,    0.00,     inf,    inf,     6.250,    1.46,  576.47,  92.24
           13,      6.750,    0.81, 1112.53, 164.82,      3.375,    1.66,  545.35, 161.59,     13.500,    0.00,     inf,    inf,     6.750,    1.37,  662.38,  98.13
           14,      7.250,    0.81, 1196.06, 164.97,      3.625,    1.66,  585.71, 161.57,     14.500,    0.00,     inf,    inf,     7.250,    1.46,  667.40,  92.06
           15,      7.750,    0.82, 1275.84, 164.62,      3.875,    1.66,  625.56, 161.43,     15.500,    0.00,     inf,    inf,     7.750,    1.55,  673.00,  86.84
           16,      8.250,    0.81, 1359.17, 164.75,      4.125,    1.67,  664.62, 161.12,     16.500,    0.00,     inf,    inf,     8.250,    1.83,  604.09,  73.22
           17,      8.750,    0.82, 1433.88, 163.87,      4.375,    1.69,  696.66, 159.24,     17.500,    0.00,     inf,    inf,     8.750,    1.74,  675.53,  77.20
           18,      9.250,    0.82, 1523.32, 164.68,      4.625,    1.67,  745.40, 161.17,     18.500,    0.00,     inf,    inf,     9.250,    1.82,  680.44,  73.56
           20,     10.250,    0.82, 1686.74, 164.56,      5.125,    1.67,  822.37, 160.46,     20.500,    0.00,     inf,    inf,    10.250,    2.21,  621.76,  60.66
           22,     11.250,    0.82, 1842.26, 163.76,      5.625,    1.68,  900.10, 160.02,     22.500,    0.00,     inf,    inf,    11.250,    2.19,  688.29,  61.18
           24,     12.250,    0.82, 1996.12, 162.95,      6.125,    1.68,  977.59, 159.61,     24.500,    0.00,     inf,    inf,    12.250,    2.59,  633.96,  51.75
           28,     14.250,    0.83, 2312.59, 162.29,      7.125,    1.73, 1108.27, 155.55,     28.500,    0.00,     inf,    inf,    14.250,    2.97,  644.29,  45.21
           32,     16.250,    0.84, 2592.13, 159.52,      8.125,    1.80, 1209.49, 148.86,     32.500,    0.00,     inf,    inf,    16.250,    3.35,  650.81,  40.05
           40,     20.250,    0.92, 2962.49, 146.30,     10.125,    2.06, 1317.22, 130.10,     40.500,    0.00,     inf,    inf,    20.250,    4.11,  662.06,  32.69
           48,     24.250,    1.02, 3198.49, 131.90,     12.125,    2.43, 1336.78, 110.25,     48.500,    0.00,     inf,    inf,    24.250,    4.87,  667.66,  27.53
           56,     28.250,    1.18, 3217.01, 113.88,     14.125,    2.82, 1345.96,  95.29,     56.500,    0.00,     inf,    inf,    28.250,    5.62,  674.79,  23.89
           64,     32.250,    1.32, 3284.76, 101.85,     16.125,    3.19, 1355.36,  84.05,     64.500,    0.00,     inf,    inf,    32.250,    6.37,  679.14,  21.06
           80,     40.250,    1.62, 3336.44,  82.89,     20.125,    3.95, 1368.88,  68.02,     80.500,    0.00,     inf,    inf,    40.250,    7.91,  683.14,  16.97
           96,     48.250,    1.92, 3375.90,  69.97,     24.125,    4.71, 1376.01,  57.04,     96.500,    0.00,     inf,    inf,    48.250,    9.42,  687.42,  14.25
          128,     64.250,    2.51, 3433.75,  53.44,     32.125,    6.24, 1382.10,  43.02,    128.500,    0.00,     inf,    inf,    64.250,   12.50,  690.14,  10.74
          192,     96.250,    3.88, 3333.68,  34.64,     48.125,    9.25, 1396.80,  29.02,    192.500,    0.00,     inf,    inf,    96.250,   18.44,  700.40,   7.28
          256,    128.250,    6.36, 2707.38,  21.11,     64.125,   12.60, 1365.89,  21.30,    256.500,    0.00,     inf,    inf,   128.250,   24.55,  701.20,   5.47
--------------------------------------------------------------------------------------------------------------------------------------------------------------------
mixbench/read-only (v0.03-1-g3ace732)
------------------------ Device specifications ------------------------
Device:              Tesla K80
CUDA driver version: 10.0
GPU clock rate:      823 MHz
Memory clock rate:   1252 MHz
Memory bus width:    384 bits
WarpSize:            32
L2 cache size:       1536 KB
Total global mem:    11441 MB
ECC enabled:         Yes
Compute Capability:  3.7
Total SPs:           2496 (13 MPs x 192 SPs/MP)
Compute throughput:  4110.91 GFlops (theoretical single precision FMAs)
Memory bandwidth:    240.48 GB/sec
-----------------------------------------------------------------------
Total GPU memory 11996954624, free 11922898944
Buffer size:          256MB
Trade-off type:       compute with global memory (block strided)
Elements per thread:  8
Thread fusion degree: 4
Warning:              Half precision computations are not supported
----------------------------------------------------------------------------- CSV data -----------------------------------------------------------------------------
Experiment ID, Single Precision ops,,,,              Double precision ops,,,,              Half precision ops,,,,                Integer operations,,, 
Compute iters, Flops/byte, ex.time,  GFLOPS, GB/sec, Flops/byte, ex.time,  GFLOPS, GB/sec, Flops/byte, ex.time,  GFLOPS, GB/sec, Iops/byte, ex.time,   GIOPS, GB/sec
            0,      0.250,    0.81,   41.19, 164.77,      0.125,    1.66,   20.18, 161.48,      0.500,    0.00,     inf,    inf,     0.250,    0.81,   41.25, 165.02
            1,      0.750,    0.81,  123.74, 164.98,      0.375,    1.66,   60.51, 161.36,      1.500,    0.00,     inf,    inf,     0.750,    0.83,  120.75, 161.00
            2,      1.250,    0.82,  205.25, 164.20,      0.625,    1.66,  100.82, 161.31,      2.500,    0.00,     inf,    inf,     1.250,    0.81,  206.53, 165.23
            3,      1.750,    0.81,  288.41, 164.81,      0.875,    1.66,  141.21, 161.38,      3.500,    0.00,     inf,    inf,     1.750,    0.81,  289.03, 165.16
            4,      2.250,    0.82,  370.48, 164.66,      1.125,    1.67,  181.33, 161.19,      4.500,    0.00,     inf,    inf,     2.250,    0.82,  369.51, 164.22
            5,      2.750,    0.81,  453.34, 164.85,      1.375,    1.66,  221.70, 161.24,      5.500,    0.00,     inf,    inf,     2.750,    0.82,  447.99, 162.90
            6,      3.250,    0.81,  536.40, 165.05,      1.625,    1.66,  262.32, 161.43,      6.500,    0.00,     inf,    inf,     3.250,    0.84,  522.40, 160.74
            7,      3.750,    0.81,  618.17, 164.84,      1.875,    1.66,  302.72, 161.45,      7.500,    0.00,     inf,    inf,     3.750,    0.88,  573.20, 152.85
            8,      4.250,    0.81,  701.97, 165.17,      2.125,    1.66,  343.45, 161.62,      8.500,    0.00,     inf,    inf,     4.250,    1.10,  516.23, 121.46
            9,      4.750,    0.81,  782.49, 164.73,      2.375,    1.66,  384.06, 161.71,      9.500,    0.00,     inf,    inf,     4.750,    1.00,  637.25, 134.16
           10,      5.250,    0.81,  865.20, 164.80,      2.625,    1.66,  424.51, 161.72,     10.500,    0.00,     inf,    inf,     5.250,    1.08,  649.46, 123.71
           11,      5.750,    0.81,  949.54, 165.14,      2.875,    1.66,  464.34, 161.51,     11.500,    0.00,     inf,    inf,     5.750,    1.19,  646.89, 112.50
           12,      6.250,    0.81, 1032.59, 165.21,      3.125,    1.66,  505.02, 161.61,     12.500,    0.00,     inf,    inf,     6.250,    1.47,  571.17,  91.39
           13,      6.750,    0.81, 1115.20, 165.21,      3.375,    1.66,  545.43, 161.61,     13.500,    0.00,     inf,    inf,     6.750,    1.37,  660.71,  97.88
           14,      7.250,    0.81, 1195.55, 164.90,      3.625,    1.66,  585.10, 161.41,     14.500,    0.00,     inf,    inf,     7.250,    1.46,  668.37,  92.19
           15,      7.750,    0.81, 1280.26, 165.20,      3.875,    1.67,  624.34, 161.12,     15.500,    0.00,     inf,    inf,     7.750,    1.55,  671.19,  86.61
           16,      8.250,    0.81, 1359.11, 164.74,      4.125,    1.67,  664.76, 161.16,     16.500,    0.00,     inf,    inf,     8.250,    1.84,  602.66,  73.05
           17,      8.750,    0.82, 1436.91, 164.22,      4.375,    1.67,  702.29, 160.52,     17.500,    0.00,     inf,    inf,     8.750,    1.74,  675.38,  77.19
           18,      9.250,    0.81, 1523.97, 164.75,      4.625,    1.67,  744.80, 161.04,     18.500,    0.00,     inf,    inf,     9.250,    1.82,  681.12,  73.63
           20,     10.250,    0.82, 1677.66, 163.67,      5.125,    1.67,  822.82, 160.55,     20.500,    0.00,     inf,    inf,    10.250,    2.22,  618.74,  60.36
           22,     11.250,    0.82, 1840.32, 163.58,      5.625,    1.68,  900.20, 160.04,     22.500,    0.00,     inf,    inf,    11.250,    2.19,  688.49,  61.20
           24,     12.250,    0.82, 2000.55, 163.31,      6.125,    1.68,  978.24, 159.71,     24.500,    0.00,     inf,    inf,    12.250,    2.59,  634.72,  51.81
           28,     14.250,    0.83, 2308.12, 161.97,      7.125,    1.73, 1107.67, 155.46,     28.500,    0.00,     inf,    inf,    14.250,    2.97,  643.73,  45.17
           32,     16.250,    0.84, 2597.07, 159.82,      8.125,    1.80, 1211.60, 149.12,     32.500,    0.00,     inf,    inf,    16.250,    3.35,  651.28,  40.08
           40,     20.250,    0.92, 2953.43, 145.85,     10.125,    2.08, 1306.71, 129.06,     40.500,    0.00,     inf,    inf,    20.250,    4.11,  661.99,  32.69
           48,     24.250,    1.02, 3194.37, 131.73,     12.125,    2.44, 1334.89, 110.09,     48.500,    0.00,     inf,    inf,    24.250,    4.87,  668.39,  27.56
           56,     28.250,    1.19, 3193.69, 113.05,     14.125,    2.82, 1346.94,  95.36,     56.500,    0.00,     inf,    inf,    28.250,    5.64,  672.33,  23.80
           64,     32.250,    1.32, 3288.83, 101.98,     16.125,    3.20, 1352.31,  83.86,     64.500,    0.00,     inf,    inf,    32.250,    6.37,  679.04,  21.06
           80,     40.250,    1.62, 3342.98,  83.06,     20.125,    3.95, 1366.38,  67.89,     80.500,    0.00,     inf,    inf,    40.250,    7.88,  685.16,  17.02
           96,     48.250,    1.92, 3377.82,  70.01,     24.125,    4.70, 1376.74,  57.07,     96.500,    0.00,     inf,    inf,    48.250,    9.42,  687.71,  14.25
          128,     64.250,    2.51, 3432.04,  53.42,     32.125,    6.21, 1389.13,  43.24,    128.500,    0.00,     inf,    inf,    64.250,   12.47,  691.39,  10.76
          192,     96.250,    3.86, 3348.28,  34.79,     48.125,    9.26, 1395.53,  29.00,    192.500,    0.00,     inf,    inf,    96.250,   18.45,  700.22,   7.28
          256,    128.250,    6.37, 2703.67,  21.08,     64.125,   12.62, 1364.24,  21.27,    256.500,    0.00,     inf,    inf,   128.250,   24.55,  701.02,   5.47
--------------------------------------------------------------------------------------------------------------------------------------------------------------------
mixbench/read-only (v0.03-1-g3ace732)
------------------------ Device specifications ------------------------
Device:              Tesla K80
CUDA driver version: 10.0
GPU clock rate:      823 MHz
Memory clock rate:   1252 MHz
Memory bus width:    384 bits
WarpSize:            32
L2 cache size:       1536 KB
Total global mem:    11441 MB
ECC enabled:         Yes
Compute Capability:  3.7
Total SPs:           2496 (13 MPs x 192 SPs/MP)
Compute throughput:  4110.91 GFlops (theoretical single precision FMAs)
Memory bandwidth:    240.48 GB/sec
-----------------------------------------------------------------------
Total GPU memory 11996954624, free 11922898944
Buffer size:          256MB
Trade-off type:       compute with global memory (block strided)
Elements per thread:  8
Thread fusion degree: 4
Warning:              Half precision computations are not supported
----------------------------------------------------------------------------- CSV data -----------------------------------------------------------------------------
Experiment ID, Single Precision ops,,,,              Double precision ops,,,,              Half precision ops,,,,                Integer operations,,, 
Compute iters, Flops/byte, ex.time,  GFLOPS, GB/sec, Flops/byte, ex.time,  GFLOPS, GB/sec, Flops/byte, ex.time,  GFLOPS, GB/sec, Iops/byte, ex.time,   GIOPS, GB/sec
            0,      0.250,    0.82,   41.13, 164.50,      0.125,    1.68,   20.03, 160.23,      0.500,    0.00,     inf,    inf,     0.250,    0.82,   41.07, 164.30
            1,      0.750,    0.81,  123.61, 164.82,      0.375,    1.67,   60.12, 160.33,      1.500,    0.00,     inf,    inf,     0.750,    0.82,  123.48, 164.64
            2,      1.250,    0.82,  204.69, 163.75,      0.625,    1.66,  100.81, 161.29,      2.500,    0.00,     inf,    inf,     1.250,    0.82,  205.33, 164.26
            3,      1.750,    0.81,  288.59, 164.91,      0.875,    1.66,  141.20, 161.37,      3.500,    0.00,     inf,    inf,     1.750,    0.82,  285.35, 163.06
            4,      2.250,    0.81,  370.90, 164.84,      1.125,    1.66,  181.52, 161.35,      4.500,    0.00,     inf,    inf,     2.250,    0.83,  362.40, 161.07
            5,      2.750,    0.82,  448.18, 162.97,      1.375,    1.66,  221.78, 161.30,      5.500,    0.00,     inf,    inf,     2.750,    0.83,  447.19, 162.61
            6,      3.250,    0.82,  534.69, 164.52,      1.625,    1.66,  262.15, 161.33,      6.500,    0.00,     inf,    inf,     3.250,    0.84,  522.40, 160.74
            7,      3.750,    0.81,  618.34, 164.89,      1.875,    1.66,  302.52, 161.34,      7.500,    0.00,     inf,    inf,     3.750,    0.88,  573.95, 153.05
            8,      4.250,    0.81,  703.69, 165.57,      2.125,    1.66,  343.62, 161.70,      8.500,    0.00,     inf,    inf,     4.250,    1.10,  516.39, 121.50
            9,      4.750,    0.81,  782.52, 164.74,      2.375,    1.66,  383.73, 161.57,      9.500,    0.00,     inf,    inf,     4.750,    1.00,  638.09, 134.33
           10,      5.250,    0.83,  847.12, 161.36,      2.625,    1.66,  424.07, 161.55,     10.500,    0.00,     inf,    inf,     5.250,    1.09,  647.63, 123.36
           11,      5.750,    0.81,  949.05, 165.05,      2.875,    1.66,  464.58, 161.59,     11.500,    0.00,     inf,    inf,     5.750,    1.18,  653.11, 113.58
           12,      6.250,    0.81, 1031.70, 165.07,      3.125,    1.66,  504.72, 161.51,     12.500,    0.00,     inf,    inf,     6.250,    1.46,  576.10,  92.18
           13,      6.750,    0.81, 1112.00, 164.74,      3.375,    1.66,  545.20, 161.54,     13.500,    0.00,     inf,    inf,     6.750,    1.37,  661.64,  98.02
           14,      7.250,    0.81, 1196.77, 165.07,      3.625,    1.66,  585.30, 161.46,     14.500,    0.00,     inf,    inf,     7.250,    1.46,  667.96,  92.13
           15,      7.750,    0.82, 1274.59, 164.46,      3.875,    1.66,  625.04, 161.30,     15.500,    0.00,     inf,    inf,     7.750,    1.55,  671.32,  86.62
           16,      8.250,    0.82, 1356.93, 164.48,      4.125,    1.67,  664.89, 161.19,     16.500,    0.00,     inf,    inf,     8.250,    1.85,  599.19,  72.63
           17,      8.750,    0.82, 1435.96, 164.11,      4.375,    1.67,  702.06, 160.47,     17.500,    0.00,     inf,    inf,     8.750,    1.74,  675.01,  77.14
           18,      9.250,    0.82, 1520.03, 164.33,      4.625,    1.67,  744.46, 160.96,     18.500,    0.00,     inf,    inf,     9.250,    1.83,  678.48,  73.35
           20,     10.250,    0.82, 1685.35, 164.42,      5.125,    1.67,  823.17, 160.62,     20.500,    0.00,     inf,    inf,    10.250,    2.21,  621.27,  60.61
           22,     11.250,    0.82, 1840.40, 163.59,      5.625,    1.68,  900.70, 160.12,     22.500,    0.00,     inf,    inf,    11.250,    2.19,  688.10,  61.16
           24,     12.250,    0.83, 1990.25, 162.47,      6.125,    1.68,  977.48, 159.59,     24.500,    0.00,     inf,    inf,    12.250,    2.59,  634.15,  51.77
           28,     14.250,    0.83, 2304.74, 161.74,      7.125,    1.72, 1111.32, 155.97,     28.500,    0.00,     inf,    inf,    14.250,    2.97,  644.09,  45.20
           32,     16.250,    0.84, 2593.02, 159.57,      8.125,    1.80, 1209.80, 148.90,     32.500,    0.00,     inf,    inf,    16.250,    3.35,  650.61,  40.04
           40,     20.250,    0.94, 2898.69, 143.15,     10.125,    2.07, 1313.98, 129.78,     40.500,    0.00,     inf,    inf,    20.250,    4.11,  661.35,  32.66
           48,     24.250,    1.02, 3194.17, 131.72,     12.125,    2.44, 1336.49, 110.23,     48.500,    0.00,     inf,    inf,    24.250,    4.86,  669.55,  27.61
           56,     28.250,    1.17, 3232.90, 114.44,     14.125,    2.82, 1345.63,  95.27,     56.500,    0.00,     inf,    inf,    28.250,    5.62,  674.32,  23.87
           64,     32.250,    1.32, 3279.26, 101.68,     16.125,    3.20, 1354.34,  83.99,     64.500,    0.00,     inf,    inf,    32.250,    6.40,  676.72,  20.98
           80,     40.250,    1.62, 3330.06,  82.73,     20.125,    3.95, 1367.55,  67.95,     80.500,    0.00,     inf,    inf,    40.250,    7.90,  684.19,  17.00
           96,     48.250,    1.92, 3378.10,  70.01,     24.125,    4.72, 1372.90,  56.91,     96.500,    0.00,     inf,    inf,    48.250,    9.40,  688.89,  14.28
          128,     64.250,    2.52, 3427.46,  53.35,     32.125,    6.22, 1386.16,  43.15,    128.500,    0.00,     inf,    inf,    64.250,   12.49,  690.56,  10.75
          192,     96.250,    3.86, 3343.92,  34.74,     48.125,    9.27, 1393.84,  28.96,    192.500,    0.00,     inf,    inf,    96.250,   18.44,  700.49,   7.28
          256,    128.250,    6.37, 2702.19,  21.07,     64.125,   12.62, 1364.32,  21.28,    256.500,    0.00,     inf,    inf,   128.250,   24.63,  698.88,   5.45
--------------------------------------------------------------------------------------------------------------------------------------------------------------------
mixbench/read-only (v0.03-1-g3ace732)
------------------------ Device specifications ------------------------
Device:              Tesla K80
CUDA driver version: 10.0
GPU clock rate:      823 MHz
Memory clock rate:   1252 MHz
Memory bus width:    384 bits
WarpSize:            32
L2 cache size:       1536 KB
Total global mem:    11441 MB
ECC enabled:         Yes
Compute Capability:  3.7
Total SPs:           2496 (13 MPs x 192 SPs/MP)
Compute throughput:  4110.91 GFlops (theoretical single precision FMAs)
Memory bandwidth:    240.48 GB/sec
-----------------------------------------------------------------------
Total GPU memory 11996954624, free 11922898944
Buffer size:          256MB
Trade-off type:       compute with global memory (block strided)
Elements per thread:  8
Thread fusion degree: 4
Warning:              Half precision computations are not supported
----------------------------------------------------------------------------- CSV data -----------------------------------------------------------------------------
Experiment ID, Single Precision ops,,,,              Double precision ops,,,,              Half precision ops,,,,                Integer operations,,, 
Compute iters, Flops/byte, ex.time,  GFLOPS, GB/sec, Flops/byte, ex.time,  GFLOPS, GB/sec, Flops/byte, ex.time,  GFLOPS, GB/sec, Iops/byte, ex.time,   GIOPS, GB/sec
            0,      0.250,    0.81,   41.17, 164.70,      0.125,    1.67,   20.04, 160.33,      0.500,    0.00,     inf,    inf,     0.250,    0.81,   41.21, 164.85
            1,      0.750,    0.81,  123.87, 165.16,      0.375,    1.66,   60.55, 161.46,      1.500,    0.00,     inf,    inf,     0.750,    0.81,  123.83, 165.11
            2,      1.250,    0.82,  205.85, 164.68,      0.625,    1.66,  100.90, 161.44,      2.500,    0.00,     inf,    inf,     1.250,    0.82,  205.35, 164.28
            3,      1.750,    0.81,  288.48, 164.84,      0.875,    1.66,  141.17, 161.33,      3.500,    0.00,     inf,    inf,     1.750,    0.81,  288.41, 164.81
            4,      2.250,    0.81,  370.84, 164.82,      1.125,    1.66,  181.41, 161.25,      4.500,    0.00,     inf,    inf,     2.250,    0.82,  366.45, 162.87
            5,      2.750,    0.82,  451.94, 164.34,      1.375,    1.66,  221.83, 161.33,      5.500,    0.00,     inf,    inf,     2.750,    0.82,  449.09, 163.30
            6,      3.250,    0.81,  536.33, 165.03,      1.625,    1.66,  262.37, 161.46,      6.500,    0.00,     inf,    inf,     3.250,    0.84,  521.60, 160.49
            7,      3.750,    0.81,  618.29, 164.88,      1.875,    1.66,  302.47, 161.32,      7.500,    0.00,     inf,    inf,     3.750,    0.88,  572.58, 152.69
            8,      4.250,    0.81,  702.61, 165.32,      2.125,    1.66,  343.21, 161.51,      8.500,    0.00,     inf,    inf,     4.250,    1.11,  515.67, 121.33
            9,      4.750,    0.81,  783.69, 164.99,      2.375,    1.66,  383.32, 161.40,      9.500,    0.00,     inf,    inf,     4.750,    1.00,  637.21, 134.15
           10,      5.250,    0.81,  866.15, 164.98,      2.625,    1.66,  424.12, 161.57,     10.500,    0.00,     inf,    inf,     5.250,    1.09,  648.64, 123.55
           11,      5.750,    0.81,  948.42, 164.94,      2.875,    1.66,  464.62, 161.61,     11.500,    0.00,     inf,    inf,     5.750,    1.18,  654.26, 113.78
           12,      6.250,    0.81, 1031.13, 164.98,      3.125,    1.66,  505.15, 161.65,     12.500,    0.00,     inf,    inf,     6.250,    1.46,  574.97,  91.99
           13,      6.750,    0.82, 1111.13, 164.61,      3.375,    1.66,  545.05, 161.50,     13.500,    0.00,     inf,    inf,     6.750,    1.37,  661.56,  98.01
           14,      7.250,    0.82, 1193.25, 164.59,      3.625,    1.66,  585.53, 161.52,     14.500,    0.00,     inf,    inf,     7.250,    1.46,  664.26,  91.62
           15,      7.750,    0.82, 1276.04, 164.65,      3.875,    1.66,  625.16, 161.33,     15.500,    0.00,     inf,    inf,     7.750,    1.55,  672.12,  86.73
           16,      8.250,    0.81, 1359.38, 164.77,      4.125,    1.66,  665.35, 161.30,     16.500,    0.00,     inf,    inf,     8.250,    1.84,  603.27,  73.12
           17,      8.750,    0.82, 1431.98, 163.65,      4.375,    1.67,  702.66, 160.61,     17.500,    0.00,     inf,    inf,     8.750,    1.74,  674.00,  77.03
           18,      9.250,    0.83, 1497.50, 161.89,      4.625,    1.67,  743.81, 160.82,     18.500,    0.00,     inf,    inf,     9.250,    1.83,  679.75,  73.49
           20,     10.250,    0.82, 1681.86, 164.08,      5.125,    1.67,  822.54, 160.50,     20.500,    0.00,     inf,    inf,    10.250,    2.21,  621.76,  60.66
           22,     11.250,    0.82, 1842.62, 163.79,      5.625,    1.68,  899.21, 159.86,     22.500,    0.00,     inf,    inf,    11.250,    2.19,  688.71,  61.22
           24,     12.250,    0.82, 2000.71, 163.32,      6.125,    1.68,  976.64, 159.45,     24.500,    0.00,     inf,    inf,    12.250,    2.59,  633.81,  51.74
           28,     14.250,    0.83, 2304.47, 161.72,      7.125,    1.72, 1109.40, 155.71,     28.500,    0.00,     inf,    inf,    14.250,    2.97,  644.17,  45.21
           32,     16.250,    0.84, 2590.65, 159.42,      8.125,    1.81, 1207.57, 148.62,     32.500,    0.00,     inf,    inf,    16.250,    3.35,  650.57,  40.03
           40,     20.250,    0.92, 2956.41, 146.00,     10.125,    2.07, 1314.41, 129.82,     40.500,    0.00,     inf,    inf,    20.250,    4.11,  661.84,  32.68
           48,     24.250,    1.02, 3192.16, 131.64,     12.125,    2.44, 1334.31, 110.05,     48.500,    0.00,     inf,    inf,    24.250,    4.87,  668.82,  27.58
           56,     28.250,    1.17, 3230.26, 114.35,     14.125,    2.81, 1347.19,  95.38,     56.500,    0.00,     inf,    inf,    28.250,    5.62,  674.30,  23.87
           64,     32.250,    1.32, 3283.56, 101.82,     16.125,    3.19, 1355.39,  84.06,     64.500,    0.00,     inf,    inf,    32.250,    6.38,  678.38,  21.04
           80,     40.250,    1.62, 3331.83,  82.78,     20.125,    3.95, 1368.95,  68.02,     80.500,    0.00,     inf,    inf,    40.250,    7.88,  685.17,  17.02
           96,     48.250,    1.92, 3372.47,  69.90,     24.125,    4.70, 1376.72,  57.07,     96.500,    0.00,     inf,    inf,    48.250,    9.40,  689.18,  14.28
          128,     64.250,    2.51, 3435.11,  53.46,     32.125,    6.22, 1385.38,  43.12,    128.500,    0.00,     inf,    inf,    64.250,   12.49,  690.20,  10.74
          192,     96.250,    3.86, 3347.53,  34.78,     48.125,    9.27, 1393.68,  28.96,    192.500,    0.00,     inf,    inf,    96.250,   18.45,  700.10,   7.27
          256,    128.250,    6.35, 2712.07,  21.15,     64.125,   12.62, 1364.45,  21.28,    256.500,    0.00,     inf,    inf,   128.250,   24.58,  700.25,   5.46
--------------------------------------------------------------------------------------------------------------------------------------------------------------------
mixbench/read-only (v0.03-1-g3ace732)
------------------------ Device specifications ------------------------
Device:              Tesla K80
CUDA driver version: 10.0
GPU clock rate:      823 MHz
Memory clock rate:   1252 MHz
Memory bus width:    384 bits
WarpSize:            32
L2 cache size:       1536 KB
Total global mem:    11441 MB
ECC enabled:         Yes
Compute Capability:  3.7
Total SPs:           2496 (13 MPs x 192 SPs/MP)
Compute throughput:  4110.91 GFlops (theoretical single precision FMAs)
Memory bandwidth:    240.48 GB/sec
-----------------------------------------------------------------------
Total GPU memory 11996954624, free 11922898944
Buffer size:          256MB
Trade-off type:       compute with global memory (block strided)
Elements per thread:  8
Thread fusion degree: 4
Warning:              Half precision computations are not supported
----------------------------------------------------------------------------- CSV data -----------------------------------------------------------------------------
Experiment ID, Single Precision ops,,,,              Double precision ops,,,,              Half precision ops,,,,                Integer operations,,, 
Compute iters, Flops/byte, ex.time,  GFLOPS, GB/sec, Flops/byte, ex.time,  GFLOPS, GB/sec, Flops/byte, ex.time,  GFLOPS, GB/sec, Iops/byte, ex.time,   GIOPS, GB/sec
            0,      0.250,    0.82,   41.17, 164.67,      0.125,    1.66,   20.18, 161.45,      0.500,    0.00,     inf,    inf,     0.250,    0.81,   41.21, 164.86
            1,      0.750,    0.82,  123.23, 164.30,      0.375,    1.66,   60.48, 161.27,      1.500,    0.00,     inf,    inf,     0.750,    0.81,  123.69, 164.92
            2,      1.250,    0.81,  205.86, 164.69,      0.625,    1.67,  100.34, 160.55,      2.500,    0.00,     inf,    inf,     1.250,    0.82,  205.35, 164.28
            3,      1.750,    0.81,  288.48, 164.84,      0.875,    1.66,  141.15, 161.32,      3.500,    0.00,     inf,    inf,     1.750,    0.82,  287.83, 164.48
            4,      2.250,    0.81,  370.91, 164.85,      1.125,    1.67,  181.37, 161.21,      4.500,    0.00,     inf,    inf,     2.250,    0.82,  367.23, 163.22
            5,      2.750,    0.81,  454.73, 165.36,      1.375,    1.66,  221.80, 161.31,      5.500,    0.00,     inf,    inf,     2.750,    0.83,  443.75, 161.36
            6,      3.250,    0.81,  536.61, 165.11,      1.625,    1.66,  262.42, 161.49,      6.500,    0.00,     inf,    inf,     3.250,    0.83,  522.94, 160.90
            7,      3.750,    0.82,  616.86, 164.50,      1.875,    1.66,  302.39, 161.27,      7.500,    0.00,     inf,    inf,     3.750,    0.88,  572.62, 152.70
            8,      4.250,    0.81,  701.75, 165.12,      2.125,    1.66,  343.04, 161.43,      8.500,    0.00,     inf,    inf,     4.250,    1.10,  516.82, 121.61
            9,      4.750,    0.81,  784.37, 165.13,      2.375,    1.66,  383.21, 161.35,      9.500,    0.00,     inf,    inf,     4.750,    1.00,  635.83, 133.86
           10,      5.250,    0.81,  865.20, 164.80,      2.625,    1.66,  424.39, 161.67,     10.500,    0.00,     inf,    inf,     5.250,    1.09,  648.91, 123.60
           11,      5.750,    0.81,  949.68, 165.16,      2.875,    1.66,  464.32, 161.50,     11.500,    0.00,     inf,    inf,     5.750,    1.18,  654.12, 113.76
           12,      6.250,    0.81, 1033.49, 165.36,      3.125,    1.66,  504.43, 161.42,     12.500,    0.00,     inf,    inf,     6.250,    1.46,  574.54,  91.93
           13,      6.750,    0.81, 1114.32, 165.08,      3.375,    1.66,  545.29, 161.57,     13.500,    0.00,     inf,    inf,     6.750,    1.37,  659.93,  97.77
           14,      7.250,    0.81, 1196.39, 165.02,      3.625,    1.66,  585.20, 161.43,     14.500,    0.00,     inf,    inf,     7.250,    1.46,  667.66,  92.09
           15,      7.750,    0.81, 1276.34, 164.69,      3.875,    1.68,  618.89, 159.71,     15.500,    0.00,     inf,    inf,     7.750,    1.55,  670.24,  86.48
           16,      8.250,    0.81, 1360.50, 164.91,      4.125,    1.67,  664.92, 161.19,     16.500,    0.00,     inf,    inf,     8.250,    1.84,  602.41,  73.02
           17,      8.750,    0.82, 1438.21, 164.37,      4.375,    1.67,  704.07, 160.93,     17.500,    0.00,     inf,    inf,     8.750,    1.74,  674.49,  77.08
           18,      9.250,    0.82, 1520.93, 164.42,      4.625,    1.67,  744.84, 161.05,     18.500,    0.00,     inf,    inf,     9.250,    1.83,  679.89,  73.50
           20,     10.250,    0.82, 1685.62, 164.45,      5.125,    1.69,  814.82, 158.99,     20.500,    0.00,     inf,    inf,    10.250,    2.21,  621.58,  60.64
           22,     11.250,    0.82, 1843.63, 163.88,      5.625,    1.68,  900.53, 160.09,     22.500,    0.00,     inf,    inf,    11.250,    2.19,  688.48,  61.20
           24,     12.250,    0.82, 1996.28, 162.96,      6.125,    1.68,  976.44, 159.42,     24.500,    0.00,     inf,    inf,    12.250,    2.59,  633.89,  51.75
           28,     14.250,    0.83, 2308.84, 162.02,      7.125,    1.73, 1107.26, 155.41,     28.500,    0.00,     inf,    inf,    14.250,    2.97,  644.24,  45.21
           32,     16.250,    0.84, 2596.67, 159.80,      8.125,    1.81, 1206.67, 148.51,     32.500,    0.00,     inf,    inf,    16.250,    3.35,  651.00,  40.06
           40,     20.250,    0.92, 2950.45, 145.70,     10.125,    2.07, 1315.63, 129.94,     40.500,    0.00,     inf,    inf,    20.250,    4.10,  662.11,  32.70
           48,     24.250,    1.02, 3187.36, 131.44,     12.125,    2.44, 1335.50, 110.14,     48.500,    0.00,     inf,    inf,    24.250,    4.86,  669.41,  27.60
           56,     28.250,    1.17, 3232.73, 114.43,     14.125,    2.82, 1343.22,  95.09,     56.500,    0.00,     inf,    inf,    28.250,    5.62,  674.94,  23.89
           64,     32.250,    1.32, 3285.08, 101.86,     16.125,    3.20, 1354.36,  83.99,     64.500,    0.00,     inf,    inf,    32.250,    6.37,  679.02,  21.05
           80,     40.250,    1.62, 3341.60,  83.02,     20.125,    3.95, 1367.27,  67.94,     80.500,    0.00,     inf,    inf,    40.250,    7.88,  685.51,  17.03
           96,     48.250,    1.92, 3371.80,  69.88,     24.125,    4.72, 1373.07,  56.91,     96.500,    0.00,     inf,    inf,    48.250,    9.42,  687.34,  14.25
          128,     64.250,    2.53, 3412.66,  53.12,     32.125,    6.23, 1384.20,  43.09,    128.500,    0.00,     inf,    inf,    64.250,   12.48,  691.03,  10.76
          192,     96.250,    3.87, 3339.80,  34.70,     48.125,    9.27, 1393.68,  28.96,    192.500,    0.00,     inf,    inf,    96.250,   18.46,  699.62,   7.27
          256,    128.250,    6.37, 2701.48,  21.06,     64.125,   12.67, 1358.77,  21.19,    256.500,    0.00,     inf,    inf,   128.250,   24.51,  702.39,   5.48
--------------------------------------------------------------------------------------------------------------------------------------------------------------------
mixbench/read-only (v0.03-1-g3ace732)
------------------------ Device specifications ------------------------
Device:              Tesla K80
CUDA driver version: 10.0
GPU clock rate:      823 MHz
Memory clock rate:   1252 MHz
Memory bus width:    384 bits
WarpSize:            32
L2 cache size:       1536 KB
Total global mem:    11441 MB
ECC enabled:         Yes
Compute Capability:  3.7
Total SPs:           2496 (13 MPs x 192 SPs/MP)
Compute throughput:  4110.91 GFlops (theoretical single precision FMAs)
Memory bandwidth:    240.48 GB/sec
-----------------------------------------------------------------------
Total GPU memory 11996954624, free 11922898944
Buffer size:          256MB
Trade-off type:       compute with global memory (block strided)
Elements per thread:  8
Thread fusion degree: 4
Warning:              Half precision computations are not supported
----------------------------------------------------------------------------- CSV data -----------------------------------------------------------------------------
Experiment ID, Single Precision ops,,,,              Double precision ops,,,,              Half precision ops,,,,                Integer operations,,, 
Compute iters, Flops/byte, ex.time,  GFLOPS, GB/sec, Flops/byte, ex.time,  GFLOPS, GB/sec, Flops/byte, ex.time,  GFLOPS, GB/sec, Iops/byte, ex.time,   GIOPS, GB/sec
            0,      0.250,    0.81,   41.21, 164.84,      0.125,    1.66,   20.16, 161.29,      0.500,    0.00,     inf,    inf,     0.250,    0.82,   41.04, 164.16
            1,      0.750,    0.82,  123.40, 164.53,      0.375,    1.66,   60.54, 161.44,      1.500,    0.00,     inf,    inf,     0.750,    0.82,  123.14, 164.19
            2,      1.250,    0.82,  205.70, 164.56,      0.625,    1.66,  100.90, 161.44,      2.500,    0.00,     inf,    inf,     1.250,    0.82,  204.22, 163.37
            3,      1.750,    0.82,  287.15, 164.08,      0.875,    1.66,  141.24, 161.42,      3.500,    0.00,     inf,    inf,     1.750,    0.82,  286.98, 163.99
            4,      2.250,    0.82,  370.22, 164.54,      1.125,    1.66,  181.58, 161.41,      4.500,    0.00,     inf,    inf,     2.250,    0.82,  368.73, 163.88
            5,      2.750,    0.81,  453.00, 164.73,      1.375,    1.66,  221.69, 161.23,      5.500,    0.00,     inf,    inf,     2.750,    0.82,  447.95, 162.89
            6,      3.250,    0.81,  536.27, 165.01,      1.625,    1.67,  261.50, 160.92,      6.500,    0.00,     inf,    inf,     3.250,    0.84,  522.22, 160.68
            7,      3.750,    0.82,  617.20, 164.59,      1.875,    1.66,  302.64, 161.41,      7.500,    0.00,     inf,    inf,     3.750,    0.87,  578.68, 154.32
            8,      4.250,    0.82,  694.48, 163.41,      2.125,    1.66,  343.48, 161.64,      8.500,    0.00,     inf,    inf,     4.250,    1.10,  519.85, 122.32
            9,      4.750,    0.81,  783.94, 165.04,      2.375,    1.66,  383.40, 161.43,      9.500,    0.00,     inf,    inf,     4.750,    0.99,  641.39, 135.03
           10,      5.250,    0.81,  867.55, 165.25,      2.625,    1.66,  424.22, 161.61,     10.500,    0.00,     inf,    inf,     5.250,    1.08,  655.15, 124.79
           11,      5.750,    0.81,  949.12, 165.07,      2.875,    1.66,  464.25, 161.48,     11.500,    0.00,     inf,    inf,     5.750,    1.17,  662.33, 115.19
           12,      6.250,    0.81, 1030.16, 164.83,      3.125,    1.66,  504.69, 161.50,     12.500,    0.00,     inf,    inf,     6.250,    1.44,  582.18,  93.15
           13,      6.750,    0.82, 1110.39, 164.50,      3.375,    1.66,  545.21, 161.54,     13.500,    0.00,     inf,    inf,     6.750,    1.36,  667.84,  98.94
           14,      7.250,    0.83, 1172.50, 161.72,      3.625,    1.66,  585.04, 161.39,     14.500,    0.00,     inf,    inf,     7.250,    1.44,  675.00,  93.10
           15,      7.750,    0.82, 1274.79, 164.49,      3.875,    1.66,  625.20, 161.34,     15.500,    0.00,     inf,    inf,     7.750,    1.53,  678.96,  87.61
           16,      8.250,    0.82, 1356.87, 164.47,      4.125,    1.66,  665.08, 161.23,     16.500,    0.00,     inf,    inf,     8.250,    1.81,  611.26,  74.09
           17,      8.750,    0.82, 1437.59, 164.30,      4.375,    1.67,  704.05, 160.93,     17.500,    0.00,     inf,    inf,     8.750,    1.72,  682.35,  77.98
           18,      9.250,    0.82, 1518.90, 164.21,      4.625,    1.67,  744.73, 161.02,     18.500,    0.00,     inf,    inf,     9.250,    1.81,  687.09,  74.28
           20,     10.250,    0.82, 1686.87, 164.57,      5.125,    1.67,  822.21, 160.43,     20.500,    0.00,     inf,    inf,    10.250,    2.19,  628.25,  61.29
           22,     11.250,    0.82, 1839.39, 163.50,      5.625,    1.67,  901.91, 160.34,     22.500,    0.00,     inf,    inf,    11.250,    2.17,  695.53,  61.82
           24,     12.250,    0.82, 2003.91, 163.58,      6.125,    1.68,  976.64, 159.45,     24.500,    0.00,     inf,    inf,    12.250,    2.57,  640.17,  52.26
           28,     14.250,    0.83, 2301.90, 161.54,      7.125,    1.71, 1115.90, 156.62,     28.500,    0.00,     inf,    inf,    14.250,    2.94,  651.38,  45.71
           32,     16.250,    0.84, 2605.41, 160.33,      8.125,    1.80, 1209.77, 148.90,     32.500,    0.00,     inf,    inf,    16.250,    3.31,  658.00,  40.49
           40,     20.250,    0.92, 2958.47, 146.10,     10.125,    2.04, 1330.91, 131.45,     40.500,    0.00,     inf,    inf,    20.250,    4.06,  669.38,  33.06
           48,     24.250,    1.01, 3216.69, 132.65,     12.125,    2.41, 1350.31, 111.37,     48.500,    0.00,     inf,    inf,    24.250,    4.81,  677.06,  27.92
           56,     28.250,    1.16, 3273.27, 115.87,     14.125,    2.79, 1360.35,  96.31,     56.500,    0.00,     inf,    inf,    28.250,    5.56,  682.34,  24.15
           64,     32.250,    1.30, 3317.55, 102.87,     16.125,    3.16, 1369.90,  84.95,     64.500,    0.00,     inf,    inf,    32.250,    6.31,  685.88,  21.27
           80,     40.250,    1.60, 3371.16,  83.76,     20.125,    3.90, 1383.61,  68.75,     80.500,    0.00,     inf,    inf,    40.250,    7.80,  692.59,  17.21
           96,     48.250,    1.90, 3409.46,  70.66,     24.125,    4.65, 1392.40,  57.72,     96.500,    0.00,     inf,    inf,    48.250,    9.31,  695.89,  14.42
          128,     64.250,    2.48, 3474.75,  54.08,     32.125,    6.15, 1401.42,  43.62,    128.500,    0.00,     inf,    inf,    64.250,   12.35,  698.29,  10.87
          192,     96.250,    3.83, 3375.46,  35.07,     48.125,    9.15, 1411.39,  29.33,    192.500,    0.00,     inf,    inf,    96.250,   18.28,  706.54,   7.34
          256,    128.250,    6.28, 2742.81,  21.39,     64.125,   12.51, 1376.42,  21.46,    256.500,    0.00,     inf,    inf,   128.250,   24.27,  709.31,   5.53
--------------------------------------------------------------------------------------------------------------------------------------------------------------------
mixbench/read-only (v0.03-1-g3ace732)
------------------------ Device specifications ------------------------
Device:              Tesla K80
CUDA driver version: 10.0
GPU clock rate:      823 MHz
Memory clock rate:   1252 MHz
Memory bus width:    384 bits
WarpSize:            32
L2 cache size:       1536 KB
Total global mem:    11441 MB
ECC enabled:         Yes
Compute Capability:  3.7
Total SPs:           2496 (13 MPs x 192 SPs/MP)
Compute throughput:  4110.91 GFlops (theoretical single precision FMAs)
Memory bandwidth:    240.48 GB/sec
-----------------------------------------------------------------------
Total GPU memory 11996954624, free 11922898944
Buffer size:          256MB
Trade-off type:       compute with global memory (block strided)
Elements per thread:  8
Thread fusion degree: 4
Warning:              Half precision computations are not supported
----------------------------------------------------------------------------- CSV data -----------------------------------------------------------------------------
Experiment ID, Single Precision ops,,,,              Double precision ops,,,,              Half precision ops,,,,                Integer operations,,, 
Compute iters, Flops/byte, ex.time,  GFLOPS, GB/sec, Flops/byte, ex.time,  GFLOPS, GB/sec, Flops/byte, ex.time,  GFLOPS, GB/sec, Iops/byte, ex.time,   GIOPS, GB/sec
            0,      0.250,    0.82,   41.15, 164.62,      0.125,    1.66,   20.18, 161.47,      0.500,    0.00,     inf,    inf,     0.250,    0.82,   40.88, 163.53
            1,      0.750,    0.82,  123.12, 164.15,      0.375,    1.66,   60.53, 161.41,      1.500,    0.00,     inf,    inf,     0.750,    0.81,  123.84, 165.12
            2,      1.250,    0.82,  205.76, 164.61,      0.625,    1.66,  100.89, 161.42,      2.500,    0.00,     inf,    inf,     1.250,    0.82,  205.33, 164.26
            3,      1.750,    0.82,  288.04, 164.59,      0.875,    1.66,  141.21, 161.39,      3.500,    0.00,     inf,    inf,     1.750,    0.82,  287.95, 164.54
            4,      2.250,    0.82,  370.23, 164.55,      1.125,    1.66,  181.43, 161.27,      4.500,    0.00,     inf,    inf,     2.250,    0.82,  368.83, 163.92
            5,      2.750,    0.81,  454.07, 165.12,      1.375,    1.66,  221.81, 161.32,      5.500,    0.00,     inf,    inf,     2.750,    0.83,  447.21, 162.62
            6,      3.250,    0.81,  535.68, 164.83,      1.625,    1.67,  261.98, 161.22,      6.500,    0.00,     inf,    inf,     3.250,    0.83,  523.74, 161.15
            7,      3.750,    0.81,  618.75, 165.00,      1.875,    1.66,  302.29, 161.22,      7.500,    0.00,     inf,    inf,     3.750,    0.87,  578.62, 154.30
            8,      4.250,    0.81,  700.01, 164.71,      2.125,    1.66,  342.88, 161.35,      8.500,    0.00,     inf,    inf,     4.250,    1.10,  520.14, 122.39
            9,      4.750,    0.81,  782.73, 164.79,      2.375,    1.66,  383.30, 161.39,      9.500,    0.00,     inf,    inf,     4.750,    0.99,  642.74, 135.31
           10,      5.250,    0.82,  864.21, 164.61,      2.625,    1.66,  424.08, 161.55,     10.500,    0.00,     inf,    inf,     5.250,    1.08,  654.78, 124.72
           11,      5.750,    0.81,  947.11, 164.72,      2.875,    1.66,  464.88, 161.70,     11.500,    0.00,     inf,    inf,     5.750,    1.17,  660.53, 114.87
           12,      6.250,    0.81, 1030.60, 164.90,      3.125,    1.66,  505.03, 161.61,     12.500,    0.00,     inf,    inf,     6.250,    1.44,  582.58,  93.21
           13,      6.750,    0.81, 1114.23, 165.07,      3.375,    1.67,  543.59, 161.06,     13.500,    0.00,     inf,    inf,     6.750,    1.36,  667.98,  98.96
           14,      7.250,    0.82, 1193.95, 164.68,      3.625,    1.66,  584.93, 161.36,     14.500,    0.00,     inf,    inf,     7.250,    1.44,  674.98,  93.10
           15,      7.750,    0.81, 1276.79, 164.75,      3.875,    1.66,  625.22, 161.35,     15.500,    0.00,     inf,    inf,     7.750,    1.53,  678.15,  87.50
           16,      8.250,    0.81, 1360.56, 164.92,      4.125,    1.67,  664.18, 161.01,     16.500,    0.00,     inf,    inf,     8.250,    1.82,  609.10,  73.83
           17,      8.750,    0.82, 1436.24, 164.14,      4.375,    1.67,  702.29, 160.52,     17.500,    0.00,     inf,    inf,     8.750,    1.72,  682.21,  77.97
           18,      9.250,    0.82, 1520.93, 164.42,      4.625,    1.67,  744.84, 161.05,     18.500,    0.00,     inf,    inf,     9.250,    1.82,  682.99,  73.84
           20,     10.250,    0.82, 1682.12, 164.11,      5.125,    1.67,  822.40, 160.47,     20.500,    0.00,     inf,    inf,    10.250,    2.19,  626.88,  61.16
           22,     11.250,    0.82, 1845.22, 164.02,      5.625,    1.68,  898.37, 159.71,     22.500,    0.00,     inf,    inf,    11.250,    2.17,  695.33,  61.81
           24,     12.250,    0.82, 1996.20, 162.96,      6.125,    1.68,  976.68, 159.46,     24.500,    0.00,     inf,    inf,    12.250,    2.56,  641.73,  52.39
           28,     14.250,    0.83, 2306.52, 161.86,      7.125,    1.71, 1116.53, 156.71,     28.500,    0.00,     inf,    inf,    14.250,    2.94,  651.32,  45.71
           32,     16.250,    0.84, 2601.13, 160.07,      8.125,    1.80, 1213.72, 149.38,     32.500,    0.00,     inf,    inf,    16.250,    3.31,  658.16,  40.50
           40,     20.250,    0.92, 2957.85, 146.07,     10.125,    2.04, 1329.51, 131.31,     40.500,    0.00,     inf,    inf,    20.250,    4.06,  670.03,  33.09
           48,     24.250,    1.01, 3220.67, 132.81,     12.125,    2.41, 1350.77, 111.40,     48.500,    0.00,     inf,    inf,    24.250,    4.81,  677.04,  27.92
           56,     28.250,    1.16, 3264.52, 115.56,     14.125,    2.79, 1359.83,  96.27,     56.500,    0.00,     inf,    inf,    28.250,    5.56,  682.46,  24.16
           64,     32.250,    1.31, 3316.33, 102.83,     16.125,    3.16, 1371.08,  85.03,     64.500,    0.00,     inf,    inf,    32.250,    6.30,  686.75,  21.29
           80,     40.250,    1.60, 3372.17,  83.78,     20.125,    3.91, 1381.23,  68.63,     80.500,    0.00,     inf,    inf,    40.250,    7.82,  691.04,  17.17
           96,     48.250,    1.89, 3417.46,  70.83,     24.125,    4.66, 1391.01,  57.66,     96.500,    0.00,     inf,    inf,    48.250,    9.31,  695.64,  14.42
          128,     64.250,    2.48, 3472.15,  54.04,     32.125,    6.16, 1400.78,  43.60,    128.500,    0.00,     inf,    inf,    64.250,   12.37,  697.38,  10.85
          192,     96.250,    3.82, 3381.43,  35.13,     48.125,    9.16, 1409.90,  29.30,    192.500,    0.00,     inf,    inf,    96.250,   18.25,  708.03,   7.36
          256,    128.250,    6.28, 2742.02,  21.38,     64.125,   12.45, 1382.74,  21.56,    256.500,    0.00,     inf,    inf,   128.250,   24.34,  707.24,   5.51
--------------------------------------------------------------------------------------------------------------------------------------------------------------------
