mixbench/alternating (v0.03-1-g3ace732)
------------------------ Device specifications ------------------------
Device:              Tesla K80
CUDA driver version: 10.0
GPU clock rate:      823 MHz
Memory clock rate:   1252 MHz
Memory bus width:    384 bits
WarpSize:            32
L2 cache size:       1536 KB
Total global mem:    11441 MB
ECC enabled:         Yes
Compute Capability:  3.7
Total SPs:           2496 (13 MPs x 192 SPs/MP)
Compute throughput:  4110.91 GFlops (theoretical single precision FMAs)
Memory bandwidth:    240.48 GB/sec
-----------------------------------------------------------------------
Total GPU memory 11996954624, free 11921850368
Buffer size:          64MB
Trade-off type:       compute with global memory (block strided)
Warning:              Half precision computations are not supported
----------------------------------------------------------------------------- CSV data -----------------------------------------------------------------------------
Experiment ID, Single Precision ops,,,,              Double precision ops,,,,              Half precision ops,,,,                Integer operations,,, 
Compute iters, Flops/byte, ex.time,  GFLOPS, GB/sec, Flops/byte, ex.time,  GFLOPS, GB/sec, Flops/byte, ex.time,  GFLOPS, GB/sec, Iops/byte, ex.time,   GIOPS, GB/sec
            0,      0.000,   56.19,    0.00, 152.86,      0.000,  119.02,    0.00, 144.34,      0.000,    0.00,    -nan,    inf,     0.000,   55.38,    0.00, 155.12
            1,      0.129,   53.43,   20.10, 155.74,      0.065,  115.22,    9.32, 144.45,      0.258,    0.00,     inf,    inf,     0.129,   53.21,   20.18, 156.40
            2,      0.267,   52.00,   41.30, 154.87,      0.133,  111.34,   19.29, 144.66,      0.533,    0.00,     inf,    inf,     0.267,   51.91,   41.37, 155.14
            3,      0.414,   49.41,   65.19, 157.55,      0.207,  107.71,   29.91, 144.55,      0.828,    0.00,     inf,    inf,     0.414,   49.50,   65.08, 157.28
            4,      0.571,   48.15,   89.20, 156.11,      0.286,  104.02,   41.29, 144.51,      1.143,    0.00,     inf,    inf,     0.571,   48.22,   89.08, 155.89
            5,      0.741,   44.64,  120.26, 162.35,      0.370,  100.37,   53.49, 144.42,      1.481,    0.00,     inf,    inf,     0.741,   45.14,  118.94, 160.58
            6,      0.923,   43.38,  148.51, 160.88,      0.462,   96.24,   66.94, 145.04,      1.846,    0.00,     inf,    inf,     0.923,   43.71,  147.38, 159.66
            7,      1.120,   39.70,  189.30, 169.02,      0.560,   93.00,   80.82, 144.32,      2.240,    0.00,     inf,    inf,     1.120,   40.22,  186.87, 166.85
            8,      1.333,   38.50,  223.12, 167.34,      0.667,   88.60,   96.95, 145.42,      2.667,    0.00,     inf,    inf,     1.333,   38.97,  220.42, 165.31
            9,      1.565,   34.99,  276.17, 176.44,      0.783,   85.16,  113.48, 145.00,      3.130,    0.00,     inf,    inf,     1.565,   35.99,  268.51, 171.55
           10,      1.818,   34.25,  313.47, 172.41,      0.909,   80.82,  132.85, 146.14,      3.636,    0.00,     inf,    inf,     1.818,   34.85,  308.14, 169.48
           11,      2.095,   29.20,  404.45, 193.03,      1.048,   77.86,  151.70, 144.81,      4.190,    0.00,     inf,    inf,     2.095,   18.53,  637.57, 304.29
           12,      2.400,   28.21,  456.71, 190.30,      1.200,   73.63,  175.00, 145.83,      4.800,    0.00,     inf,    inf,     2.400,   20.14,  639.85, 266.60
           13,      2.737,   23.55,  592.67, 216.55,      1.368,   69.80,  199.99, 146.15,      5.474,    0.00,     inf,    inf,     2.737,   21.48,  649.83, 237.44
           14,      3.111,   22.16,  678.42, 218.06,      1.556,   65.89,  228.15, 146.67,      6.222,    0.00,     inf,    inf,     3.111,   22.89,  656.62, 211.06
           15,      3.529,   18.47,  872.22, 247.13,      1.765,   61.56,  261.62, 148.25,      7.059,    0.00,     inf,    inf,     3.529,   24.81,  649.15, 183.93
           16,      4.000,   28.06,  612.30, 153.07,      2.000,   59.44,  289.01, 144.50,      8.000,    0.00,     inf,    inf,     4.000,   26.22,  655.25, 163.81
           17,      4.533,   25.52,  715.27, 157.78,      2.267,   54.33,  335.98, 148.23,      9.067,    0.00,     inf,    inf,     4.533,   26.99,  676.41, 149.21
           18,      5.143,   24.20,  798.70, 155.30,      2.571,   52.02,  371.55, 144.49,     10.286,    0.00,     inf,    inf,     5.143,   29.30,  659.53, 128.24
           19,      5.846,   21.15,  964.47, 164.97,      2.923,   47.29,  431.41, 147.59,     11.692,    0.00,     inf,    inf,     5.846,   30.97,  658.66, 112.67
           20,      6.667,   19.75, 1087.47, 163.12,      3.333,   44.57,  481.82, 144.55,     13.333,    0.00,     inf,    inf,     6.667,   32.13,  668.46, 100.27
           21,      7.636,   17.11, 1317.60, 172.54,      3.818,   39.66,  568.54, 148.90,     15.273,    0.00,     inf,    inf,     7.636,   33.61,  670.90,  87.86
           22,      8.800,   17.66, 1337.69, 152.01,      4.400,   37.44,  630.92, 143.39,     17.600,    0.00,     inf,    inf,     8.800,   35.05,  674.05,  76.60
           23,     10.222,   14.60, 1691.59, 165.48,      5.111,   32.05,  770.65, 150.78,     20.444,    0.00,     inf,    inf,    10.222,   36.99,  667.70,  65.32
           24,     12.000,   14.35, 1795.59, 149.63,      6.000,   30.16,  854.58, 142.43,     24.000,    0.00,     inf,    inf,    12.000,   38.54,  668.57,  55.71
           25,     14.286,   11.41, 2351.63, 164.61,      7.143,   24.52, 1094.63, 153.25,     28.571,    0.00,     inf,    inf,    14.286,   38.66,  694.39,  48.61
           26,     17.333,   10.89, 2562.57, 147.84,      8.667,   22.47, 1242.30, 143.34,     34.667,    0.00,     inf,    inf,    17.333,   41.60,  671.03,  38.71
           27,     21.600,   10.02, 2892.87, 133.93,     10.800,   22.99, 1261.05, 116.76,     43.200,    0.00,     inf,    inf,    21.600,   41.99,  690.36,  31.96
           28,     28.000,    8.76, 3432.72, 122.60,     14.000,   23.44, 1282.48,  91.61,     56.000,    0.00,     inf,    inf,    28.000,   44.04,  682.70,  24.38
           29,     38.667,    8.97, 3470.20,  89.75,     19.333,   23.30, 1336.20,  69.11,     77.333,    0.00,     inf,    inf,    38.667,   45.34,  686.84,  17.76
           30,     60.000,    9.10, 3540.84,  59.01,     30.000,   23.51, 1369.87,  45.66,    120.000,    0.00,     inf,    inf,    60.000,   46.79,  688.39,  11.47
           31,    124.000,    9.28, 3585.27,  28.91,     62.000,   23.87, 1394.49,  22.49,    248.000,    0.00,     inf,    inf,   124.000,   47.58,  699.60,   5.64
           32,        inf,    9.31, 3690.28,   0.00,        inf,   24.78, 1386.41,   0.00,        inf,    0.00,     inf,   -nan,       inf,   49.01,  701.06,   0.00
--------------------------------------------------------------------------------------------------------------------------------------------------------------------
mixbench/alternating (v0.03-1-g3ace732)
------------------------ Device specifications ------------------------
Device:              Tesla K80
CUDA driver version: 10.0
GPU clock rate:      823 MHz
Memory clock rate:   1252 MHz
Memory bus width:    384 bits
WarpSize:            32
L2 cache size:       1536 KB
Total global mem:    11441 MB
ECC enabled:         Yes
Compute Capability:  3.7
Total SPs:           2496 (13 MPs x 192 SPs/MP)
Compute throughput:  4110.91 GFlops (theoretical single precision FMAs)
Memory bandwidth:    240.48 GB/sec
-----------------------------------------------------------------------
Total GPU memory 11996954624, free 11921850368
Buffer size:          64MB
Trade-off type:       compute with global memory (block strided)
Warning:              Half precision computations are not supported
----------------------------------------------------------------------------- CSV data -----------------------------------------------------------------------------
Experiment ID, Single Precision ops,,,,              Double precision ops,,,,              Half precision ops,,,,                Integer operations,,, 
Compute iters, Flops/byte, ex.time,  GFLOPS, GB/sec, Flops/byte, ex.time,  GFLOPS, GB/sec, Flops/byte, ex.time,  GFLOPS, GB/sec, Iops/byte, ex.time,   GIOPS, GB/sec
            0,      0.000,   56.21,    0.00, 152.83,      0.000,  118.88,    0.00, 144.52,      0.000,    0.00,    -nan,    inf,     0.000,   55.48,    0.00, 154.84
            1,      0.129,   53.42,   20.10, 155.77,      0.065,  115.35,    9.31, 144.28,      0.258,    0.00,     inf,    inf,     0.129,   53.25,   20.17, 156.28
            2,      0.267,   51.77,   41.48, 155.55,      0.133,  111.35,   19.29, 144.64,      0.533,    0.00,     inf,    inf,     0.267,   51.95,   41.34, 155.01
            3,      0.414,   49.17,   65.51, 158.32,      0.207,  107.58,   29.94, 144.72,      0.828,    0.00,     inf,    inf,     0.414,   49.53,   65.04, 157.17
            4,      0.571,   48.01,   89.47, 156.57,      0.286,  103.90,   41.34, 144.68,      1.143,    0.00,     inf,    inf,     0.571,   48.38,   88.77, 155.35
            5,      0.741,   44.64,  120.26, 162.35,      0.370,  100.19,   53.59, 144.69,      1.481,    0.00,     inf,    inf,     0.741,   45.32,  118.46, 159.92
            6,      0.923,   43.20,  149.14, 161.57,      0.462,   95.99,   67.11, 145.41,      1.846,    0.00,     inf,    inf,     0.923,   43.65,  147.61, 159.91
            7,      1.120,   39.61,  189.76, 169.43,      0.560,   93.06,   80.76, 144.22,      2.240,    0.00,     inf,    inf,     1.120,   40.10,  187.44, 167.36
            8,      1.333,   38.55,  222.84, 167.13,      0.667,   89.04,   96.47, 144.71,      2.667,    0.00,     inf,    inf,     1.333,   38.89,  220.89, 165.67
            9,      1.565,   35.01,  276.01, 176.34,      0.783,   85.34,  113.23, 144.69,      3.130,    0.00,     inf,    inf,     1.565,   36.03,  268.19, 171.35
           10,      1.818,   34.36,  312.51, 171.88,      0.909,   80.87,  132.78, 146.06,      3.636,    0.00,     inf,    inf,     1.818,   34.89,  307.79, 169.28
           11,      2.095,   29.09,  406.05, 193.80,      1.048,   77.68,  152.05, 145.14,      4.190,    0.00,     inf,    inf,     2.095,   18.53,  637.26, 304.15
           12,      2.400,   28.39,  453.81, 189.09,      1.200,   73.25,  175.91, 146.59,      4.800,    0.00,     inf,    inf,     2.400,   20.35,  633.15, 263.81
           13,      2.737,   23.53,  593.19, 216.74,      1.368,   69.66,  200.38, 146.43,      5.474,    0.00,     inf,    inf,     2.737,   21.72,  642.55, 234.78
           14,      3.111,   22.15,  678.80, 218.19,      1.556,   65.92,  228.05, 146.60,      6.222,    0.00,     inf,    inf,     3.111,   22.68,  662.78, 213.04
           15,      3.529,   18.44,  873.59, 247.52,      1.765,   61.48,  261.96, 148.44,      7.059,    0.00,     inf,    inf,     3.529,   24.82,  648.83, 183.84
           16,      4.000,   28.01,  613.33, 153.33,      2.000,   59.57,  288.40, 144.20,      8.000,    0.00,     inf,    inf,     4.000,   26.20,  655.78, 163.95
           17,      4.533,   25.56,  714.18, 157.54,      2.267,   54.44,  335.31, 147.93,      9.067,    0.00,     inf,    inf,     4.533,   27.25,  669.86, 147.76
           18,      5.143,   24.14,  800.73, 155.70,      2.571,   51.88,  372.54, 144.88,     10.286,    0.00,     inf,    inf,     5.143,   29.61,  652.81, 126.94
           19,      5.846,   21.17,  963.56, 164.82,      2.923,   47.14,  432.78, 148.06,     11.692,    0.00,     inf,    inf,     5.846,   30.99,  658.32, 112.61
           20,      6.667,   19.57, 1097.38, 164.61,      3.333,   44.46,  483.03, 144.91,     13.333,    0.00,     inf,    inf,     6.667,   32.14,  668.19, 100.23
           21,      7.636,   17.15, 1315.00, 172.20,      3.818,   39.59,  569.49, 149.15,     15.273,    0.00,     inf,    inf,     7.636,   33.38,  675.46,  88.45
           22,      8.800,   17.66, 1337.74, 152.02,      4.400,   37.42,  631.26, 143.47,     17.600,    0.00,     inf,    inf,     8.800,   35.09,  673.21,  76.50
           23,     10.222,   14.65, 1685.94, 164.93,      5.111,   31.97,  772.39, 151.12,     20.444,    0.00,     inf,    inf,    10.222,   37.00,  667.40,  65.29
           24,     12.000,   14.38, 1791.52, 149.29,      6.000,   29.99,  859.27, 143.21,     24.000,    0.00,     inf,    inf,    12.000,   38.61,  667.45,  55.62
           25,     14.286,   11.41, 2353.30, 164.73,      7.143,   24.46, 1097.58, 153.66,     28.571,    0.00,     inf,    inf,    14.286,   38.47,  697.75,  48.84
           26,     17.333,   10.97, 2544.76, 146.81,      8.667,   22.49, 1241.26, 143.22,     34.667,    0.00,     inf,    inf,    17.333,   41.65,  670.25,  38.67
           27,     21.600,   10.01, 2896.03, 134.08,     10.800,   22.72, 1276.20, 118.17,     43.200,    0.00,     inf,    inf,    21.600,   42.36,  684.33,  31.68
           28,     28.000,    8.74, 3438.58, 122.81,     14.000,   23.43, 1283.40,  91.67,     56.000,    0.00,     inf,    inf,    28.000,   44.11,  681.59,  24.34
           29,     38.667,    8.91, 3493.45,  90.35,     19.333,   23.32, 1335.55,  69.08,     77.333,    0.00,     inf,    inf,    38.667,   44.79,  695.19,  17.98
           30,     60.000,    9.12, 3532.02,  58.87,     30.000,   23.48, 1371.89,  45.73,    120.000,    0.00,     inf,    inf,    60.000,   46.62,  690.97,  11.52
           31,    124.000,    9.29, 3583.31,  28.90,     62.000,   24.18, 1376.55,  22.20,    248.000,    0.00,     inf,    inf,   124.000,   48.08,  692.32,   5.58
           32,        inf,    9.21, 3729.51,   0.00,        inf,   24.78, 1386.50,   0.00,        inf,    0.00,     inf,   -nan,       inf,   49.03,  700.84,   0.00
--------------------------------------------------------------------------------------------------------------------------------------------------------------------
mixbench/alternating (v0.03-1-g3ace732)
------------------------ Device specifications ------------------------
Device:              Tesla K80
CUDA driver version: 10.0
GPU clock rate:      823 MHz
Memory clock rate:   1252 MHz
Memory bus width:    384 bits
WarpSize:            32
L2 cache size:       1536 KB
Total global mem:    11441 MB
ECC enabled:         Yes
Compute Capability:  3.7
Total SPs:           2496 (13 MPs x 192 SPs/MP)
Compute throughput:  4110.91 GFlops (theoretical single precision FMAs)
Memory bandwidth:    240.48 GB/sec
-----------------------------------------------------------------------
Total GPU memory 11996954624, free 11921850368
Buffer size:          64MB
Trade-off type:       compute with global memory (block strided)
Warning:              Half precision computations are not supported
----------------------------------------------------------------------------- CSV data -----------------------------------------------------------------------------
Experiment ID, Single Precision ops,,,,              Double precision ops,,,,              Half precision ops,,,,                Integer operations,,, 
Compute iters, Flops/byte, ex.time,  GFLOPS, GB/sec, Flops/byte, ex.time,  GFLOPS, GB/sec, Flops/byte, ex.time,  GFLOPS, GB/sec, Iops/byte, ex.time,   GIOPS, GB/sec
            0,      0.000,   56.07,    0.00, 153.20,      0.000,  118.76,    0.00, 144.66,      0.000,    0.00,    -nan,    inf,     0.000,   55.47,    0.00, 154.86
            1,      0.129,   53.73,   19.98, 154.86,      0.065,  115.21,    9.32, 144.45,      0.258,    0.00,     inf,    inf,     0.129,   53.37,   20.12, 155.91
            2,      0.267,   51.99,   41.31, 154.90,      0.133,  111.66,   19.23, 144.25,      0.533,    0.00,     inf,    inf,     0.267,   51.96,   41.33, 154.97
            3,      0.414,   49.29,   65.36, 157.94,      0.207,  107.97,   29.83, 144.19,      0.828,    0.00,     inf,    inf,     0.414,   49.41,   65.20, 157.56
            4,      0.571,   48.07,   89.35, 156.36,      0.286,  103.77,   41.39, 144.87,      1.143,    0.00,     inf,    inf,     0.571,   48.27,   88.97, 155.70
            5,      0.741,   44.75,  119.98, 161.97,      0.370,  100.20,   53.58, 144.66,      1.481,    0.00,     inf,    inf,     0.741,   45.15,  118.91, 160.53
            6,      0.923,   43.44,  148.31, 160.67,      0.462,   96.50,   66.76, 144.65,      1.846,    0.00,     inf,    inf,     0.923,   43.60,  147.76, 160.07
            7,      1.120,   39.66,  189.53, 169.22,      0.560,   92.82,   80.97, 144.59,      2.240,    0.00,     inf,    inf,     1.120,   40.23,  186.83, 166.81
            8,      1.333,   38.58,  222.66, 166.99,      0.667,   88.84,   96.69, 145.03,      2.667,    0.00,     inf,    inf,     1.333,   39.06,  219.94, 164.96
            9,      1.565,   35.09,  275.41, 175.96,      0.783,   85.42,  113.13, 144.55,      3.130,    0.00,     inf,    inf,     1.565,   35.93,  268.94, 171.82
           10,      1.818,   34.37,  312.37, 171.80,      0.909,   81.11,  132.38, 145.62,      3.636,    0.00,     inf,    inf,     1.818,   34.84,  308.18, 169.50
           11,      2.095,   29.18,  404.73, 193.17,      1.048,   77.69,  152.03, 145.12,      4.190,    0.00,     inf,    inf,     2.095,   18.56,  636.50, 303.78
           12,      2.400,   28.39,  453.91, 189.13,      1.200,   73.50,  175.32, 146.10,      4.800,    0.00,     inf,    inf,     2.400,   20.15,  639.52, 266.46
           13,      2.737,   23.52,  593.58, 216.88,      1.368,   69.68,  200.32, 146.39,      5.474,    0.00,     inf,    inf,     2.737,   21.52,  648.63, 237.00
           14,      3.111,   22.12,  679.46, 218.40,      1.556,   66.06,  227.55, 146.28,      6.222,    0.00,     inf,    inf,     3.111,   22.66,  663.27, 213.19
           15,      3.529,   18.40,  875.42, 248.03,      1.765,   61.52,  261.81, 148.36,      7.059,    0.00,     inf,    inf,     3.529,   24.54,  656.21, 185.93
           16,      4.000,   28.00,  613.51, 153.38,      2.000,   59.49,  288.80, 144.40,      8.000,    0.00,     inf,    inf,     4.000,   26.48,  648.88, 162.22
           17,      4.533,   25.53,  714.89, 157.70,      2.267,   54.55,  334.59, 147.61,      9.067,    0.00,     inf,    inf,     4.533,   27.05,  674.78, 148.85
           18,      5.143,   24.15,  800.27, 155.61,      2.571,   52.08,  371.12, 144.33,     10.286,    0.00,     inf,    inf,     5.143,   29.33,  658.86, 128.11
           19,      5.846,   21.15,  964.48, 164.98,      2.923,   47.14,  432.80, 148.06,     11.692,    0.00,     inf,    inf,     5.846,   30.64,  665.93, 113.91
           20,      6.667,   19.71, 1089.63, 163.44,      3.333,   44.60,  481.52, 144.45,     13.333,    0.00,     inf,    inf,     6.667,   32.17,  667.55, 100.13
           21,      7.636,   17.15, 1314.43, 172.13,      3.818,   39.52,  570.58, 149.44,     15.273,    0.00,     inf,    inf,     7.636,   33.42,  674.80,  88.37
           22,      8.800,   17.70, 1334.65, 151.67,      4.400,   37.49,  630.17, 143.22,     17.600,    0.00,     inf,    inf,     8.800,   35.10,  673.08,  76.49
           23,     10.222,   14.59, 1693.06, 165.63,      5.111,   32.31,  764.45, 149.57,     20.444,    0.00,     inf,    inf,    10.222,   36.60,  674.82,  66.01
           24,     12.000,   14.35, 1796.37, 149.70,      6.000,   29.93,  861.12, 143.52,     24.000,    0.00,     inf,    inf,    12.000,   38.64,  666.90,  55.58
           25,     14.286,   11.40, 2354.28, 164.80,      7.143,   24.72, 1085.80, 152.01,     28.571,    0.00,     inf,    inf,    14.286,   38.94,  689.34,  48.25
           26,     17.333,   10.97, 2543.99, 146.77,      8.667,   22.48, 1241.79, 143.28,     34.667,    0.00,     inf,    inf,    17.333,   41.91,  666.08,  38.43
           27,     21.600,    9.90, 2927.72, 135.54,     10.800,   22.96, 1262.74, 116.92,     43.200,    0.00,     inf,    inf,    21.600,   42.36,  684.43,  31.69
           28,     28.000,    8.74, 3438.16, 122.79,     14.000,   23.41, 1284.03,  91.72,     56.000,    0.00,     inf,    inf,    28.000,   44.40,  677.08,  24.18
           29,     38.667,    8.94, 3481.80,  90.05,     19.333,   23.57, 1321.17,  68.34,     77.333,    0.00,     inf,    inf,    38.667,   45.01,  691.85,  17.89
           30,     60.000,    9.03, 3567.05,  59.45,     30.000,   23.74, 1356.66,  45.22,    120.000,    0.00,     inf,    inf,    60.000,   46.88,  687.07,  11.45
           31,    124.000,    9.28, 3586.16,  28.92,     62.000,   24.17, 1377.38,  22.22,    248.000,    0.00,     inf,    inf,   124.000,   48.09,  692.14,   5.58
           32,        inf,    9.31, 3691.28,   0.00,        inf,   24.78, 1386.62,   0.00,        inf,    0.00,     inf,   -nan,       inf,   48.56,  707.52,   0.00
--------------------------------------------------------------------------------------------------------------------------------------------------------------------
mixbench/alternating (v0.03-1-g3ace732)
------------------------ Device specifications ------------------------
Device:              Tesla K80
CUDA driver version: 10.0
GPU clock rate:      823 MHz
Memory clock rate:   1252 MHz
Memory bus width:    384 bits
WarpSize:            32
L2 cache size:       1536 KB
Total global mem:    11441 MB
ECC enabled:         Yes
Compute Capability:  3.7
Total SPs:           2496 (13 MPs x 192 SPs/MP)
Compute throughput:  4110.91 GFlops (theoretical single precision FMAs)
Memory bandwidth:    240.48 GB/sec
-----------------------------------------------------------------------
Total GPU memory 11996954624, free 11921850368
Buffer size:          64MB
Trade-off type:       compute with global memory (block strided)
Warning:              Half precision computations are not supported
----------------------------------------------------------------------------- CSV data -----------------------------------------------------------------------------
Experiment ID, Single Precision ops,,,,              Double precision ops,,,,              Half precision ops,,,,                Integer operations,,, 
Compute iters, Flops/byte, ex.time,  GFLOPS, GB/sec, Flops/byte, ex.time,  GFLOPS, GB/sec, Flops/byte, ex.time,  GFLOPS, GB/sec, Iops/byte, ex.time,   GIOPS, GB/sec
            0,      0.000,   56.10,    0.00, 153.12,      0.000,  119.00,    0.00, 144.36,      0.000,    0.00,    -nan,    inf,     0.000,   55.43,    0.00, 154.96
            1,      0.129,   53.35,   20.13, 155.99,      0.065,  115.15,    9.33, 144.54,      0.258,    0.00,     inf,    inf,     0.129,   53.46,   20.09, 155.66
            2,      0.267,   51.81,   41.45, 155.44,      0.133,  111.36,   19.28, 144.63,      0.533,    0.00,     inf,    inf,     0.267,   51.88,   41.40, 155.23
            3,      0.414,   49.42,   65.19, 157.53,      0.207,  107.86,   29.86, 144.34,      0.828,    0.00,     inf,    inf,     0.414,   49.45,   65.14, 157.42
            4,      0.571,   48.18,   89.14, 156.00,      0.286,  103.79,   41.38, 144.84,      1.143,    0.00,     inf,    inf,     0.571,   48.24,   89.03, 155.80
            5,      0.741,   44.72,  120.05, 162.07,      0.370,  100.24,   53.56, 144.61,      1.481,    0.00,     inf,    inf,     0.741,   45.38,  118.32, 159.73
            6,      0.923,   43.16,  149.28, 161.72,      0.462,   96.40,   66.83, 144.80,      1.846,    0.00,     inf,    inf,     0.923,   43.89,  146.78, 159.02
            7,      1.120,   39.74,  189.15, 168.88,      0.560,   92.40,   81.35, 145.26,      2.240,    0.00,     inf,    inf,     1.120,   40.24,  186.80, 166.79
            8,      1.333,   38.57,  222.73, 167.05,      0.667,   88.36,   97.22, 145.83,      2.667,    0.00,     inf,    inf,     1.333,   39.00,  220.28, 165.21
            9,      1.565,   35.10,  275.33, 175.91,      0.783,   85.41,  113.15, 144.58,      3.130,    0.00,     inf,    inf,     1.565,   36.00,  268.43, 171.50
           10,      1.818,   34.40,  312.09, 171.65,      0.909,   81.03,  132.51, 145.76,      3.636,    0.00,     inf,    inf,     1.818,   34.82,  308.33, 169.58
           11,      2.095,   29.23,  404.08, 192.86,      1.048,   77.89,  151.64, 144.75,      4.190,    0.00,     inf,    inf,     2.095,   18.52,  637.71, 304.36
           12,      2.400,   28.36,  454.26, 189.27,      1.200,   73.67,  174.90, 145.75,      4.800,    0.00,     inf,    inf,     2.400,   20.15,  639.45, 266.44
           13,      2.737,   23.63,  590.76, 215.86,      1.368,   69.59,  200.59, 146.58,      5.474,    0.00,     inf,    inf,     2.737,   21.75,  641.87, 234.53
           14,      3.111,   22.28,  674.79, 216.90,      1.556,   66.19,  227.11, 146.00,      6.222,    0.00,     inf,    inf,     3.111,   22.93,  655.65, 210.74
           15,      3.529,   18.51,  870.24, 246.57,      1.765,   61.27,  262.85, 148.95,      7.059,    0.00,     inf,    inf,     3.529,   24.65,  653.47, 185.15
           16,      4.000,   28.13,  610.76, 152.69,      2.000,   59.59,  288.28, 144.14,      8.000,    0.00,     inf,    inf,     4.000,   26.47,  649.07, 162.27
           17,      4.533,   25.47,  716.60, 158.07,      2.267,   54.57,  334.52, 147.58,      9.067,    0.00,     inf,    inf,     4.533,   27.02,  675.59, 149.03
           18,      5.143,   24.22,  798.04, 155.17,      2.571,   51.90,  372.38, 144.81,     10.286,    0.00,     inf,    inf,     5.143,   29.58,  653.47, 127.06
           19,      5.846,   21.16,  964.20, 164.93,      2.923,   47.19,  432.31, 147.89,     11.692,    0.00,     inf,    inf,     5.846,   30.97,  658.66, 112.67
           20,      6.667,   19.67, 1091.70, 163.76,      3.333,   44.48,  482.83, 144.85,     13.333,    0.00,     inf,    inf,     6.667,   32.16,  667.67, 100.15
           21,      7.636,   17.15, 1315.13, 172.22,      3.818,   39.66,  568.48, 148.89,     15.273,    0.00,     inf,    inf,     7.636,   33.20,  679.28,  88.95
           22,      8.800,   17.66, 1337.41, 151.98,      4.400,   37.63,  627.82, 142.69,     17.600,    0.00,     inf,    inf,     8.800,   34.89,  676.97,  76.93
           23,     10.222,   14.60, 1691.10, 165.43,      5.111,   32.06,  770.23, 150.70,     20.444,    0.00,     inf,    inf,    10.222,   36.98,  667.77,  65.33
           24,     12.000,   14.34, 1797.62, 149.80,      6.000,   30.06,  857.14, 142.86,     24.000,    0.00,     inf,    inf,    12.000,   38.78,  664.47,  55.37
           25,     14.286,   11.44, 2347.26, 164.31,      7.143,   24.78, 1083.48, 151.69,     28.571,    0.00,     inf,    inf,    14.286,   38.47,  697.74,  48.84
           26,     17.333,   10.89, 2562.71, 147.85,      8.667,   22.52, 1239.69, 143.04,     34.667,    0.00,     inf,    inf,    17.333,   41.77,  668.36,  38.56
           27,     21.600,   10.00, 2899.50, 134.24,     10.800,   22.97, 1262.21, 116.87,     43.200,    0.00,     inf,    inf,    21.600,   42.37,  684.31,  31.68
           28,     28.000,    8.78, 3422.61, 122.24,     14.000,   23.44, 1282.42,  91.60,     56.000,    0.00,     inf,    inf,    28.000,   43.89,  684.95,  24.46
           29,     38.667,    8.98, 3466.40,  89.65,     19.333,   23.56, 1321.81,  68.37,     77.333,    0.00,     inf,    inf,    38.667,   45.09,  690.62,  17.86
           30,     60.000,    9.04, 3562.21,  59.37,     30.000,   23.75, 1356.08,  45.20,    120.000,    0.00,     inf,    inf,    60.000,   47.20,  682.42,  11.37
           31,    124.000,    9.28, 3585.43,  28.91,     62.000,   24.13, 1379.59,  22.25,    248.000,    0.00,     inf,    inf,   124.000,   47.70,  697.85,   5.63
           32,        inf,    9.30, 3695.96,   0.00,        inf,   24.78, 1386.33,   0.00,        inf,    0.00,     inf,   -nan,       inf,   48.61,  706.83,   0.00
--------------------------------------------------------------------------------------------------------------------------------------------------------------------
mixbench/alternating (v0.03-1-g3ace732)
------------------------ Device specifications ------------------------
Device:              Tesla K80
CUDA driver version: 10.0
GPU clock rate:      823 MHz
Memory clock rate:   1252 MHz
Memory bus width:    384 bits
WarpSize:            32
L2 cache size:       1536 KB
Total global mem:    11441 MB
ECC enabled:         Yes
Compute Capability:  3.7
Total SPs:           2496 (13 MPs x 192 SPs/MP)
Compute throughput:  4110.91 GFlops (theoretical single precision FMAs)
Memory bandwidth:    240.48 GB/sec
-----------------------------------------------------------------------
Total GPU memory 11996954624, free 11921850368
Buffer size:          64MB
Trade-off type:       compute with global memory (block strided)
Warning:              Half precision computations are not supported
----------------------------------------------------------------------------- CSV data -----------------------------------------------------------------------------
Experiment ID, Single Precision ops,,,,              Double precision ops,,,,              Half precision ops,,,,                Integer operations,,, 
Compute iters, Flops/byte, ex.time,  GFLOPS, GB/sec, Flops/byte, ex.time,  GFLOPS, GB/sec, Flops/byte, ex.time,  GFLOPS, GB/sec, Iops/byte, ex.time,   GIOPS, GB/sec
            0,      0.000,   56.15,    0.00, 153.00,      0.000,  118.98,    0.00, 144.40,      0.000,    0.00,    -nan,    inf,     0.000,   55.51,    0.00, 154.75
            1,      0.129,   53.54,   20.06, 155.44,      0.065,  115.27,    9.31, 144.38,      0.258,    0.00,     inf,    inf,     0.129,   53.12,   20.21, 156.65
            2,      0.267,   51.73,   41.52, 155.68,      0.133,  111.31,   19.29, 144.70,      0.533,    0.00,     inf,    inf,     0.267,   51.95,   41.34, 155.01
            3,      0.414,   49.36,   65.26, 157.70,      0.207,  107.83,   29.87, 144.39,      0.828,    0.00,     inf,    inf,     0.414,   49.60,   64.95, 156.96
            4,      0.571,   48.19,   89.12, 155.97,      0.286,  103.91,   41.33, 144.67,      1.143,    0.00,     inf,    inf,     0.571,   48.20,   89.12, 155.95
            5,      0.741,   44.57,  120.46, 162.62,      0.370,  100.26,   53.55, 144.58,      1.481,    0.00,     inf,    inf,     0.741,   45.33,  118.43, 159.88
            6,      0.923,   43.28,  148.85, 161.25,      0.462,   96.34,   66.87, 144.89,      1.846,    0.00,     inf,    inf,     0.923,   43.56,  147.92, 160.24
            7,      1.120,   39.70,  189.34, 169.06,      0.560,   92.99,   80.83, 144.33,      2.240,    0.00,     inf,    inf,     1.120,   40.28,  186.59, 166.60
            8,      1.333,   38.46,  223.37, 167.53,      0.667,   88.43,   97.14, 145.71,      2.667,    0.00,     inf,    inf,     1.333,   39.06,  219.90, 164.92
            9,      1.565,   35.03,  275.91, 176.27,      0.783,   85.55,  112.96, 144.34,      3.130,    0.00,     inf,    inf,     1.565,   35.92,  269.03, 171.88
           10,      1.818,   34.25,  313.48, 172.41,      0.909,   81.18,  132.26, 145.49,      3.636,    0.00,     inf,    inf,     1.818,   34.93,  307.43, 169.08
           11,      2.095,   29.12,  405.62, 193.59,      1.048,   77.86,  151.69, 144.80,      4.190,    0.00,     inf,    inf,     2.095,   18.54,  637.04, 304.04
           12,      2.400,   28.11,  458.31, 190.96,      1.200,   73.47,  175.38, 146.15,      4.800,    0.00,     inf,    inf,     2.400,   20.36,  632.86, 263.69
           13,      2.737,   23.58,  591.94, 216.29,      1.368,   69.88,  199.74, 145.97,      5.474,    0.00,     inf,    inf,     2.737,   21.74,  642.17, 234.64
           14,      3.111,   22.22,  676.64, 217.49,      1.556,   66.05,  227.60, 146.31,      6.222,    0.00,     inf,    inf,     3.111,   22.74,  661.03, 212.47
           15,      3.529,   18.47,  871.94, 247.05,      1.765,   61.48,  261.96, 148.45,      7.059,    0.00,     inf,    inf,     3.529,   24.88,  647.41, 183.43
           16,      4.000,   28.01,  613.34, 153.33,      2.000,   59.64,  288.06, 144.03,      8.000,    0.00,     inf,    inf,     4.000,   26.22,  655.24, 163.81
           17,      4.533,   25.61,  712.69, 157.21,      2.267,   54.66,  333.94, 147.33,      9.067,    0.00,     inf,    inf,     4.533,   27.31,  668.31, 147.42
           18,      5.143,   24.18,  799.42, 155.44,      2.571,   52.05,  371.36, 144.42,     10.286,    0.00,     inf,    inf,     5.143,   29.61,  652.68, 126.91
           19,      5.846,   21.21,  962.06, 164.56,      2.923,   47.18,  432.43, 147.94,     11.692,    0.00,     inf,    inf,     5.846,   30.65,  665.66, 113.86
           20,      6.667,   19.64, 1093.45, 164.02,      3.333,   44.69,  480.57, 144.17,     13.333,    0.00,     inf,    inf,     6.667,   32.24,  666.18,  99.93
           21,      7.636,   17.12, 1316.91, 172.45,      3.818,   39.79,  566.66, 148.41,     15.273,    0.00,     inf,    inf,     7.636,   33.61,  670.98,  87.87
           22,      8.800,   17.67, 1336.77, 151.91,      4.400,   37.48,  630.28, 143.25,     17.600,    0.00,     inf,    inf,     8.800,   35.19,  671.23,  76.28
           23,     10.222,   14.63, 1688.02, 165.13,      5.111,   32.09,  769.70, 150.59,     20.444,    0.00,     inf,    inf,    10.222,   36.99,  667.55,  65.30
           24,     12.000,   14.34, 1797.10, 149.76,      6.000,   30.02,  858.41, 143.07,     24.000,    0.00,     inf,    inf,    12.000,   38.72,  665.53,  55.46
           25,     14.286,   11.44, 2345.55, 164.19,      7.143,   24.57, 1092.40, 152.94,     28.571,    0.00,     inf,    inf,    14.286,   38.94,  689.27,  48.25
           26,     17.333,   10.89, 2563.14, 147.87,      8.667,   22.24, 1255.31, 144.84,     34.667,    0.00,     inf,    inf,    17.333,   41.82,  667.63,  38.52
           27,     21.600,   10.03, 2889.43, 133.77,     10.800,   22.98, 1261.80, 116.83,     43.200,    0.00,     inf,    inf,    21.600,   42.21,  686.87,  31.80
           28,     28.000,    8.75, 3435.67, 122.70,     14.000,   23.17, 1297.63,  92.69,     56.000,    0.00,     inf,    inf,    28.000,   43.89,  685.05,  24.47
           29,     38.667,    8.89, 3501.19,  90.55,     19.333,   23.57, 1321.20,  68.34,     77.333,    0.00,     inf,    inf,    38.667,   44.80,  695.06,  17.98
           30,     60.000,    9.11, 3536.82,  58.95,     30.000,   23.48, 1372.03,  45.73,    120.000,    0.00,     inf,    inf,    60.000,   46.63,  690.80,  11.51
           31,    124.000,    9.28, 3588.00,  28.94,     62.000,   24.16, 1377.62,  22.22,    248.000,    0.00,     inf,    inf,   124.000,   48.09,  692.11,   5.58
           32,        inf,    9.31, 3688.82,   0.00,        inf,   24.49, 1403.01,   0.00,        inf,    0.00,     inf,   -nan,       inf,   48.45,  709.16,   0.00
--------------------------------------------------------------------------------------------------------------------------------------------------------------------
mixbench/alternating (v0.03-1-g3ace732)
------------------------ Device specifications ------------------------
Device:              Tesla K80
CUDA driver version: 10.0
GPU clock rate:      823 MHz
Memory clock rate:   1252 MHz
Memory bus width:    384 bits
WarpSize:            32
L2 cache size:       1536 KB
Total global mem:    11441 MB
ECC enabled:         Yes
Compute Capability:  3.7
Total SPs:           2496 (13 MPs x 192 SPs/MP)
Compute throughput:  4110.91 GFlops (theoretical single precision FMAs)
Memory bandwidth:    240.48 GB/sec
-----------------------------------------------------------------------
Total GPU memory 11996954624, free 11921850368
Buffer size:          64MB
Trade-off type:       compute with global memory (block strided)
Warning:              Half precision computations are not supported
----------------------------------------------------------------------------- CSV data -----------------------------------------------------------------------------
Experiment ID, Single Precision ops,,,,              Double precision ops,,,,              Half precision ops,,,,                Integer operations,,, 
Compute iters, Flops/byte, ex.time,  GFLOPS, GB/sec, Flops/byte, ex.time,  GFLOPS, GB/sec, Flops/byte, ex.time,  GFLOPS, GB/sec, Iops/byte, ex.time,   GIOPS, GB/sec
            0,      0.000,   56.14,    0.00, 153.01,      0.000,  118.91,    0.00, 144.48,      0.000,    0.00,    -nan,    inf,     0.000,   55.40,    0.00, 155.04
            1,      0.129,   53.55,   20.05, 155.40,      0.065,  115.28,    9.31, 144.37,      0.258,    0.00,     inf,    inf,     0.129,   53.40,   20.11, 155.82
            2,      0.267,   51.75,   41.49, 155.60,      0.133,  111.34,   19.29, 144.66,      0.533,    0.00,     inf,    inf,     0.267,   52.06,   41.25, 154.69
            3,      0.414,   49.24,   65.42, 158.09,      0.207,  107.70,   29.91, 144.56,      0.828,    0.00,     inf,    inf,     0.414,   49.40,   65.20, 157.57
            4,      0.571,   48.15,   89.20, 156.10,      0.286,  103.95,   41.32, 144.61,      1.143,    0.00,     inf,    inf,     0.571,   48.26,   88.99, 155.74
            5,      0.741,   44.45,  120.79, 163.07,      0.370,  100.45,   53.45, 144.30,      1.481,    0.00,     inf,    inf,     0.741,   45.31,  118.49, 159.96
            6,      0.923,   43.21,  149.09, 161.51,      0.462,   96.48,   66.77, 144.67,      1.846,    0.00,     inf,    inf,     0.923,   43.54,  147.97, 160.30
            7,      1.120,   39.72,  189.25, 168.97,      0.560,   92.99,   80.83, 144.34,      2.240,    0.00,     inf,    inf,     1.120,   40.39,  186.11, 166.17
            8,      1.333,   38.49,  223.19, 167.39,      0.667,   88.78,   96.76, 145.14,      2.667,    0.00,     inf,    inf,     1.333,   39.10,  219.68, 164.76
            9,      1.565,   35.00,  276.09, 176.39,      0.783,   85.18,  113.45, 144.96,      3.130,    0.00,     inf,    inf,     1.565,   35.83,  269.75, 172.34
           10,      1.818,   34.39,  312.23, 171.72,      0.909,   81.45,  131.82, 145.00,      3.636,    0.00,     inf,    inf,     1.818,   34.65,  309.92, 170.45
           11,      2.095,   29.17,  404.96, 193.27,      1.048,   77.42,  152.57, 145.63,      4.190,    0.00,     inf,    inf,     2.095,   18.55,  636.67, 303.86
           12,      2.400,   28.27,  455.81, 189.92,      1.200,   73.88,  174.41, 145.34,      4.800,    0.00,     inf,    inf,     2.400,   20.11,  640.73, 266.97
           13,      2.737,   23.53,  593.24, 216.76,      1.368,   69.85,  199.83, 146.03,      5.474,    0.00,     inf,    inf,     2.737,   21.54,  648.12, 236.81
           14,      3.111,   22.13,  679.18, 218.31,      1.556,   66.34,  226.61, 145.68,      6.222,    0.00,     inf,    inf,     3.111,   22.73,  661.39, 212.59
           15,      3.529,   18.43,  873.68, 247.54,      1.765,   61.63,  261.32, 148.08,      7.059,    0.00,     inf,    inf,     3.529,   24.87,  647.54, 183.47
           16,      4.000,   28.10,  611.37, 152.84,      2.000,   59.49,  288.79, 144.39,      8.000,    0.00,     inf,    inf,     4.000,   26.29,  653.44, 163.36
           17,      4.533,   25.50,  715.78, 157.89,      2.267,   54.48,  335.05, 147.82,      9.067,    0.00,     inf,    inf,     4.533,   27.31,  668.43, 147.45
           18,      5.143,   24.27,  796.21, 154.82,      2.571,   52.22,  370.14, 143.94,     10.286,    0.00,     inf,    inf,     5.143,   29.62,  652.42, 126.86
           19,      5.846,   21.19,  962.64, 164.66,      2.923,   47.06,  433.52, 148.31,     11.692,    0.00,     inf,    inf,     5.846,   30.97,  658.65, 112.66
           20,      6.667,   19.62, 1094.36, 164.15,      3.333,   44.71,  480.30, 144.09,     13.333,    0.00,     inf,    inf,     6.667,   32.23,  666.27,  99.94
           21,      7.636,   17.17, 1313.03, 171.94,      3.818,   39.56,  570.03, 149.29,     15.273,    0.00,     inf,    inf,     7.636,   33.61,  670.93,  87.86
           22,      8.800,   17.67, 1336.98, 151.93,      4.400,   37.53,  629.43, 143.05,     17.600,    0.00,     inf,    inf,     8.800,   34.91,  676.60,  76.89
           23,     10.222,   14.66, 1684.55, 164.79,      5.111,   31.93,  773.44, 151.33,     20.444,    0.00,     inf,    inf,    10.222,   36.60,  674.78,  66.01
           24,     12.000,   14.37, 1792.98, 149.41,      6.000,   30.09,  856.41, 142.73,     24.000,    0.00,     inf,    inf,    12.000,   38.82,  663.76,  55.31
           25,     14.286,   11.43, 2348.72, 164.41,      7.143,   24.54, 1093.67, 153.11,     28.571,    0.00,     inf,    inf,    14.286,   38.94,  689.42,  48.26
           26,     17.333,   10.87, 2568.89, 148.21,      8.667,   22.26, 1254.08, 144.70,     34.667,    0.00,     inf,    inf,    17.333,   41.45,  673.53,  38.86
           27,     21.600,   10.02, 2893.21, 133.94,     10.800,   22.74, 1274.95, 118.05,     43.200,    0.00,     inf,    inf,    21.600,   42.37,  684.30,  31.68
           28,     28.000,    8.76, 3432.36, 122.58,     14.000,   23.43, 1283.08,  91.65,     56.000,    0.00,     inf,    inf,    28.000,   43.90,  684.92,  24.46
           29,     38.667,    8.97, 3471.80,  89.79,     19.333,   23.31, 1335.89,  69.10,     77.333,    0.00,     inf,    inf,    38.667,   45.34,  686.70,  17.76
           30,     60.000,    9.11, 3537.49,  58.96,     30.000,   23.74, 1357.05,  45.24,    120.000,    0.00,     inf,    inf,    60.000,   47.03,  684.89,  11.41
           31,    124.000,    9.28, 3586.26,  28.92,     62.000,   24.16, 1377.52,  22.22,    248.000,    0.00,     inf,    inf,   124.000,   47.50,  700.70,   5.65
           32,        inf,    9.31, 3691.36,   0.00,        inf,   24.78, 1386.39,   0.00,        inf,    0.00,     inf,   -nan,       inf,   48.69,  705.64,   0.00
--------------------------------------------------------------------------------------------------------------------------------------------------------------------
mixbench/alternating (v0.03-1-g3ace732)
------------------------ Device specifications ------------------------
Device:              Tesla K80
CUDA driver version: 10.0
GPU clock rate:      823 MHz
Memory clock rate:   1252 MHz
Memory bus width:    384 bits
WarpSize:            32
L2 cache size:       1536 KB
Total global mem:    11441 MB
ECC enabled:         Yes
Compute Capability:  3.7
Total SPs:           2496 (13 MPs x 192 SPs/MP)
Compute throughput:  4110.91 GFlops (theoretical single precision FMAs)
Memory bandwidth:    240.48 GB/sec
-----------------------------------------------------------------------
Total GPU memory 11996954624, free 11921850368
Buffer size:          64MB
Trade-off type:       compute with global memory (block strided)
Warning:              Half precision computations are not supported
----------------------------------------------------------------------------- CSV data -----------------------------------------------------------------------------
Experiment ID, Single Precision ops,,,,              Double precision ops,,,,              Half precision ops,,,,                Integer operations,,, 
Compute iters, Flops/byte, ex.time,  GFLOPS, GB/sec, Flops/byte, ex.time,  GFLOPS, GB/sec, Flops/byte, ex.time,  GFLOPS, GB/sec, Iops/byte, ex.time,   GIOPS, GB/sec
            0,      0.000,   56.86,    0.00, 151.07,      0.000,  118.97,    0.00, 144.40,      0.000,    0.00,    -nan,    inf,     0.000,   55.40,    0.00, 155.05
            1,      0.129,   53.48,   20.08, 155.60,      0.065,  115.20,    9.32, 144.47,      0.258,    0.00,     inf,    inf,     0.129,   53.36,   20.12, 155.94
            2,      0.267,   51.88,   41.39, 155.22,      0.133,  111.31,   19.29, 144.70,      0.533,    0.00,     inf,    inf,     0.267,   51.85,   41.41, 155.30
            3,      0.414,   49.32,   65.32, 157.85,      0.207,  107.83,   29.87, 144.39,      0.828,    0.00,     inf,    inf,     0.414,   49.86,   64.60, 156.12
            4,      0.571,   48.25,   89.02, 155.78,      0.286,  103.67,   41.43, 145.01,      1.143,    0.00,     inf,    inf,     0.571,   48.27,   88.98, 155.72
            5,      0.741,   44.79,  119.87, 161.82,      0.370,  100.44,   53.45, 144.32,      1.481,    0.00,     inf,    inf,     0.741,   45.21,  118.74, 160.30
            6,      0.923,   43.19,  149.16, 161.59,      0.462,   96.53,   66.74, 144.61,      1.846,    0.00,     inf,    inf,     0.923,   43.77,  147.20, 159.46
            7,      1.120,   39.83,  188.71, 168.49,      0.560,   92.59,   81.17, 144.95,      2.240,    0.00,     inf,    inf,     1.120,   40.31,  186.47, 166.49
            8,      1.333,   38.56,  222.80, 167.10,      0.667,   88.31,   97.28, 145.91,      2.667,    0.00,     inf,    inf,     1.333,   39.04,  220.04, 165.03
            9,      1.565,   34.95,  276.49, 176.65,      0.783,   85.13,  113.52, 145.05,      3.130,    0.00,     inf,    inf,     1.565,   35.98,  268.59, 171.60
           10,      1.818,   34.34,  312.66, 171.96,      0.909,   81.07,  132.45, 145.69,      3.636,    0.00,     inf,    inf,     1.818,   34.80,  308.57, 169.71
           11,      2.095,   29.12,  405.54, 193.55,      1.048,   77.73,  151.95, 145.05,      4.190,    0.00,     inf,    inf,     2.095,   18.40,  641.78, 306.31
           12,      2.400,   28.36,  454.36, 189.32,      1.200,   73.69,  174.86, 145.72,      4.800,    0.00,     inf,    inf,     2.400,   20.19,  638.17, 265.90
           13,      2.737,   23.46,  594.96, 217.39,      1.368,   70.03,  199.31, 145.65,      5.474,    0.00,     inf,    inf,     2.737,   21.76,  641.63, 234.44
           14,      3.111,   22.15,  678.54, 218.10,      1.556,   66.21,  227.04, 145.96,      6.222,    0.00,     inf,    inf,     3.111,   22.96,  654.69, 210.44
           15,      3.529,   18.50,  870.40, 246.61,      1.765,   61.68,  261.11, 147.96,      7.059,    0.00,     inf,    inf,     3.529,   24.64,  653.78, 185.24
           16,      4.000,   28.26,  607.88, 151.97,      2.000,   59.67,  287.93, 143.97,      8.000,    0.00,     inf,    inf,     4.000,   26.53,  647.54, 161.89
           17,      4.533,   25.52,  715.16, 157.76,      2.267,   54.47,  335.11, 147.84,      9.067,    0.00,     inf,    inf,     4.533,   27.11,  673.39, 148.54
           18,      5.143,   24.21,  798.21, 155.21,      2.571,   52.07,  371.20, 144.36,     10.286,    0.00,     inf,    inf,     5.143,   29.31,  659.38, 128.21
           19,      5.846,   21.20,  962.40, 164.62,      2.923,   47.11,  433.01, 148.14,     11.692,    0.00,     inf,    inf,     5.846,   31.01,  657.97, 112.55
           20,      6.667,   19.72, 1089.19, 163.38,      3.333,   44.59,  481.66, 144.50,     13.333,    0.00,     inf,    inf,     6.667,   32.07,  669.66, 100.45
           21,      7.636,   17.17, 1313.54, 172.01,      3.818,   39.57,  569.82, 149.24,     15.273,    0.00,     inf,    inf,     7.636,   33.62,  670.74,  87.84
           22,      8.800,   17.64, 1339.03, 152.16,      4.400,   37.33,  632.76, 143.81,     17.600,    0.00,     inf,    inf,     8.800,   34.91,  676.61,  76.89
           23,     10.222,   14.63, 1687.99, 165.13,      5.111,   32.16,  767.87, 150.24,     20.444,    0.00,     inf,    inf,    10.222,   36.98,  667.78,  65.33
           24,     12.000,   14.33, 1797.90, 149.82,      6.000,   29.96,  860.03, 143.34,     24.000,    0.00,     inf,    inf,    12.000,   38.38,  671.48,  55.96
           25,     14.286,   11.44, 2346.69, 164.27,      7.143,   24.76, 1084.09, 151.77,     28.571,    0.00,     inf,    inf,    14.286,   38.94,  689.42,  48.26
           26,     17.333,   10.98, 2542.51, 146.68,      8.667,   22.49, 1241.37, 143.23,     34.667,    0.00,     inf,    inf,    17.333,   41.45,  673.48,  38.85
           27,     21.600,   10.01, 2897.07, 134.12,     10.800,   22.96, 1262.71, 116.92,     43.200,    0.00,     inf,    inf,    21.600,   41.87,  692.38,  32.05
           28,     28.000,    8.77, 3427.93, 122.43,     14.000,   23.44, 1282.41,  91.60,     56.000,    0.00,     inf,    inf,    28.000,   44.42,  676.81,  24.17
           29,     38.667,    8.96, 3474.50,  89.86,     19.333,   23.31, 1335.92,  69.10,     77.333,    0.00,     inf,    inf,    38.667,   45.22,  688.60,  17.81
           30,     60.000,    9.12, 3531.28,  58.85,     30.000,   23.74, 1356.94,  45.23,    120.000,    0.00,     inf,    inf,    60.000,   47.06,  684.43,  11.41
           31,    124.000,    9.28, 3586.63,  28.92,     62.000,   24.18, 1376.85,  22.21,    248.000,    0.00,     inf,    inf,   124.000,   47.82,  696.00,   5.61
           32,        inf,    9.31, 3691.80,   0.00,        inf,   24.78, 1386.55,   0.00,        inf,    0.00,     inf,   -nan,       inf,   48.73,  705.12,   0.00
--------------------------------------------------------------------------------------------------------------------------------------------------------------------
mixbench/alternating (v0.03-1-g3ace732)
------------------------ Device specifications ------------------------
Device:              Tesla K80
CUDA driver version: 10.0
GPU clock rate:      823 MHz
Memory clock rate:   1252 MHz
Memory bus width:    384 bits
WarpSize:            32
L2 cache size:       1536 KB
Total global mem:    11441 MB
ECC enabled:         Yes
Compute Capability:  3.7
Total SPs:           2496 (13 MPs x 192 SPs/MP)
Compute throughput:  4110.91 GFlops (theoretical single precision FMAs)
Memory bandwidth:    240.48 GB/sec
-----------------------------------------------------------------------
Total GPU memory 11996954624, free 11921850368
Buffer size:          64MB
Trade-off type:       compute with global memory (block strided)
Warning:              Half precision computations are not supported
----------------------------------------------------------------------------- CSV data -----------------------------------------------------------------------------
Experiment ID, Single Precision ops,,,,              Double precision ops,,,,              Half precision ops,,,,                Integer operations,,, 
Compute iters, Flops/byte, ex.time,  GFLOPS, GB/sec, Flops/byte, ex.time,  GFLOPS, GB/sec, Flops/byte, ex.time,  GFLOPS, GB/sec, Iops/byte, ex.time,   GIOPS, GB/sec
            0,      0.000,   56.04,    0.00, 153.29,      0.000,  118.93,    0.00, 144.46,      0.000,    0.00,    -nan,    inf,     0.000,   55.36,    0.00, 155.16
            1,      0.129,   53.47,   20.08, 155.63,      0.065,  115.09,    9.33, 144.61,      0.258,    0.00,     inf,    inf,     0.129,   53.60,   20.03, 155.27
            2,      0.267,   51.79,   41.47, 155.51,      0.133,  111.25,   19.30, 144.77,      0.533,    0.00,     inf,    inf,     0.267,   51.85,   41.42, 155.31
            3,      0.414,   49.67,   64.85, 156.71,      0.207,  107.80,   29.88, 144.42,      0.828,    0.00,     inf,    inf,     0.414,   49.67,   64.86, 156.74
            4,      0.571,   48.20,   89.10, 155.92,      0.286,  103.87,   41.35, 144.72,      1.143,    0.00,     inf,    inf,     0.571,   48.13,   89.23, 156.15
            5,      0.741,   44.51,  120.62, 162.84,      0.370,  100.11,   53.63, 144.79,      1.481,    0.00,     inf,    inf,     0.741,   45.20,  118.79, 160.37
            6,      0.923,   43.29,  148.81, 161.21,      0.462,   96.21,   66.96, 145.08,      1.846,    0.00,     inf,    inf,     0.923,   43.66,  147.54, 159.84
            7,      1.120,   39.73,  189.17, 168.91,      0.560,   92.87,   80.93, 144.52,      2.240,    0.00,     inf,    inf,     1.120,   40.05,  187.67, 167.56
            8,      1.333,   38.51,  223.05, 167.29,      0.667,   88.59,   96.96, 145.45,      2.667,    0.00,     inf,    inf,     1.333,   38.76,  221.62, 166.22
            9,      1.565,   35.00,  276.12, 176.41,      0.783,   85.22,  113.40, 144.90,      3.130,    0.00,     inf,    inf,     1.565,   36.01,  268.36, 171.45
           10,      1.818,   34.30,  313.08, 172.19,      0.909,   81.26,  132.14, 145.35,      3.636,    0.00,     inf,    inf,     1.818,   34.90,  307.66, 169.21
           11,      2.095,   29.09,  406.09, 193.81,      1.048,   77.66,  152.09, 145.17,      4.190,    0.00,     inf,    inf,     2.095,   18.55,  636.77, 303.92
           12,      2.400,   28.46,  452.77, 188.66,      1.200,   73.52,  175.26, 146.05,      4.800,    0.00,     inf,    inf,     2.400,   20.36,  632.75, 263.65
           13,      2.737,   23.52,  593.41, 216.82,      1.368,   70.05,  199.27, 145.62,      5.474,    0.00,     inf,    inf,     2.737,   21.77,  641.14, 234.26
           14,      3.111,   22.09,  680.47, 218.72,      1.556,   66.28,  226.80, 145.80,      6.222,    0.00,     inf,    inf,     3.111,   22.76,  660.48, 212.30
           15,      3.529,   18.47,  872.11, 247.10,      1.765,   61.52,  261.79, 148.35,      7.059,    0.00,     inf,    inf,     3.529,   24.66,  653.14, 185.06
           16,      4.000,   28.03,  612.96, 153.24,      2.000,   59.44,  289.05, 144.52,      8.000,    0.00,     inf,    inf,     4.000,   26.32,  652.84, 163.21
           17,      4.533,   25.57,  713.98, 157.50,      2.267,   54.50,  334.92, 147.76,      9.067,    0.00,     inf,    inf,     4.533,   27.12,  673.17, 148.49
           18,      5.143,   24.28,  796.10, 154.80,      2.571,   52.17,  370.49, 144.08,     10.286,    0.00,     inf,    inf,     5.143,   29.45,  656.31, 127.62
           19,      5.846,   21.15,  964.71, 165.02,      2.923,   47.21,  432.15, 147.84,     11.692,    0.00,     inf,    inf,     5.846,   30.65,  665.58, 113.85
           20,      6.667,   19.62, 1094.80, 164.22,      3.333,   44.66,  480.87, 144.26,     13.333,    0.00,     inf,    inf,     6.667,   32.31,  664.68,  99.70
           21,      7.636,   17.10, 1318.68, 172.68,      3.818,   39.54,  570.32, 149.37,     15.273,    0.00,     inf,    inf,     7.636,   33.23,  678.66,  88.87
           22,      8.800,   17.64, 1339.48, 152.21,      4.400,   37.40,  631.66, 143.56,     17.600,    0.00,     inf,    inf,     8.800,   35.30,  669.11,  76.04
           23,     10.222,   14.63, 1688.47, 165.18,      5.111,   32.09,  769.58, 150.57,     20.444,    0.00,     inf,    inf,    10.222,   36.60,  674.80,  66.01
           24,     12.000,   14.35, 1796.07, 149.67,      6.000,   30.05,  857.70, 142.95,     24.000,    0.00,     inf,    inf,    12.000,   38.37,  671.59,  55.97
           25,     14.286,   11.41, 2353.20, 164.72,      7.143,   24.79, 1083.00, 151.62,     28.571,    0.00,     inf,    inf,    14.286,   38.94,  689.39,  48.26
           26,     17.333,   10.97, 2545.49, 146.86,      8.667,   22.48, 1241.90, 143.30,     34.667,    0.00,     inf,    inf,    17.333,   41.46,  673.34,  38.85
           27,     21.600,    9.92, 2922.92, 135.32,     10.800,   22.75, 1274.56, 118.01,     43.200,    0.00,     inf,    inf,    21.600,   42.37,  684.30,  31.68
           28,     28.000,    8.75, 3436.80, 122.74,     14.000,   23.44, 1282.87,  91.63,     56.000,    0.00,     inf,    inf,    28.000,   43.90,  684.88,  24.46
           29,     38.667,    8.97, 3470.24,  89.75,     19.333,   23.31, 1336.06,  69.11,     77.333,    0.00,     inf,    inf,    38.667,   45.34,  686.73,  17.76
           30,     60.000,    9.04, 3564.93,  59.42,     30.000,   23.74, 1357.07,  45.24,    120.000,    0.00,     inf,    inf,    60.000,   47.13,  683.55,  11.39
           31,    124.000,    9.29, 3582.31,  28.89,     62.000,   24.17, 1377.09,  22.21,    248.000,    0.00,     inf,    inf,   124.000,   47.53,  700.38,   5.65
           32,        inf,    9.30, 3695.40,   0.00,        inf,   24.79, 1386.28,   0.00,        inf,    0.00,     inf,   -nan,       inf,   49.06,  700.42,   0.00
--------------------------------------------------------------------------------------------------------------------------------------------------------------------
mixbench/alternating (v0.03-1-g3ace732)
------------------------ Device specifications ------------------------
Device:              Tesla K80
CUDA driver version: 10.0
GPU clock rate:      823 MHz
Memory clock rate:   1252 MHz
Memory bus width:    384 bits
WarpSize:            32
L2 cache size:       1536 KB
Total global mem:    11441 MB
ECC enabled:         Yes
Compute Capability:  3.7
Total SPs:           2496 (13 MPs x 192 SPs/MP)
Compute throughput:  4110.91 GFlops (theoretical single precision FMAs)
Memory bandwidth:    240.48 GB/sec
-----------------------------------------------------------------------
Total GPU memory 11996954624, free 11921850368
Buffer size:          64MB
Trade-off type:       compute with global memory (block strided)
Warning:              Half precision computations are not supported
----------------------------------------------------------------------------- CSV data -----------------------------------------------------------------------------
Experiment ID, Single Precision ops,,,,              Double precision ops,,,,              Half precision ops,,,,                Integer operations,,, 
Compute iters, Flops/byte, ex.time,  GFLOPS, GB/sec, Flops/byte, ex.time,  GFLOPS, GB/sec, Flops/byte, ex.time,  GFLOPS, GB/sec, Iops/byte, ex.time,   GIOPS, GB/sec
            0,      0.000,   56.12,    0.00, 153.07,      0.000,  118.78,    0.00, 144.64,      0.000,    0.00,    -nan,    inf,     0.000,   55.50,    0.00, 154.79
            1,      0.129,   53.63,   20.02, 155.15,      0.065,  115.25,    9.32, 144.40,      0.258,    0.00,     inf,    inf,     0.129,   53.43,   20.10, 155.74
            2,      0.267,   51.82,   41.44, 155.40,      0.133,  111.01,   19.34, 145.08,      0.533,    0.00,     inf,    inf,     0.267,   52.05,   41.26, 154.73
            3,      0.414,   49.38,   65.24, 157.66,      0.207,  107.69,   29.91, 144.58,      0.828,    0.00,     inf,    inf,     0.414,   49.60,   64.95, 156.96
            4,      0.571,   48.24,   89.04, 155.82,      0.286,  104.00,   41.30, 144.54,      1.143,    0.00,     inf,    inf,     0.571,   48.20,   89.12, 155.95
            5,      0.741,   44.60,  120.37, 162.50,      0.370,  100.38,   53.48, 144.41,      1.481,    0.00,     inf,    inf,     0.741,   45.21,  118.75, 160.31
            6,      0.923,   43.28,  148.86, 161.27,      0.462,   96.43,   66.81, 144.75,      1.846,    0.00,     inf,    inf,     0.923,   43.54,  147.96, 160.29
            7,      1.120,   39.81,  188.81, 168.58,      0.560,   92.59,   81.17, 144.95,      2.240,    0.00,     inf,    inf,     1.120,   40.33,  186.36, 166.39
            8,      1.333,   38.65,  222.24, 166.68,      0.667,   88.42,   97.15, 145.73,      2.667,    0.00,     inf,    inf,     1.333,   38.92,  220.72, 165.54
            9,      1.565,   34.98,  276.27, 176.51,      0.783,   85.46,  113.08, 144.49,      3.130,    0.00,     inf,    inf,     1.565,   35.92,  269.03, 171.88
           10,      1.818,   34.32,  312.87, 172.08,      0.909,   80.98,  132.59, 145.85,      3.636,    0.00,     inf,    inf,     1.818,   34.85,  308.07, 169.44
           11,      2.095,   29.10,  405.84, 193.70,      1.048,   77.53,  152.33, 145.41,      4.190,    0.00,     inf,    inf,     2.095,   18.41,  641.71, 306.27
           12,      2.400,   28.23,  456.43, 190.18,      1.200,   73.75,  174.71, 145.59,      4.800,    0.00,     inf,    inf,     2.400,   20.13,  640.06, 266.69
           13,      2.737,   23.59,  591.78, 216.23,      1.368,   70.10,  199.11, 145.50,      5.474,    0.00,     inf,    inf,     2.737,   21.57,  647.24, 236.49
           14,      3.111,   22.20,  677.12, 217.65,      1.556,   65.92,  228.05, 146.60,      6.222,    0.00,     inf,    inf,     3.111,   22.76,  660.48, 212.30
           15,      3.529,   18.50,  870.77, 246.72,      1.765,   61.20,  263.17, 149.13,      7.059,    0.00,     inf,    inf,     3.529,   24.89,  647.03, 183.33
           16,      4.000,   28.09,  611.59, 152.90,      2.000,   59.51,  288.70, 144.35,      8.000,    0.00,     inf,    inf,     4.000,   26.55,  647.02, 161.75
           17,      4.533,   25.44,  717.64, 158.30,      2.267,   54.64,  334.09, 147.39,      9.067,    0.00,     inf,    inf,     4.533,   27.14,  672.67, 148.38
           18,      5.143,   24.27,  796.41, 154.86,      2.571,   52.04,  371.42, 144.44,     10.286,    0.00,     inf,    inf,     5.143,   29.46,  656.05, 127.57
           19,      5.846,   21.14,  965.18, 165.10,      2.923,   47.44,  430.07, 147.13,     11.692,    0.00,     inf,    inf,     5.846,   30.88,  660.76, 113.02
           20,      6.667,   19.74, 1087.68, 163.15,      3.333,   44.71,  480.28, 144.08,     13.333,    0.00,     inf,    inf,     6.667,   32.30,  664.89,  99.73
           21,      7.636,   17.11, 1317.62, 172.55,      3.818,   39.55,  570.15, 149.33,     15.273,    0.00,     inf,    inf,     7.636,   33.62,  670.68,  87.83
           22,      8.800,   17.65, 1338.10, 152.06,      4.400,   37.56,  628.94, 142.94,     17.600,    0.00,     inf,    inf,     8.800,   34.92,  676.53,  76.88
           23,     10.222,   14.61, 1690.20, 165.35,      5.111,   32.09,  769.70, 150.59,     20.444,    0.00,     inf,    inf,    10.222,   37.00,  667.54,  65.30
           24,     12.000,   14.37, 1793.76, 149.48,      6.000,   30.08,  856.59, 142.76,     24.000,    0.00,     inf,    inf,    12.000,   38.38,  671.44,  55.95
           25,     14.286,   11.42, 2350.30, 164.52,      7.143,   24.84, 1080.55, 151.28,     28.571,    0.00,     inf,    inf,    14.286,   38.47,  697.70,  48.84
           26,     17.333,   10.98, 2543.65, 146.75,      8.667,   22.50, 1241.02, 143.19,     34.667,    0.00,     inf,    inf,    17.333,   41.89,  666.44,  38.45
           27,     21.600,   10.01, 2896.68, 134.11,     10.800,   22.98, 1261.56, 116.81,     43.200,    0.00,     inf,    inf,    21.600,   42.37,  684.17,  31.67
           28,     28.000,    8.74, 3438.31, 122.80,     14.000,   23.44, 1282.74,  91.62,     56.000,    0.00,     inf,    inf,    28.000,   43.92,  684.61,  24.45
           29,     38.667,    8.98, 3468.02,  89.69,     19.333,   23.32, 1335.38,  69.07,     77.333,    0.00,     inf,    inf,    38.667,   44.85,  694.28,  17.96
           30,     60.000,    9.11, 3537.53,  58.96,     30.000,   23.74, 1356.82,  45.23,    120.000,    0.00,     inf,    inf,    60.000,   47.21,  682.29,  11.37
           31,    124.000,    9.28, 3586.68,  28.92,     62.000,   24.16, 1377.82,  22.22,    248.000,    0.00,     inf,    inf,   124.000,   47.54,  700.20,   5.65
           32,        inf,    9.30, 3695.46,   0.00,        inf,   24.49, 1402.80,   0.00,        inf,    0.00,     inf,   -nan,       inf,   48.88,  702.98,   0.00
--------------------------------------------------------------------------------------------------------------------------------------------------------------------
mixbench/alternating (v0.03-1-g3ace732)
------------------------ Device specifications ------------------------
Device:              Tesla K80
CUDA driver version: 10.0
GPU clock rate:      823 MHz
Memory clock rate:   1252 MHz
Memory bus width:    384 bits
WarpSize:            32
L2 cache size:       1536 KB
Total global mem:    11441 MB
ECC enabled:         Yes
Compute Capability:  3.7
Total SPs:           2496 (13 MPs x 192 SPs/MP)
Compute throughput:  4110.91 GFlops (theoretical single precision FMAs)
Memory bandwidth:    240.48 GB/sec
-----------------------------------------------------------------------
Total GPU memory 11996954624, free 11921850368
Buffer size:          64MB
Trade-off type:       compute with global memory (block strided)
Warning:              Half precision computations are not supported
----------------------------------------------------------------------------- CSV data -----------------------------------------------------------------------------
Experiment ID, Single Precision ops,,,,              Double precision ops,,,,              Half precision ops,,,,                Integer operations,,, 
Compute iters, Flops/byte, ex.time,  GFLOPS, GB/sec, Flops/byte, ex.time,  GFLOPS, GB/sec, Flops/byte, ex.time,  GFLOPS, GB/sec, Iops/byte, ex.time,   GIOPS, GB/sec
            0,      0.000,   56.21,    0.00, 152.81,      0.000,  118.69,    0.00, 144.75,      0.000,    0.00,    -nan,    inf,     0.000,   55.41,    0.00, 155.01
            1,      0.129,   53.58,   20.04, 155.30,      0.065,  115.04,    9.33, 144.67,      0.258,    0.00,     inf,    inf,     0.129,   53.17,   20.19, 156.50
            2,      0.267,   51.76,   41.49, 155.58,      0.133,  111.37,   19.28, 144.62,      0.533,    0.00,     inf,    inf,     0.267,   52.13,   41.20, 154.49
            3,      0.414,   49.21,   65.46, 158.21,      0.207,  107.90,   29.85, 144.30,      0.828,    0.00,     inf,    inf,     0.414,   49.57,   64.98, 157.03
            4,      0.571,   48.06,   89.37, 156.39,      0.286,  103.98,   41.31, 144.57,      1.143,    0.00,     inf,    inf,     0.571,   48.32,   88.89, 155.55
            5,      0.741,   44.82,  119.79, 161.72,      0.370,   99.96,   53.71, 145.01,      1.481,    0.00,     inf,    inf,     0.741,   45.35,  118.37, 159.80
            6,      0.923,   43.27,  148.90, 161.31,      0.462,   96.41,   66.82, 144.78,      1.846,    0.00,     inf,    inf,     0.923,   43.68,  147.50, 159.79
            7,      1.120,   39.85,  188.62, 168.41,      0.560,   92.68,   81.10, 144.82,      2.240,    0.00,     inf,    inf,     1.120,   40.36,  186.25, 166.30
            8,      1.333,   38.49,  223.17, 167.37,      0.667,   88.59,   96.96, 145.44,      2.667,    0.00,     inf,    inf,     1.333,   39.10,  219.67, 164.76
            9,      1.565,   35.02,  275.94, 176.29,      0.783,   85.12,  113.54, 145.07,      3.130,    0.00,     inf,    inf,     1.565,   36.08,  267.86, 171.14
           10,      1.818,   34.37,  312.40, 171.82,      0.909,   81.32,  132.04, 145.24,      3.636,    0.00,     inf,    inf,     1.818,   34.66,  309.79, 170.38
           11,      2.095,   29.11,  405.76, 193.66,      1.048,   77.22,  152.95, 146.00,      4.190,    0.00,     inf,    inf,     2.095,   18.42,  641.06, 305.96
           12,      2.400,   28.14,  457.92, 190.80,      1.200,   74.00,  174.11, 145.10,      4.800,    0.00,     inf,    inf,     2.400,   20.12,  640.37, 266.82
           13,      2.737,   23.48,  594.41, 217.19,      1.368,   69.67,  200.34, 146.40,      5.474,    0.00,     inf,    inf,     2.737,   21.57,  647.24, 236.49
           14,      3.111,   22.18,  677.64, 217.81,      1.556,   66.09,  227.46, 146.23,      6.222,    0.00,     inf,    inf,     3.111,   22.76,  660.50, 212.31
           15,      3.529,   18.48,  871.37, 246.89,      1.765,   61.60,  261.48, 148.17,      7.059,    0.00,     inf,    inf,     3.529,   24.91,  646.54, 183.19
           16,      4.000,   28.07,  612.02, 153.00,      2.000,   59.43,  289.06, 144.53,      8.000,    0.00,     inf,    inf,     4.000,   26.28,  653.61, 163.40
           17,      4.533,   25.65,  711.69, 156.99,      2.267,   54.66,  333.98, 147.34,      9.067,    0.00,     inf,    inf,     4.533,   27.15,  672.29, 148.30
           18,      5.143,   24.30,  795.50, 154.68,      2.571,   52.12,  370.86, 144.22,     10.286,    0.00,     inf,    inf,     5.143,   29.32,  659.13, 128.16
           19,      5.846,   21.13,  965.47, 165.15,      2.923,   47.35,  430.84, 147.39,     11.692,    0.00,     inf,    inf,     5.846,   30.99,  658.29, 112.60
           20,      6.667,   19.68, 1091.43, 163.71,      3.333,   44.57,  481.86, 144.56,     13.333,    0.00,     inf,    inf,     6.667,   32.06,  669.78, 100.47
           21,      7.636,   17.11, 1317.89, 172.58,      3.818,   39.64,  568.77, 148.96,     15.273,    0.00,     inf,    inf,     7.636,   33.62,  670.68,  87.83
           22,      8.800,   17.63, 1339.57, 152.22,      4.400,   37.45,  630.69, 143.34,     17.600,    0.00,     inf,    inf,     8.800,   34.90,  676.76,  76.90
           23,     10.222,   14.60, 1691.93, 165.51,      5.111,   32.04,  770.76, 150.80,     20.444,    0.00,     inf,    inf,    10.222,   37.01,  667.28,  65.28
           24,     12.000,   14.34, 1796.64, 149.72,      6.000,   29.91,  861.65, 143.61,     24.000,    0.00,     inf,    inf,    12.000,   38.83,  663.73,  55.31
           25,     14.286,   11.43, 2348.52, 164.40,      7.143,   24.72, 1085.86, 152.02,     28.571,    0.00,     inf,    inf,    14.286,   38.95,  689.26,  48.25
           26,     17.333,   10.92, 2556.73, 147.50,      8.667,   22.28, 1253.00, 144.58,     34.667,    0.00,     inf,    inf,    17.333,   41.45,  673.57,  38.86
           27,     21.600,   10.02, 2894.62, 134.01,     10.800,   22.98, 1261.69, 116.82,     43.200,    0.00,     inf,    inf,    21.600,   41.88,  692.30,  32.05
           28,     28.000,    8.76, 3431.95, 122.57,     14.000,   23.45, 1281.92,  91.57,     56.000,    0.00,     inf,    inf,    28.000,   43.90,  684.83,  24.46
           29,     38.667,    8.97, 3469.94,  89.74,     19.333,   23.59, 1320.09,  68.28,     77.333,    0.00,     inf,    inf,    38.667,   45.34,  686.74,  17.76
           30,     60.000,    9.10, 3538.61,  58.98,     30.000,   23.50, 1370.57,  45.69,    120.000,    0.00,     inf,    inf,    60.000,   46.66,  690.33,  11.51
           31,    124.000,    9.28, 3587.21,  28.93,     62.000,   23.88, 1393.75,  22.48,    248.000,    0.00,     inf,    inf,   124.000,   47.53,  700.33,   5.65
           32,        inf,    9.30, 3693.10,   0.00,        inf,   24.78, 1386.32,   0.00,        inf,    0.00,     inf,   -nan,       inf,   49.06,  700.38,   0.00
--------------------------------------------------------------------------------------------------------------------------------------------------------------------
