mixbench/alternating (v0.03-1-g3ace732)
------------------------ Device specifications ------------------------
Device:              Tesla K80
CUDA driver version: 10.0
GPU clock rate:      823 MHz
Memory clock rate:   1252 MHz
Memory bus width:    384 bits
WarpSize:            32
L2 cache size:       1536 KB
Total global mem:    11441 MB
ECC enabled:         Yes
Compute Capability:  3.7
Total SPs:           2496 (13 MPs x 192 SPs/MP)
Compute throughput:  4110.91 GFlops (theoretical single precision FMAs)
Memory bandwidth:    240.48 GB/sec
-----------------------------------------------------------------------
Total GPU memory 11996954624, free 11921850368
Buffer size:          64MB
Trade-off type:       compute with global memory (block strided)
Warning:              Half precision computations are not supported
----------------------------------------------------------------------------- CSV data -----------------------------------------------------------------------------
Experiment ID, Single Precision ops,,,,              Double precision ops,,,,              Half precision ops,,,,                Integer operations,,, 
Compute iters, Flops/byte, ex.time,  GFLOPS, GB/sec, Flops/byte, ex.time,  GFLOPS, GB/sec, Flops/byte, ex.time,  GFLOPS, GB/sec, Iops/byte, ex.time,   GIOPS, GB/sec
            0,      0.000,   56.09,    0.00, 153.15,      0.000,  118.94,    0.00, 144.45,      0.000,    0.00,    -nan,    inf,     0.000,   55.71,    0.00, 154.20
            1,      0.129,   53.72,   19.99, 154.90,      0.065,  115.32,    9.31, 144.32,      0.258,    0.00,     inf,    inf,     0.129,   53.34,   20.13, 156.00
            2,      0.267,   51.83,   41.43, 155.38,      0.133,  111.40,   19.28, 144.58,      0.533,    0.00,     inf,    inf,     0.267,   51.88,   41.39, 155.22
            3,      0.414,   49.41,   65.19, 157.54,      0.207,  107.94,   29.84, 144.23,      0.828,    0.00,     inf,    inf,     0.414,   49.87,   64.59, 156.10
            4,      0.571,   48.19,   89.13, 155.98,      0.286,  103.58,   41.46, 145.13,      1.143,    0.00,     inf,    inf,     0.571,   48.33,   88.86, 155.51
            5,      0.741,   44.61,  120.34, 162.45,      0.370,  100.20,   53.58, 144.67,      1.481,    0.00,     inf,    inf,     0.741,   45.07,  119.12, 160.81
            6,      0.923,   43.47,  148.20, 160.55,      0.462,   96.08,   67.06, 145.29,      1.846,    0.00,     inf,    inf,     0.923,   43.77,  147.19, 159.45
            7,      1.120,   39.66,  189.51, 169.21,      0.560,   92.81,   80.99, 144.62,      2.240,    0.00,     inf,    inf,     1.120,   40.05,  187.66, 167.55
            8,      1.333,   38.49,  223.17, 167.38,      0.667,   89.00,   96.52, 144.78,      2.667,    0.00,     inf,    inf,     1.333,   38.89,  220.90, 165.68
            9,      1.565,   35.06,  275.66, 176.11,      0.783,   85.48,  113.05, 144.45,      3.130,    0.00,     inf,    inf,     1.565,   35.92,  269.07, 171.90
           10,      1.818,   34.22,  313.79, 172.59,      0.909,   81.44,  131.84, 145.03,      3.636,    0.00,     inf,    inf,     1.818,   34.76,  308.94, 169.92
           11,      2.095,   29.06,  406.40, 193.96,      1.048,   77.70,  152.01, 145.10,      4.190,    0.00,     inf,    inf,     2.095,   18.14,  651.13, 310.77
           12,      2.400,   28.33,  454.75, 189.48,      1.200,   73.57,  175.15, 145.95,      4.800,    0.00,     inf,    inf,     2.400,   20.13,  640.14, 266.73
           13,      2.737,   23.53,  593.34, 216.80,      1.368,   69.74,  200.17, 146.28,      5.474,    0.00,     inf,    inf,     2.737,   21.52,  648.71, 237.03
           14,      3.111,   22.04,  682.13, 219.26,      1.556,   65.96,  227.90, 146.50,      6.222,    0.00,     inf,    inf,     3.111,   22.70,  662.35, 212.90
           15,      3.529,   18.46,  872.44, 247.19,      1.765,   61.46,  262.06, 148.50,      7.059,    0.00,     inf,    inf,     3.529,   24.37,  660.82, 187.23
           16,      4.000,   27.97,  614.13, 153.53,      2.000,   59.68,  287.87, 143.94,      8.000,    0.00,     inf,    inf,     4.000,   26.15,  657.02, 164.26
           17,      4.533,   25.50,  715.96, 157.93,      2.267,   54.45,  335.21, 147.89,      9.067,    0.00,     inf,    inf,     4.533,   26.72,  683.18, 150.70
           18,      5.143,   24.26,  796.66, 154.91,      2.571,   52.03,  371.49, 144.47,     10.286,    0.00,     inf,    inf,     5.143,   29.00,  666.54, 129.61
           19,      5.846,   21.19,  962.58, 164.65,      2.923,   47.09,  433.27, 148.22,     11.692,    0.00,     inf,    inf,     5.846,   30.65,  665.71, 113.87
           20,      6.667,   19.67, 1091.62, 163.74,      3.333,   44.74,  479.97, 143.99,     13.333,    0.00,     inf,    inf,     6.667,   31.71,  677.30, 101.60
           21,      7.636,   17.14, 1315.31, 172.24,      3.818,   39.57,  569.89, 149.26,     15.273,    0.00,     inf,    inf,     7.636,   32.87,  686.08,  89.84
           22,      8.800,   17.65, 1338.64, 152.12,      4.400,   37.67,  627.13, 142.53,     17.600,    0.00,     inf,    inf,     8.800,   34.89,  676.99,  76.93
           23,     10.222,   14.61, 1690.58, 165.38,      5.111,   32.02,  771.35, 150.92,     20.444,    0.00,     inf,    inf,    10.222,   36.21,  681.96,  66.71
           24,     12.000,   14.37, 1793.93, 149.49,      6.000,   30.15,  854.75, 142.46,     24.000,    0.00,     inf,    inf,    12.000,   37.96,  678.85,  56.57
           25,     14.286,   11.41, 2352.74, 164.69,      7.143,   24.57, 1092.68, 152.97,     28.571,    0.00,     inf,    inf,    14.286,   38.06,  705.36,  49.38
           26,     17.333,   10.85, 2572.41, 148.41,      8.667,   22.27, 1253.66, 144.65,     34.667,    0.00,     inf,    inf,    17.333,   40.99,  681.03,  39.29
           27,     21.600,    9.83, 2949.10, 136.53,     10.800,   22.70, 1276.99, 118.24,     43.200,    0.00,     inf,    inf,    21.600,   41.87,  692.48,  32.06
           28,     28.000,    8.65, 3473.81, 124.06,     14.000,   23.00, 1307.03,  93.36,     56.000,    0.00,     inf,    inf,    28.000,   43.89,  685.04,  24.47
           29,     38.667,    8.86, 3514.56,  90.89,     19.333,   23.29, 1336.96,  69.15,     77.333,    0.00,     inf,    inf,    38.667,   44.81,  694.89,  17.97
           30,     60.000,    8.95, 3599.09,  59.98,     30.000,   23.44, 1374.00,  45.80,    120.000,    0.00,     inf,    inf,    60.000,   46.65,  690.52,  11.51
           31,    124.000,    9.18, 3626.76,  29.25,     62.000,   23.90, 1392.47,  22.46,    248.000,    0.00,     inf,    inf,   124.000,   47.53,  700.32,   5.65
           32,        inf,    9.20, 3733.31,   0.00,        inf,   24.49, 1403.03,   0.00,        inf,    0.00,     inf,   -nan,       inf,   48.48,  708.74,   0.00
--------------------------------------------------------------------------------------------------------------------------------------------------------------------
mixbench/alternating (v0.03-1-g3ace732)
------------------------ Device specifications ------------------------
Device:              Tesla K80
CUDA driver version: 10.0
GPU clock rate:      823 MHz
Memory clock rate:   1252 MHz
Memory bus width:    384 bits
WarpSize:            32
L2 cache size:       1536 KB
Total global mem:    11441 MB
ECC enabled:         Yes
Compute Capability:  3.7
Total SPs:           2496 (13 MPs x 192 SPs/MP)
Compute throughput:  4110.91 GFlops (theoretical single precision FMAs)
Memory bandwidth:    240.48 GB/sec
-----------------------------------------------------------------------
Total GPU memory 11996954624, free 11921850368
Buffer size:          64MB
Trade-off type:       compute with global memory (block strided)
Warning:              Half precision computations are not supported
----------------------------------------------------------------------------- CSV data -----------------------------------------------------------------------------
Experiment ID, Single Precision ops,,,,              Double precision ops,,,,              Half precision ops,,,,                Integer operations,,, 
Compute iters, Flops/byte, ex.time,  GFLOPS, GB/sec, Flops/byte, ex.time,  GFLOPS, GB/sec, Flops/byte, ex.time,  GFLOPS, GB/sec, Iops/byte, ex.time,   GIOPS, GB/sec
            0,      0.000,   55.48,    0.00, 154.83,      0.000,  116.31,    0.00, 147.71,      0.000,    0.00,    -nan,    inf,     0.000,   54.79,    0.00, 156.78
            1,      0.129,   52.52,   20.45, 158.45,      0.065,  114.70,    9.36, 145.10,      0.258,    0.00,     inf,    inf,     0.129,   52.96,   20.27, 157.12
            2,      0.267,   51.69,   41.54, 155.78,      0.133,  111.19,   19.31, 144.85,      0.533,    0.00,     inf,    inf,     0.267,   52.03,   41.27, 154.78
            3,      0.414,   49.08,   65.63, 158.61,      0.207,  107.42,   29.99, 144.94,      0.828,    0.00,     inf,    inf,     0.414,   49.44,   65.16, 157.47
            4,      0.571,   48.03,   89.42, 156.48,      0.286,  103.78,   41.38, 144.85,      1.143,    0.00,     inf,    inf,     0.571,   48.19,   89.13, 155.97
            5,      0.741,   44.89,  119.61, 161.47,      0.370,  100.19,   53.58, 144.68,      1.481,    0.00,     inf,    inf,     0.741,   45.15,  118.90, 160.51
            6,      0.923,   43.39,  148.48, 160.85,      0.462,   96.37,   66.85, 144.85,      1.846,    0.00,     inf,    inf,     0.923,   43.52,  148.05, 160.38
            7,      1.120,   39.60,  189.83, 169.49,      0.560,   92.94,   80.87, 144.41,      2.240,    0.00,     inf,    inf,     1.120,   40.14,  187.23, 167.17
            8,      1.333,   38.47,  223.29, 167.47,      0.667,   88.77,   96.77, 145.15,      2.667,    0.00,     inf,    inf,     1.333,   39.00,  220.24, 165.18
            9,      1.565,   35.01,  276.00, 176.34,      0.783,   85.04,  113.63, 145.20,      3.130,    0.00,     inf,    inf,     1.565,   36.17,  267.20, 170.71
           10,      1.818,   34.40,  312.17, 171.70,      0.909,   81.20,  132.24, 145.46,      3.636,    0.00,     inf,    inf,     1.818,   34.72,  309.26, 170.09
           11,      2.095,   29.13,  405.46, 193.52,      1.048,   77.71,  152.00, 145.09,      4.190,    0.00,     inf,    inf,     2.095,   18.13,  651.50, 310.94
           12,      2.400,   28.32,  454.90, 189.54,      1.200,   73.60,  175.06, 145.89,      4.800,    0.00,     inf,    inf,     2.400,   19.90,  647.53, 269.80
           13,      2.737,   23.53,  593.15, 216.73,      1.368,   69.95,  199.55, 145.83,      5.474,    0.00,     inf,    inf,     2.737,   21.27,  656.23, 239.77
           14,      3.111,   22.11,  680.03, 218.58,      1.556,   66.23,  226.98, 145.92,      6.222,    0.00,     inf,    inf,     3.111,   22.70,  662.09, 212.81
           15,      3.529,   18.49,  871.17, 246.83,      1.765,   61.57,  261.58, 148.23,      7.059,    0.00,     inf,    inf,     3.529,   24.50,  657.33, 186.24
           16,      4.000,   28.15,  610.20, 152.55,      2.000,   59.51,  288.69, 144.34,      8.000,    0.00,     inf,    inf,     4.000,   25.98,  661.24, 165.31
           17,      4.533,   25.56,  714.23, 157.55,      2.267,   54.57,  334.48, 147.57,      9.067,    0.00,     inf,    inf,     4.533,   27.00,  676.03, 149.13
           18,      5.143,   24.16,  800.13, 155.58,      2.571,   52.19,  370.35, 144.03,     10.286,    0.00,     inf,    inf,     5.143,   29.28,  660.06, 128.34
           19,      5.846,   21.15,  964.80, 165.03,      2.923,   47.20,  432.19, 147.85,     11.692,    0.00,     inf,    inf,     5.846,   30.60,  666.63, 114.03
           20,      6.667,   19.67, 1091.96, 163.79,      3.333,   44.75,  479.91, 143.97,     13.333,    0.00,     inf,    inf,     6.667,   31.71,  677.14, 101.57
           21,      7.636,   17.20, 1311.19, 171.70,      3.818,   39.74,  567.44, 148.61,     15.273,    0.00,     inf,    inf,     7.636,   33.25,  678.06,  88.79
           22,      8.800,   17.64, 1339.20, 152.18,      4.400,   37.49,  630.11, 143.21,     17.600,    0.00,     inf,    inf,     8.800,   34.90,  676.87,  76.92
           23,     10.222,   14.61, 1689.82, 165.31,      5.111,   32.08,  769.80, 150.61,     20.444,    0.00,     inf,    inf,    10.222,   36.21,  681.98,  66.72
           24,     12.000,   14.35, 1796.20, 149.68,      6.000,   30.02,  858.33, 143.06,     24.000,    0.00,     inf,    inf,    12.000,   38.33,  672.40,  56.03
           25,     14.286,   11.45, 2344.08, 164.09,      7.143,   24.53, 1094.40, 153.22,     28.571,    0.00,     inf,    inf,    14.286,   38.49,  697.42,  48.82
           26,     17.333,   10.98, 2543.29, 146.73,      8.667,   22.32, 1250.89, 144.33,     34.667,    0.00,     inf,    inf,    17.333,   41.00,  680.98,  39.29
           27,     21.600,    9.83, 2949.21, 136.54,     10.800,   22.75, 1274.25, 117.99,     43.200,    0.00,     inf,    inf,    21.600,   41.89,  692.11,  32.04
           28,     28.000,    8.67, 3467.13, 123.83,     14.000,   23.03, 1305.55,  93.25,     56.000,    0.00,     inf,    inf,    28.000,   43.89,  685.07,  24.47
           29,     38.667,    8.83, 3526.68,  91.21,     19.333,   23.13, 1346.29,  69.64,     77.333,    0.00,     inf,    inf,    38.667,   44.30,  702.83,  18.18
           30,     60.000,    9.00, 3580.79,  59.68,     30.000,   23.29, 1383.23,  46.11,    120.000,    0.00,     inf,    inf,    60.000,   46.65,  690.49,  11.51
           31,    124.000,    9.20, 3618.63,  29.18,     62.000,   23.88, 1393.75,  22.48,    248.000,    0.00,     inf,    inf,   124.000,   47.54,  700.14,   5.65
           32,        inf,    9.21, 3732.61,   0.00,        inf,   24.49, 1402.88,   0.00,        inf,    0.00,     inf,   -nan,       inf,   48.47,  708.84,   0.00
--------------------------------------------------------------------------------------------------------------------------------------------------------------------
mixbench/alternating (v0.03-1-g3ace732)
------------------------ Device specifications ------------------------
Device:              Tesla K80
CUDA driver version: 10.0
GPU clock rate:      823 MHz
Memory clock rate:   1252 MHz
Memory bus width:    384 bits
WarpSize:            32
L2 cache size:       1536 KB
Total global mem:    11441 MB
ECC enabled:         Yes
Compute Capability:  3.7
Total SPs:           2496 (13 MPs x 192 SPs/MP)
Compute throughput:  4110.91 GFlops (theoretical single precision FMAs)
Memory bandwidth:    240.48 GB/sec
-----------------------------------------------------------------------
Total GPU memory 11996954624, free 11921850368
Buffer size:          64MB
Trade-off type:       compute with global memory (block strided)
Warning:              Half precision computations are not supported
----------------------------------------------------------------------------- CSV data -----------------------------------------------------------------------------
Experiment ID, Single Precision ops,,,,              Double precision ops,,,,              Half precision ops,,,,                Integer operations,,, 
Compute iters, Flops/byte, ex.time,  GFLOPS, GB/sec, Flops/byte, ex.time,  GFLOPS, GB/sec, Flops/byte, ex.time,  GFLOPS, GB/sec, Iops/byte, ex.time,   GIOPS, GB/sec
            0,      0.000,   56.13,    0.00, 153.03,      0.000,  118.84,    0.00, 144.57,      0.000,    0.00,    -nan,    inf,     0.000,   55.37,    0.00, 155.14
            1,      0.129,   53.49,   20.07, 155.57,      0.065,  114.99,    9.34, 144.73,      0.258,    0.00,     inf,    inf,     0.129,   53.40,   20.11, 155.83
            2,      0.267,   51.89,   41.39, 155.20,      0.133,  111.51,   19.26, 144.43,      0.533,    0.00,     inf,    inf,     0.267,   51.86,   41.41, 155.27
            3,      0.414,   49.33,   65.30, 157.81,      0.207,  107.96,   29.84, 144.21,      0.828,    0.00,     inf,    inf,     0.414,   49.44,   65.15, 157.44
            4,      0.571,   48.18,   89.15, 156.01,      0.286,  103.69,   41.42, 144.97,      1.143,    0.00,     inf,    inf,     0.571,   48.15,   89.20, 156.11
            5,      0.741,   44.73,  120.02, 162.03,      0.370,  100.45,   53.45, 144.30,      1.481,    0.00,     inf,    inf,     0.741,   45.52,  117.93, 159.21
            6,      0.923,   42.98,  149.89, 162.38,      0.462,   95.84,   67.22, 145.64,      1.846,    0.00,     inf,    inf,     0.923,   43.54,  147.97, 160.30
            7,      1.120,   39.75,  189.11, 168.85,      0.560,   92.85,   80.95, 144.56,      2.240,    0.00,     inf,    inf,     1.120,   40.26,  186.68, 166.68
            8,      1.333,   38.47,  223.28, 167.46,      0.667,   88.58,   96.97, 145.46,      2.667,    0.00,     inf,    inf,     1.333,   39.01,  220.22, 165.16
            9,      1.565,   34.94,  276.55, 176.69,      0.783,   85.27,  113.33, 144.81,      3.130,    0.00,     inf,    inf,     1.565,   35.99,  268.50, 171.54
           10,      1.818,   34.38,  312.30, 171.77,      0.909,   80.96,  132.63, 145.89,      3.636,    0.00,     inf,    inf,     1.818,   34.69,  309.54, 170.25
           11,      2.095,   29.10,  405.81, 193.68,      1.048,   77.73,  151.96, 145.05,      4.190,    0.00,     inf,    inf,     2.095,   18.56,  636.41, 303.74
           12,      2.400,   28.22,  456.51, 190.21,      1.200,   73.40,  175.55, 146.29,      4.800,    0.00,     inf,    inf,     2.400,   20.37,  632.59, 263.58
           13,      2.737,   23.56,  592.44, 216.47,      1.368,   69.54,  200.73, 146.69,      5.474,    0.00,     inf,    inf,     2.737,   21.78,  640.93, 234.19
           14,      3.111,   22.19,  677.46, 217.76,      1.556,   66.29,  226.77, 145.78,      6.222,    0.00,     inf,    inf,     3.111,   22.73,  661.40, 212.59
           15,      3.529,   18.51,  870.00, 246.50,      1.765,   61.36,  262.50, 148.75,      7.059,    0.00,     inf,    inf,     3.529,   24.67,  652.94, 185.00
           16,      4.000,   28.06,  612.34, 153.08,      2.000,   59.60,  288.26, 144.13,      8.000,    0.00,     inf,    inf,     4.000,   26.43,  650.03, 162.51
           17,      4.533,   25.45,  717.25, 158.22,      2.267,   54.69,  333.78, 147.26,      9.067,    0.00,     inf,    inf,     4.533,   27.33,  667.88, 147.33
           18,      5.143,   24.18,  799.32, 155.42,      2.571,   52.04,  371.42, 144.44,     10.286,    0.00,     inf,    inf,     5.143,   29.68,  651.27, 126.64
           19,      5.846,   21.17,  963.62, 164.83,      2.923,   47.22,  432.06, 147.81,     11.692,    0.00,     inf,    inf,     5.846,   31.03,  657.37, 112.44
           20,      6.667,   19.65, 1092.59, 163.89,      3.333,   44.48,  482.85, 144.85,     13.333,    0.00,     inf,    inf,     6.667,   32.43,  662.28,  99.34
           21,      7.636,   17.14, 1315.89, 172.32,      3.818,   39.68,  568.26, 148.83,     15.273,    0.00,     inf,    inf,     7.636,   33.28,  677.58,  88.73
           22,      8.800,   17.66, 1337.88, 152.03,      4.400,   37.45,  630.69, 143.34,     17.600,    0.00,     inf,    inf,     8.800,   34.95,  675.91,  76.81
           23,     10.222,   14.62, 1689.68, 165.29,      5.111,   32.22,  766.58, 149.98,     20.444,    0.00,     inf,    inf,    10.222,   36.99,  667.65,  65.31
           24,     12.000,   14.35, 1796.30, 149.69,      6.000,   30.07,  856.93, 142.82,     24.000,    0.00,     inf,    inf,    12.000,   38.44,  670.47,  55.87
           25,     14.286,   11.47, 2341.10, 163.88,      7.143,   24.68, 1087.76, 152.29,     28.571,    0.00,     inf,    inf,    14.286,   38.53,  696.63,  48.76
           26,     17.333,   10.89, 2562.53, 147.84,      8.667,   22.48, 1242.09, 143.32,     34.667,    0.00,     inf,    inf,    17.333,   41.49,  672.92,  38.82
           27,     21.600,   10.00, 2899.10, 134.22,     10.800,   23.13, 1253.36, 116.05,     43.200,    0.00,     inf,    inf,    21.600,   42.37,  684.18,  31.68
           28,     28.000,    8.77, 3428.01, 122.43,     14.000,   23.44, 1282.56,  91.61,     56.000,    0.00,     inf,    inf,    28.000,   44.41,  677.01,  24.18
           29,     38.667,    8.99, 3463.76,  89.58,     19.333,   23.43, 1328.94,  68.74,     77.333,    0.00,     inf,    inf,    38.667,   44.83,  694.58,  17.96
           30,     60.000,    9.12, 3533.05,  58.88,     30.000,   23.75, 1356.53,  45.22,    120.000,    0.00,     inf,    inf,    60.000,   46.69,  689.98,  11.50
           31,    124.000,    9.29, 3582.34,  28.89,     62.000,   24.22, 1374.09,  22.16,    248.000,    0.00,     inf,    inf,   124.000,   48.12,  691.68,   5.58
           32,        inf,    9.21, 3729.92,   0.00,        inf,   24.79, 1386.25,   0.00,        inf,    0.00,     inf,   -nan,       inf,   49.07,  700.27,   0.00
--------------------------------------------------------------------------------------------------------------------------------------------------------------------
mixbench/alternating (v0.03-1-g3ace732)
------------------------ Device specifications ------------------------
Device:              Tesla K80
CUDA driver version: 10.0
GPU clock rate:      823 MHz
Memory clock rate:   1252 MHz
Memory bus width:    384 bits
WarpSize:            32
L2 cache size:       1536 KB
Total global mem:    11441 MB
ECC enabled:         Yes
Compute Capability:  3.7
Total SPs:           2496 (13 MPs x 192 SPs/MP)
Compute throughput:  4110.91 GFlops (theoretical single precision FMAs)
Memory bandwidth:    240.48 GB/sec
-----------------------------------------------------------------------
Total GPU memory 11996954624, free 11921850368
Buffer size:          64MB
Trade-off type:       compute with global memory (block strided)
Warning:              Half precision computations are not supported
----------------------------------------------------------------------------- CSV data -----------------------------------------------------------------------------
Experiment ID, Single Precision ops,,,,              Double precision ops,,,,              Half precision ops,,,,                Integer operations,,, 
Compute iters, Flops/byte, ex.time,  GFLOPS, GB/sec, Flops/byte, ex.time,  GFLOPS, GB/sec, Flops/byte, ex.time,  GFLOPS, GB/sec, Iops/byte, ex.time,   GIOPS, GB/sec
            0,      0.000,   56.15,    0.00, 152.98,      0.000,  119.00,    0.00, 144.36,      0.000,    0.00,    -nan,    inf,     0.000,   55.54,    0.00, 154.66
            1,      0.129,   53.18,   20.19, 156.48,      0.065,  115.40,    9.30, 144.22,      0.258,    0.00,     inf,    inf,     0.129,   53.34,   20.13, 156.01
            2,      0.267,   51.65,   41.58, 155.93,      0.133,  111.40,   19.28, 144.58,      0.533,    0.00,     inf,    inf,     0.267,   51.98,   41.31, 154.92
            3,      0.414,   49.35,   65.27, 157.73,      0.207,  107.93,   29.84, 144.25,      0.828,    0.00,     inf,    inf,     0.414,   49.47,   65.11, 157.35
            4,      0.571,   48.30,   88.92, 155.61,      0.286,  104.01,   41.30, 144.53,      1.143,    0.00,     inf,    inf,     0.571,   48.41,   88.72, 155.26
            5,      0.741,   44.54,  120.54, 162.73,      0.370,  100.33,   53.51, 144.47,      1.481,    0.00,     inf,    inf,     0.741,   45.28,  118.57, 160.08
            6,      0.923,   43.27,  148.91, 161.31,      0.462,   96.60,   66.69, 144.50,      1.846,    0.00,     inf,    inf,     0.923,   43.67,  147.52, 159.82
            7,      1.120,   39.68,  189.41, 169.12,      0.560,   92.79,   81.00, 144.64,      2.240,    0.00,     inf,    inf,     1.120,   40.32,  186.40, 166.43
            8,      1.333,   38.58,  222.64, 166.98,      0.667,   88.86,   96.67, 145.01,      2.667,    0.00,     inf,    inf,     1.333,   38.99,  220.29, 165.22
            9,      1.565,   34.99,  276.18, 176.45,      0.783,   85.34,  113.24, 144.70,      3.130,    0.00,     inf,    inf,     1.565,   35.88,  269.36, 172.09
           10,      1.818,   34.30,  313.01, 172.15,      0.909,   81.12,  132.37, 145.61,      3.636,    0.00,     inf,    inf,     1.818,   34.81,  308.43, 169.64
           11,      2.095,   29.02,  407.02, 194.26,      1.048,   76.92,  153.54, 146.56,      4.190,    0.00,     inf,    inf,     2.095,   18.33,  644.34, 307.52
           12,      2.400,   28.30,  455.24, 189.68,      1.200,   73.96,  174.22, 145.18,      4.800,    0.00,     inf,    inf,     2.400,   20.10,  640.92, 267.05
           13,      2.737,   23.52,  593.45, 216.84,      1.368,   69.79,  200.00, 146.15,      5.474,    0.00,     inf,    inf,     2.737,   21.46,  650.36, 237.63
           14,      3.111,   22.17,  678.08, 217.96,      1.556,   66.19,  227.13, 146.01,      6.222,    0.00,     inf,    inf,     3.111,   22.70,  662.07, 212.81
           15,      3.529,   18.46,  872.27, 247.14,      1.765,   61.86,  260.35, 147.53,      7.059,    0.00,     inf,    inf,     3.529,   24.53,  656.63, 186.05
           16,      4.000,   28.02,  613.06, 153.26,      2.000,   59.68,  287.88, 143.94,      8.000,    0.00,     inf,    inf,     4.000,   26.27,  653.88, 163.47
           17,      4.533,   25.52,  715.21, 157.77,      2.267,   54.60,  334.30, 147.49,      9.067,    0.00,     inf,    inf,     4.533,   26.98,  676.61, 149.25
           18,      5.143,   24.23,  797.68, 155.10,      2.571,   52.05,  371.35, 144.41,     10.286,    0.00,     inf,    inf,     5.143,   29.31,  659.38, 128.21
           19,      5.846,   21.14,  965.02, 165.07,      2.923,   47.24,  431.88, 147.75,     11.692,    0.00,     inf,    inf,     5.846,   30.65,  665.53, 113.84
           20,      6.667,   19.65, 1093.13, 163.97,      3.333,   44.64,  481.02, 144.31,     13.333,    0.00,     inf,    inf,     6.667,   31.71,  677.29, 101.59
           21,      7.636,   17.15, 1314.57, 172.15,      3.818,   39.63,  569.03, 149.03,     15.273,    0.00,     inf,    inf,     7.636,   33.22,  678.72,  88.88
           22,      8.800,   17.67, 1336.98, 151.93,      4.400,   37.49,  630.04, 143.19,     17.600,    0.00,     inf,    inf,     8.800,   34.91,  676.76,  76.90
           23,     10.222,   14.61, 1689.90, 165.32,      5.111,   32.15,  768.16, 150.29,     20.444,    0.00,     inf,    inf,    10.222,   36.63,  674.19,  65.95
           24,     12.000,   14.35, 1796.07, 149.67,      6.000,   29.97,  859.87, 143.31,     24.000,    0.00,     inf,    inf,    12.000,   38.37,  671.55,  55.96
           25,     14.286,   11.40, 2354.34, 164.80,      7.143,   24.52, 1094.88, 153.28,     28.571,    0.00,     inf,    inf,    14.286,   38.48,  697.62,  48.83
           26,     17.333,   10.86, 2571.21, 148.34,      8.667,   22.18, 1258.77, 145.24,     34.667,    0.00,     inf,    inf,    17.333,   41.46,  673.37,  38.85
           27,     21.600,    9.93, 2919.35, 135.15,     10.800,   22.71, 1276.75, 118.22,     43.200,    0.00,     inf,    inf,    21.600,   41.89,  692.06,  32.04
           28,     28.000,    8.68, 3464.00, 123.71,     14.000,   23.17, 1297.75,  92.70,     56.000,    0.00,     inf,    inf,    28.000,   43.43,  692.24,  24.72
           29,     38.667,    8.86, 3513.25,  90.86,     19.333,   23.32, 1335.36,  69.07,     77.333,    0.00,     inf,    inf,    38.667,   44.31,  702.69,  18.17
           30,     60.000,    9.05, 3561.15,  59.35,     30.000,   23.47, 1372.36,  45.75,    120.000,    0.00,     inf,    inf,    60.000,   46.67,  690.25,  11.50
           31,    124.000,    9.18, 3624.86,  29.23,     62.000,   23.89, 1393.19,  22.47,    248.000,    0.00,     inf,    inf,   124.000,   46.99,  708.44,   5.71
           32,        inf,    9.22, 3726.69,   0.00,        inf,   24.50, 1402.61,   0.00,        inf,    0.00,     inf,   -nan,       inf,   48.50,  708.51,   0.00
--------------------------------------------------------------------------------------------------------------------------------------------------------------------
mixbench/alternating (v0.03-1-g3ace732)
------------------------ Device specifications ------------------------
Device:              Tesla K80
CUDA driver version: 10.0
GPU clock rate:      823 MHz
Memory clock rate:   1252 MHz
Memory bus width:    384 bits
WarpSize:            32
L2 cache size:       1536 KB
Total global mem:    11441 MB
ECC enabled:         Yes
Compute Capability:  3.7
Total SPs:           2496 (13 MPs x 192 SPs/MP)
Compute throughput:  4110.91 GFlops (theoretical single precision FMAs)
Memory bandwidth:    240.48 GB/sec
-----------------------------------------------------------------------
Total GPU memory 11996954624, free 11921850368
Buffer size:          64MB
Trade-off type:       compute with global memory (block strided)
Warning:              Half precision computations are not supported
----------------------------------------------------------------------------- CSV data -----------------------------------------------------------------------------
Experiment ID, Single Precision ops,,,,              Double precision ops,,,,              Half precision ops,,,,                Integer operations,,, 
Compute iters, Flops/byte, ex.time,  GFLOPS, GB/sec, Flops/byte, ex.time,  GFLOPS, GB/sec, Flops/byte, ex.time,  GFLOPS, GB/sec, Iops/byte, ex.time,   GIOPS, GB/sec
            0,      0.000,   56.21,    0.00, 152.82,      0.000,  118.92,    0.00, 144.47,      0.000,    0.00,    -nan,    inf,     0.000,   55.40,    0.00, 155.07
            1,      0.129,   53.54,   20.05, 155.42,      0.065,  115.02,    9.34, 144.70,      0.258,    0.00,     inf,    inf,     0.129,   53.54,   20.06, 155.44
            2,      0.267,   51.74,   41.50, 155.64,      0.133,  111.19,   19.31, 144.85,      0.533,    0.00,     inf,    inf,     0.267,   51.86,   41.41, 155.28
            3,      0.414,   49.12,   65.58, 158.47,      0.207,  107.73,   29.90, 144.52,      0.828,    0.00,     inf,    inf,     0.414,   49.83,   64.64, 156.22
            4,      0.571,   48.14,   89.23, 156.15,      0.286,  103.69,   41.42, 144.98,      1.143,    0.00,     inf,    inf,     0.571,   48.14,   89.23, 156.15
            5,      0.741,   44.64,  120.27, 162.36,      0.370,  100.32,   53.52, 144.50,      1.481,    0.00,     inf,    inf,     0.741,   45.29,  118.53, 160.01
            6,      0.923,   43.27,  148.89, 161.29,      0.462,   96.04,   67.08, 145.35,      1.846,    0.00,     inf,    inf,     0.923,   43.78,  147.16, 159.43
            7,      1.120,   39.67,  189.45, 169.16,      0.560,   92.86,   80.94, 144.53,      2.240,    0.00,     inf,    inf,     1.120,   40.16,  187.13, 167.08
            8,      1.333,   38.64,  222.33, 166.75,      0.667,   89.05,   96.47, 144.70,      2.667,    0.00,     inf,    inf,     1.333,   38.93,  220.64, 165.48
            9,      1.565,   35.00,  276.12, 176.41,      0.783,   85.28,  113.32, 144.79,      3.130,    0.00,     inf,    inf,     1.565,   35.97,  268.67, 171.65
           10,      1.818,   34.34,  312.63, 171.95,      0.909,   81.45,  131.83, 145.01,      3.636,    0.00,     inf,    inf,     1.818,   34.87,  307.89, 169.34
           11,      2.095,   29.13,  405.47, 193.52,      1.048,   78.01,  151.41, 144.53,      4.190,    0.00,     inf,    inf,     2.095,   18.56,  636.47, 303.77
           12,      2.400,   28.19,  457.01, 190.42,      1.200,   73.42,  175.49, 146.24,      4.800,    0.00,     inf,    inf,     2.400,   20.35,  633.11, 263.80
           13,      2.737,   23.55,  592.72, 216.57,      1.368,   69.79,  200.00, 146.15,      5.474,    0.00,     inf,    inf,     2.737,   21.78,  641.03, 234.22
           14,      3.111,   22.15,  678.55, 218.11,      1.556,   65.88,  228.17, 146.68,      6.222,    0.00,     inf,    inf,     3.111,   22.72,  661.68, 212.68
           15,      3.529,   18.48,  871.65, 246.97,      1.765,   61.56,  261.64, 148.26,      7.059,    0.00,     inf,    inf,     3.529,   24.82,  648.83, 183.84
           16,      4.000,   28.07,  611.95, 152.99,      2.000,   59.54,  288.53, 144.26,      8.000,    0.00,     inf,    inf,     4.000,   26.46,  649.19, 162.30
           17,      4.533,   25.53,  715.03, 157.73,      2.267,   54.38,  335.65, 148.08,      9.067,    0.00,     inf,    inf,     4.533,   27.30,  668.60, 147.48
           18,      5.143,   24.17,  799.71, 155.50,      2.571,   52.16,  370.52, 144.09,     10.286,    0.00,     inf,    inf,     5.143,   29.66,  651.58, 126.70
           19,      5.846,   21.16,  964.11, 164.91,      2.923,   47.33,  431.04, 147.46,     11.692,    0.00,     inf,    inf,     5.846,   30.67,  665.24, 113.79
           20,      6.667,   19.70, 1090.21, 163.53,      3.333,   44.77,  479.72, 143.92,     13.333,    0.00,     inf,    inf,     6.667,   32.44,  662.06,  99.31
           21,      7.636,   17.16, 1314.21, 172.10,      3.818,   39.87,  565.50, 148.11,     15.273,    0.00,     inf,    inf,     7.636,   33.62,  670.66,  87.82
           22,      8.800,   17.65, 1338.64, 152.12,      4.400,   37.66,  627.32, 142.57,     17.600,    0.00,     inf,    inf,     8.800,   35.31,  668.94,  76.02
           23,     10.222,   14.62, 1688.74, 165.20,      5.111,   32.21,  766.81, 150.03,     20.444,    0.00,     inf,    inf,    10.222,   37.00,  667.43,  65.29
           24,     12.000,   14.34, 1796.73, 149.73,      6.000,   30.04,  857.81, 142.97,     24.000,    0.00,     inf,    inf,    12.000,   38.43,  670.52,  55.88
           25,     14.286,   11.42, 2349.76, 164.48,      7.143,   24.62, 1090.33, 152.65,     28.571,    0.00,     inf,    inf,    14.286,   38.55,  696.39,  48.75
           26,     17.333,   10.96, 2546.53, 146.92,      8.667,   22.49, 1241.36, 143.23,     34.667,    0.00,     inf,    inf,    17.333,   41.98,  665.02,  38.37
           27,     21.600,   10.06, 2882.36, 133.44,     10.800,   23.03, 1258.95, 116.57,     43.200,    0.00,     inf,    inf,    21.600,   41.91,  691.73,  32.02
           28,     28.000,    8.83, 3404.47, 121.59,     14.000,   23.45, 1281.86,  91.56,     56.000,    0.00,     inf,    inf,    28.000,   43.94,  684.23,  24.44
           29,     38.667,    8.98, 3467.66,  89.68,     19.333,   23.58, 1320.36,  68.29,     77.333,    0.00,     inf,    inf,    38.667,   45.35,  686.67,  17.76
           30,     60.000,    9.12, 3531.23,  58.85,     30.000,   23.75, 1356.20,  45.21,    120.000,    0.00,     inf,    inf,    60.000,   47.23,  682.07,  11.37
           31,    124.000,    9.31, 3576.65,  28.84,     62.000,   23.92, 1391.81,  22.45,    248.000,    0.00,     inf,    inf,   124.000,   48.10,  692.00,   5.58
           32,        inf,    9.31, 3691.76,   0.00,        inf,   24.50, 1402.45,   0.00,        inf,    0.00,     inf,   -nan,       inf,   48.49,  708.54,   0.00
--------------------------------------------------------------------------------------------------------------------------------------------------------------------
mixbench/alternating (v0.03-1-g3ace732)
------------------------ Device specifications ------------------------
Device:              Tesla K80
CUDA driver version: 10.0
GPU clock rate:      823 MHz
Memory clock rate:   1252 MHz
Memory bus width:    384 bits
WarpSize:            32
L2 cache size:       1536 KB
Total global mem:    11441 MB
ECC enabled:         Yes
Compute Capability:  3.7
Total SPs:           2496 (13 MPs x 192 SPs/MP)
Compute throughput:  4110.91 GFlops (theoretical single precision FMAs)
Memory bandwidth:    240.48 GB/sec
-----------------------------------------------------------------------
Total GPU memory 11996954624, free 11921850368
Buffer size:          64MB
Trade-off type:       compute with global memory (block strided)
Warning:              Half precision computations are not supported
----------------------------------------------------------------------------- CSV data -----------------------------------------------------------------------------
Experiment ID, Single Precision ops,,,,              Double precision ops,,,,              Half precision ops,,,,                Integer operations,,, 
Compute iters, Flops/byte, ex.time,  GFLOPS, GB/sec, Flops/byte, ex.time,  GFLOPS, GB/sec, Flops/byte, ex.time,  GFLOPS, GB/sec, Iops/byte, ex.time,   GIOPS, GB/sec
            0,      0.000,   56.08,    0.00, 153.16,      0.000,  119.04,    0.00, 144.32,      0.000,    0.00,    -nan,    inf,     0.000,   55.43,    0.00, 154.98
            1,      0.129,   53.48,   20.08, 155.59,      0.065,  115.52,    9.29, 144.07,      0.258,    0.00,     inf,    inf,     0.129,   53.50,   20.07, 155.54
            2,      0.267,   51.78,   41.48, 155.53,      0.133,  111.37,   19.28, 144.62,      0.533,    0.00,     inf,    inf,     0.267,   52.01,   41.29, 154.85
            3,      0.414,   49.30,   65.34, 157.90,      0.207,  107.59,   29.94, 144.71,      0.828,    0.00,     inf,    inf,     0.414,   49.62,   64.92, 156.90
            4,      0.571,   48.16,   89.17, 156.05,      0.286,  104.18,   41.23, 144.30,      1.143,    0.00,     inf,    inf,     0.571,   48.18,   89.14, 155.99
            5,      0.741,   44.86,  119.68, 161.57,      0.370,  100.55,   53.39, 144.16,      1.481,    0.00,     inf,    inf,     0.741,   45.20,  118.77, 160.34
            6,      0.923,   43.30,  148.78, 161.18,      0.462,   96.12,   67.02, 145.22,      1.846,    0.00,     inf,    inf,     0.923,   43.49,  148.14, 160.49
            7,      1.120,   39.74,  189.11, 168.85,      0.560,   92.89,   80.91, 144.49,      2.240,    0.00,     inf,    inf,     1.120,   40.14,  187.26, 167.20
            8,      1.333,   38.48,  223.25, 167.44,      0.667,   88.81,   96.72, 145.09,      2.667,    0.00,     inf,    inf,     1.333,   38.96,  220.46, 165.35
            9,      1.565,   35.21,  274.44, 175.34,      0.783,   85.07,  113.60, 145.16,      3.130,    0.00,     inf,    inf,     1.565,   35.93,  268.95, 171.83
           10,      1.818,   34.43,  311.82, 171.50,      0.909,   80.79,  132.91, 146.20,      3.636,    0.00,     inf,    inf,     1.818,   34.87,  307.92, 169.36
           11,      2.095,   29.15,  405.13, 193.36,      1.048,   77.86,  151.70, 144.80,      4.190,    0.00,     inf,    inf,     2.095,   18.16,  650.42, 310.43
           12,      2.400,   28.24,  456.20, 190.09,      1.200,   73.42,  175.49, 146.24,      4.800,    0.00,     inf,    inf,     2.400,   20.13,  640.14, 266.72
           13,      2.737,   23.54,  592.99, 216.67,      1.368,   70.00,  199.40, 145.72,      5.474,    0.00,     inf,    inf,     2.737,   21.54,  647.90, 236.73
           14,      3.111,   22.19,  677.49, 217.77,      1.556,   65.91,  228.07, 146.61,      6.222,    0.00,     inf,    inf,     3.111,   22.45,  669.68, 215.26
           15,      3.529,   18.47,  872.12, 247.10,      1.765,   61.49,  261.94, 148.44,      7.059,    0.00,     inf,    inf,     3.529,   24.51,  657.05, 186.16
           16,      4.000,   28.04,  612.78, 153.19,      2.000,   59.64,  288.06, 144.03,      8.000,    0.00,     inf,    inf,     4.000,   25.98,  661.27, 165.32
           17,      4.533,   25.58,  713.64, 157.42,      2.267,   54.65,  334.03, 147.37,      9.067,    0.00,     inf,    inf,     4.533,   27.01,  675.69, 149.05
           18,      5.143,   24.27,  796.49, 154.87,      2.571,   52.21,  370.17, 143.95,     10.286,    0.00,     inf,    inf,     5.143,   29.27,  660.38, 128.41
           19,      5.846,   21.13,  965.45, 165.14,      2.923,   47.24,  431.87, 147.74,     11.692,    0.00,     inf,    inf,     5.846,   30.61,  666.46, 114.00
           20,      6.667,   19.68, 1091.45, 163.72,      3.333,   44.54,  482.18, 144.65,     13.333,    0.00,     inf,    inf,     6.667,   32.02,  670.68, 100.60
           21,      7.636,   17.12, 1317.29, 172.50,      3.818,   39.87,  565.53, 148.11,     15.273,    0.00,     inf,    inf,     7.636,   33.22,  678.74,  88.88
           22,      8.800,   17.67, 1337.15, 151.95,      4.400,   37.51,  629.68, 143.11,     17.600,    0.00,     inf,    inf,     8.800,   34.91,  676.66,  76.89
           23,     10.222,   14.60, 1692.05, 165.53,      5.111,   32.16,  767.83, 150.23,     20.444,    0.00,     inf,    inf,    10.222,   36.25,  681.25,  66.64
           24,     12.000,   14.39, 1790.60, 149.22,      6.000,   30.14,  854.94, 142.49,     24.000,    0.00,     inf,    inf,    12.000,   38.00,  678.23,  56.52
           25,     14.286,   11.40, 2355.66, 164.90,      7.143,   24.52, 1094.90, 153.29,     28.571,    0.00,     inf,    inf,    14.286,   38.49,  697.45,  48.82
           26,     17.333,   10.93, 2553.12, 147.30,      8.667,   22.26, 1253.95, 144.69,     34.667,    0.00,     inf,    inf,    17.333,   41.43,  673.84,  38.88
           27,     21.600,    9.88, 2935.09, 135.88,     10.800,   22.70, 1277.03, 118.24,     43.200,    0.00,     inf,    inf,    21.600,   41.42,  700.00,  32.41
           28,     28.000,    8.66, 3470.49, 123.95,     14.000,   23.15, 1298.57,  92.75,     56.000,    0.00,     inf,    inf,    28.000,   43.44,  692.12,  24.72
           29,     38.667,    8.86, 3513.12,  90.86,     19.333,   23.34, 1333.87,  68.99,     77.333,    0.00,     inf,    inf,    38.667,   44.32,  702.59,  18.17
           30,     60.000,    8.97, 3592.04,  59.87,     30.000,   23.49, 1371.15,  45.70,    120.000,    0.00,     inf,    inf,    60.000,   46.64,  690.59,  11.51
           31,    124.000,    9.18, 3627.58,  29.25,     62.000,   23.89, 1393.48,  22.48,    248.000,    0.00,     inf,    inf,   124.000,   47.53,  700.30,   5.65
           32,        inf,    9.20, 3734.85,   0.00,        inf,   24.49, 1402.90,   0.00,        inf,    0.00,     inf,   -nan,       inf,   48.49,  708.64,   0.00
--------------------------------------------------------------------------------------------------------------------------------------------------------------------
mixbench/alternating (v0.03-1-g3ace732)
------------------------ Device specifications ------------------------
Device:              Tesla K80
CUDA driver version: 10.0
GPU clock rate:      823 MHz
Memory clock rate:   1252 MHz
Memory bus width:    384 bits
WarpSize:            32
L2 cache size:       1536 KB
Total global mem:    11441 MB
ECC enabled:         Yes
Compute Capability:  3.7
Total SPs:           2496 (13 MPs x 192 SPs/MP)
Compute throughput:  4110.91 GFlops (theoretical single precision FMAs)
Memory bandwidth:    240.48 GB/sec
-----------------------------------------------------------------------
Total GPU memory 11996954624, free 11921850368
Buffer size:          64MB
Trade-off type:       compute with global memory (block strided)
Warning:              Half precision computations are not supported
----------------------------------------------------------------------------- CSV data -----------------------------------------------------------------------------
Experiment ID, Single Precision ops,,,,              Double precision ops,,,,              Half precision ops,,,,                Integer operations,,, 
Compute iters, Flops/byte, ex.time,  GFLOPS, GB/sec, Flops/byte, ex.time,  GFLOPS, GB/sec, Flops/byte, ex.time,  GFLOPS, GB/sec, Iops/byte, ex.time,   GIOPS, GB/sec
            0,      0.000,   56.05,    0.00, 153.25,      0.000,  118.93,    0.00, 144.46,      0.000,    0.00,    -nan,    inf,     0.000,   55.43,    0.00, 154.97
            1,      0.129,   53.73,   19.98, 154.86,      0.065,  115.05,    9.33, 144.66,      0.258,    0.00,     inf,    inf,     0.129,   53.46,   20.08, 155.65
            2,      0.267,   51.74,   41.51, 155.65,      0.133,  111.30,   19.29, 144.71,      0.533,    0.00,     inf,    inf,     0.267,   51.92,   41.36, 155.11
            3,      0.414,   49.41,   65.20, 157.56,      0.207,  107.65,   29.92, 144.63,      0.828,    0.00,     inf,    inf,     0.414,   49.47,   65.11, 157.36
            4,      0.571,   48.15,   89.20, 156.10,      0.286,  103.84,   41.36, 144.77,      1.143,    0.00,     inf,    inf,     0.571,   48.22,   89.08, 155.88
            5,      0.741,   44.52,  120.60, 162.81,      0.370,  100.05,   53.66, 144.88,      1.481,    0.00,     inf,    inf,     0.741,   45.09,  119.06, 160.73
            6,      0.923,   43.33,  148.69, 161.09,      0.462,   96.06,   67.07, 145.31,      1.846,    0.00,     inf,    inf,     0.923,   43.59,  147.79, 160.11
            7,      1.120,   39.47,  190.44, 170.04,      0.560,   92.63,   81.14, 144.89,      2.240,    0.00,     inf,    inf,     1.120,   40.22,  186.88, 166.86
            8,      1.333,   38.56,  222.80, 167.10,      0.667,   88.74,   96.80, 145.21,      2.667,    0.00,     inf,    inf,     1.333,   39.06,  219.92, 164.94
            9,      1.565,   35.19,  274.60, 175.44,      0.783,   85.24,  113.37, 144.86,      3.130,    0.00,     inf,    inf,     1.565,   35.91,  269.10, 171.92
           10,      1.818,   34.31,  313.00, 172.15,      0.909,   81.50,  131.75, 144.92,      3.636,    0.00,     inf,    inf,     1.818,   34.86,  308.04, 169.42
           11,      2.095,   29.18,  404.71, 193.16,      1.048,   77.56,  152.28, 145.35,      4.190,    0.00,     inf,    inf,     2.095,   18.55,  636.72, 303.89
           12,      2.400,   28.35,  454.50, 189.37,      1.200,   73.72,  174.78, 145.65,      4.800,    0.00,     inf,    inf,     2.400,   20.14,  639.84, 266.60
           13,      2.737,   23.55,  592.73, 216.58,      1.368,   69.87,  199.79, 146.00,      5.474,    0.00,     inf,    inf,     2.737,   21.78,  640.96, 234.20
           14,      3.111,   22.11,  679.89, 218.54,      1.556,   66.34,  226.59, 145.66,      6.222,    0.00,     inf,    inf,     3.111,   22.97,  654.57, 210.40
           15,      3.529,   18.51,  870.18, 246.55,      1.765,   61.36,  262.50, 148.75,      7.059,    0.00,     inf,    inf,     3.529,   24.92,  646.19, 183.09
           16,      4.000,   28.09,  611.55, 152.89,      2.000,   59.50,  288.73, 144.37,      8.000,    0.00,     inf,    inf,     4.000,   26.46,  649.29, 162.32
           17,      4.533,   25.59,  713.41, 157.37,      2.267,   54.61,  334.23, 147.45,      9.067,    0.00,     inf,    inf,     4.533,   27.26,  669.54, 147.69
           18,      5.143,   24.23,  797.74, 155.12,      2.571,   51.95,  372.07, 144.69,     10.286,    0.00,     inf,    inf,     5.143,   29.64,  652.04, 126.79
           19,      5.846,   21.14,  964.99, 165.06,      2.923,   47.02,  433.87, 148.43,     11.692,    0.00,     inf,    inf,     5.846,   30.69,  664.67, 113.69
           20,      6.667,   19.70, 1090.17, 163.52,      3.333,   44.51,  482.42, 144.73,     13.333,    0.00,     inf,    inf,     6.667,   32.10,  668.97, 100.35
           21,      7.636,   17.15, 1314.46, 172.13,      3.818,   39.56,  570.02, 149.29,     15.273,    0.00,     inf,    inf,     7.636,   33.62,  670.60,  87.82
           22,      8.800,   17.70, 1334.24, 151.62,      4.400,   37.44,  630.93, 143.39,     17.600,    0.00,     inf,    inf,     8.800,   35.31,  669.02,  76.02
           23,     10.222,   14.64, 1687.44, 165.08,      5.111,   32.04,  770.68, 150.79,     20.444,    0.00,     inf,    inf,    10.222,   36.68,  673.31,  65.87
           24,     12.000,   14.35, 1795.26, 149.60,      6.000,   30.00,  859.02, 143.17,     24.000,    0.00,     inf,    inf,    12.000,   38.44,  670.39,  55.87
           25,     14.286,   11.43, 2349.41, 164.46,      7.143,   24.65, 1088.80, 152.43,     28.571,    0.00,     inf,    inf,    14.286,   38.53,  696.67,  48.77
           26,     17.333,   10.89, 2563.54, 147.90,      8.667,   22.48, 1241.71, 143.27,     34.667,    0.00,     inf,    inf,    17.333,   41.92,  665.90,  38.42
           27,     21.600,    9.96, 2911.75, 134.80,     10.800,   22.99, 1261.25, 116.78,     43.200,    0.00,     inf,    inf,    21.600,   41.90,  691.89,  32.03
           28,     28.000,    8.76, 3431.47, 122.55,     14.000,   23.43, 1283.16,  91.65,     56.000,    0.00,     inf,    inf,    28.000,   44.41,  676.94,  24.18
           29,     38.667,    9.00, 3460.28,  89.49,     19.333,   23.69, 1314.25,  67.98,     77.333,    0.00,     inf,    inf,    38.667,   44.84,  694.47,  17.96
           30,     60.000,    9.10, 3541.19,  59.02,     30.000,   23.74, 1356.60,  45.22,    120.000,    0.00,     inf,    inf,    60.000,   46.67,  690.17,  11.50
           31,    124.000,    9.31, 3574.90,  28.83,     62.000,   24.17, 1377.10,  22.21,    248.000,    0.00,     inf,    inf,   124.000,   48.11,  691.92,   5.58
           32,        inf,    9.21, 3731.89,   0.00,        inf,   24.78, 1386.36,   0.00,        inf,    0.00,     inf,   -nan,       inf,   49.07,  700.17,   0.00
--------------------------------------------------------------------------------------------------------------------------------------------------------------------
mixbench/alternating (v0.03-1-g3ace732)
------------------------ Device specifications ------------------------
Device:              Tesla K80
CUDA driver version: 10.0
GPU clock rate:      823 MHz
Memory clock rate:   1252 MHz
Memory bus width:    384 bits
WarpSize:            32
L2 cache size:       1536 KB
Total global mem:    11441 MB
ECC enabled:         Yes
Compute Capability:  3.7
Total SPs:           2496 (13 MPs x 192 SPs/MP)
Compute throughput:  4110.91 GFlops (theoretical single precision FMAs)
Memory bandwidth:    240.48 GB/sec
-----------------------------------------------------------------------
Total GPU memory 11996954624, free 11921850368
Buffer size:          64MB
Trade-off type:       compute with global memory (block strided)
Warning:              Half precision computations are not supported
----------------------------------------------------------------------------- CSV data -----------------------------------------------------------------------------
Experiment ID, Single Precision ops,,,,              Double precision ops,,,,              Half precision ops,,,,                Integer operations,,, 
Compute iters, Flops/byte, ex.time,  GFLOPS, GB/sec, Flops/byte, ex.time,  GFLOPS, GB/sec, Flops/byte, ex.time,  GFLOPS, GB/sec, Iops/byte, ex.time,   GIOPS, GB/sec
            0,      0.000,   56.19,    0.00, 152.87,      0.000,  118.88,    0.00, 144.52,      0.000,    0.00,    -nan,    inf,     0.000,   55.41,    0.00, 155.04
            1,      0.129,   53.55,   20.05, 155.40,      0.065,  115.51,    9.30, 144.09,      0.258,    0.00,     inf,    inf,     0.129,   53.45,   20.09, 155.69
            2,      0.267,   51.90,   41.38, 155.18,      0.133,  111.51,   19.26, 144.44,      0.533,    0.00,     inf,    inf,     0.267,   51.92,   41.36, 155.12
            3,      0.414,   49.22,   65.45, 158.16,      0.207,  107.97,   29.83, 144.19,      0.828,    0.00,     inf,    inf,     0.414,   49.43,   65.17, 157.49
            4,      0.571,   48.14,   89.23, 156.15,      0.286,  104.02,   41.29, 144.51,      1.143,    0.00,     inf,    inf,     0.571,   48.14,   89.21, 156.13
            5,      0.741,   44.78,  119.90, 161.87,      0.370,  100.25,   53.55, 144.59,      1.481,    0.00,     inf,    inf,     0.741,   45.25,  118.64, 160.17
            6,      0.923,   43.26,  148.94, 161.35,      0.462,   96.46,   66.79, 144.72,      1.846,    0.00,     inf,    inf,     0.923,   43.58,  147.82, 160.14
            7,      1.120,   39.70,  189.34, 169.05,      0.560,   92.87,   80.93, 144.52,      2.240,    0.00,     inf,    inf,     1.120,   40.29,  186.57, 166.58
            8,      1.333,   38.55,  222.84, 167.13,      0.667,   88.32,   97.26, 145.89,      2.667,    0.00,     inf,    inf,     1.333,   38.95,  220.56, 165.42
            9,      1.565,   34.99,  276.15, 176.43,      0.783,   85.70,  112.77, 144.09,      3.130,    0.00,     inf,    inf,     1.565,   35.93,  268.96, 171.83
           10,      1.818,   34.33,  312.77, 172.02,      0.909,   81.02,  132.53, 145.78,      3.636,    0.00,     inf,    inf,     1.818,   34.79,  308.66, 169.76
           11,      2.095,   29.17,  404.84, 193.22,      1.048,   77.56,  152.28, 145.36,      4.190,    0.00,     inf,    inf,     2.095,   18.13,  651.41, 310.90
           12,      2.400,   28.21,  456.72, 190.30,      1.200,   73.75,  174.71, 145.59,      4.800,    0.00,     inf,    inf,     2.400,   20.10,  641.02, 267.09
           13,      2.737,   23.53,  593.19, 216.74,      1.368,   69.66,  200.39, 146.44,      5.474,    0.00,     inf,    inf,     2.737,   21.48,  649.98, 237.49
           14,      3.111,   22.26,  675.18, 217.02,      1.556,   66.26,  226.88, 145.85,      6.222,    0.00,     inf,    inf,     3.111,   22.68,  662.74, 213.02
           15,      3.529,   18.44,  873.21, 247.41,      1.765,   61.45,  262.12, 148.54,      7.059,    0.00,     inf,    inf,     3.529,   24.55,  655.97, 185.86
           16,      4.000,   28.13,  610.74, 152.68,      2.000,   59.51,  288.71, 144.35,      8.000,    0.00,     inf,    inf,     4.000,   26.18,  656.22, 164.06
           17,      4.533,   25.52,  715.34, 157.79,      2.267,   54.54,  334.66, 147.64,      9.067,    0.00,     inf,    inf,     4.533,   26.72,  683.12, 150.69
           18,      5.143,   24.13,  801.07, 155.76,      2.571,   52.03,  371.50, 144.47,     10.286,    0.00,     inf,    inf,     5.143,   29.29,  659.80, 128.30
           19,      5.846,   21.14,  965.09, 165.08,      2.923,   47.35,  430.82, 147.39,     11.692,    0.00,     inf,    inf,     5.846,   30.62,  666.37, 113.98
           20,      6.667,   19.71, 1089.36, 163.40,      3.333,   44.57,  481.84, 144.55,     13.333,    0.00,     inf,    inf,     6.667,   32.03,  670.41, 100.56
           21,      7.636,   17.14, 1315.39, 172.25,      3.818,   39.97,  564.21, 147.77,     15.273,    0.00,     inf,    inf,     7.636,   33.22,  678.76,  88.88
           22,      8.800,   17.65, 1338.57, 152.11,      4.400,   37.69,  626.68, 142.43,     17.600,    0.00,     inf,    inf,     8.800,   34.90,  676.91,  76.92
           23,     10.222,   14.60, 1691.26, 165.45,      5.111,   32.07,  770.13, 150.68,     20.444,    0.00,     inf,    inf,    10.222,   36.25,  681.36,  66.65
           24,     12.000,   14.35, 1795.68, 149.64,      6.000,   29.86,  863.03, 143.84,     24.000,    0.00,     inf,    inf,    12.000,   38.33,  672.33,  56.03
           25,     14.286,   11.44, 2346.55, 164.26,      7.143,   24.71, 1086.34, 152.09,     28.571,    0.00,     inf,    inf,    14.286,   38.48,  697.54,  48.83
           26,     17.333,   10.85, 2572.99, 148.44,      8.667,   22.27, 1253.70, 144.66,     34.667,    0.00,     inf,    inf,    17.333,   41.42,  674.05,  38.89
           27,     21.600,    9.84, 2947.47, 136.46,     10.800,   22.78, 1272.54, 117.83,     43.200,    0.00,     inf,    inf,    21.600,   41.42,  699.94,  32.40
           28,     28.000,    8.68, 3463.59, 123.70,     14.000,   23.21, 1295.06,  92.50,     56.000,    0.00,     inf,    inf,    28.000,   43.42,  692.35,  24.73
           29,     38.667,    8.93, 3486.24,  90.16,     19.333,   23.15, 1345.13,  69.58,     77.333,    0.00,     inf,    inf,    38.667,   44.82,  694.77,  17.97
           30,     60.000,    9.03, 3568.72,  59.48,     30.000,   23.48, 1371.61,  45.72,    120.000,    0.00,     inf,    inf,    60.000,   46.15,  697.96,  11.63
           31,    124.000,    9.19, 3621.60,  29.21,     62.000,   23.64, 1407.80,  22.71,    248.000,    0.00,     inf,    inf,   124.000,   47.54,  700.24,   5.65
           32,        inf,    9.21, 3730.02,   0.00,        inf,   24.50, 1402.20,   0.00,        inf,    0.00,     inf,   -nan,       inf,   48.48,  708.74,   0.00
--------------------------------------------------------------------------------------------------------------------------------------------------------------------
mixbench/alternating (v0.03-1-g3ace732)
------------------------ Device specifications ------------------------
Device:              Tesla K80
CUDA driver version: 10.0
GPU clock rate:      823 MHz
Memory clock rate:   1252 MHz
Memory bus width:    384 bits
WarpSize:            32
L2 cache size:       1536 KB
Total global mem:    11441 MB
ECC enabled:         Yes
Compute Capability:  3.7
Total SPs:           2496 (13 MPs x 192 SPs/MP)
Compute throughput:  4110.91 GFlops (theoretical single precision FMAs)
Memory bandwidth:    240.48 GB/sec
-----------------------------------------------------------------------
Total GPU memory 11996954624, free 11921850368
Buffer size:          64MB
Trade-off type:       compute with global memory (block strided)
Warning:              Half precision computations are not supported
----------------------------------------------------------------------------- CSV data -----------------------------------------------------------------------------
Experiment ID, Single Precision ops,,,,              Double precision ops,,,,              Half precision ops,,,,                Integer operations,,, 
Compute iters, Flops/byte, ex.time,  GFLOPS, GB/sec, Flops/byte, ex.time,  GFLOPS, GB/sec, Flops/byte, ex.time,  GFLOPS, GB/sec, Iops/byte, ex.time,   GIOPS, GB/sec
            0,      0.000,   56.08,    0.00, 153.16,      0.000,  118.80,    0.00, 144.62,      0.000,    0.00,    -nan,    inf,     0.000,   55.40,    0.00, 155.05
            1,      0.129,   53.43,   20.10, 155.76,      0.065,  115.09,    9.33, 144.60,      0.258,    0.00,     inf,    inf,     0.129,   53.27,   20.16, 156.20
            2,      0.267,   51.87,   41.40, 155.24,      0.133,  111.46,   19.27, 144.50,      0.533,    0.00,     inf,    inf,     0.267,   51.90,   41.38, 155.18
            3,      0.414,   49.31,   65.32, 157.87,      0.207,  107.79,   29.89, 144.45,      0.828,    0.00,     inf,    inf,     0.414,   49.48,   65.11, 157.34
            4,      0.571,   48.09,   89.32, 156.31,      0.286,  103.88,   41.34, 144.71,      1.143,    0.00,     inf,    inf,     0.571,   48.33,   88.87, 155.52
            5,      0.741,   44.70,  120.09, 162.13,      0.370,  100.00,   53.69, 144.95,      1.481,    0.00,     inf,    inf,     0.741,   45.20,  118.78, 160.35
            6,      0.923,   43.46,  148.24, 160.60,      0.462,   96.23,   66.95, 145.06,      1.846,    0.00,     inf,    inf,     0.923,   43.59,  147.80, 160.12
            7,      1.120,   39.70,  189.32, 169.04,      0.560,   92.69,   81.09, 144.81,      2.240,    0.00,     inf,    inf,     1.120,   40.12,  187.35, 167.27
            8,      1.333,   38.57,  222.73, 167.05,      0.667,   88.88,   96.65, 144.98,      2.667,    0.00,     inf,    inf,     1.333,   38.96,  220.49, 165.37
            9,      1.565,   35.05,  275.71, 176.15,      0.783,   85.36,  113.21, 144.65,      3.130,    0.00,     inf,    inf,     1.565,   35.99,  268.52, 171.56
           10,      1.818,   34.29,  313.12, 172.22,      0.909,   81.18,  132.27, 145.49,      3.636,    0.00,     inf,    inf,     1.818,   34.83,  308.26, 169.54
           11,      2.095,   29.20,  404.50, 193.06,      1.048,   78.11,  151.20, 144.33,      4.190,    0.00,     inf,    inf,     2.095,   18.34,  643.96, 307.34
           12,      2.400,   28.36,  454.31, 189.30,      1.200,   74.25,  173.53, 144.61,      4.800,    0.00,     inf,    inf,     2.400,   20.12,  640.52, 266.88
           13,      2.737,   23.58,  591.98, 216.30,      1.368,   69.78,  200.03, 146.18,      5.474,    0.00,     inf,    inf,     2.737,   21.48,  649.73, 237.40
           14,      3.111,   22.17,  678.17, 217.98,      1.556,   66.38,  226.46, 145.58,      6.222,    0.00,     inf,    inf,     3.111,   22.70,  662.21, 212.85
           15,      3.529,   18.48,  871.39, 246.89,      1.765,   61.28,  262.82, 148.93,      7.059,    0.00,     inf,    inf,     3.529,   24.63,  653.82, 185.25
           16,      4.000,   28.17,  609.78, 152.44,      2.000,   59.42,  289.13, 144.56,      8.000,    0.00,     inf,    inf,     4.000,   26.30,  653.31, 163.33
           17,      4.533,   25.63,  712.19, 157.10,      2.267,   54.54,  334.66, 147.64,      9.067,    0.00,     inf,    inf,     4.533,   26.74,  682.75, 150.61
           18,      5.143,   24.26,  796.74, 154.92,      2.571,   52.18,  370.43, 144.06,     10.286,    0.00,     inf,    inf,     5.143,   29.00,  666.47, 129.59
           19,      5.846,   21.12,  965.91, 165.22,      2.923,   46.91,  434.93, 148.79,     11.692,    0.00,     inf,    inf,     5.846,   30.61,  666.58, 114.02
           20,      6.667,   19.73, 1088.59, 163.29,      3.333,   44.61,  481.39, 144.42,     13.333,    0.00,     inf,    inf,     6.667,   32.04,  670.33, 100.55
           21,      7.636,   17.05, 1322.44, 173.18,      3.818,   39.68,  568.25, 148.83,     15.273,    0.00,     inf,    inf,     7.636,   33.23,  678.55,  88.86
           22,      8.800,   17.67, 1336.93, 151.92,      4.400,   37.63,  627.67, 142.65,     17.600,    0.00,     inf,    inf,     8.800,   34.97,  675.53,  76.76
           23,     10.222,   14.66, 1684.69, 164.81,      5.111,   32.11,  769.07, 150.47,     20.444,    0.00,     inf,    inf,    10.222,   36.55,  675.76,  66.11
           24,     12.000,   14.33, 1798.33, 149.86,      6.000,   29.99,  859.23, 143.20,     24.000,    0.00,     inf,    inf,    12.000,   38.35,  672.03,  56.00
           25,     14.286,   11.41, 2352.27, 164.66,      7.143,   24.56, 1093.02, 153.02,     28.571,    0.00,     inf,    inf,    14.286,   38.56,  696.16,  48.73
           26,     17.333,   10.87, 2568.44, 148.18,      8.667,   22.28, 1253.18, 144.60,     34.667,    0.00,     inf,    inf,    17.333,   41.44,  673.62,  38.86
           27,     21.600,    9.96, 2912.11, 134.82,     10.800,   22.71, 1276.43, 118.19,     43.200,    0.00,     inf,    inf,    21.600,   41.42,  699.98,  32.41
           28,     28.000,    8.68, 3463.43, 123.69,     14.000,   23.17, 1297.57,  92.68,     56.000,    0.00,     inf,    inf,    28.000,   43.42,  692.44,  24.73
           29,     38.667,    8.87, 3510.74,  90.79,     19.333,   23.13, 1346.18,  69.63,     77.333,    0.00,     inf,    inf,    38.667,   44.81,  694.88,  17.97
           30,     60.000,    9.01, 3574.34,  59.57,     30.000,   23.46, 1372.99,  45.77,    120.000,    0.00,     inf,    inf,    60.000,   46.64,  690.61,  11.51
           31,    124.000,    9.18, 3625.64,  29.24,     62.000,   23.88, 1393.80,  22.48,    248.000,    0.00,     inf,    inf,   124.000,   46.98,  708.51,   5.71
           32,        inf,    9.22, 3726.47,   0.00,        inf,   24.22, 1418.83,   0.00,        inf,    0.00,     inf,   -nan,       inf,   47.93,  716.92,   0.00
--------------------------------------------------------------------------------------------------------------------------------------------------------------------
mixbench/alternating (v0.03-1-g3ace732)
------------------------ Device specifications ------------------------
Device:              Tesla K80
CUDA driver version: 10.0
GPU clock rate:      823 MHz
Memory clock rate:   1252 MHz
Memory bus width:    384 bits
WarpSize:            32
L2 cache size:       1536 KB
Total global mem:    11441 MB
ECC enabled:         Yes
Compute Capability:  3.7
Total SPs:           2496 (13 MPs x 192 SPs/MP)
Compute throughput:  4110.91 GFlops (theoretical single precision FMAs)
Memory bandwidth:    240.48 GB/sec
-----------------------------------------------------------------------
Total GPU memory 11996954624, free 11921850368
Buffer size:          64MB
Trade-off type:       compute with global memory (block strided)
Warning:              Half precision computations are not supported
----------------------------------------------------------------------------- CSV data -----------------------------------------------------------------------------
Experiment ID, Single Precision ops,,,,              Double precision ops,,,,              Half precision ops,,,,                Integer operations,,, 
Compute iters, Flops/byte, ex.time,  GFLOPS, GB/sec, Flops/byte, ex.time,  GFLOPS, GB/sec, Flops/byte, ex.time,  GFLOPS, GB/sec, Iops/byte, ex.time,   GIOPS, GB/sec
            0,      0.000,   56.11,    0.00, 153.09,      0.000,  118.42,    0.00, 145.07,      0.000,    0.00,    -nan,    inf,     0.000,   55.39,    0.00, 155.08
            1,      0.129,   53.38,   20.12, 155.90,      0.065,  115.13,    9.33, 144.55,      0.258,    0.00,     inf,    inf,     0.129,   53.24,   20.17, 156.30
            2,      0.267,   51.96,   41.33, 155.00,      0.133,  111.09,   19.33, 144.98,      0.533,    0.00,     inf,    inf,     0.267,   51.90,   41.38, 155.16
            3,      0.414,   49.40,   65.20, 157.58,      0.207,  107.52,   29.96, 144.80,      0.828,    0.00,     inf,    inf,     0.414,   49.63,   64.91, 156.87
            4,      0.571,   48.13,   89.23, 156.16,      0.286,  103.77,   41.39, 144.86,      1.143,    0.00,     inf,    inf,     0.571,   48.25,   89.01, 155.77
            5,      0.741,   44.58,  120.42, 162.57,      0.370,  100.33,   53.51, 144.48,      1.481,    0.00,     inf,    inf,     0.741,   45.10,  119.05, 160.71
            6,      0.923,   43.44,  148.30, 160.66,      0.462,   96.18,   66.99, 145.14,      1.846,    0.00,     inf,    inf,     0.923,   43.60,  147.77, 160.09
            7,      1.120,   39.70,  189.31, 169.03,      0.560,   92.63,   81.14, 144.90,      2.240,    0.00,     inf,    inf,     1.120,   40.23,  186.81, 166.80
            8,      1.333,   38.54,  222.88, 167.16,      0.667,   89.07,   96.44, 144.66,      2.667,    0.00,     inf,    inf,     1.333,   39.04,  220.03, 165.03
            9,      1.565,   35.03,  275.86, 176.24,      0.783,   84.79,  113.97, 145.62,      3.130,    0.00,     inf,    inf,     1.565,   35.96,  268.77, 171.71
           10,      1.818,   34.43,  311.89, 171.54,      0.909,   80.93,  132.67, 145.94,      3.636,    0.00,     inf,    inf,     1.818,   34.75,  308.97, 169.93
           11,      2.095,   29.11,  405.69, 193.63,      1.048,   77.98,  151.47, 144.59,      4.190,    0.00,     inf,    inf,     2.095,   18.34,  644.05, 307.39
           12,      2.400,   28.18,  457.16, 190.48,      1.200,   73.44,  175.44, 146.20,      4.800,    0.00,     inf,    inf,     2.400,   20.13,  640.08, 266.70
           13,      2.737,   23.49,  594.34, 217.16,      1.368,   69.56,  200.67, 146.65,      5.474,    0.00,     inf,    inf,     2.737,   21.52,  648.50, 236.95
           14,      3.111,   22.12,  679.57, 218.43,      1.556,   65.81,  228.42, 146.84,      6.222,    0.00,     inf,    inf,     3.111,   22.70,  662.23, 212.86
           15,      3.529,   18.43,  873.73, 247.56,      1.765,   61.62,  261.36, 148.10,      7.059,    0.00,     inf,    inf,     3.529,   24.37,  660.93, 187.26
           16,      4.000,   28.06,  612.33, 153.08,      2.000,   59.41,  289.16, 144.58,      8.000,    0.00,     inf,    inf,     4.000,   26.27,  654.01, 163.50
           17,      4.533,   25.34,  720.28, 158.89,      2.267,   54.43,  335.36, 147.95,      9.067,    0.00,     inf,    inf,     4.533,   26.74,  682.58, 150.57
           18,      5.143,   24.26,  796.61, 154.90,      2.571,   52.17,  370.43, 144.06,     10.286,    0.00,     inf,    inf,     5.143,   29.02,  665.93, 129.49
           19,      5.846,   21.21,  961.85, 164.53,      2.923,   47.10,  433.17, 148.19,     11.692,    0.00,     inf,    inf,     5.846,   30.32,  672.77, 115.08
           20,      6.667,   19.62, 1094.35, 164.15,      3.333,   44.68,  480.69, 144.21,     13.333,    0.00,     inf,    inf,     6.667,   32.03,  670.40, 100.56
           21,      7.636,   17.13, 1316.45, 172.39,      3.818,   39.66,  568.48, 148.89,     15.273,    0.00,     inf,    inf,     7.636,   33.31,  676.99,  88.65
           22,      8.800,   17.63, 1339.98, 152.27,      4.400,   37.31,  633.19, 143.91,     17.600,    0.00,     inf,    inf,     8.800,   34.89,  677.10,  76.94
           23,     10.222,   14.59, 1692.92, 165.61,      5.111,   32.29,  764.72, 149.62,     20.444,    0.00,     inf,    inf,    10.222,   36.65,  673.76,  65.91
           24,     12.000,   14.38, 1791.63, 149.30,      6.000,   30.04,  857.75, 142.96,     24.000,    0.00,     inf,    inf,    12.000,   38.02,  677.75,  56.48
           25,     14.286,   11.44, 2346.73, 164.27,      7.143,   24.53, 1094.36, 153.21,     28.571,    0.00,     inf,    inf,    14.286,   38.12,  704.22,  49.30
           26,     17.333,   10.95, 2549.96, 147.11,      8.667,   22.26, 1254.17, 144.71,     34.667,    0.00,     inf,    inf,    17.333,   41.44,  673.70,  38.87
           27,     21.600,    9.88, 2934.52, 135.86,     10.800,   22.73, 1275.46, 118.10,     43.200,    0.00,     inf,    inf,    21.600,   41.87,  692.42,  32.06
           28,     28.000,    8.67, 3466.66, 123.81,     14.000,   23.17, 1297.33,  92.67,     56.000,    0.00,     inf,    inf,    28.000,   43.45,  692.01,  24.71
           29,     38.667,    8.90, 3499.25,  90.50,     19.333,   23.33, 1334.62,  69.03,     77.333,    0.00,     inf,    inf,    38.667,   44.81,  694.90,  17.97
           30,     60.000,    9.01, 3575.29,  59.59,     30.000,   23.47, 1372.44,  45.75,    120.000,    0.00,     inf,    inf,    60.000,   46.65,  690.56,  11.51
           31,    124.000,    9.19, 3623.39,  29.22,     62.000,   23.88, 1393.72,  22.48,    248.000,    0.00,     inf,    inf,   124.000,   47.52,  700.45,   5.65
           32,        inf,    9.19, 3737.97,   0.00,        inf,   24.51, 1401.78,   0.00,        inf,    0.00,     inf,   -nan,       inf,   47.92,  716.96,   0.00
--------------------------------------------------------------------------------------------------------------------------------------------------------------------
