sysbench 1.0.19 (using bundled LuaJIT 2.1.0-beta2)

Running the test with following options:
Number of threads: 4
Validation checks: on.

Initializing random number generator from current time


Prime numbers limit: 1000000

Initializing worker threads...

Threads started!

Latency histogram (values are in milliseconds)
       value  ------------- distribution ------------- count
     634.661 |**************************************** 48
     646.192 |*************                            16
 
CPU speed:
    events per second:     6.24

General statistics:
    total time:                          10.2586s
    total number of events:              64

Latency (ms):
         min:                                  637.45
         avg:                                  640.45
         max:                                  651.71
         95th percentile:                      646.19
         sum:                                40988.61

Threads fairness:
    events (avg/stddev):           16.0000/0.00
    execution time (avg/stddev):   10.2472/0.01

sysbench 1.0.19 (using bundled LuaJIT 2.1.0-beta2)

Running the test with following options:
Number of threads: 4
Validation checks: on.

Initializing random number generator from current time


Prime numbers limit: 1000000

Initializing worker threads...

Threads started!

Latency histogram (values are in milliseconds)
       value  ------------- distribution ------------- count
     634.661 |**************************************** 56
     646.192 |******                                   8
 
CPU speed:
    events per second:     6.25

General statistics:
    total time:                          10.2459s
    total number of events:              64

Latency (ms):
         min:                                  637.52
         avg:                                  639.92
         max:                                  647.57
         95th percentile:                      646.19
         sum:                                40955.01

Threads fairness:
    events (avg/stddev):           16.0000/0.00
    execution time (avg/stddev):   10.2388/0.01

sysbench 1.0.19 (using bundled LuaJIT 2.1.0-beta2)

Running the test with following options:
Number of threads: 4
Validation checks: on.

Initializing random number generator from current time


Prime numbers limit: 1000000

Initializing worker threads...

Threads started!

Latency histogram (values are in milliseconds)
       value  ------------- distribution ------------- count
     634.661 |**************************************** 51
     646.192 |**********                               13
 
CPU speed:
    events per second:     6.24

General statistics:
    total time:                          10.2531s
    total number of events:              64

Latency (ms):
         min:                                  635.15
         avg:                                  640.04
         max:                                  648.63
         95th percentile:                      646.19
         sum:                                40962.74

Threads fairness:
    events (avg/stddev):           16.0000/0.00
    execution time (avg/stddev):   10.2407/0.01

sysbench 1.0.19 (using bundled LuaJIT 2.1.0-beta2)

Running the test with following options:
Number of threads: 4
Validation checks: on.

Initializing random number generator from current time


Prime numbers limit: 1000000

Initializing worker threads...

Threads started!

Latency histogram (values are in milliseconds)
       value  ------------- distribution ------------- count
     634.661 |**************************************** 51
     646.192 |**********                               13
 
CPU speed:
    events per second:     6.23

General statistics:
    total time:                          10.2663s
    total number of events:              64

Latency (ms):
         min:                                  631.23
         avg:                                  640.18
         max:                                  648.65
         95th percentile:                      646.19
         sum:                                40971.31

Threads fairness:
    events (avg/stddev):           16.0000/0.00
    execution time (avg/stddev):   10.2428/0.01

sysbench 1.0.19 (using bundled LuaJIT 2.1.0-beta2)

Running the test with following options:
Number of threads: 4
Validation checks: on.

Initializing random number generator from current time


Prime numbers limit: 1000000

Initializing worker threads...

Threads started!

Latency histogram (values are in milliseconds)
       value  ------------- distribution ------------- count
     634.661 |**************************************** 50
     646.192 |***********                              14
 
CPU speed:
    events per second:     6.24

General statistics:
    total time:                          10.2519s
    total number of events:              64

Latency (ms):
         min:                                  636.43
         avg:                                  640.24
         max:                                  647.36
         95th percentile:                      646.19
         sum:                                40975.25

Threads fairness:
    events (avg/stddev):           16.0000/0.00
    execution time (avg/stddev):   10.2438/0.00

sysbench 1.0.19 (using bundled LuaJIT 2.1.0-beta2)

Running the test with following options:
Number of threads: 4
Validation checks: on.

Initializing random number generator from current time


Prime numbers limit: 1000000

Initializing worker threads...

Threads started!

Latency histogram (values are in milliseconds)
       value  ------------- distribution ------------- count
     634.661 |**************************************** 48
     646.192 |*************                            16
 
CPU speed:
    events per second:     6.23

General statistics:
    total time:                          10.2662s
    total number of events:              64

Latency (ms):
         min:                                  632.76
         avg:                                  640.41
         max:                                  649.28
         95th percentile:                      646.19
         sum:                                40986.30

Threads fairness:
    events (avg/stddev):           16.0000/0.00
    execution time (avg/stddev):   10.2466/0.01

sysbench 1.0.19 (using bundled LuaJIT 2.1.0-beta2)

Running the test with following options:
Number of threads: 4
Validation checks: on.

Initializing random number generator from current time


Prime numbers limit: 1000000

Initializing worker threads...

Threads started!

Latency histogram (values are in milliseconds)
       value  ------------- distribution ------------- count
     634.661 |**************************************** 51
     646.192 |**********                               13
 
CPU speed:
    events per second:     6.23

General statistics:
    total time:                          10.2652s
    total number of events:              64

Latency (ms):
         min:                                  634.01
         avg:                                  640.31
         max:                                  651.27
         95th percentile:                      646.19
         sum:                                40979.70

Threads fairness:
    events (avg/stddev):           16.0000/0.00
    execution time (avg/stddev):   10.2449/0.01

sysbench 1.0.19 (using bundled LuaJIT 2.1.0-beta2)

Running the test with following options:
Number of threads: 4
Validation checks: on.

Initializing random number generator from current time


Prime numbers limit: 1000000

Initializing worker threads...

Threads started!

Latency histogram (values are in milliseconds)
       value  ------------- distribution ------------- count
     634.661 |**************************************** 51
     646.192 |**********                               13
 
CPU speed:
    events per second:     6.24

General statistics:
    total time:                          10.2541s
    total number of events:              64

Latency (ms):
         min:                                  635.34
         avg:                                  639.98
         max:                                  648.27
         95th percentile:                      646.19
         sum:                                40958.61

Threads fairness:
    events (avg/stddev):           16.0000/0.00
    execution time (avg/stddev):   10.2397/0.01

sysbench 1.0.19 (using bundled LuaJIT 2.1.0-beta2)

Running the test with following options:
Number of threads: 4
Validation checks: on.

Initializing random number generator from current time


Prime numbers limit: 1000000

Initializing worker threads...

Threads started!

Latency histogram (values are in milliseconds)
       value  ------------- distribution ------------- count
     634.661 |**************************************** 46
     646.192 |****************                         18
 
CPU speed:
    events per second:     6.24

General statistics:
    total time:                          10.2499s
    total number of events:              64

Latency (ms):
         min:                                  636.89
         avg:                                  640.12
         max:                                  648.46
         95th percentile:                      646.19
         sum:                                40967.77

Threads fairness:
    events (avg/stddev):           16.0000/0.00
    execution time (avg/stddev):   10.2419/0.00

sysbench 1.0.19 (using bundled LuaJIT 2.1.0-beta2)

Running the test with following options:
Number of threads: 4
Validation checks: on.

Initializing random number generator from current time


Prime numbers limit: 1000000

Initializing worker threads...

Threads started!

Latency histogram (values are in milliseconds)
       value  ------------- distribution ------------- count
     634.661 |**************************************** 52
     646.192 |*********                                12
 
CPU speed:
    events per second:     6.24

General statistics:
    total time:                          10.2546s
    total number of events:              64

Latency (ms):
         min:                                  635.08
         avg:                                  639.85
         max:                                  648.87
         95th percentile:                      646.19
         sum:                                40950.43

Threads fairness:
    events (avg/stddev):           16.0000/0.00
    execution time (avg/stddev):   10.2376/0.01

