sysbench 1.0.19 (using bundled LuaJIT 2.1.0-beta2)

Running the test with following options:
Number of threads: 4
Validation checks: on.

Initializing random number generator from current time


Prime numbers limit: 1000000

Initializing worker threads...

Threads started!

Latency histogram (values are in milliseconds)
       value  ------------- distribution ------------- count
     634.661 |**************************************** 53
     646.192 |********                                 11
 
CPU speed:
    events per second:     6.25

General statistics:
    total time:                          10.2468s
    total number of events:              64

Latency (ms):
         min:                                  636.28
         avg:                                  640.04
         max:                                  648.77
         95th percentile:                      646.19
         sum:                                40962.39

Threads fairness:
    events (avg/stddev):           16.0000/0.00
    execution time (avg/stddev):   10.2406/0.00

sysbench 1.0.19 (using bundled LuaJIT 2.1.0-beta2)

Running the test with following options:
Number of threads: 4
Validation checks: on.

Initializing random number generator from current time


Prime numbers limit: 1000000

Initializing worker threads...

Threads started!

Latency histogram (values are in milliseconds)
       value  ------------- distribution ------------- count
     634.661 |**************************************** 53
     646.192 |********                                 11
 
CPU speed:
    events per second:     6.25

General statistics:
    total time:                          10.2454s
    total number of events:              64

Latency (ms):
         min:                                  633.59
         avg:                                  639.77
         max:                                  647.99
         95th percentile:                      646.19
         sum:                                40945.13

Threads fairness:
    events (avg/stddev):           16.0000/0.00
    execution time (avg/stddev):   10.2363/0.01

sysbench 1.0.19 (using bundled LuaJIT 2.1.0-beta2)

Running the test with following options:
Number of threads: 4
Validation checks: on.

Initializing random number generator from current time


Prime numbers limit: 1000000

Initializing worker threads...

Threads started!

Latency histogram (values are in milliseconds)
       value  ------------- distribution ------------- count
     634.661 |**************************************** 58
     646.192 |****                                     6
 
CPU speed:
    events per second:     6.24

General statistics:
    total time:                          10.2510s
    total number of events:              64

Latency (ms):
         min:                                  632.93
         avg:                                  639.63
         max:                                  649.89
         95th percentile:                      646.19
         sum:                                40936.25

Threads fairness:
    events (avg/stddev):           16.0000/0.00
    execution time (avg/stddev):   10.2341/0.01

sysbench 1.0.19 (using bundled LuaJIT 2.1.0-beta2)

Running the test with following options:
Number of threads: 4
Validation checks: on.

Initializing random number generator from current time


Prime numbers limit: 1000000

Initializing worker threads...

Threads started!

Latency histogram (values are in milliseconds)
       value  ------------- distribution ------------- count
     634.661 |**************************************** 56
     646.192 |******                                   8
 
CPU speed:
    events per second:     6.25

General statistics:
    total time:                          10.2467s
    total number of events:              64

Latency (ms):
         min:                                  638.35
         avg:                                  639.81
         max:                                  647.84
         95th percentile:                      646.19
         sum:                                40947.83

Threads fairness:
    events (avg/stddev):           16.0000/0.00
    execution time (avg/stddev):   10.2370/0.01

sysbench 1.0.19 (using bundled LuaJIT 2.1.0-beta2)

Running the test with following options:
Number of threads: 4
Validation checks: on.

Initializing random number generator from current time


Prime numbers limit: 1000000

Initializing worker threads...

Threads started!

Latency histogram (values are in milliseconds)
       value  ------------- distribution ------------- count
     634.661 |**************************************** 51
     646.192 |**********                               13
 
CPU speed:
    events per second:     6.24

General statistics:
    total time:                          10.2541s
    total number of events:              64

Latency (ms):
         min:                                  634.35
         avg:                                  640.13
         max:                                  651.18
         95th percentile:                      646.19
         sum:                                40968.43

Threads fairness:
    events (avg/stddev):           16.0000/0.00
    execution time (avg/stddev):   10.2421/0.01

sysbench 1.0.19 (using bundled LuaJIT 2.1.0-beta2)

Running the test with following options:
Number of threads: 4
Validation checks: on.

Initializing random number generator from current time


Prime numbers limit: 1000000

Initializing worker threads...

Threads started!

Latency histogram (values are in milliseconds)
       value  ------------- distribution ------------- count
     634.661 |**************************************** 56
     646.192 |******                                   8
 
CPU speed:
    events per second:     6.25

General statistics:
    total time:                          10.2453s
    total number of events:              64

Latency (ms):
         min:                                  637.68
         avg:                                  639.66
         max:                                  647.78
         95th percentile:                      646.19
         sum:                                40937.97

Threads fairness:
    events (avg/stddev):           16.0000/0.00
    execution time (avg/stddev):   10.2345/0.01

sysbench 1.0.19 (using bundled LuaJIT 2.1.0-beta2)

Running the test with following options:
Number of threads: 4
Validation checks: on.

Initializing random number generator from current time


Prime numbers limit: 1000000

Initializing worker threads...

Threads started!

Latency histogram (values are in milliseconds)
       value  ------------- distribution ------------- count
     634.661 |**************************************** 53
     646.192 |********                                 11
 
CPU speed:
    events per second:     6.24

General statistics:
    total time:                          10.2487s
    total number of events:              64

Latency (ms):
         min:                                  632.90
         avg:                                  639.68
         max:                                  648.38
         95th percentile:                      646.19
         sum:                                40939.74

Threads fairness:
    events (avg/stddev):           16.0000/0.00
    execution time (avg/stddev):   10.2349/0.01

sysbench 1.0.19 (using bundled LuaJIT 2.1.0-beta2)

Running the test with following options:
Number of threads: 4
Validation checks: on.

Initializing random number generator from current time


Prime numbers limit: 1000000

Initializing worker threads...

Threads started!

Latency histogram (values are in milliseconds)
       value  ------------- distribution ------------- count
     634.661 |**************************************** 55
     646.192 |*******                                  9
 
CPU speed:
    events per second:     6.25

General statistics:
    total time:                          10.2442s
    total number of events:              64

Latency (ms):
         min:                                  633.74
         avg:                                  639.56
         max:                                  648.73
         95th percentile:                      646.19
         sum:                                40931.85

Threads fairness:
    events (avg/stddev):           16.0000/0.00
    execution time (avg/stddev):   10.2330/0.01

sysbench 1.0.19 (using bundled LuaJIT 2.1.0-beta2)

Running the test with following options:
Number of threads: 4
Validation checks: on.

Initializing random number generator from current time


Prime numbers limit: 1000000

Initializing worker threads...

Threads started!

Latency histogram (values are in milliseconds)
       value  ------------- distribution ------------- count
     634.661 |**************************************** 55
     646.192 |*******                                  9
 
CPU speed:
    events per second:     6.24

General statistics:
    total time:                          10.2488s
    total number of events:              64

Latency (ms):
         min:                                  635.13
         avg:                                  639.92
         max:                                  649.04
         95th percentile:                      646.19
         sum:                                40954.81

Threads fairness:
    events (avg/stddev):           16.0000/0.00
    execution time (avg/stddev):   10.2387/0.01

sysbench 1.0.19 (using bundled LuaJIT 2.1.0-beta2)

Running the test with following options:
Number of threads: 4
Validation checks: on.

Initializing random number generator from current time


Prime numbers limit: 1000000

Initializing worker threads...

Threads started!

Latency histogram (values are in milliseconds)
       value  ------------- distribution ------------- count
     634.661 |**************************************** 56
     646.192 |******                                   8
 
CPU speed:
    events per second:     6.24

General statistics:
    total time:                          10.2494s
    total number of events:              64

Latency (ms):
         min:                                  634.69
         avg:                                  639.97
         max:                                  649.05
         95th percentile:                      646.19
         sum:                                40957.93

Threads fairness:
    events (avg/stddev):           16.0000/0.00
    execution time (avg/stddev):   10.2395/0.01

